
simon64_96.elf:     file format elf32-msp430

SYMBOL TABLE:
00004000 l    d  .text	00000000 .text
00001100 l    d  .data	00000000 .data
0000113e l    d  .noinit	00000000 .noinit
0000ffe0 l    d  .vectors	00000000 .vectors
00000000 l    d  .debug_aranges	00000000 .debug_aranges
00000000 l    d  .debug_info	00000000 .debug_info
00000000 l    d  .debug_abbrev	00000000 .debug_abbrev
00000000 l    d  .debug_line	00000000 .debug_line
00000000 l    d  .debug_frame	00000000 .debug_frame
00000000 l    d  .debug_str	00000000 .debug_str
00000000 l    d  .debug_loc	00000000 .debug_loc
00000000 l    d  .debug_ranges	00000000 .debug_ranges
00000000 l    df *ABS*	00000000 simon64_96.c
00001100 l     O .data	0000003e z
000040f0 l       .text	00000000 __br_unexpected_
00000000 l    df *ABS*	00000000 tools.c
00004634 g     F .text	0000001a putchar
00000057 g       *ABS*	00000000 __BCSCTL1
0000005a g       *ABS*	00000000 __CACTL2
00000174 g       *ABS*	00000000 __TACCR1
00000084 g       *ABS*	00000000 __ADC12MCTL4
0000003e g       *ABS*	00000000 __data_size
0000015a g       *ABS*	00000000 __ADC12MEM13
00000052 g       *ABS*	00000000 __I2CNDAT
000040f0  w      .text	00000000 __isr_14
00000128 g       *ABS*	00000000 __FCTL1
00000024 g       *ABS*	00000000 __P1IES
0000007b g       *ABS*	00000000 __U1MCTL
000001f6 g       *ABS*	00000000 __DMA2SZ
000040f0  w      .text	00000000 __isr_4
00000002 g       *ABS*	00000000 __IFG1
00000076 g       *ABS*	00000000 __I2CDRW
000043b8 g     F .text	000001ae Decrypt
0000007e g       *ABS*	00000000 __U1RXBUF
00000138 g       *ABS*	00000000 __OP2
00000076 g       *ABS*	00000000 __U0RXBUF
000001a4 g       *ABS*	00000000 __ADC12IFG
0000012e g       *ABS*	00000000 __TAIV
000001e6 g       *ABS*	00000000 __DMA0SZ
00000000 g       .vectors	00000000 _efartext
0000007c g       *ABS*	00000000 __U1BR0
00000130 g       *ABS*	00000000 __MPY
00000001 g       *ABS*	00000000 __IE2
0000013a g       *ABS*	00000000 __RESLO
00000136 g       *ABS*	00000000 __MACS
00000087 g       *ABS*	00000000 __ADC12MCTL7
0000002b g       *ABS*	00000000 __P2IFG
0000001a g       *ABS*	00000000 __P3DIR
0000466e g       *ABS*	00000000 _etext
00000190 g       *ABS*	00000000 __TBR
0000001d g       *ABS*	00000000 __P4OUT
000001f4 g       *ABS*	00000000 __DMA2DA
00000000 g       *ABS*	00000000 __bss_size
00000081 g       *ABS*	00000000 __ADC12MCTL1
000045a4 g     F .text	0000005e uart1_init
00000152 g       *ABS*	00000000 __ADC12MEM9
00004000  w      .text	00000000 __watchdog_support
000040ea  w      .text	00000000 __stop_progExec__
00000050 g       *ABS*	00000000 __I2CIE
0000002d g       *ABS*	00000000 __P2IE
000001e4 g       *ABS*	00000000 __DMA0DA
00000192 g       *ABS*	00000000 __TBCCR0
000040f0  w      .text	00000000 __isr_11
00000186 g       *ABS*	00000000 __TBCCTL2
00004662 g     F .text	0000000a end_expe
00000025 g       *ABS*	00000000 __P1IE
000001a0 g       *ABS*	00000000 __ADC12CTL0
00000072 g       *ABS*	00000000 __I2CDCTL
00000073 g       *ABS*	00000000 __U0MCTL
0000007a g       *ABS*	00000000 __U1RCTL
00000082 g       *ABS*	00000000 __ADC12MCTL2
0000019c g       *ABS*	00000000 __TBCCR5
00000035 g       *ABS*	00000000 __P6OUT
00000034 g       *ABS*	00000000 __P6IN
000001c8 g       *ABS*	00000000 __DAC12_0DAT
00000182 g       *ABS*	00000000 __TBCCTL0
000040f4 g     F .text	0000012a KeyExpansion
0000019e g       *ABS*	00000000 __TBCCR6
000040f0  w      .text	00000000 __isr_5
0000466e g       *ABS*	00000000 __data_load_start
000040f0 g       .text	00000000 __dtors_end
000001ea g       *ABS*	00000000 __DMA1SA
00000088 g       *ABS*	00000000 __ADC12MCTL8
00000166 g       *ABS*	00000000 __TACCTL2
000001f0 g       *ABS*	00000000 __DMA2CTL
000040f0  w      .text	00000000 __isr_2
00000156 g       *ABS*	00000000 __ADC12MEM11
00000160 g       *ABS*	00000000 __TACTL
00000158 g       *ABS*	00000000 __ADC12MEM12
00000071 g       *ABS*	00000000 __I2CTCTL
0000012c g       *ABS*	00000000 __FCTL3
000040f0  w      .text	00000000 __isr_10
00000148 g       *ABS*	00000000 __ADC12MEM4
0000011a g       *ABS*	00000000 __I2CSA
0000002e g       *ABS*	00000000 __P2SEL
00000180 g       *ABS*	00000000 __TBCTL
0000008d g       *ABS*	00000000 __ADC12MCTL13
0000014c g       *ABS*	00000000 __ADC12MEM6
00000023 g       *ABS*	00000000 __P1IFG
0000013c g       *ABS*	00000000 __RESHI
00000072 g       *ABS*	00000000 __U0RCTL
00000172 g       *ABS*	00000000 __TACCR0
00000071 g       *ABS*	00000000 __U0TCTL
00000056 g       *ABS*	00000000 __DCOCTL
00000085 g       *ABS*	00000000 __ADC12MCTL5
00000003 g       *ABS*	00000000 __IFG2
00000005 g       *ABS*	00000000 __ME2
0000113e g     O .noinit	00000002 __wdt_clear_value
00000079 g       *ABS*	00000000 __U1TCTL
0000001b g       *ABS*	00000000 __P3SEL
000001e0 g       *ABS*	00000000 __DMA0CTL
000040f0  w      .text	00000000 __isr_7
0000ffe0 g     O .vectors	00000020 __ivtbl_16
00000028 g       *ABS*	00000000 __P2IN
0000014e g       *ABS*	00000000 __ADC12MEM7
00000184 g       *ABS*	00000000 __TBCCTL1
0000005b g       *ABS*	00000000 __CAPD
00000075 g       *ABS*	00000000 __I2CSCLL
000040f0  w      .text	00000000 __isr_0
00000029 g       *ABS*	00000000 __P2OUT
0000012a g       *ABS*	00000000 __FCTL2
00004028  w      .text	00000000 __do_clear_bss
0000008f g       *ABS*	00000000 __ADC12MCTL15
00000021 g       *ABS*	00000000 __P1OUT
0000002c g       *ABS*	00000000 __P2IES
0000015c g       *ABS*	00000000 __ADC12MEM14
00000026 g       *ABS*	00000000 __P1SEL
00000198 g       *ABS*	00000000 __TBCCR3
00000080 g       *ABS*	00000000 __ADC12MCTL0
00000140 g       *ABS*	00000000 __ADC12MEM0
00000074 g       *ABS*	00000000 __U0BR0
00000051 g       *ABS*	00000000 __I2CIFG
0000466c  w      .text	00000000 _unexpected_
000040f0  w      .text	00000000 __isr_8
0000014a g       *ABS*	00000000 __ADC12MEM5
00000070 g       *ABS*	00000000 __U0CTL
0000018a g       *ABS*	00000000 __TBCCTL4
00000073 g       *ABS*	00000000 __I2CPSC
0000008e g       *ABS*	00000000 __ADC12MCTL14
000040f0  w      .text	00000000 __isr_3
000001a6 g       *ABS*	00000000 __ADC12IE
00004602 g     F .text	00000032 uart1_putchar
00000144 g       *ABS*	00000000 __ADC12MEM2
000001ee g       *ABS*	00000000 __DMA1SZ
00000033 g       *ABS*	00000000 __P5SEL
00000030 g       *ABS*	00000000 __P5IN
00004000  w      .text	00000000 _reset_vector__
000040f0 g       .text	00000000 __ctors_start
000040f0  w      .text	00000000 __isr_12
00000036 g       *ABS*	00000000 __P6DIR
00000018 g       *ABS*	00000000 __P3IN
00004010  w      .text	00000000 __do_copy_data
00000150 g       *ABS*	00000000 __ADC12MEM8
00000142 g       *ABS*	00000000 __ADC12MEM1
0000113e g       .data	00000000 __bss_start
0000007d g       *ABS*	00000000 __U1BR1
0000403e g     F .text	000000ac main
00000176 g       *ABS*	00000000 __TACCR2
0000019a g       *ABS*	00000000 __TBCCR4
000040f0  w      .text	00000000 __isr_13
00000078 g       *ABS*	00000000 __U1CTL
000001e2 g       *ABS*	00000000 __DMA0SA
00000170 g       *ABS*	00000000 __TAR
00000124 g       *ABS*	00000000 __DMACTL1
0000001e g       *ABS*	00000000 __P4DIR
00000162 g       *ABS*	00000000 __TACCTL0
00010000 g       .vectors	00000000 _vectors_end
00000154 g       *ABS*	00000000 __ADC12MEM10
000001f2 g       *ABS*	00000000 __DMA2SA
0000002a g       *ABS*	00000000 __P2DIR
00000089 g       *ABS*	00000000 __ADC12MCTL9
0000008a g       *ABS*	00000000 __ADC12MCTL10
00004566 g     F .text	0000003e delay
00000032 g       *ABS*	00000000 __P5DIR
000001c2 g       *ABS*	00000000 __DAC12_1CTL
000001a2 g       *ABS*	00000000 __ADC12CTL1
000001a8 g       *ABS*	00000000 __ADC12IV
000001e8 g       *ABS*	00000000 __DMA1CTL
00000075 g       *ABS*	00000000 __U0BR1
000040f0  w      .text	00000000 __isr_9
0000018c g       *ABS*	00000000 __TBCCTL5
0000400c  w      .text	00000000 __init_stack
00000086 g       *ABS*	00000000 __ADC12MCTL6
00000188 g       *ABS*	00000000 __TBCCTL3
00000019 g       *ABS*	00000000 __P3OUT
000001ca g       *ABS*	00000000 __DAC12_1DAT
000040f0 g       .text	00000000 __dtors_start
000040f0  w      .text	00000000 __isr_6
000040f0 g       .text	00000000 __ctors_end
00000132 g       *ABS*	00000000 __MPYS
0000011c g       *ABS*	00000000 __I2CIV
00000004 g       *ABS*	00000000 __ME1
00003900 g       *ABS*	00000000 __stack
00000037 g       *ABS*	00000000 __P6SEL
000040f0  w      .text	00000000 __isr_1
0000008c g       *ABS*	00000000 __ADC12MCTL12
0000113e g       .data	00000000 _edata
00000077 g       *ABS*	00000000 __U0TXBUF
00001140 g       *ABS*	00000000 _end
00000194 g       *ABS*	00000000 __TBCCR1
0000011e g       *ABS*	00000000 __TBIV
000001c0 g       *ABS*	00000000 __DAC12_0CTL
0000464e g     F .text	0000000a start_encrypt
0000015e g       *ABS*	00000000 __ADC12MEM15
00000134 g       *ABS*	00000000 __MAC
00000058 g       *ABS*	00000000 __BCSCTL2
000040ea  w      .text	00000000 _endless_loop__
00000122 g       *ABS*	00000000 __DMACTL0
0000001f g       *ABS*	00000000 __P4SEL
00000196 g       *ABS*	00000000 __TBCCR2
00000022 g       *ABS*	00000000 __P1DIR
00000146 g       *ABS*	00000000 __ADC12MEM3
00000076 g       *ABS*	00000000 __I2CDRB
00000118 g       *ABS*	00000000 __I2COA
00000164 g       *ABS*	00000000 __TACCTL1
0000007f g       *ABS*	00000000 __U1TXBUF
00000055 g       *ABS*	00000000 __SVSCTL
00004010  w      .text	00000000 __low_level_init
00004658 g     F .text	0000000a start_decrypt
00001100 g       .data	00000000 __data_start
0000018e g       *ABS*	00000000 __TBCCTL6
00000074 g       *ABS*	00000000 __I2CSCLH
000001ec g       *ABS*	00000000 __DMA1DA
00000120 g       *ABS*	00000000 __WDTCTL
00000083 g       *ABS*	00000000 __ADC12MCTL3
00000000 g       *ABS*	00000000 __IE1
00000059 g       *ABS*	00000000 __CACTL1
00000020 g       *ABS*	00000000 __P1IN
0000001c g       *ABS*	00000000 __P4IN
0000421e g     F .text	0000019a Encrypt
0000008b g       *ABS*	00000000 __ADC12MCTL11
0000013e g       *ABS*	00000000 __SUMEXT
00000031 g       *ABS*	00000000 __P5OUT



Disassembly of section .text:

00004000 <__watchdog_support>:
    4000:	55 42 20 01 	mov.b	&0x0120,r5	
    4004:	35 d0 08 5a 	bis	#23048,	r5	;#0x5a08
    4008:	82 45 3e 11 	mov	r5,	&0x113e	

0000400c <__init_stack>:
    400c:	31 40 00 39 	mov	#14592,	r1	;#0x3900

00004010 <__do_copy_data>:
    4010:	3f 40 3e 00 	mov	#62,	r15	;#0x003e
    4014:	0f 93       	tst	r15		
    4016:	08 24       	jz	$+18     	;abs 0x4028
    4018:	92 42 3e 11 	mov	&0x113e,&0x0120	
    401c:	20 01 
    401e:	2f 83       	decd	r15		
    4020:	9f 4f 6e 46 	mov	18030(r15),4352(r15);0x466e(r15), 0x1100(r15)
    4024:	00 11 
    4026:	f8 23       	jnz	$-14     	;abs 0x4018

00004028 <__do_clear_bss>:
    4028:	3f 40 00 00 	mov	#0,	r15	;#0x0000
    402c:	0f 93       	tst	r15		
    402e:	07 24       	jz	$+16     	;abs 0x403e
    4030:	92 42 3e 11 	mov	&0x113e,&0x0120	
    4034:	20 01 
    4036:	1f 83       	dec	r15		
    4038:	cf 43 3e 11 	mov.b	#0,	4414(r15);r3 As==00, 0x113e(r15)
    403c:	f9 23       	jnz	$-12     	;abs 0x4030

0000403e <main>:
        crypt[0] = tmp;
    }
}

int main ()
{
    403e:	04 41       	mov	r1,	r4	
    4040:	24 53       	incd	r4		
    4042:	31 50 48 ff 	add	#-184,	r1	;#0xff48

    u32 text[2];
    text[0] = 0x6f722067;
    4046:	b4 40 67 20 	mov	#8295,	-186(r4);#0x2067, 0xff46(r4)
    404a:	46 ff 
    404c:	b4 40 72 6f 	mov	#28530,	-184(r4);#0x6f72, 0xff48(r4)
    4050:	48 ff 
    text[1] = 0x6e696c63;
    4052:	b4 40 63 6c 	mov	#27747,	-182(r4);#0x6c63, 0xff4a(r4)
    4056:	4a ff 
    4058:	b4 40 69 6e 	mov	#28265,	-180(r4);#0x6e69, 0xff4c(r4)
    405c:	4c ff 
    u32 crypt[2] = {0};
    405e:	84 43 4e ff 	mov	#0,	-178(r4);r3 As==00, 0xff4e(r4)
    4062:	84 43 50 ff 	mov	#0,	-176(r4);r3 As==00, 0xff50(r4)
    4066:	84 43 52 ff 	mov	#0,	-174(r4);r3 As==00, 0xff52(r4)
    406a:	84 43 54 ff 	mov	#0,	-172(r4);r3 As==00, 0xff54(r4)
    u32 k[42];
    k[2] = 0x13121110;
    406e:	b4 40 10 11 	mov	#4368,	-162(r4);#0x1110, 0xff5e(r4)
    4072:	5e ff 
    4074:	b4 40 12 13 	mov	#4882,	-160(r4);#0x1312, 0xff60(r4)
    4078:	60 ff 
    k[1] = 0x0b0a0908;
    407a:	b4 40 08 09 	mov	#2312,	-166(r4);#0x0908, 0xff5a(r4)
    407e:	5a ff 
    4080:	b4 40 0a 0b 	mov	#2826,	-164(r4);#0x0b0a, 0xff5c(r4)
    4084:	5c ff 
    k[0] = 0x03020100;
    4086:	b4 40 00 01 	mov	#256,	-170(r4);#0x0100, 0xff56(r4)
    408a:	56 ff 
    408c:	b4 40 02 03 	mov	#770,	-168(r4);#0x0302, 0xff58(r4)
    4090:	58 ff 
	
	
	START_ENCRYPT();
    4092:	b0 12 4e 46 	call	#0x464e	
    KeyExpansion ( k );
    4096:	0f 44       	mov	r4,	r15	
    4098:	3f 50 56 ff 	add	#-170,	r15	;#0xff56
    409c:	b0 12 f4 40 	call	#0x40f4	
    Encrypt ( text, crypt, k );
    40a0:	0e 44       	mov	r4,	r14	
    40a2:	3e 50 56 ff 	add	#-170,	r14	;#0xff56
    40a6:	0f 44       	mov	r4,	r15	
    40a8:	3f 50 4e ff 	add	#-178,	r15	;#0xff4e
    40ac:	0d 4e       	mov	r14,	r13	
    40ae:	0e 4f       	mov	r15,	r14	
    40b0:	0f 44       	mov	r4,	r15	
    40b2:	3f 50 46 ff 	add	#-186,	r15	;#0xff46
    40b6:	b0 12 1e 42 	call	#0x421e	
    //printf("%x %x\n%x %x\n\n\n", text[0], text[1], crypt[0], crypt[1]);
	START_DECRYPT();
    40ba:	b0 12 58 46 	call	#0x4658	
    KeyExpansion ( k );
    40be:	0f 44       	mov	r4,	r15	
    40c0:	3f 50 56 ff 	add	#-170,	r15	;#0xff56
    40c4:	b0 12 f4 40 	call	#0x40f4	
    Decrypt ( crypt, text, k );
    40c8:	0e 44       	mov	r4,	r14	
    40ca:	3e 50 56 ff 	add	#-170,	r14	;#0xff56
    40ce:	0f 44       	mov	r4,	r15	
    40d0:	3f 50 4e ff 	add	#-178,	r15	;#0xff4e
    40d4:	0d 4e       	mov	r14,	r13	
    40d6:	0e 44       	mov	r4,	r14	
    40d8:	3e 50 46 ff 	add	#-186,	r14	;#0xff46
    40dc:	b0 12 b8 43 	call	#0x43b8	
    //printf("%x %x\n%x %x\n\n\n", text[0], text[1], crypt[0], crypt[1]);
	END_EXPE();
    40e0:	b0 12 62 46 	call	#0x4662	

    return 0;
    40e4:	0f 43       	clr	r15		
}
    40e6:	31 50 b8 00 	add	#184,	r1	;#0x00b8

000040ea <__stop_progExec__>:
    40ea:	32 d0 f0 00 	bis	#240,	r2	;#0x00f0
    40ee:	fd 3f       	jmp	$-4      	;abs 0x40ea

000040f0 <__ctors_end>:
    40f0:	30 40 6c 46 	br	#0x466c	

000040f4 <KeyExpansion>:

static u8 z[62] =
{1,0,1,0,1,1,1,1,0,1,1,1,0,0,0,0,0,0,1,1,0,1,0,0,1,0,0,1,1,0,0,0,1,0,1,0,0,0,0,1,0,0,0,1,1,1,1,1,1,0,0,1,0,1,1,0,1,1,0,0,1,1};

void KeyExpansion ( u32 k[] )
{
    40f4:	0b 12       	push	r11		
    40f6:	0a 12       	push	r10		
    40f8:	09 12       	push	r9		
    40fa:	08 12       	push	r8		
    40fc:	07 12       	push	r7		
    40fe:	06 12       	push	r6		
    4100:	04 12       	push	r4		
    4102:	04 41       	mov	r1,	r4	
    4104:	34 50 0e 00 	add	#14,	r4	;#0x000e
    4108:	31 82       	sub	#8,	r1	;r2 As==11
    410a:	84 4f f0 ff 	mov	r15,	-16(r4)	;0xfff0(r4)
    u8 i;
    u32 tmp;
    for ( i=3 ; i<42 ; i++ )
    410e:	f4 40 03 00 	mov.b	#3,	-22(r4)	;#0x0003, 0xffea(r4)
    4112:	ea ff 
    4114:	77 3c       	jmp	$+240    	;abs 0x4204
    {
        tmp = ROTATE_RIGHT_32(k[i-1],3);
    4116:	5f 44 ea ff 	mov.b	-22(r4),r15	;0xffea(r4)
    411a:	3f 53       	add	#-1,	r15	;r3 As==11
    411c:	0f 5f       	rla	r15		
    411e:	0f 5f       	rla	r15		
    4120:	1f 54 f0 ff 	add	-16(r4),r15	;0xfff0(r4)
    4124:	2c 4f       	mov	@r15,	r12	
    4126:	1d 4f 02 00 	mov	2(r15),	r13	;0x0002(r15)
    412a:	0f 4c       	mov	r12,	r15	
    412c:	4f 4f       	mov.b	r15,	r15	
    412e:	8f 10       	swpb	r15		
    4130:	0f 5f       	rla	r15		
    4132:	0f 5f       	rla	r15		
    4134:	0f 5f       	rla	r15		
    4136:	0f 5f       	rla	r15		
    4138:	0f 5f       	rla	r15		
    413a:	0e 4d       	mov	r13,	r14	
    413c:	12 c3       	clrc			
    413e:	0e 10       	rrc	r14		
    4140:	12 c3       	clrc			
    4142:	0e 10       	rrc	r14		
    4144:	12 c3       	clrc			
    4146:	0e 10       	rrc	r14		
    4148:	07 4f       	mov	r15,	r7	
    414a:	07 de       	bis	r14,	r7	
    414c:	0f 4d       	mov	r13,	r15	
    414e:	4f 4f       	mov.b	r15,	r15	
    4150:	8f 10       	swpb	r15		
    4152:	0f 5f       	rla	r15		
    4154:	0f 5f       	rla	r15		
    4156:	0f 5f       	rla	r15		
    4158:	0f 5f       	rla	r15		
    415a:	0f 5f       	rla	r15		
    415c:	0e 4c       	mov	r12,	r14	
    415e:	12 c3       	clrc			
    4160:	0e 10       	rrc	r14		
    4162:	12 c3       	clrc			
    4164:	0e 10       	rrc	r14		
    4166:	12 c3       	clrc			
    4168:	0e 10       	rrc	r14		
    416a:	06 4f       	mov	r15,	r6	
    416c:	06 de       	bis	r14,	r6	
    416e:	84 46 ec ff 	mov	r6,	-20(r4)	;0xffec(r4)
    4172:	84 47 ee ff 	mov	r7,	-18(r4)	;0xffee(r4)
        tmp = tmp ^ ROTATE_RIGHT_32(tmp,1);
    4176:	1f 44 ec ff 	mov	-20(r4),r15	;0xffec(r4)
    417a:	0f 11       	rra	r15		
    417c:	0f 43       	clr	r15		
    417e:	0f 10       	rrc	r15		
    4180:	0e 4f       	mov	r15,	r14	
    4182:	1f 44 ee ff 	mov	-18(r4),r15	;0xffee(r4)
    4186:	12 c3       	clrc			
    4188:	0f 10       	rrc	r15		
    418a:	09 4e       	mov	r14,	r9	
    418c:	09 df       	bis	r15,	r9	
    418e:	1f 44 ee ff 	mov	-18(r4),r15	;0xffee(r4)
    4192:	0f 11       	rra	r15		
    4194:	0f 43       	clr	r15		
    4196:	0f 10       	rrc	r15		
    4198:	0e 4f       	mov	r15,	r14	
    419a:	1f 44 ec ff 	mov	-20(r4),r15	;0xffec(r4)
    419e:	12 c3       	clrc			
    41a0:	0f 10       	rrc	r15		
    41a2:	08 4e       	mov	r14,	r8	
    41a4:	08 df       	bis	r15,	r8	
    41a6:	84 e8 ec ff 	xor	r8,	-20(r4)	;0xffec(r4)
    41aa:	84 e9 ee ff 	xor	r9,	-18(r4)	;0xffee(r4)
        k[i] = ~k[i-3] ^ tmp ^ z[i-3] ^ 3;
    41ae:	5f 44 ea ff 	mov.b	-22(r4),r15	;0xffea(r4)
    41b2:	0f 5f       	rla	r15		
    41b4:	0f 5f       	rla	r15		
    41b6:	1d 44 f0 ff 	mov	-16(r4),r13	;0xfff0(r4)
    41ba:	0d 5f       	add	r15,	r13	
    41bc:	5f 44 ea ff 	mov.b	-22(r4),r15	;0xffea(r4)
    41c0:	3f 50 fd ff 	add	#-3,	r15	;#0xfffd
    41c4:	0f 5f       	rla	r15		
    41c6:	0f 5f       	rla	r15		
    41c8:	1f 54 f0 ff 	add	-16(r4),r15	;0xfff0(r4)
    41cc:	2e 4f       	mov	@r15,	r14	
    41ce:	1f 4f 02 00 	mov	2(r15),	r15	;0x0002(r15)
    41d2:	3e e3       	inv	r14		
    41d4:	3f e3       	inv	r15		
    41d6:	1e e4 ec ff 	xor	-20(r4),r14	;0xffec(r4)
    41da:	1f e4 ee ff 	xor	-18(r4),r15	;0xffee(r4)
    41de:	5c 44 ea ff 	mov.b	-22(r4),r12	;0xffea(r4)
    41e2:	3c 50 fd ff 	add	#-3,	r12	;#0xfffd
    41e6:	5c 4c 00 11 	mov.b	4352(r12),r12	;0x1100(r12)
    41ea:	4a 4c       	mov.b	r12,	r10	
    41ec:	0b 43       	clr	r11		
    41ee:	0e ea       	xor	r10,	r14	
    41f0:	0f eb       	xor	r11,	r15	
    41f2:	3e e0 03 00 	xor	#3,	r14	;#0x0003
    41f6:	0f e3       	xor	#0,	r15	;r3 As==00
    41f8:	8d 4e 00 00 	mov	r14,	0(r13)	;0x0000(r13)
    41fc:	8d 4f 02 00 	mov	r15,	2(r13)	;0x0002(r13)

void KeyExpansion ( u32 k[] )
{
    u8 i;
    u32 tmp;
    for ( i=3 ; i<42 ; i++ )
    4200:	d4 53 ea ff 	inc.b	-22(r4)	;0xffea(r4)
    4204:	f4 90 2a 00 	cmp.b	#42,	-22(r4)	;#0x002a, 0xffea(r4)
    4208:	ea ff 
    420a:	85 2b       	jnc	$-244    	;abs 0x4116
    {
        tmp = ROTATE_RIGHT_32(k[i-1],3);
        tmp = tmp ^ ROTATE_RIGHT_32(tmp,1);
        k[i] = ~k[i-3] ^ tmp ^ z[i-3] ^ 3;
    }
}
    420c:	31 52       	add	#8,	r1	;r2 As==11
    420e:	34 41       	pop	r4		
    4210:	36 41       	pop	r6		
    4212:	37 41       	pop	r7		
    4214:	38 41       	pop	r8		
    4216:	39 41       	pop	r9		
    4218:	3a 41       	pop	r10		
    421a:	3b 41       	pop	r11		
    421c:	30 41       	ret			

0000421e <Encrypt>:

void Encrypt ( u32 text[], u32 crypt[], u32 key[] )
{
    421e:	0b 12       	push	r11		
    4220:	0a 12       	push	r10		
    4222:	09 12       	push	r9		
    4224:	08 12       	push	r8		
    4226:	07 12       	push	r7		
    4228:	06 12       	push	r6		
    422a:	04 12       	push	r4		
    422c:	04 41       	mov	r1,	r4	
    422e:	34 50 0e 00 	add	#14,	r4	;#0x000e
    4232:	31 50 f0 ff 	add	#-16,	r1	;#0xfff0
    4236:	84 4f e8 ff 	mov	r15,	-24(r4)	;0xffe8(r4)
    423a:	84 4e ea ff 	mov	r14,	-22(r4)	;0xffea(r4)
    423e:	84 4d ec ff 	mov	r13,	-20(r4)	;0xffec(r4)
    u8 i;
    u32 tmp;
    crypt[0] = text[0];
    4242:	1f 44 e8 ff 	mov	-24(r4),r15	;0xffe8(r4)
    4246:	2e 4f       	mov	@r15,	r14	
    4248:	1f 4f 02 00 	mov	2(r15),	r15	;0x0002(r15)
    424c:	1d 44 ea ff 	mov	-22(r4),r13	;0xffea(r4)
    4250:	8d 4e 00 00 	mov	r14,	0(r13)	;0x0000(r13)
    4254:	8d 4f 02 00 	mov	r15,	2(r13)	;0x0002(r13)
    crypt[1] = text[1];
    4258:	1d 44 ea ff 	mov	-22(r4),r13	;0xffea(r4)
    425c:	2d 52       	add	#4,	r13	;r2 As==10
    425e:	1f 44 e8 ff 	mov	-24(r4),r15	;0xffe8(r4)
    4262:	1e 4f 04 00 	mov	4(r15),	r14	;0x0004(r15)
    4266:	1f 4f 06 00 	mov	6(r15),	r15	;0x0006(r15)
    426a:	8d 4e 00 00 	mov	r14,	0(r13)	;0x0000(r13)
    426e:	8d 4f 02 00 	mov	r15,	2(r13)	;0x0002(r13)

    for ( i=0 ; i<42 ; i++ )
    4272:	c4 43 e2 ff 	mov.b	#0,	-30(r4)	;r3 As==00, 0xffe2(r4)
    4276:	92 3c       	jmp	$+294    	;abs 0x439c
    {
        tmp = crypt[0];
    4278:	1f 44 ea ff 	mov	-22(r4),r15	;0xffea(r4)
    427c:	a4 4f e4 ff 	mov	@r15,	-28(r4)	;0xffe4(r4)
    4280:	94 4f 02 00 	mov	2(r15),	-26(r4)	;0x0002(r15), 0xffe6(r4)
    4284:	e6 ff 
        crypt[0] = crypt[1] ^ ((ROTATE_LEFT_32(crypt[0],1)) & (ROTATE_LEFT_32(crypt[0],8))) ^ (ROTATE_LEFT_32(crypt[0],2)) ^ key[i];
    4286:	1f 44 ea ff 	mov	-22(r4),r15	;0xffea(r4)
    428a:	2f 52       	add	#4,	r15	;r2 As==10
    428c:	2a 4f       	mov	@r15,	r10	
    428e:	1b 4f 02 00 	mov	2(r15),	r11	;0x0002(r15)
    4292:	1f 44 ea ff 	mov	-22(r4),r15	;0xffea(r4)
    4296:	2d 4f       	mov	@r15,	r13	
    4298:	1e 4f 02 00 	mov	2(r15),	r14	;0x0002(r15)
    429c:	0f 4d       	mov	r13,	r15	
    429e:	0f 5f       	rla	r15		
    42a0:	0f 43       	clr	r15		
    42a2:	0f 6f       	rlc	r15		
    42a4:	0c 4f       	mov	r15,	r12	
    42a6:	0f 4e       	mov	r14,	r15	
    42a8:	0f 5f       	rla	r15		
    42aa:	09 4c       	mov	r12,	r9	
    42ac:	09 df       	bis	r15,	r9	
    42ae:	84 49 f0 ff 	mov	r9,	-16(r4)	;0xfff0(r4)
    42b2:	0f 4e       	mov	r14,	r15	
    42b4:	0f 5f       	rla	r15		
    42b6:	0f 43       	clr	r15		
    42b8:	0f 6f       	rlc	r15		
    42ba:	0c 4f       	mov	r15,	r12	
    42bc:	0f 4d       	mov	r13,	r15	
    42be:	0f 5f       	rla	r15		
    42c0:	0e 4c       	mov	r12,	r14	
    42c2:	0e df       	bis	r15,	r14	
    42c4:	84 4e ee ff 	mov	r14,	-18(r4)	;0xffee(r4)
    42c8:	1f 44 ea ff 	mov	-22(r4),r15	;0xffea(r4)
    42cc:	2e 4f       	mov	@r15,	r14	
    42ce:	1f 4f 02 00 	mov	2(r15),	r15	;0x0002(r15)
    42d2:	0c 4e       	mov	r14,	r12	
    42d4:	8c 10       	swpb	r12		
    42d6:	4c 4c       	mov.b	r12,	r12	
    42d8:	0d 4f       	mov	r15,	r13	
    42da:	4d 4d       	mov.b	r13,	r13	
    42dc:	8d 10       	swpb	r13		
    42de:	07 4c       	mov	r12,	r7	
    42e0:	07 dd       	bis	r13,	r7	
    42e2:	0d 4f       	mov	r15,	r13	
    42e4:	8d 10       	swpb	r13		
    42e6:	4d 4d       	mov.b	r13,	r13	
    42e8:	0f 4e       	mov	r14,	r15	
    42ea:	4f 4f       	mov.b	r15,	r15	
    42ec:	8f 10       	swpb	r15		
    42ee:	06 4d       	mov	r13,	r6	
    42f0:	06 df       	bis	r15,	r6	
    42f2:	1e 44 ee ff 	mov	-18(r4),r14	;0xffee(r4)
    42f6:	1f 44 f0 ff 	mov	-16(r4),r15	;0xfff0(r4)
    42fa:	0e f6       	and	r6,	r14	
    42fc:	0f f7       	and	r7,	r15	
    42fe:	0a ee       	xor	r14,	r10	
    4300:	0b ef       	xor	r15,	r11	
    4302:	1f 44 ea ff 	mov	-22(r4),r15	;0xffea(r4)
    4306:	2d 4f       	mov	@r15,	r13	
    4308:	1e 4f 02 00 	mov	2(r15),	r14	;0x0002(r15)
    430c:	0c 4d       	mov	r13,	r12	
    430e:	8c 10       	swpb	r12		
    4310:	4c 4c       	mov.b	r12,	r12	
    4312:	12 c3       	clrc			
    4314:	0c 10       	rrc	r12		
    4316:	12 c3       	clrc			
    4318:	0c 10       	rrc	r12		
    431a:	12 c3       	clrc			
    431c:	0c 10       	rrc	r12		
    431e:	12 c3       	clrc			
    4320:	0c 10       	rrc	r12		
    4322:	12 c3       	clrc			
    4324:	0c 10       	rrc	r12		
    4326:	12 c3       	clrc			
    4328:	0c 10       	rrc	r12		
    432a:	0f 4e       	mov	r14,	r15	
    432c:	0f 5f       	rla	r15		
    432e:	0f 5f       	rla	r15		
    4330:	09 4c       	mov	r12,	r9	
    4332:	09 df       	bis	r15,	r9	
    4334:	0f 4e       	mov	r14,	r15	
    4336:	8f 10       	swpb	r15		
    4338:	4f 4f       	mov.b	r15,	r15	
    433a:	12 c3       	clrc			
    433c:	0f 10       	rrc	r15		
    433e:	12 c3       	clrc			
    4340:	0f 10       	rrc	r15		
    4342:	12 c3       	clrc			
    4344:	0f 10       	rrc	r15		
    4346:	12 c3       	clrc			
    4348:	0f 10       	rrc	r15		
    434a:	12 c3       	clrc			
    434c:	0f 10       	rrc	r15		
    434e:	12 c3       	clrc			
    4350:	0f 10       	rrc	r15		
    4352:	0e 4d       	mov	r13,	r14	
    4354:	0e 5e       	rla	r14		
    4356:	0e 5e       	rla	r14		
    4358:	08 4f       	mov	r15,	r8	
    435a:	08 de       	bis	r14,	r8	
    435c:	0c 4a       	mov	r10,	r12	
    435e:	0d 4b       	mov	r11,	r13	
    4360:	0c e8       	xor	r8,	r12	
    4362:	0d e9       	xor	r9,	r13	
    4364:	5f 44 e2 ff 	mov.b	-30(r4),r15	;0xffe2(r4)
    4368:	0f 5f       	rla	r15		
    436a:	0f 5f       	rla	r15		
    436c:	1f 54 ec ff 	add	-20(r4),r15	;0xffec(r4)
    4370:	2e 4f       	mov	@r15,	r14	
    4372:	1f 4f 02 00 	mov	2(r15),	r15	;0x0002(r15)
    4376:	0e ec       	xor	r12,	r14	
    4378:	0f ed       	xor	r13,	r15	
    437a:	1d 44 ea ff 	mov	-22(r4),r13	;0xffea(r4)
    437e:	8d 4e 00 00 	mov	r14,	0(r13)	;0x0000(r13)
    4382:	8d 4f 02 00 	mov	r15,	2(r13)	;0x0002(r13)
        crypt[1] = tmp;
    4386:	1f 44 ea ff 	mov	-22(r4),r15	;0xffea(r4)
    438a:	2f 52       	add	#4,	r15	;r2 As==10
    438c:	9f 44 e4 ff 	mov	-28(r4),0(r15)	;0xffe4(r4), 0x0000(r15)
    4390:	00 00 
    4392:	9f 44 e6 ff 	mov	-26(r4),2(r15)	;0xffe6(r4), 0x0002(r15)
    4396:	02 00 
    u8 i;
    u32 tmp;
    crypt[0] = text[0];
    crypt[1] = text[1];

    for ( i=0 ; i<42 ; i++ )
    4398:	d4 53 e2 ff 	inc.b	-30(r4)	;0xffe2(r4)
    439c:	f4 90 2a 00 	cmp.b	#42,	-30(r4)	;#0x002a, 0xffe2(r4)
    43a0:	e2 ff 
    43a2:	6a 2b       	jnc	$-298    	;abs 0x4278
    {
        tmp = crypt[0];
        crypt[0] = crypt[1] ^ ((ROTATE_LEFT_32(crypt[0],1)) & (ROTATE_LEFT_32(crypt[0],8))) ^ (ROTATE_LEFT_32(crypt[0],2)) ^ key[i];
        crypt[1] = tmp;
    }
}
    43a4:	31 50 10 00 	add	#16,	r1	;#0x0010
    43a8:	34 41       	pop	r4		
    43aa:	36 41       	pop	r6		
    43ac:	37 41       	pop	r7		
    43ae:	38 41       	pop	r8		
    43b0:	39 41       	pop	r9		
    43b2:	3a 41       	pop	r10		
    43b4:	3b 41       	pop	r11		
    43b6:	30 41       	ret			

000043b8 <Decrypt>:

void Decrypt ( u32 text[], u32 crypt[], u32 key[] )
{
    43b8:	0b 12       	push	r11		
    43ba:	0a 12       	push	r10		
    43bc:	09 12       	push	r9		
    43be:	08 12       	push	r8		
    43c0:	07 12       	push	r7		
    43c2:	06 12       	push	r6		
    43c4:	05 12       	push	r5		
    43c6:	04 12       	push	r4		
    43c8:	04 41       	mov	r1,	r4	
    43ca:	34 50 10 00 	add	#16,	r4	;#0x0010
    43ce:	31 50 f0 ff 	add	#-16,	r1	;#0xfff0
    43d2:	84 4f e6 ff 	mov	r15,	-26(r4)	;0xffe6(r4)
    43d6:	84 4e e8 ff 	mov	r14,	-24(r4)	;0xffe8(r4)
    43da:	84 4d ea ff 	mov	r13,	-22(r4)	;0xffea(r4)
    u8 i;
    u32 tmp;
    crypt[0] = text[0];
    43de:	1f 44 e6 ff 	mov	-26(r4),r15	;0xffe6(r4)
    43e2:	2e 4f       	mov	@r15,	r14	
    43e4:	1f 4f 02 00 	mov	2(r15),	r15	;0x0002(r15)
    43e8:	1d 44 e8 ff 	mov	-24(r4),r13	;0xffe8(r4)
    43ec:	8d 4e 00 00 	mov	r14,	0(r13)	;0x0000(r13)
    43f0:	8d 4f 02 00 	mov	r15,	2(r13)	;0x0002(r13)
    crypt[1] = text[1];
    43f4:	1d 44 e8 ff 	mov	-24(r4),r13	;0xffe8(r4)
    43f8:	2d 52       	add	#4,	r13	;r2 As==10
    43fa:	1f 44 e6 ff 	mov	-26(r4),r15	;0xffe6(r4)
    43fe:	1e 4f 04 00 	mov	4(r15),	r14	;0x0004(r15)
    4402:	1f 4f 06 00 	mov	6(r15),	r15	;0x0006(r15)
    4406:	8d 4e 00 00 	mov	r14,	0(r13)	;0x0000(r13)
    440a:	8d 4f 02 00 	mov	r15,	2(r13)	;0x0002(r13)

    for ( i=0 ; i<42 ; i++ )
    440e:	c4 43 e0 ff 	mov.b	#0,	-32(r4)	;r3 As==00, 0xffe0(r4)
    4412:	9a 3c       	jmp	$+310    	;abs 0x4548
    {
        tmp = crypt[1];
    4414:	1f 44 e8 ff 	mov	-24(r4),r15	;0xffe8(r4)
    4418:	94 4f 04 00 	mov	4(r15),	-30(r4)	;0x0004(r15), 0xffe2(r4)
    441c:	e2 ff 
    441e:	94 4f 06 00 	mov	6(r15),	-28(r4)	;0x0006(r15), 0xffe4(r4)
    4422:	e4 ff 
        crypt[1] = crypt[0] ^ ((ROTATE_LEFT_32(crypt[1],1)) & (ROTATE_LEFT_32(crypt[1],8))) ^ (ROTATE_LEFT_32(crypt[1],2)) ^ key[41-i];
    4424:	15 44 e8 ff 	mov	-24(r4),r5	;0xffe8(r4)
    4428:	25 52       	add	#4,	r5	;r2 As==10
    442a:	1f 44 e8 ff 	mov	-24(r4),r15	;0xffe8(r4)
    442e:	2a 4f       	mov	@r15,	r10	
    4430:	1b 4f 02 00 	mov	2(r15),	r11	;0x0002(r15)
    4434:	1f 44 e8 ff 	mov	-24(r4),r15	;0xffe8(r4)
    4438:	2f 52       	add	#4,	r15	;r2 As==10
    443a:	2d 4f       	mov	@r15,	r13	
    443c:	1e 4f 02 00 	mov	2(r15),	r14	;0x0002(r15)
    4440:	0f 4d       	mov	r13,	r15	
    4442:	0f 5f       	rla	r15		
    4444:	0f 43       	clr	r15		
    4446:	0f 6f       	rlc	r15		
    4448:	0c 4f       	mov	r15,	r12	
    444a:	0f 4e       	mov	r14,	r15	
    444c:	0f 5f       	rla	r15		
    444e:	09 4c       	mov	r12,	r9	
    4450:	09 df       	bis	r15,	r9	
    4452:	84 49 ee ff 	mov	r9,	-18(r4)	;0xffee(r4)
    4456:	0f 4e       	mov	r14,	r15	
    4458:	0f 5f       	rla	r15		
    445a:	0f 43       	clr	r15		
    445c:	0f 6f       	rlc	r15		
    445e:	0c 4f       	mov	r15,	r12	
    4460:	0f 4d       	mov	r13,	r15	
    4462:	0f 5f       	rla	r15		
    4464:	0e 4c       	mov	r12,	r14	
    4466:	0e df       	bis	r15,	r14	
    4468:	84 4e ec ff 	mov	r14,	-20(r4)	;0xffec(r4)
    446c:	1f 44 e8 ff 	mov	-24(r4),r15	;0xffe8(r4)
    4470:	2f 52       	add	#4,	r15	;r2 As==10
    4472:	2e 4f       	mov	@r15,	r14	
    4474:	1f 4f 02 00 	mov	2(r15),	r15	;0x0002(r15)
    4478:	0c 4e       	mov	r14,	r12	
    447a:	8c 10       	swpb	r12		
    447c:	4c 4c       	mov.b	r12,	r12	
    447e:	0d 4f       	mov	r15,	r13	
    4480:	4d 4d       	mov.b	r13,	r13	
    4482:	8d 10       	swpb	r13		
    4484:	07 4c       	mov	r12,	r7	
    4486:	07 dd       	bis	r13,	r7	
    4488:	0d 4f       	mov	r15,	r13	
    448a:	8d 10       	swpb	r13		
    448c:	4d 4d       	mov.b	r13,	r13	
    448e:	0f 4e       	mov	r14,	r15	
    4490:	4f 4f       	mov.b	r15,	r15	
    4492:	8f 10       	swpb	r15		
    4494:	06 4d       	mov	r13,	r6	
    4496:	06 df       	bis	r15,	r6	
    4498:	1e 44 ec ff 	mov	-20(r4),r14	;0xffec(r4)
    449c:	1f 44 ee ff 	mov	-18(r4),r15	;0xffee(r4)
    44a0:	0e f6       	and	r6,	r14	
    44a2:	0f f7       	and	r7,	r15	
    44a4:	0a ee       	xor	r14,	r10	
    44a6:	0b ef       	xor	r15,	r11	
    44a8:	1f 44 e8 ff 	mov	-24(r4),r15	;0xffe8(r4)
    44ac:	2f 52       	add	#4,	r15	;r2 As==10
    44ae:	2c 4f       	mov	@r15,	r12	
    44b0:	1d 4f 02 00 	mov	2(r15),	r13	;0x0002(r15)
    44b4:	0e 4c       	mov	r12,	r14	
    44b6:	8e 10       	swpb	r14		
    44b8:	4e 4e       	mov.b	r14,	r14	
    44ba:	12 c3       	clrc			
    44bc:	0e 10       	rrc	r14		
    44be:	12 c3       	clrc			
    44c0:	0e 10       	rrc	r14		
    44c2:	12 c3       	clrc			
    44c4:	0e 10       	rrc	r14		
    44c6:	12 c3       	clrc			
    44c8:	0e 10       	rrc	r14		
    44ca:	12 c3       	clrc			
    44cc:	0e 10       	rrc	r14		
    44ce:	12 c3       	clrc			
    44d0:	0e 10       	rrc	r14		
    44d2:	0f 4d       	mov	r13,	r15	
    44d4:	0f 5f       	rla	r15		
    44d6:	0f 5f       	rla	r15		
    44d8:	09 4e       	mov	r14,	r9	
    44da:	09 df       	bis	r15,	r9	
    44dc:	0e 4d       	mov	r13,	r14	
    44de:	8e 10       	swpb	r14		
    44e0:	4e 4e       	mov.b	r14,	r14	
    44e2:	12 c3       	clrc			
    44e4:	0e 10       	rrc	r14		
    44e6:	12 c3       	clrc			
    44e8:	0e 10       	rrc	r14		
    44ea:	12 c3       	clrc			
    44ec:	0e 10       	rrc	r14		
    44ee:	12 c3       	clrc			
    44f0:	0e 10       	rrc	r14		
    44f2:	12 c3       	clrc			
    44f4:	0e 10       	rrc	r14		
    44f6:	12 c3       	clrc			
    44f8:	0e 10       	rrc	r14		
    44fa:	0f 4c       	mov	r12,	r15	
    44fc:	0f 5f       	rla	r15		
    44fe:	0f 5f       	rla	r15		
    4500:	08 4e       	mov	r14,	r8	
    4502:	08 df       	bis	r15,	r8	
    4504:	0c 4a       	mov	r10,	r12	
    4506:	0d 4b       	mov	r11,	r13	
    4508:	0c e8       	xor	r8,	r12	
    450a:	0d e9       	xor	r9,	r13	
    450c:	5f 44 e0 ff 	mov.b	-32(r4),r15	;0xffe0(r4)
    4510:	3e 40 29 00 	mov	#41,	r14	;#0x0029
    4514:	0b 4e       	mov	r14,	r11	
    4516:	0b 8f       	sub	r15,	r11	
    4518:	0f 4b       	mov	r11,	r15	
    451a:	0f 5f       	rla	r15		
    451c:	0f 5f       	rla	r15		
    451e:	1f 54 ea ff 	add	-22(r4),r15	;0xffea(r4)
    4522:	2e 4f       	mov	@r15,	r14	
    4524:	1f 4f 02 00 	mov	2(r15),	r15	;0x0002(r15)
    4528:	0e ec       	xor	r12,	r14	
    452a:	0f ed       	xor	r13,	r15	
    452c:	85 4e 00 00 	mov	r14,	0(r5)	;0x0000(r5)
    4530:	85 4f 02 00 	mov	r15,	2(r5)	;0x0002(r5)
        crypt[0] = tmp;
    4534:	1f 44 e8 ff 	mov	-24(r4),r15	;0xffe8(r4)
    4538:	9f 44 e2 ff 	mov	-30(r4),0(r15)	;0xffe2(r4), 0x0000(r15)
    453c:	00 00 
    453e:	9f 44 e4 ff 	mov	-28(r4),2(r15)	;0xffe4(r4), 0x0002(r15)
    4542:	02 00 
    u8 i;
    u32 tmp;
    crypt[0] = text[0];
    crypt[1] = text[1];

    for ( i=0 ; i<42 ; i++ )
    4544:	d4 53 e0 ff 	inc.b	-32(r4)	;0xffe0(r4)
    4548:	f4 90 2a 00 	cmp.b	#42,	-32(r4)	;#0x002a, 0xffe0(r4)
    454c:	e0 ff 
    454e:	62 2b       	jnc	$-314    	;abs 0x4414
    {
        tmp = crypt[1];
        crypt[1] = crypt[0] ^ ((ROTATE_LEFT_32(crypt[1],1)) & (ROTATE_LEFT_32(crypt[1],8))) ^ (ROTATE_LEFT_32(crypt[1],2)) ^ key[41-i];
        crypt[0] = tmp;
    }
}
    4550:	31 50 10 00 	add	#16,	r1	;#0x0010
    4554:	34 41       	pop	r4		
    4556:	35 41       	pop	r5		
    4558:	36 41       	pop	r6		
    455a:	37 41       	pop	r7		
    455c:	38 41       	pop	r8		
    455e:	39 41       	pop	r9		
    4560:	3a 41       	pop	r10		
    4562:	3b 41       	pop	r11		
    4564:	30 41       	ret			

00004566 <delay>:
/**************************************************/
/********************* DELAY **********************/
/**************************************************/

void delay(unsigned int d) 
{
    4566:	04 12       	push	r4		
    4568:	04 41       	mov	r1,	r4	
    456a:	24 53       	incd	r4		
    456c:	31 50 fa ff 	add	#-6,	r1	;#0xfffa
    4570:	84 4f fc ff 	mov	r15,	-4(r4)	;0xfffc(r4)
  unsigned int i,j;
  for(j=0; j < 0xff; j++)
    4574:	84 43 fa ff 	mov	#0,	-6(r4)	;r3 As==00, 0xfffa(r4)
    4578:	0d 3c       	jmp	$+28     	;abs 0x4594
    {
      for (i = 0; i<d; i++) 
    457a:	84 43 f8 ff 	mov	#0,	-8(r4)	;r3 As==00, 0xfff8(r4)
    457e:	04 3c       	jmp	$+10     	;abs 0x4588
	{
	  nop();
    4580:	03 43       	nop			
	  nop();
    4582:	03 43       	nop			
void delay(unsigned int d) 
{
  unsigned int i,j;
  for(j=0; j < 0xff; j++)
    {
      for (i = 0; i<d; i++) 
    4584:	94 53 f8 ff 	inc	-8(r4)		;0xfff8(r4)
    4588:	94 94 fc ff 	cmp	-4(r4),	-8(r4)	;0xfffc(r4), 0xfff8(r4)
    458c:	f8 ff 
    458e:	f8 2b       	jnc	$-14     	;abs 0x4580
/**************************************************/

void delay(unsigned int d) 
{
  unsigned int i,j;
  for(j=0; j < 0xff; j++)
    4590:	94 53 fa ff 	inc	-6(r4)		;0xfffa(r4)
    4594:	b4 90 ff 00 	cmp	#255,	-6(r4)	;#0x00ff, 0xfffa(r4)
    4598:	fa ff 
    459a:	ef 2b       	jnc	$-32     	;abs 0x457a
	{
	  nop();
	  nop();
	}
    }
}
    459c:	31 50 06 00 	add	#6,	r1	;#0x0006
    45a0:	34 41       	pop	r4		
    45a2:	30 41       	ret			

000045a4 <uart1_init>:

#define UART1_BIT_RX (1 << UART1_PIN_RX)
#define UART1_BIT_TX (1 << UART1_PIN_TX)

int uart1_init()
{
    45a4:	04 12       	push	r4		
    45a6:	04 41       	mov	r1,	r4	
    45a8:	24 53       	incd	r4		

  WDTCTL = WDTPW + WDTHOLD;
    45aa:	b2 40 80 5a 	mov	#23168,	&0x0120	;#0x5a80
    45ae:	20 01 

  P1IE   = 0x00;        // Interrupt enable
    45b0:	c2 43 25 00 	mov.b	#0,	&0x0025	;r3 As==00
  P2IE   = 0x00;        // 0:disable 1:enable
    45b4:	c2 43 2d 00 	mov.b	#0,	&0x002d	;r3 As==00

  //Init of MSP430 Usart1 pins
  P3SEL |= (UART1_BIT_RX | UART1_BIT_TX);
    45b8:	5f 42 1b 00 	mov.b	&0x001b,r15	
    45bc:	7f d0 c0 ff 	bis.b	#-64,	r15	;#0xffc0
    45c0:	c2 4f 1b 00 	mov.b	r15,	&0x001b	

  //Init of USART1 Module
  U1ME  |= UTXE1|URXE1;           //Enable USART1 transmiter and receiver (UART mode)
    45c4:	5f 42 05 00 	mov.b	&0x0005,r15	
    45c8:	7f d0 30 00 	bis.b	#48,	r15	;#0x0030
    45cc:	c2 4f 05 00 	mov.b	r15,	&0x0005	
  
  U1CTL  = SWRST;                 //reset
    45d0:	d2 43 78 00 	mov.b	#1,	&0x0078	;r3 As==01
  U1CTL  = CHAR;                  //init & release reset
    45d4:	f2 40 10 00 	mov.b	#16,	&0x0078	;#0x0010
    45d8:	78 00 
  
  U1TCTL = SSEL1 | TXEPT;        //use SMCLK 
    45da:	f2 40 21 00 	mov.b	#33,	&0x0079	;#0x0021
    45de:	79 00 
  U1RCTL = 0;
    45e0:	c2 43 7a 00 	mov.b	#0,	&0x007a	;r3 As==00
  // 38400 @ SMCLK 1MHz
#define U1BR1_INIT        0
#define U1BR0_INIT        0x1B
#define U1MCTL_INIT       0x03
  
  U1BR1  = U1BR1_INIT;
    45e4:	c2 43 7d 00 	mov.b	#0,	&0x007d	;r3 As==00
  U1BR0  = U1BR0_INIT;
    45e8:	f2 40 1b 00 	mov.b	#27,	&0x007c	;#0x001b
    45ec:	7c 00 
  U1MCTL = U1MCTL_INIT;
    45ee:	f2 40 03 00 	mov.b	#3,	&0x007b	;#0x0003
    45f2:	7b 00 

  delay(0x800);
    45f4:	3f 40 00 08 	mov	#2048,	r15	;#0x0800
    45f8:	b0 12 66 45 	call	#0x4566	
  return 0;
    45fc:	0f 43       	clr	r15		
}
    45fe:	34 41       	pop	r4		
    4600:	30 41       	ret			

00004602 <uart1_putchar>:

int uart1_putchar(int c)
{
    4602:	04 12       	push	r4		
    4604:	04 41       	mov	r1,	r4	
    4606:	24 53       	incd	r4		
    4608:	21 83       	decd	r1		
    460a:	84 4f fc ff 	mov	r15,	-4(r4)	;0xfffc(r4)
  U1TXBUF = c;
    460e:	1f 44 fc ff 	mov	-4(r4),	r15	;0xfffc(r4)
    4612:	4f 4f       	mov.b	r15,	r15	
    4614:	c2 4f 7f 00 	mov.b	r15,	&0x007f	
  while ((U1TCTL & TXEPT) != TXEPT);
    4618:	03 43       	nop			
    461a:	5f 42 79 00 	mov.b	&0x0079,r15	
    461e:	4f 4f       	mov.b	r15,	r15	
    4620:	1f f3       	and	#1,	r15	;r3 As==01
    4622:	0f 93       	tst	r15		
    4624:	fa 27       	jz	$-10     	;abs 0x461a
  return (unsigned char)c;
    4626:	1f 44 fc ff 	mov	-4(r4),	r15	;0xfffc(r4)
    462a:	4f 4f       	mov.b	r15,	r15	
    462c:	4f 4f       	mov.b	r15,	r15	
}
    462e:	21 53       	incd	r1		
    4630:	34 41       	pop	r4		
    4632:	30 41       	ret			

00004634 <putchar>:
/**************************************************/
/******************** PUT CHAR *********************/
/**************************************************/

int putchar(int c)
{
    4634:	04 12       	push	r4		
    4636:	04 41       	mov	r1,	r4	
    4638:	24 53       	incd	r4		
    463a:	21 83       	decd	r1		
    463c:	84 4f fc ff 	mov	r15,	-4(r4)	;0xfffc(r4)
  return uart1_putchar(c);
    4640:	1f 44 fc ff 	mov	-4(r4),	r15	;0xfffc(r4)
    4644:	b0 12 02 46 	call	#0x4602	
}
    4648:	21 53       	incd	r1		
    464a:	34 41       	pop	r4		
    464c:	30 41       	ret			

0000464e <start_encrypt>:
/******************** END EXPE*********************/
/**************************************************/

void
start_encrypt()
{
    464e:	04 12       	push	r4		
    4650:	04 41       	mov	r1,	r4	
    4652:	24 53       	incd	r4		
  ;
}
    4654:	34 41       	pop	r4		
    4656:	30 41       	ret			

00004658 <start_decrypt>:
void
start_decrypt()
{
    4658:	04 12       	push	r4		
    465a:	04 41       	mov	r1,	r4	
    465c:	24 53       	incd	r4		
  ;
}
    465e:	34 41       	pop	r4		
    4660:	30 41       	ret			

00004662 <end_expe>:


void
end_expe()
{
    4662:	04 12       	push	r4		
    4664:	04 41       	mov	r1,	r4	
    4666:	24 53       	incd	r4		
  ;
}
    4668:	34 41       	pop	r4		
    466a:	30 41       	ret			

0000466c <_unexpected_>:
    466c:	00 13       	reti			

Disassembly of section .vectors:

0000ffe0 <__ivtbl_16>:
    ffe0:	f0 40 f0 40 f0 40 f0 40 f0 40 f0 40 f0 40 f0 40     .@.@.@.@.@.@.@.@
    fff0:	f0 40 f0 40 f0 40 f0 40 f0 40 f0 40 f0 40 00 40     .@.@.@.@.@.@.@.@
