
piccolo.elf:     file format elf32-msp430

SYMBOL TABLE:
00004000 l    d  .text	00000000 .text
0000494e l    d  .rodata	00000000 .rodata
00001100 l    d  .noinit	00000000 .noinit
0000ffe0 l    d  .vectors	00000000 .vectors
00000000 l    d  .debug_aranges	00000000 .debug_aranges
00000000 l    d  .debug_info	00000000 .debug_info
00000000 l    d  .debug_abbrev	00000000 .debug_abbrev
00000000 l    d  .debug_line	00000000 .debug_line
00000000 l    d  .debug_frame	00000000 .debug_frame
00000000 l    d  .debug_str	00000000 .debug_str
00000000 l    d  .debug_loc	00000000 .debug_loc
00000000 l    d  .debug_ranges	00000000 .debug_ranges
00000000 l    df *ABS*	00000000 piccolo128.c
0000494e l     O .rodata	00000020 sBox
0000496e l     O .rodata	00000020 mul2
0000498e l     O .rodata	00000020 mul3
00004122 l       .text	00000000 __br_unexpected_
00000000 l    df *ABS*	00000000 tools.c
00004914 g     F .text	0000001a putchar
00000057 g       *ABS*	00000000 __BCSCTL1
0000005a g       *ABS*	00000000 __CACTL2
00000174 g       *ABS*	00000000 __TACCR1
00000084 g       *ABS*	00000000 __ADC12MCTL4
00000000 g       *ABS*	00000000 __data_size
0000015a g       *ABS*	00000000 __ADC12MEM13
00000052 g       *ABS*	00000000 __I2CNDAT
00004122  w      .text	00000000 __isr_14
00000128 g       *ABS*	00000000 __FCTL1
00000024 g       *ABS*	00000000 __P1IES
0000007b g       *ABS*	00000000 __U1MCTL
000001f6 g       *ABS*	00000000 __DMA2SZ
00004122  w      .text	00000000 __isr_4
00000002 g       *ABS*	00000000 __IFG1
000044ec g     F .text	0000019c rKS_128
00000076 g       *ABS*	00000000 __I2CDRW
0000007e g       *ABS*	00000000 __U1RXBUF
00000138 g       *ABS*	00000000 __OP2
00000076 g       *ABS*	00000000 __U0RXBUF
000001a4 g       *ABS*	00000000 __ADC12IFG
0000012e g       *ABS*	00000000 __TAIV
00004688 g     F .text	000001be FonctionF
000001e6 g       *ABS*	00000000 __DMA0SZ
00000000 g       .vectors	00000000 _efartext
0000007c g       *ABS*	00000000 __U1BR0
00000130 g       *ABS*	00000000 __MPY
00000001 g       *ABS*	00000000 __IE2
0000013a g       *ABS*	00000000 __RESLO
00000136 g       *ABS*	00000000 __MACS
00000087 g       *ABS*	00000000 __ADC12MCTL7
0000002b g       *ABS*	00000000 __P2IFG
0000001a g       *ABS*	00000000 __P3DIR
000049ae g       *ABS*	00000000 _etext
00000190 g       *ABS*	00000000 __TBR
00004126 g     F .text	00000178 Gr
0000001d g       *ABS*	00000000 __P4OUT
000001f4 g       *ABS*	00000000 __DMA2DA
00000000 g       *ABS*	00000000 __bss_size
00000081 g       *ABS*	00000000 __ADC12MCTL1
00004884 g     F .text	0000005e uart1_init
00000152 g       *ABS*	00000000 __ADC12MEM9
00004000  w      .text	00000000 __watchdog_support
0000411c  w      .text	00000000 __stop_progExec__
00000050 g       *ABS*	00000000 __I2CIE
0000002d g       *ABS*	00000000 __P2IE
000001e4 g       *ABS*	00000000 __DMA0DA
00000192 g       *ABS*	00000000 __TBCCR0
00004122  w      .text	00000000 __isr_11
00000186 g       *ABS*	00000000 __TBCCTL2
00004942 g     F .text	0000000a end_expe
00000025 g       *ABS*	00000000 __P1IE
000001a0 g       *ABS*	00000000 __ADC12CTL0
00000072 g       *ABS*	00000000 __I2CDCTL
00000073 g       *ABS*	00000000 __U0MCTL
0000007a g       *ABS*	00000000 __U1RCTL
00000082 g       *ABS*	00000000 __ADC12MCTL2
0000019c g       *ABS*	00000000 __TBCCR5
00000035 g       *ABS*	00000000 __P6OUT
00000034 g       *ABS*	00000000 __P6IN
000001c8 g       *ABS*	00000000 __DAC12_0DAT
00000182 g       *ABS*	00000000 __TBCCTL0
0000019e g       *ABS*	00000000 __TBCCR6
00004122  w      .text	00000000 __isr_5
000049ae g       *ABS*	00000000 __data_load_start
00004122 g       .text	00000000 __dtors_end
000001ea g       *ABS*	00000000 __DMA1SA
00000088 g       *ABS*	00000000 __ADC12MCTL8
00000166 g       *ABS*	00000000 __TACCTL2
000001f0 g       *ABS*	00000000 __DMA2CTL
00004122  w      .text	00000000 __isr_2
00000156 g       *ABS*	00000000 __ADC12MEM11
00000160 g       *ABS*	00000000 __TACTL
00000158 g       *ABS*	00000000 __ADC12MEM12
00000071 g       *ABS*	00000000 __I2CTCTL
0000012c g       *ABS*	00000000 __FCTL3
00004122  w      .text	00000000 __isr_10
00000148 g       *ABS*	00000000 __ADC12MEM4
0000011a g       *ABS*	00000000 __I2CSA
0000002e g       *ABS*	00000000 __P2SEL
00000180 g       *ABS*	00000000 __TBCTL
0000008d g       *ABS*	00000000 __ADC12MCTL13
0000014c g       *ABS*	00000000 __ADC12MEM6
00000023 g       *ABS*	00000000 __P1IFG
0000013c g       *ABS*	00000000 __RESHI
00000072 g       *ABS*	00000000 __U0RCTL
00000172 g       *ABS*	00000000 __TACCR0
00000071 g       *ABS*	00000000 __U0TCTL
00000056 g       *ABS*	00000000 __DCOCTL
00000085 g       *ABS*	00000000 __ADC12MCTL5
00000003 g       *ABS*	00000000 __IFG2
00000005 g       *ABS*	00000000 __ME2
00001100 g     O .noinit	00000002 __wdt_clear_value
00000079 g       *ABS*	00000000 __U1TCTL
0000001b g       *ABS*	00000000 __P3SEL
000001e0 g       *ABS*	00000000 __DMA0CTL
00004122  w      .text	00000000 __isr_7
0000ffe0 g     O .vectors	00000020 __ivtbl_16
00000028 g       *ABS*	00000000 __P2IN
0000014e g       *ABS*	00000000 __ADC12MEM7
00000184 g       *ABS*	00000000 __TBCCTL1
0000005b g       *ABS*	00000000 __CAPD
0000438e g     F .text	000000b0 RoundPermutation
00000075 g       *ABS*	00000000 __I2CSCLL
00004122  w      .text	00000000 __isr_0
00000029 g       *ABS*	00000000 __P2OUT
0000012a g       *ABS*	00000000 __FCTL2
00004028  w      .text	00000000 __do_clear_bss
0000008f g       *ABS*	00000000 __ADC12MCTL15
00000021 g       *ABS*	00000000 __P1OUT
0000002c g       *ABS*	00000000 __P2IES
0000015c g       *ABS*	00000000 __ADC12MEM14
00000026 g       *ABS*	00000000 __P1SEL
00000198 g       *ABS*	00000000 __TBCCR3
00000080 g       *ABS*	00000000 __ADC12MCTL0
00000140 g       *ABS*	00000000 __ADC12MEM0
00000074 g       *ABS*	00000000 __U0BR0
00000051 g       *ABS*	00000000 __I2CIFG
0000429e g     F .text	000000f0 Gr_1
0000494c  w      .text	00000000 _unexpected_
00004122  w      .text	00000000 __isr_8
0000014a g       *ABS*	00000000 __ADC12MEM5
00000070 g       *ABS*	00000000 __U0CTL
0000018a g       *ABS*	00000000 __TBCCTL4
00000073 g       *ABS*	00000000 __I2CPSC
0000008e g       *ABS*	00000000 __ADC12MCTL14
00004122  w      .text	00000000 __isr_3
000001a6 g       *ABS*	00000000 __ADC12IE
000048e2 g     F .text	00000032 uart1_putchar
00000144 g       *ABS*	00000000 __ADC12MEM2
000001ee g       *ABS*	00000000 __DMA1SZ
00000033 g       *ABS*	00000000 __P5SEL
00000030 g       *ABS*	00000000 __P5IN
00004000  w      .text	00000000 _reset_vector__
00004122 g       .text	00000000 __ctors_start
00004122  w      .text	00000000 __isr_12
00000036 g       *ABS*	00000000 __P6DIR
00000018 g       *ABS*	00000000 __P3IN
00004010  w      .text	00000000 __do_copy_data
00000150 g       *ABS*	00000000 __ADC12MEM8
00000142 g       *ABS*	00000000 __ADC12MEM1
00001100 g       .rodata	00000000 __bss_start
0000007d g       *ABS*	00000000 __U1BR1
0000403e g     F .text	000000de main
00000176 g       *ABS*	00000000 __TACCR2
0000019a g       *ABS*	00000000 __TBCCR4
00004122  w      .text	00000000 __isr_13
00000078 g       *ABS*	00000000 __U1CTL
000001e2 g       *ABS*	00000000 __DMA0SA
00000170 g       *ABS*	00000000 __TAR
00000124 g       *ABS*	00000000 __DMACTL1
0000001e g       *ABS*	00000000 __P4DIR
00000162 g       *ABS*	00000000 __TACCTL0
00010000 g       .vectors	00000000 _vectors_end
00000154 g       *ABS*	00000000 __ADC12MEM10
000001f2 g       *ABS*	00000000 __DMA2SA
0000002a g       *ABS*	00000000 __P2DIR
00000089 g       *ABS*	00000000 __ADC12MCTL9
0000008a g       *ABS*	00000000 __ADC12MCTL10
00004846 g     F .text	0000003e delay
00000032 g       *ABS*	00000000 __P5DIR
000001c2 g       *ABS*	00000000 __DAC12_1CTL
000001a2 g       *ABS*	00000000 __ADC12CTL1
000001a8 g       *ABS*	00000000 __ADC12IV
000001e8 g       *ABS*	00000000 __DMA1CTL
00000075 g       *ABS*	00000000 __U0BR1
00004122  w      .text	00000000 __isr_9
0000018c g       *ABS*	00000000 __TBCCTL5
0000400c  w      .text	00000000 __init_stack
00000086 g       *ABS*	00000000 __ADC12MCTL6
00000188 g       *ABS*	00000000 __TBCCTL3
00000019 g       *ABS*	00000000 __P3OUT
000001ca g       *ABS*	00000000 __DAC12_1DAT
00004122 g       .text	00000000 __dtors_start
00004122  w      .text	00000000 __isr_6
00004122 g       .text	00000000 __ctors_end
00000132 g       *ABS*	00000000 __MPYS
0000011c g       *ABS*	00000000 __I2CIV
00000004 g       *ABS*	00000000 __ME1
00003900 g       *ABS*	00000000 __stack
00000037 g       *ABS*	00000000 __P6SEL
00004122  w      .text	00000000 __isr_1
0000008c g       *ABS*	00000000 __ADC12MCTL12
00001100 g       .rodata	00000000 _edata
00000077 g       *ABS*	00000000 __U0TXBUF
00001102 g       *ABS*	00000000 _end
00000194 g       *ABS*	00000000 __TBCCR1
0000011e g       *ABS*	00000000 __TBIV
000001c0 g       *ABS*	00000000 __DAC12_0CTL
0000492e g     F .text	0000000a start_encrypt
0000015e g       *ABS*	00000000 __ADC12MEM15
00000134 g       *ABS*	00000000 __MAC
00000058 g       *ABS*	00000000 __BCSCTL2
0000411c  w      .text	00000000 _endless_loop__
00000122 g       *ABS*	00000000 __DMACTL0
0000001f g       *ABS*	00000000 __P4SEL
00000196 g       *ABS*	00000000 __TBCCR2
00000022 g       *ABS*	00000000 __P1DIR
00000146 g       *ABS*	00000000 __ADC12MEM3
00000076 g       *ABS*	00000000 __I2CDRB
00000118 g       *ABS*	00000000 __I2COA
00000164 g       *ABS*	00000000 __TACCTL1
0000007f g       *ABS*	00000000 __U1TXBUF
00000055 g       *ABS*	00000000 __SVSCTL
0000443e g     F .text	000000ae wKS_128
00004010  w      .text	00000000 __low_level_init
00004938 g     F .text	0000000a start_decrypt
00001100 g       .rodata	00000000 __data_start
0000018e g       *ABS*	00000000 __TBCCTL6
00000074 g       *ABS*	00000000 __I2CSCLH
000001ec g       *ABS*	00000000 __DMA1DA
00000120 g       *ABS*	00000000 __WDTCTL
00000083 g       *ABS*	00000000 __ADC12MCTL3
00000000 g       *ABS*	00000000 __IE1
00000059 g       *ABS*	00000000 __CACTL1
00000020 g       *ABS*	00000000 __P1IN
0000001c g       *ABS*	00000000 __P4IN
0000008b g       *ABS*	00000000 __ADC12MCTL11
0000013e g       *ABS*	00000000 __SUMEXT
00000031 g       *ABS*	00000000 __P5OUT



Disassembly of section .text:

00004000 <__watchdog_support>:
    4000:	55 42 20 01 	mov.b	&0x0120,r5	
    4004:	35 d0 08 5a 	bis	#23048,	r5	;#0x5a08
    4008:	82 45 00 11 	mov	r5,	&0x1100	

0000400c <__init_stack>:
    400c:	31 40 00 39 	mov	#14592,	r1	;#0x3900

00004010 <__do_copy_data>:
    4010:	3f 40 00 00 	mov	#0,	r15	;#0x0000
    4014:	0f 93       	tst	r15		
    4016:	08 24       	jz	$+18     	;abs 0x4028
    4018:	92 42 00 11 	mov	&0x1100,&0x0120	
    401c:	20 01 
    401e:	2f 83       	decd	r15		
    4020:	9f 4f ae 49 	mov	18862(r15),4352(r15);0x49ae(r15), 0x1100(r15)
    4024:	00 11 
    4026:	f8 23       	jnz	$-14     	;abs 0x4018

00004028 <__do_clear_bss>:
    4028:	3f 40 00 00 	mov	#0,	r15	;#0x0000
    402c:	0f 93       	tst	r15		
    402e:	07 24       	jz	$+16     	;abs 0x403e
    4030:	92 42 00 11 	mov	&0x1100,&0x0120	
    4034:	20 01 
    4036:	1f 83       	dec	r15		
    4038:	cf 43 00 11 	mov.b	#0,	4352(r15);r3 As==00, 0x1100(r15)
    403c:	f9 23       	jnz	$-12     	;abs 0x4030

0000403e <main>:
void wKS_128(const u16 *k, u16 *wkDest);
void rKS_128(const u16 *k, u16 *rkDest);
u16 FonctionF(u16 subState);

int main(int argc, char* argv[])
{
    403e:	04 41       	mov	r1,	r4	
    4040:	24 53       	incd	r4		
    4042:	31 50 60 ff 	add	#-160,	r1	;#0xff60
    4046:	84 4f fa ff 	mov	r15,	-6(r4)	;0xfffa(r4)
    404a:	84 4e fc ff 	mov	r14,	-4(r4)	;0xfffc(r4)
	// ************ Déclarations ************
	u16 text[4]={0xcdef,0x89ab,0x4567,0x0123};
    404e:	b4 40 ef cd 	mov	#-12817,-162(r4);#0xcdef, 0xff5e(r4)
    4052:	5e ff 
    4054:	b4 40 ab 89 	mov	#-30293,-160(r4);#0x89ab, 0xff60(r4)
    4058:	60 ff 
    405a:	b4 40 67 45 	mov	#17767,	-158(r4);#0x4567, 0xff62(r4)
    405e:	62 ff 
    4060:	b4 40 23 01 	mov	#291,	-156(r4);#0x0123, 0xff64(r4)
    4064:	64 ff 
	u16 k128[8] = {0x0011, 0x2233, 0x4455, 0x6677, 0x8899, 0xaabb, 0xccdd, 0xeeff};
    4066:	b4 40 11 00 	mov	#17,	-154(r4);#0x0011, 0xff66(r4)
    406a:	66 ff 
    406c:	b4 40 33 22 	mov	#8755,	-152(r4);#0x2233, 0xff68(r4)
    4070:	68 ff 
    4072:	b4 40 55 44 	mov	#17493,	-150(r4);#0x4455, 0xff6a(r4)
    4076:	6a ff 
    4078:	b4 40 77 66 	mov	#26231,	-148(r4);#0x6677, 0xff6c(r4)
    407c:	6c ff 
    407e:	b4 40 99 88 	mov	#-30567,-146(r4);#0x8899, 0xff6e(r4)
    4082:	6e ff 
    4084:	b4 40 bb aa 	mov	#-21829,-144(r4);#0xaabb, 0xff70(r4)
    4088:	70 ff 
    408a:	b4 40 dd cc 	mov	#-13091,-142(r4);#0xccdd, 0xff72(r4)
    408e:	72 ff 
    4090:	b4 40 ff ee 	mov	#-4353,	-140(r4);#0xeeff, 0xff74(r4)
    4094:	74 ff 
	u16 wk[4];
	u16 rk[2*NBROUND];

	START_ENCRYPT();
    4096:	b0 12 2e 49 	call	#0x492e	

	// ****************************************
	//			Test clé 128 bits
	// ****************************************
	wKS_128(k128,wk);
    409a:	0e 44       	mov	r4,	r14	
    409c:	3e 50 76 ff 	add	#-138,	r14	;#0xff76
    40a0:	0f 44       	mov	r4,	r15	
    40a2:	3f 50 66 ff 	add	#-154,	r15	;#0xff66
    40a6:	b0 12 3e 44 	call	#0x443e	
	rKS_128(k128,rk);
    40aa:	0e 44       	mov	r4,	r14	
    40ac:	3e 50 7e ff 	add	#-130,	r14	;#0xff7e
    40b0:	0f 44       	mov	r4,	r15	
    40b2:	3f 50 66 ff 	add	#-154,	r15	;#0xff66
    40b6:	b0 12 ec 44 	call	#0x44ec	
	// ************ Vérification chiffrement ************

	Gr(text, wk, rk);
    40ba:	0e 44       	mov	r4,	r14	
    40bc:	3e 50 7e ff 	add	#-130,	r14	;#0xff7e
    40c0:	0f 44       	mov	r4,	r15	
    40c2:	3f 50 76 ff 	add	#-138,	r15	;#0xff76
    40c6:	0d 4e       	mov	r14,	r13	
    40c8:	0e 4f       	mov	r15,	r14	
    40ca:	0f 44       	mov	r4,	r15	
    40cc:	3f 50 5e ff 	add	#-162,	r15	;#0xff5e
    40d0:	b0 12 26 41 	call	#0x4126	
	printf("Verification avec la cle de 128 bits \n\nLe chiffrement donne : \n");
	printf("5ec42cea 657b89ff\n");
	ps(text);
#endif
	// ************ Controle du déchiffrement ************
	START_DECRYPT();
    40d4:	b0 12 38 49 	call	#0x4938	
	wKS_128(k128,wk);
    40d8:	0e 44       	mov	r4,	r14	
    40da:	3e 50 76 ff 	add	#-138,	r14	;#0xff76
    40de:	0f 44       	mov	r4,	r15	
    40e0:	3f 50 66 ff 	add	#-154,	r15	;#0xff66
    40e4:	b0 12 3e 44 	call	#0x443e	
	rKS_128(k128,rk);
    40e8:	0e 44       	mov	r4,	r14	
    40ea:	3e 50 7e ff 	add	#-130,	r14	;#0xff7e
    40ee:	0f 44       	mov	r4,	r15	
    40f0:	3f 50 66 ff 	add	#-154,	r15	;#0xff66
    40f4:	b0 12 ec 44 	call	#0x44ec	
	Gr_1(text, wk, rk);
    40f8:	0e 44       	mov	r4,	r14	
    40fa:	3e 50 7e ff 	add	#-130,	r14	;#0xff7e
    40fe:	0f 44       	mov	r4,	r15	
    4100:	3f 50 76 ff 	add	#-138,	r15	;#0xff76
    4104:	0d 4e       	mov	r14,	r13	
    4106:	0e 4f       	mov	r15,	r14	
    4108:	0f 44       	mov	r4,	r15	
    410a:	3f 50 5e ff 	add	#-162,	r15	;#0xff5e
    410e:	b0 12 9e 42 	call	#0x429e	
#ifdef PRINT
	printf("Controle du dechiffrement : \n\n");
	ps(text);
#endif
	END_EXPE();
    4112:	b0 12 42 49 	call	#0x4942	
	return 0;
    4116:	0f 43       	clr	r15		
}
    4118:	31 50 a0 00 	add	#160,	r1	;#0x00a0

0000411c <__stop_progExec__>:
    411c:	32 d0 f0 00 	bis	#240,	r2	;#0x00f0
    4120:	fd 3f       	jmp	$-4      	;abs 0x411c

00004122 <__ctors_end>:
    4122:	30 40 4c 49 	br	#0x494c	

00004126 <Gr>:

// Fonction de chiffrement
void Gr(u16 *state, const u16 *wk, const u16 *rk)
{
    4126:	0b 12       	push	r11		
    4128:	0a 12       	push	r10		
    412a:	04 12       	push	r4		
    412c:	04 41       	mov	r1,	r4	
    412e:	34 50 06 00 	add	#6,	r4	;#0x0006
    4132:	31 82       	sub	#8,	r1	;r2 As==11
    4134:	84 4f f4 ff 	mov	r15,	-12(r4)	;0xfff4(r4)
    4138:	84 4e f6 ff 	mov	r14,	-10(r4)	;0xfff6(r4)
    413c:	84 4d f8 ff 	mov	r13,	-8(r4)	;0xfff8(r4)
	u16 round;
	// Premier Wk 
	state[3] ^= wk[0];
    4140:	1f 44 f4 ff 	mov	-12(r4),r15	;0xfff4(r4)
    4144:	3f 50 06 00 	add	#6,	r15	;#0x0006
    4148:	1e 44 f4 ff 	mov	-12(r4),r14	;0xfff4(r4)
    414c:	3e 50 06 00 	add	#6,	r14	;#0x0006
    4150:	2d 4e       	mov	@r14,	r13	
    4152:	1e 44 f6 ff 	mov	-10(r4),r14	;0xfff6(r4)
    4156:	2e 4e       	mov	@r14,	r14	
    4158:	0e ed       	xor	r13,	r14	
    415a:	8f 4e 00 00 	mov	r14,	0(r15)	;0x0000(r15)
	state[1] ^= wk[1];
    415e:	1f 44 f4 ff 	mov	-12(r4),r15	;0xfff4(r4)
    4162:	2f 53       	incd	r15		
    4164:	1e 44 f4 ff 	mov	-12(r4),r14	;0xfff4(r4)
    4168:	2e 53       	incd	r14		
    416a:	2d 4e       	mov	@r14,	r13	
    416c:	1e 44 f6 ff 	mov	-10(r4),r14	;0xfff6(r4)
    4170:	2e 53       	incd	r14		
    4172:	2e 4e       	mov	@r14,	r14	
    4174:	0e ed       	xor	r13,	r14	
    4176:	8f 4e 00 00 	mov	r14,	0(r15)	;0x0000(r15)
	for(round = 0; round <= (NBROUND - 2); round++)
    417a:	84 43 f2 ff 	mov	#0,	-14(r4)	;r3 As==00, 0xfff2(r4)
    417e:	39 3c       	jmp	$+116    	;abs 0x41f2
	{
		state[2] ^= (FonctionF(state[3]) ^ rk[2 * round]);
    4180:	1b 44 f4 ff 	mov	-12(r4),r11	;0xfff4(r4)
    4184:	2b 52       	add	#4,	r11	;r2 As==10
    4186:	1f 44 f4 ff 	mov	-12(r4),r15	;0xfff4(r4)
    418a:	2f 52       	add	#4,	r15	;r2 As==10
    418c:	2a 4f       	mov	@r15,	r10	
    418e:	1f 44 f4 ff 	mov	-12(r4),r15	;0xfff4(r4)
    4192:	3f 50 06 00 	add	#6,	r15	;#0x0006
    4196:	2f 4f       	mov	@r15,	r15	
    4198:	b0 12 88 46 	call	#0x4688	
    419c:	0e 4f       	mov	r15,	r14	
    419e:	1f 44 f2 ff 	mov	-14(r4),r15	;0xfff2(r4)
    41a2:	0f 5f       	rla	r15		
    41a4:	0f 5f       	rla	r15		
    41a6:	1f 54 f8 ff 	add	-8(r4),	r15	;0xfff8(r4)
    41aa:	2f 4f       	mov	@r15,	r15	
    41ac:	0f ee       	xor	r14,	r15	
    41ae:	0f ea       	xor	r10,	r15	
    41b0:	8b 4f 00 00 	mov	r15,	0(r11)	;0x0000(r11)
		state[0] ^= (FonctionF(state[1]) ^ rk[2 * round + 1]);
    41b4:	1f 44 f4 ff 	mov	-12(r4),r15	;0xfff4(r4)
    41b8:	2b 4f       	mov	@r15,	r11	
    41ba:	1f 44 f4 ff 	mov	-12(r4),r15	;0xfff4(r4)
    41be:	2f 53       	incd	r15		
    41c0:	2f 4f       	mov	@r15,	r15	
    41c2:	b0 12 88 46 	call	#0x4688	
    41c6:	0e 4f       	mov	r15,	r14	
    41c8:	1f 44 f2 ff 	mov	-14(r4),r15	;0xfff2(r4)
    41cc:	0f 5f       	rla	r15		
    41ce:	0f 5f       	rla	r15		
    41d0:	2f 53       	incd	r15		
    41d2:	1f 54 f8 ff 	add	-8(r4),	r15	;0xfff8(r4)
    41d6:	2f 4f       	mov	@r15,	r15	
    41d8:	0f ee       	xor	r14,	r15	
    41da:	0e 4b       	mov	r11,	r14	
    41dc:	0e ef       	xor	r15,	r14	
    41de:	1f 44 f4 ff 	mov	-12(r4),r15	;0xfff4(r4)
    41e2:	8f 4e 00 00 	mov	r14,	0(r15)	;0x0000(r15)

		RoundPermutation(state);
    41e6:	1f 44 f4 ff 	mov	-12(r4),r15	;0xfff4(r4)
    41ea:	b0 12 8e 43 	call	#0x438e	
{
	u16 round;
	// Premier Wk 
	state[3] ^= wk[0];
	state[1] ^= wk[1];
	for(round = 0; round <= (NBROUND - 2); round++)
    41ee:	94 53 f2 ff 	inc	-14(r4)	;0xfff2(r4)
    41f2:	b4 90 1e 00 	cmp	#30,	-14(r4)	;#0x001e, 0xfff2(r4)
    41f6:	f2 ff 
    41f8:	c3 2b       	jnc	$-120    	;abs 0x4180
		state[2] ^= (FonctionF(state[3]) ^ rk[2 * round]);
		state[0] ^= (FonctionF(state[1]) ^ rk[2 * round + 1]);

		RoundPermutation(state);
	}
	state[2] ^= (FonctionF(state[3]) ^ rk[2 * NBROUND - 2]);
    41fa:	1b 44 f4 ff 	mov	-12(r4),r11	;0xfff4(r4)
    41fe:	2b 52       	add	#4,	r11	;r2 As==10
    4200:	1f 44 f4 ff 	mov	-12(r4),r15	;0xfff4(r4)
    4204:	2f 52       	add	#4,	r15	;r2 As==10
    4206:	2a 4f       	mov	@r15,	r10	
    4208:	1f 44 f4 ff 	mov	-12(r4),r15	;0xfff4(r4)
    420c:	3f 50 06 00 	add	#6,	r15	;#0x0006
    4210:	2f 4f       	mov	@r15,	r15	
    4212:	b0 12 88 46 	call	#0x4688	
    4216:	0e 4f       	mov	r15,	r14	
    4218:	1f 44 f8 ff 	mov	-8(r4),	r15	;0xfff8(r4)
    421c:	3f 50 78 00 	add	#120,	r15	;#0x0078
    4220:	2f 4f       	mov	@r15,	r15	
    4222:	0f ee       	xor	r14,	r15	
    4224:	0f ea       	xor	r10,	r15	
    4226:	8b 4f 00 00 	mov	r15,	0(r11)	;0x0000(r11)
	state[0] ^= (FonctionF(state[1]) ^ rk[2 * NBROUND - 1]);
    422a:	1f 44 f4 ff 	mov	-12(r4),r15	;0xfff4(r4)
    422e:	2b 4f       	mov	@r15,	r11	
    4230:	1f 44 f4 ff 	mov	-12(r4),r15	;0xfff4(r4)
    4234:	2f 53       	incd	r15		
    4236:	2f 4f       	mov	@r15,	r15	
    4238:	b0 12 88 46 	call	#0x4688	
    423c:	0e 4f       	mov	r15,	r14	
    423e:	1f 44 f8 ff 	mov	-8(r4),	r15	;0xfff8(r4)
    4242:	3f 50 7a 00 	add	#122,	r15	;#0x007a
    4246:	2f 4f       	mov	@r15,	r15	
    4248:	0f ee       	xor	r14,	r15	
    424a:	0e 4b       	mov	r11,	r14	
    424c:	0e ef       	xor	r15,	r14	
    424e:	1f 44 f4 ff 	mov	-12(r4),r15	;0xfff4(r4)
    4252:	8f 4e 00 00 	mov	r14,	0(r15)	;0x0000(r15)
	
	// Deuxième Wk
	state[3] ^= wk[2];
    4256:	1f 44 f4 ff 	mov	-12(r4),r15	;0xfff4(r4)
    425a:	3f 50 06 00 	add	#6,	r15	;#0x0006
    425e:	1e 44 f4 ff 	mov	-12(r4),r14	;0xfff4(r4)
    4262:	3e 50 06 00 	add	#6,	r14	;#0x0006
    4266:	2d 4e       	mov	@r14,	r13	
    4268:	1e 44 f6 ff 	mov	-10(r4),r14	;0xfff6(r4)
    426c:	2e 52       	add	#4,	r14	;r2 As==10
    426e:	2e 4e       	mov	@r14,	r14	
    4270:	0e ed       	xor	r13,	r14	
    4272:	8f 4e 00 00 	mov	r14,	0(r15)	;0x0000(r15)
	state[1] ^= wk[3];
    4276:	1f 44 f4 ff 	mov	-12(r4),r15	;0xfff4(r4)
    427a:	2f 53       	incd	r15		
    427c:	1e 44 f4 ff 	mov	-12(r4),r14	;0xfff4(r4)
    4280:	2e 53       	incd	r14		
    4282:	2d 4e       	mov	@r14,	r13	
    4284:	1e 44 f6 ff 	mov	-10(r4),r14	;0xfff6(r4)
    4288:	3e 50 06 00 	add	#6,	r14	;#0x0006
    428c:	2e 4e       	mov	@r14,	r14	
    428e:	0e ed       	xor	r13,	r14	
    4290:	8f 4e 00 00 	mov	r14,	0(r15)	;0x0000(r15)
	
	return;
}
    4294:	31 52       	add	#8,	r1	;r2 As==11
    4296:	34 41       	pop	r4		
    4298:	3a 41       	pop	r10		
    429a:	3b 41       	pop	r11		
    429c:	30 41       	ret			

0000429e <Gr_1>:

// Fonction de déchiffrement
void Gr_1(u16 *state, const u16 *wk, const u16 *rk)
{
    429e:	04 12       	push	r4		
    42a0:	04 41       	mov	r1,	r4	
    42a2:	24 53       	incd	r4		
    42a4:	31 50 74 ff 	add	#-140,	r1	;#0xff74
    42a8:	84 4f f8 ff 	mov	r15,	-8(r4)	;0xfff8(r4)
    42ac:	84 4e fa ff 	mov	r14,	-6(r4)	;0xfffa(r4)
    42b0:	84 4d fc ff 	mov	r13,	-4(r4)	;0xfffc(r4)
  u16 wk_1[4];
  u16 rk_1[2*NBROUND];
  
  u16 i;
  
  wk_1[0] = wk[2];
    42b4:	1f 44 fa ff 	mov	-6(r4),	r15	;0xfffa(r4)
    42b8:	1f 4f 04 00 	mov	4(r15),	r15	;0x0004(r15)
    42bc:	84 4f 74 ff 	mov	r15,	-140(r4);0xff74(r4)
  wk_1[1] = wk[3];
    42c0:	1f 44 fa ff 	mov	-6(r4),	r15	;0xfffa(r4)
    42c4:	1f 4f 06 00 	mov	6(r15),	r15	;0x0006(r15)
    42c8:	84 4f 76 ff 	mov	r15,	-138(r4);0xff76(r4)
  wk_1[2] = wk[0];
    42cc:	1f 44 fa ff 	mov	-6(r4),	r15	;0xfffa(r4)
    42d0:	2f 4f       	mov	@r15,	r15	
    42d2:	84 4f 78 ff 	mov	r15,	-136(r4);0xff78(r4)
  wk_1[3] = wk[1];
    42d6:	1f 44 fa ff 	mov	-6(r4),	r15	;0xfffa(r4)
    42da:	1f 4f 02 00 	mov	2(r15),	r15	;0x0002(r15)
    42de:	84 4f 7a ff 	mov	r15,	-134(r4);0xff7a(r4)

  for(i=0; i<NBROUND; i++)
    42e2:	84 43 72 ff 	mov	#0,	-142(r4);r3 As==00, 0xff72(r4)
    42e6:	3f 3c       	jmp	$+128    	;abs 0x4366
  {
    rk_1[2*i] = rk[2*NBROUND - 2*i - 2 + (i%2)];
    42e8:	1f 44 72 ff 	mov	-142(r4),r15	;0xff72(r4)
    42ec:	0f 5f       	rla	r15		
    42ee:	1d 44 72 ff 	mov	-142(r4),r13	;0xff72(r4)
    42f2:	0e 43       	clr	r14		
    42f4:	0e 8d       	sub	r13,	r14	
    42f6:	0e 5e       	rla	r14		
    42f8:	0d 4e       	mov	r14,	r13	
    42fa:	1e 44 72 ff 	mov	-142(r4),r14	;0xff72(r4)
    42fe:	1e f3       	and	#1,	r14	;r3 As==01
    4300:	0e 5d       	add	r13,	r14	
    4302:	3e 50 3c 00 	add	#60,	r14	;#0x003c
    4306:	0e 5e       	rla	r14		
    4308:	1e 54 fc ff 	add	-4(r4),	r14	;0xfffc(r4)
    430c:	2e 4e       	mov	@r14,	r14	
    430e:	0f 5f       	rla	r15		
    4310:	3c 40 72 ff 	mov	#-142,	r12	;#0xff72
    4314:	0c 54       	add	r4,	r12	
    4316:	0f 5c       	add	r12,	r15	
    4318:	3f 50 0a 00 	add	#10,	r15	;#0x000a
    431c:	8f 4e 00 00 	mov	r14,	0(r15)	;0x0000(r15)
    rk_1[2*i+1] = rk[2*NBROUND - 2*i -1 - (i%2)];
    4320:	1f 44 72 ff 	mov	-142(r4),r15	;0xff72(r4)
    4324:	0f 5f       	rla	r15		
    4326:	0d 4f       	mov	r15,	r13	
    4328:	1d 53       	inc	r13		
    432a:	1e 44 72 ff 	mov	-142(r4),r14	;0xff72(r4)
    432e:	0f 43       	clr	r15		
    4330:	0f 8e       	sub	r14,	r15	
    4332:	0f 5f       	rla	r15		
    4334:	0e 4f       	mov	r15,	r14	
    4336:	1f 44 72 ff 	mov	-142(r4),r15	;0xff72(r4)
    433a:	1f f3       	and	#1,	r15	;r3 As==01
    433c:	0c 4e       	mov	r14,	r12	
    433e:	0c 8f       	sub	r15,	r12	
    4340:	0f 4c       	mov	r12,	r15	
    4342:	3f 50 3d 00 	add	#61,	r15	;#0x003d
    4346:	0f 5f       	rla	r15		
    4348:	1f 54 fc ff 	add	-4(r4),	r15	;0xfffc(r4)
    434c:	2e 4f       	mov	@r15,	r14	
    434e:	0f 4d       	mov	r13,	r15	
    4350:	0f 5f       	rla	r15		
    4352:	3d 40 72 ff 	mov	#-142,	r13	;#0xff72
    4356:	0d 54       	add	r4,	r13	
    4358:	0f 5d       	add	r13,	r15	
    435a:	3f 50 0a 00 	add	#10,	r15	;#0x000a
    435e:	8f 4e 00 00 	mov	r14,	0(r15)	;0x0000(r15)
  wk_1[0] = wk[2];
  wk_1[1] = wk[3];
  wk_1[2] = wk[0];
  wk_1[3] = wk[1];

  for(i=0; i<NBROUND; i++)
    4362:	94 53 72 ff 	inc	-142(r4)	;0xff72(r4)
    4366:	b4 90 1f 00 	cmp	#31,	-142(r4);#0x001f, 0xff72(r4)
    436a:	72 ff 
    436c:	bd 2b       	jnc	$-132    	;abs 0x42e8
  {
    rk_1[2*i] = rk[2*NBROUND - 2*i - 2 + (i%2)];
    rk_1[2*i+1] = rk[2*NBROUND - 2*i -1 - (i%2)];
  }

  Gr(state,wk_1,rk_1);
    436e:	0e 44       	mov	r4,	r14	
    4370:	3e 50 7c ff 	add	#-132,	r14	;#0xff7c
    4374:	0f 44       	mov	r4,	r15	
    4376:	3f 50 74 ff 	add	#-140,	r15	;#0xff74
    437a:	0d 4e       	mov	r14,	r13	
    437c:	0e 4f       	mov	r15,	r14	
    437e:	1f 44 f8 ff 	mov	-8(r4),	r15	;0xfff8(r4)
    4382:	b0 12 26 41 	call	#0x4126	

  return;
}
    4386:	31 50 8c 00 	add	#140,	r1	;#0x008c
    438a:	34 41       	pop	r4		
    438c:	30 41       	ret			

0000438e <RoundPermutation>:

void RoundPermutation(u16 *chaine)
{
    438e:	04 12       	push	r4		
    4390:	04 41       	mov	r1,	r4	
    4392:	24 53       	incd	r4		
    4394:	31 50 fa ff 	add	#-6,	r1	;#0xfffa
    4398:	84 4f fc ff 	mov	r15,	-4(r4)	;0xfffc(r4)
	u16 temp_0 = chaine[0];
    439c:	1f 44 fc ff 	mov	-4(r4),	r15	;0xfffc(r4)
    43a0:	a4 4f f8 ff 	mov	@r15,	-8(r4)	;0xfff8(r4)
	u16 temp_2 = chaine[2];
    43a4:	1f 44 fc ff 	mov	-4(r4),	r15	;0xfffc(r4)
    43a8:	94 4f 04 00 	mov	4(r15),	-6(r4)	;0x0004(r15), 0xfffa(r4)
    43ac:	fa ff 
	
	chaine[0]= (chaine[3] & 0xFF00) | (chaine[1] & 0x00FF);
    43ae:	1f 44 fc ff 	mov	-4(r4),	r15	;0xfffc(r4)
    43b2:	3f 50 06 00 	add	#6,	r15	;#0x0006
    43b6:	2f 4f       	mov	@r15,	r15	
    43b8:	0e 4f       	mov	r15,	r14	
    43ba:	3e f0 00 ff 	and	#-256,	r14	;#0xff00
    43be:	1f 44 fc ff 	mov	-4(r4),	r15	;0xfffc(r4)
    43c2:	2f 53       	incd	r15		
    43c4:	2f 4f       	mov	@r15,	r15	
    43c6:	3f f0 ff 00 	and	#255,	r15	;#0x00ff
    43ca:	0e df       	bis	r15,	r14	
    43cc:	1f 44 fc ff 	mov	-4(r4),	r15	;0xfffc(r4)
    43d0:	8f 4e 00 00 	mov	r14,	0(r15)	;0x0000(r15)
	chaine[2]= (chaine[1] & 0xFF00) | (chaine[3] & 0x00FF);
    43d4:	1f 44 fc ff 	mov	-4(r4),	r15	;0xfffc(r4)
    43d8:	2f 52       	add	#4,	r15	;r2 As==10
    43da:	1e 44 fc ff 	mov	-4(r4),	r14	;0xfffc(r4)
    43de:	2e 53       	incd	r14		
    43e0:	2e 4e       	mov	@r14,	r14	
    43e2:	0d 4e       	mov	r14,	r13	
    43e4:	3d f0 00 ff 	and	#-256,	r13	;#0xff00
    43e8:	1e 44 fc ff 	mov	-4(r4),	r14	;0xfffc(r4)
    43ec:	3e 50 06 00 	add	#6,	r14	;#0x0006
    43f0:	2e 4e       	mov	@r14,	r14	
    43f2:	3e f0 ff 00 	and	#255,	r14	;#0x00ff
    43f6:	0e dd       	bis	r13,	r14	
    43f8:	8f 4e 00 00 	mov	r14,	0(r15)	;0x0000(r15)
	
	chaine[1]= (temp_0 & 0xFF00) | (temp_2 & 0x00FF);
    43fc:	1f 44 fc ff 	mov	-4(r4),	r15	;0xfffc(r4)
    4400:	2f 53       	incd	r15		
    4402:	1d 44 f8 ff 	mov	-8(r4),	r13	;0xfff8(r4)
    4406:	3d f0 00 ff 	and	#-256,	r13	;#0xff00
    440a:	1e 44 fa ff 	mov	-6(r4),	r14	;0xfffa(r4)
    440e:	3e f0 ff 00 	and	#255,	r14	;#0x00ff
    4412:	0e dd       	bis	r13,	r14	
    4414:	8f 4e 00 00 	mov	r14,	0(r15)	;0x0000(r15)
	chaine[3]= (temp_2 & 0xFF00) | (temp_0 & 0x00FF);
    4418:	1f 44 fc ff 	mov	-4(r4),	r15	;0xfffc(r4)
    441c:	3f 50 06 00 	add	#6,	r15	;#0x0006
    4420:	1d 44 fa ff 	mov	-6(r4),	r13	;0xfffa(r4)
    4424:	3d f0 00 ff 	and	#-256,	r13	;#0xff00
    4428:	1e 44 f8 ff 	mov	-8(r4),	r14	;0xfff8(r4)
    442c:	3e f0 ff 00 	and	#255,	r14	;#0x00ff
    4430:	0e dd       	bis	r13,	r14	
    4432:	8f 4e 00 00 	mov	r14,	0(r15)	;0x0000(r15)

	return;
}
    4436:	31 50 06 00 	add	#6,	r1	;#0x0006
    443a:	34 41       	pop	r4		
    443c:	30 41       	ret			

0000443e <wKS_128>:

void wKS_128(const u16 *k, u16 *wkDest) 
{
    443e:	04 12       	push	r4		
    4440:	04 41       	mov	r1,	r4	
    4442:	24 53       	incd	r4		
    4444:	21 82       	sub	#4,	r1	;r2 As==10
    4446:	84 4f fa ff 	mov	r15,	-6(r4)	;0xfffa(r4)
    444a:	84 4e fc ff 	mov	r14,	-4(r4)	;0xfffc(r4)
  wkDest[0] = (k[1] & 0x00FF) | (k[0] & 0xFF00);
    444e:	1f 44 fa ff 	mov	-6(r4),	r15	;0xfffa(r4)
    4452:	2f 53       	incd	r15		
    4454:	2f 4f       	mov	@r15,	r15	
    4456:	0e 4f       	mov	r15,	r14	
    4458:	3e f0 ff 00 	and	#255,	r14	;#0x00ff
    445c:	1f 44 fa ff 	mov	-6(r4),	r15	;0xfffa(r4)
    4460:	2f 4f       	mov	@r15,	r15	
    4462:	3f f0 00 ff 	and	#-256,	r15	;#0xff00
    4466:	0e df       	bis	r15,	r14	
    4468:	1f 44 fc ff 	mov	-4(r4),	r15	;0xfffc(r4)
    446c:	8f 4e 00 00 	mov	r14,	0(r15)	;0x0000(r15)
  wkDest[1] = (k[0] & 0x00FF) | (k[1] & 0xFF00);
    4470:	1f 44 fc ff 	mov	-4(r4),	r15	;0xfffc(r4)
    4474:	2f 53       	incd	r15		
    4476:	1e 44 fa ff 	mov	-6(r4),	r14	;0xfffa(r4)
    447a:	2e 4e       	mov	@r14,	r14	
    447c:	0d 4e       	mov	r14,	r13	
    447e:	3d f0 ff 00 	and	#255,	r13	;#0x00ff
    4482:	1e 44 fa ff 	mov	-6(r4),	r14	;0xfffa(r4)
    4486:	2e 53       	incd	r14		
    4488:	2e 4e       	mov	@r14,	r14	
    448a:	3e f0 00 ff 	and	#-256,	r14	;#0xff00
    448e:	0e dd       	bis	r13,	r14	
    4490:	8f 4e 00 00 	mov	r14,	0(r15)	;0x0000(r15)
  wkDest[2] = (k[7] & 0x00FF) | (k[4] & 0xFF00);
    4494:	1f 44 fc ff 	mov	-4(r4),	r15	;0xfffc(r4)
    4498:	2f 52       	add	#4,	r15	;r2 As==10
    449a:	1e 44 fa ff 	mov	-6(r4),	r14	;0xfffa(r4)
    449e:	3e 50 0e 00 	add	#14,	r14	;#0x000e
    44a2:	2e 4e       	mov	@r14,	r14	
    44a4:	0d 4e       	mov	r14,	r13	
    44a6:	3d f0 ff 00 	and	#255,	r13	;#0x00ff
    44aa:	1e 44 fa ff 	mov	-6(r4),	r14	;0xfffa(r4)
    44ae:	3e 52       	add	#8,	r14	;r2 As==11
    44b0:	2e 4e       	mov	@r14,	r14	
    44b2:	3e f0 00 ff 	and	#-256,	r14	;#0xff00
    44b6:	0e dd       	bis	r13,	r14	
    44b8:	8f 4e 00 00 	mov	r14,	0(r15)	;0x0000(r15)
  wkDest[3] = (k[4] & 0x00FF) | (k[7] & 0xFF00);
    44bc:	1f 44 fc ff 	mov	-4(r4),	r15	;0xfffc(r4)
    44c0:	3f 50 06 00 	add	#6,	r15	;#0x0006
    44c4:	1e 44 fa ff 	mov	-6(r4),	r14	;0xfffa(r4)
    44c8:	3e 52       	add	#8,	r14	;r2 As==11
    44ca:	2e 4e       	mov	@r14,	r14	
    44cc:	0d 4e       	mov	r14,	r13	
    44ce:	3d f0 ff 00 	and	#255,	r13	;#0x00ff
    44d2:	1e 44 fa ff 	mov	-6(r4),	r14	;0xfffa(r4)
    44d6:	3e 50 0e 00 	add	#14,	r14	;#0x000e
    44da:	2e 4e       	mov	@r14,	r14	
    44dc:	3e f0 00 ff 	and	#-256,	r14	;#0xff00
    44e0:	0e dd       	bis	r13,	r14	
    44e2:	8f 4e 00 00 	mov	r14,	0(r15)	;0x0000(r15)
  return;
}
    44e6:	21 52       	add	#4,	r1	;r2 As==10
    44e8:	34 41       	pop	r4		
    44ea:	30 41       	ret			

000044ec <rKS_128>:


void rKS_128(const u16 *k, u16 *rkDest)
{
    44ec:	04 12       	push	r4		
    44ee:	04 41       	mov	r1,	r4	
    44f0:	24 53       	incd	r4		
    44f2:	31 50 e4 ff 	add	#-28,	r1	;#0xffe4
    44f6:	84 4f fa ff 	mov	r15,	-6(r4)	;0xfffa(r4)
    44fa:	84 4e fc ff 	mov	r14,	-4(r4)	;0xfffc(r4)
  u16 i;
  u16 tmp;
  u16 con[2];
  u16 kTemp[8]={		 
	     kTemp[0] = k[0],
    44fe:	1f 44 fa ff 	mov	-6(r4),	r15	;0xfffa(r4)
    4502:	2f 4f       	mov	@r15,	r15	
    4504:	84 4f ea ff 	mov	r15,	-22(r4)	;0xffea(r4)
    4508:	1f 44 ea ff 	mov	-22(r4),r15	;0xffea(r4)
void rKS_128(const u16 *k, u16 *rkDest)
{
  u16 i;
  u16 tmp;
  u16 con[2];
  u16 kTemp[8]={		 
    450c:	84 4f ea ff 	mov	r15,	-22(r4)	;0xffea(r4)
	     kTemp[0] = k[0],
		 kTemp[1] = k[1],
    4510:	1f 44 fa ff 	mov	-6(r4),	r15	;0xfffa(r4)
    4514:	1f 4f 02 00 	mov	2(r15),	r15	;0x0002(r15)
    4518:	84 4f ec ff 	mov	r15,	-20(r4)	;0xffec(r4)
    451c:	1f 44 ec ff 	mov	-20(r4),r15	;0xffec(r4)
void rKS_128(const u16 *k, u16 *rkDest)
{
  u16 i;
  u16 tmp;
  u16 con[2];
  u16 kTemp[8]={		 
    4520:	84 4f ec ff 	mov	r15,	-20(r4)	;0xffec(r4)
	     kTemp[0] = k[0],
		 kTemp[1] = k[1],
		 kTemp[2] = k[2],
    4524:	1f 44 fa ff 	mov	-6(r4),	r15	;0xfffa(r4)
    4528:	1f 4f 04 00 	mov	4(r15),	r15	;0x0004(r15)
    452c:	84 4f ee ff 	mov	r15,	-18(r4)	;0xffee(r4)
    4530:	1f 44 ee ff 	mov	-18(r4),r15	;0xffee(r4)
void rKS_128(const u16 *k, u16 *rkDest)
{
  u16 i;
  u16 tmp;
  u16 con[2];
  u16 kTemp[8]={		 
    4534:	84 4f ee ff 	mov	r15,	-18(r4)	;0xffee(r4)
	     kTemp[0] = k[0],
		 kTemp[1] = k[1],
		 kTemp[2] = k[2],
		 kTemp[3] = k[3],
    4538:	1f 44 fa ff 	mov	-6(r4),	r15	;0xfffa(r4)
    453c:	1f 4f 06 00 	mov	6(r15),	r15	;0x0006(r15)
    4540:	84 4f f0 ff 	mov	r15,	-16(r4)	;0xfff0(r4)
    4544:	1f 44 f0 ff 	mov	-16(r4),r15	;0xfff0(r4)
void rKS_128(const u16 *k, u16 *rkDest)
{
  u16 i;
  u16 tmp;
  u16 con[2];
  u16 kTemp[8]={		 
    4548:	84 4f f0 ff 	mov	r15,	-16(r4)	;0xfff0(r4)
	     kTemp[0] = k[0],
		 kTemp[1] = k[1],
		 kTemp[2] = k[2],
		 kTemp[3] = k[3],
		 kTemp[4] = k[4],
    454c:	1f 44 fa ff 	mov	-6(r4),	r15	;0xfffa(r4)
    4550:	1f 4f 08 00 	mov	8(r15),	r15	;0x0008(r15)
    4554:	84 4f f2 ff 	mov	r15,	-14(r4)	;0xfff2(r4)
    4558:	1f 44 f2 ff 	mov	-14(r4),r15	;0xfff2(r4)
void rKS_128(const u16 *k, u16 *rkDest)
{
  u16 i;
  u16 tmp;
  u16 con[2];
  u16 kTemp[8]={		 
    455c:	84 4f f2 ff 	mov	r15,	-14(r4)	;0xfff2(r4)
	     kTemp[0] = k[0],
		 kTemp[1] = k[1],
		 kTemp[2] = k[2],
		 kTemp[3] = k[3],
		 kTemp[4] = k[4],
		 kTemp[5] = k[5],
    4560:	1f 44 fa ff 	mov	-6(r4),	r15	;0xfffa(r4)
    4564:	1f 4f 0a 00 	mov	10(r15),r15	;0x000a(r15)
    4568:	84 4f f4 ff 	mov	r15,	-12(r4)	;0xfff4(r4)
    456c:	1f 44 f4 ff 	mov	-12(r4),r15	;0xfff4(r4)
void rKS_128(const u16 *k, u16 *rkDest)
{
  u16 i;
  u16 tmp;
  u16 con[2];
  u16 kTemp[8]={		 
    4570:	84 4f f4 ff 	mov	r15,	-12(r4)	;0xfff4(r4)
		 kTemp[1] = k[1],
		 kTemp[2] = k[2],
		 kTemp[3] = k[3],
		 kTemp[4] = k[4],
		 kTemp[5] = k[5],
		 kTemp[6] = k[6],
    4574:	1f 44 fa ff 	mov	-6(r4),	r15	;0xfffa(r4)
    4578:	1f 4f 0c 00 	mov	12(r15),r15	;0x000c(r15)
    457c:	84 4f f6 ff 	mov	r15,	-10(r4)	;0xfff6(r4)
    4580:	1f 44 f6 ff 	mov	-10(r4),r15	;0xfff6(r4)
void rKS_128(const u16 *k, u16 *rkDest)
{
  u16 i;
  u16 tmp;
  u16 con[2];
  u16 kTemp[8]={		 
    4584:	84 4f f6 ff 	mov	r15,	-10(r4)	;0xfff6(r4)
		 kTemp[2] = k[2],
		 kTemp[3] = k[3],
		 kTemp[4] = k[4],
		 kTemp[5] = k[5],
		 kTemp[6] = k[6],
		 kTemp[7] = k[7]};
    4588:	1f 44 fa ff 	mov	-6(r4),	r15	;0xfffa(r4)
    458c:	1f 4f 0e 00 	mov	14(r15),r15	;0x000e(r15)
    4590:	84 4f f8 ff 	mov	r15,	-8(r4)	;0xfff8(r4)
    4594:	1f 44 f8 ff 	mov	-8(r4),	r15	;0xfff8(r4)
void rKS_128(const u16 *k, u16 *rkDest)
{
  u16 i;
  u16 tmp;
  u16 con[2];
  u16 kTemp[8]={		 
    4598:	84 4f f8 ff 	mov	r15,	-8(r4)	;0xfff8(r4)
		 kTemp[3] = k[3],
		 kTemp[4] = k[4],
		 kTemp[5] = k[5],
		 kTemp[6] = k[6],
		 kTemp[7] = k[7]};
  for (i=0; i<2*NBROUND; i++)
    459c:	84 43 e2 ff 	mov	#0,	-30(r4)	;r3 As==00, 0xffe2(r4)
    45a0:	6b 3c       	jmp	$+216    	;abs 0x4678
  {
	if ( (i&0x7) == 0x6)
    45a2:	1f 44 e2 ff 	mov	-30(r4),r15	;0xffe2(r4)
    45a6:	3f f0 07 00 	and	#7,	r15	;#0x0007
    45aa:	3f 90 06 00 	cmp	#6,	r15	;#0x0006
    45ae:	20 20       	jnz	$+66     	;abs 0x45f0
    {
		tmp=kTemp[3];
    45b0:	94 44 f0 ff 	mov	-16(r4),-28(r4)	;0xfff0(r4), 0xffe4(r4)
    45b4:	e4 ff 
		kTemp[3] = kTemp[7];
    45b6:	1f 44 f8 ff 	mov	-8(r4),	r15	;0xfff8(r4)
    45ba:	84 4f f0 ff 	mov	r15,	-16(r4)	;0xfff0(r4)
		kTemp[7] = kTemp[5];
    45be:	1f 44 f4 ff 	mov	-12(r4),r15	;0xfff4(r4)
    45c2:	84 4f f8 ff 	mov	r15,	-8(r4)	;0xfff8(r4)
		kTemp[5] = tmp;
    45c6:	94 44 e4 ff 	mov	-28(r4),-12(r4)	;0xffe4(r4), 0xfff4(r4)
    45ca:	f4 ff 

		tmp=kTemp[0];
    45cc:	94 44 ea ff 	mov	-22(r4),-28(r4)	;0xffea(r4), 0xffe4(r4)
    45d0:	e4 ff 
		kTemp[0] = kTemp[2];
    45d2:	1f 44 ee ff 	mov	-18(r4),r15	;0xffee(r4)
    45d6:	84 4f ea ff 	mov	r15,	-22(r4)	;0xffea(r4)
		kTemp[2] = kTemp[6];
    45da:	1f 44 f6 ff 	mov	-10(r4),r15	;0xfff6(r4)
    45de:	84 4f ee ff 	mov	r15,	-18(r4)	;0xffee(r4)
		kTemp[6] = kTemp[4];
    45e2:	1f 44 f2 ff 	mov	-14(r4),r15	;0xfff2(r4)
    45e6:	84 4f f6 ff 	mov	r15,	-10(r4)	;0xfff6(r4)
		kTemp[4] = tmp;
    45ea:	94 44 e4 ff 	mov	-28(r4),-14(r4)	;0xffe4(r4), 0xfff2(r4)
    45ee:	f2 ff 
    }
    tmp = (((i/2) + 1) << 10) | ((i/2) + 1);
    45f0:	1f 44 e2 ff 	mov	-30(r4),r15	;0xffe2(r4)
    45f4:	12 c3       	clrc			
    45f6:	0f 10       	rrc	r15		
    45f8:	1f 53       	inc	r15		
    45fa:	4f 4f       	mov.b	r15,	r15	
    45fc:	8f 10       	swpb	r15		
    45fe:	0f 5f       	rla	r15		
    4600:	0f 5f       	rla	r15		
    4602:	1e 44 e2 ff 	mov	-30(r4),r14	;0xffe2(r4)
    4606:	12 c3       	clrc			
    4608:	0e 10       	rrc	r14		
    460a:	1e 53       	inc	r14		
    460c:	0c 4f       	mov	r15,	r12	
    460e:	0c de       	bis	r14,	r12	
    4610:	84 4c e4 ff 	mov	r12,	-28(r4)	;0xffe4(r4)
    con[0]= tmp ^ 0xA98B;
    4614:	1f 44 e4 ff 	mov	-28(r4),r15	;0xffe4(r4)
    4618:	3f e0 8b a9 	xor	#-22133,r15	;#0xa98b
    461c:	84 4f e6 ff 	mov	r15,	-26(r4)	;0xffe6(r4)
    con[1]= (tmp<<1) ^ 0x6547;
    4620:	1f 44 e4 ff 	mov	-28(r4),r15	;0xffe4(r4)
    4624:	0f 5f       	rla	r15		
    4626:	3f e0 47 65 	xor	#25927,	r15	;#0x6547
    462a:	84 4f e8 ff 	mov	r15,	-24(r4)	;0xffe8(r4)

    rkDest[i] = kTemp[(i+2)&0x7]^con[(~i)&1];
    462e:	1f 44 e2 ff 	mov	-30(r4),r15	;0xffe2(r4)
    4632:	0f 5f       	rla	r15		
    4634:	1e 44 fc ff 	mov	-4(r4),	r14	;0xfffc(r4)
    4638:	0e 5f       	add	r15,	r14	
    463a:	1f 44 e2 ff 	mov	-30(r4),r15	;0xffe2(r4)
    463e:	2f 53       	incd	r15		
    4640:	3f f0 07 00 	and	#7,	r15	;#0x0007
    4644:	0f 5f       	rla	r15		
    4646:	3d 40 e2 ff 	mov	#-30,	r13	;#0xffe2
    464a:	0d 54       	add	r4,	r13	
    464c:	0f 5d       	add	r13,	r15	
    464e:	3f 52       	add	#8,	r15	;r2 As==11
    4650:	2d 4f       	mov	@r15,	r13	
    4652:	1c 44 e2 ff 	mov	-30(r4),r12	;0xffe2(r4)
    4656:	1c f3       	and	#1,	r12	;r3 As==01
    4658:	1f 43       	mov	#1,	r15	;r3 As==01
    465a:	0c 93       	tst	r12		
    465c:	01 24       	jz	$+4      	;abs 0x4660
    465e:	0f 43       	clr	r15		
    4660:	0f 5f       	rla	r15		
    4662:	3c 40 e2 ff 	mov	#-30,	r12	;#0xffe2
    4666:	0c 54       	add	r4,	r12	
    4668:	0f 5c       	add	r12,	r15	
    466a:	2f 52       	add	#4,	r15	;r2 As==10
    466c:	2f 4f       	mov	@r15,	r15	
    466e:	0f ed       	xor	r13,	r15	
    4670:	8e 4f 00 00 	mov	r15,	0(r14)	;0x0000(r14)
		 kTemp[3] = k[3],
		 kTemp[4] = k[4],
		 kTemp[5] = k[5],
		 kTemp[6] = k[6],
		 kTemp[7] = k[7]};
  for (i=0; i<2*NBROUND; i++)
    4674:	94 53 e2 ff 	inc	-30(r4)	;0xffe2(r4)
    4678:	b4 90 3e 00 	cmp	#62,	-30(r4)	;#0x003e, 0xffe2(r4)
    467c:	e2 ff 
    467e:	91 2b       	jnc	$-220    	;abs 0x45a2
    con[1]= (tmp<<1) ^ 0x6547;

    rkDest[i] = kTemp[(i+2)&0x7]^con[(~i)&1];
  }
  return;
}
    4680:	31 50 1c 00 	add	#28,	r1	;#0x001c
    4684:	34 41       	pop	r4		
    4686:	30 41       	ret			

00004688 <FonctionF>:

u16 FonctionF(u16 subState)
{
    4688:	04 12       	push	r4		
    468a:	04 41       	mov	r1,	r4	
    468c:	24 53       	incd	r4		
    468e:	31 50 ee ff 	add	#-18,	r1	;#0xffee
    4692:	84 4f fc ff 	mov	r15,	-4(r4)	;0xfffc(r4)
	u16 subState0=sBox[subState&0xF];
    4696:	1f 44 fc ff 	mov	-4(r4),	r15	;0xfffc(r4)
    469a:	3f f0 0f 00 	and	#15,	r15	;#0x000f
    469e:	0f 5f       	rla	r15		
    46a0:	3f 50 4e 49 	add	#18766,	r15	;#0x494e
    46a4:	a4 4f ec ff 	mov	@r15,	-20(r4)	;0xffec(r4)
	u16 subState1=sBox[(subState>>=4)&0xF];
    46a8:	1f 44 fc ff 	mov	-4(r4),	r15	;0xfffc(r4)
    46ac:	12 c3       	clrc			
    46ae:	0f 10       	rrc	r15		
    46b0:	12 c3       	clrc			
    46b2:	0f 10       	rrc	r15		
    46b4:	12 c3       	clrc			
    46b6:	0f 10       	rrc	r15		
    46b8:	12 c3       	clrc			
    46ba:	0f 10       	rrc	r15		
    46bc:	84 4f fc ff 	mov	r15,	-4(r4)	;0xfffc(r4)
    46c0:	1f 44 fc ff 	mov	-4(r4),	r15	;0xfffc(r4)
    46c4:	3f f0 0f 00 	and	#15,	r15	;#0x000f
    46c8:	0f 5f       	rla	r15		
    46ca:	3f 50 4e 49 	add	#18766,	r15	;#0x494e
    46ce:	a4 4f ee ff 	mov	@r15,	-18(r4)	;0xffee(r4)
	u16 subState2=sBox[(subState>>=4)&0xF];
    46d2:	1f 44 fc ff 	mov	-4(r4),	r15	;0xfffc(r4)
    46d6:	12 c3       	clrc			
    46d8:	0f 10       	rrc	r15		
    46da:	12 c3       	clrc			
    46dc:	0f 10       	rrc	r15		
    46de:	12 c3       	clrc			
    46e0:	0f 10       	rrc	r15		
    46e2:	12 c3       	clrc			
    46e4:	0f 10       	rrc	r15		
    46e6:	84 4f fc ff 	mov	r15,	-4(r4)	;0xfffc(r4)
    46ea:	1f 44 fc ff 	mov	-4(r4),	r15	;0xfffc(r4)
    46ee:	3f f0 0f 00 	and	#15,	r15	;#0x000f
    46f2:	0f 5f       	rla	r15		
    46f4:	3f 50 4e 49 	add	#18766,	r15	;#0x494e
    46f8:	a4 4f f0 ff 	mov	@r15,	-16(r4)	;0xfff0(r4)
	u16 subState3=sBox[(subState>>=4)&0xF];
    46fc:	1f 44 fc ff 	mov	-4(r4),	r15	;0xfffc(r4)
    4700:	12 c3       	clrc			
    4702:	0f 10       	rrc	r15		
    4704:	12 c3       	clrc			
    4706:	0f 10       	rrc	r15		
    4708:	12 c3       	clrc			
    470a:	0f 10       	rrc	r15		
    470c:	12 c3       	clrc			
    470e:	0f 10       	rrc	r15		
    4710:	84 4f fc ff 	mov	r15,	-4(r4)	;0xfffc(r4)
    4714:	1f 44 fc ff 	mov	-4(r4),	r15	;0xfffc(r4)
    4718:	3f f0 0f 00 	and	#15,	r15	;#0x000f
    471c:	0f 5f       	rla	r15		
    471e:	3f 50 4e 49 	add	#18766,	r15	;#0x494e
    4722:	a4 4f f2 ff 	mov	@r15,	-14(r4)	;0xfff2(r4)
	
	u16 temp_0=mul3[subState3]^subState2^subState1^mul2[subState0];
    4726:	1f 44 f2 ff 	mov	-14(r4),r15	;0xfff2(r4)
    472a:	0f 5f       	rla	r15		
    472c:	3f 50 8e 49 	add	#18830,	r15	;#0x498e
    4730:	2f 4f       	mov	@r15,	r15	
    4732:	1f e4 f0 ff 	xor	-16(r4),r15	;0xfff0(r4)
    4736:	0e 4f       	mov	r15,	r14	
    4738:	1e e4 ee ff 	xor	-18(r4),r14	;0xffee(r4)
    473c:	1f 44 ec ff 	mov	-20(r4),r15	;0xffec(r4)
    4740:	0f 5f       	rla	r15		
    4742:	3f 50 6e 49 	add	#18798,	r15	;#0x496e
    4746:	2f 4f       	mov	@r15,	r15	
    4748:	0d 4e       	mov	r14,	r13	
    474a:	0d ef       	xor	r15,	r13	
    474c:	84 4d f4 ff 	mov	r13,	-12(r4)	;0xfff4(r4)
	u16 temp_1=subState3^subState2^mul2[subState1]^mul3[subState0];
    4750:	1e 44 f2 ff 	mov	-14(r4),r14	;0xfff2(r4)
    4754:	1e e4 f0 ff 	xor	-16(r4),r14	;0xfff0(r4)
    4758:	1f 44 ee ff 	mov	-18(r4),r15	;0xffee(r4)
    475c:	0f 5f       	rla	r15		
    475e:	3f 50 6e 49 	add	#18798,	r15	;#0x496e
    4762:	2f 4f       	mov	@r15,	r15	
    4764:	0e ef       	xor	r15,	r14	
    4766:	1f 44 ec ff 	mov	-20(r4),r15	;0xffec(r4)
    476a:	0f 5f       	rla	r15		
    476c:	3f 50 8e 49 	add	#18830,	r15	;#0x498e
    4770:	2f 4f       	mov	@r15,	r15	
    4772:	0d 4e       	mov	r14,	r13	
    4774:	0d ef       	xor	r15,	r13	
    4776:	84 4d f6 ff 	mov	r13,	-10(r4)	;0xfff6(r4)
	u16 temp_2=subState3^mul2[subState2]^mul3[subState1]^subState0;
    477a:	1f 44 f0 ff 	mov	-16(r4),r15	;0xfff0(r4)
    477e:	0f 5f       	rla	r15		
    4780:	3f 50 6e 49 	add	#18798,	r15	;#0x496e
    4784:	2f 4f       	mov	@r15,	r15	
    4786:	0e 4f       	mov	r15,	r14	
    4788:	1e e4 f2 ff 	xor	-14(r4),r14	;0xfff2(r4)
    478c:	1f 44 ee ff 	mov	-18(r4),r15	;0xffee(r4)
    4790:	0f 5f       	rla	r15		
    4792:	3f 50 8e 49 	add	#18830,	r15	;#0x498e
    4796:	2f 4f       	mov	@r15,	r15	
    4798:	0f ee       	xor	r14,	r15	
    479a:	0e 4f       	mov	r15,	r14	
    479c:	1e e4 ec ff 	xor	-20(r4),r14	;0xffec(r4)
    47a0:	84 4e f8 ff 	mov	r14,	-8(r4)	;0xfff8(r4)
	u16 temp_3=mul2[subState3]^mul3[subState2]^subState1^subState0;
    47a4:	1f 44 f2 ff 	mov	-14(r4),r15	;0xfff2(r4)
    47a8:	0f 5f       	rla	r15		
    47aa:	3f 50 6e 49 	add	#18798,	r15	;#0x496e
    47ae:	2e 4f       	mov	@r15,	r14	
    47b0:	1f 44 f0 ff 	mov	-16(r4),r15	;0xfff0(r4)
    47b4:	0f 5f       	rla	r15		
    47b6:	3f 50 8e 49 	add	#18830,	r15	;#0x498e
    47ba:	2f 4f       	mov	@r15,	r15	
    47bc:	0f ee       	xor	r14,	r15	
    47be:	1f e4 ee ff 	xor	-18(r4),r15	;0xffee(r4)
    47c2:	0d 4f       	mov	r15,	r13	
    47c4:	1d e4 ec ff 	xor	-20(r4),r13	;0xffec(r4)
    47c8:	84 4d fa ff 	mov	r13,	-6(r4)	;0xfffa(r4)
	
	subState=sBox[temp_3];
    47cc:	1f 44 fa ff 	mov	-6(r4),	r15	;0xfffa(r4)
    47d0:	0f 5f       	rla	r15		
    47d2:	3f 50 4e 49 	add	#18766,	r15	;#0x494e
    47d6:	a4 4f fc ff 	mov	@r15,	-4(r4)	;0xfffc(r4)
	subState<<=4;
    47da:	1f 44 fc ff 	mov	-4(r4),	r15	;0xfffc(r4)
    47de:	0f 5f       	rla	r15		
    47e0:	0f 5f       	rla	r15		
    47e2:	0f 5f       	rla	r15		
    47e4:	0f 5f       	rla	r15		
    47e6:	84 4f fc ff 	mov	r15,	-4(r4)	;0xfffc(r4)
	subState^=sBox[temp_2];
    47ea:	1f 44 f8 ff 	mov	-8(r4),	r15	;0xfff8(r4)
    47ee:	0f 5f       	rla	r15		
    47f0:	3f 50 4e 49 	add	#18766,	r15	;#0x494e
    47f4:	2f 4f       	mov	@r15,	r15	
    47f6:	84 ef fc ff 	xor	r15,	-4(r4)	;0xfffc(r4)
	subState<<=4;
    47fa:	1f 44 fc ff 	mov	-4(r4),	r15	;0xfffc(r4)
    47fe:	0f 5f       	rla	r15		
    4800:	0f 5f       	rla	r15		
    4802:	0f 5f       	rla	r15		
    4804:	0f 5f       	rla	r15		
    4806:	84 4f fc ff 	mov	r15,	-4(r4)	;0xfffc(r4)
	subState^=sBox[temp_1];
    480a:	1f 44 f6 ff 	mov	-10(r4),r15	;0xfff6(r4)
    480e:	0f 5f       	rla	r15		
    4810:	3f 50 4e 49 	add	#18766,	r15	;#0x494e
    4814:	2f 4f       	mov	@r15,	r15	
    4816:	84 ef fc ff 	xor	r15,	-4(r4)	;0xfffc(r4)
	subState<<=4;
    481a:	1f 44 fc ff 	mov	-4(r4),	r15	;0xfffc(r4)
    481e:	0f 5f       	rla	r15		
    4820:	0f 5f       	rla	r15		
    4822:	0f 5f       	rla	r15		
    4824:	0f 5f       	rla	r15		
    4826:	84 4f fc ff 	mov	r15,	-4(r4)	;0xfffc(r4)
	subState^=sBox[temp_0];
    482a:	1f 44 f4 ff 	mov	-12(r4),r15	;0xfff4(r4)
    482e:	0f 5f       	rla	r15		
    4830:	3f 50 4e 49 	add	#18766,	r15	;#0x494e
    4834:	2f 4f       	mov	@r15,	r15	
    4836:	84 ef fc ff 	xor	r15,	-4(r4)	;0xfffc(r4)

	return subState;
    483a:	1f 44 fc ff 	mov	-4(r4),	r15	;0xfffc(r4)
}
    483e:	31 50 12 00 	add	#18,	r1	;#0x0012
    4842:	34 41       	pop	r4		
    4844:	30 41       	ret			

00004846 <delay>:
/**************************************************/
/********************* DELAY **********************/
/**************************************************/

void delay(unsigned int d) 
{
    4846:	04 12       	push	r4		
    4848:	04 41       	mov	r1,	r4	
    484a:	24 53       	incd	r4		
    484c:	31 50 fa ff 	add	#-6,	r1	;#0xfffa
    4850:	84 4f fc ff 	mov	r15,	-4(r4)	;0xfffc(r4)
  unsigned int i,j;
  for(j=0; j < 0xff; j++)
    4854:	84 43 fa ff 	mov	#0,	-6(r4)	;r3 As==00, 0xfffa(r4)
    4858:	0d 3c       	jmp	$+28     	;abs 0x4874
    {
      for (i = 0; i<d; i++) 
    485a:	84 43 f8 ff 	mov	#0,	-8(r4)	;r3 As==00, 0xfff8(r4)
    485e:	04 3c       	jmp	$+10     	;abs 0x4868
	{
	  nop();
    4860:	03 43       	nop			
	  nop();
    4862:	03 43       	nop			
void delay(unsigned int d) 
{
  unsigned int i,j;
  for(j=0; j < 0xff; j++)
    {
      for (i = 0; i<d; i++) 
    4864:	94 53 f8 ff 	inc	-8(r4)		;0xfff8(r4)
    4868:	94 94 fc ff 	cmp	-4(r4),	-8(r4)	;0xfffc(r4), 0xfff8(r4)
    486c:	f8 ff 
    486e:	f8 2b       	jnc	$-14     	;abs 0x4860
/**************************************************/

void delay(unsigned int d) 
{
  unsigned int i,j;
  for(j=0; j < 0xff; j++)
    4870:	94 53 fa ff 	inc	-6(r4)		;0xfffa(r4)
    4874:	b4 90 ff 00 	cmp	#255,	-6(r4)	;#0x00ff, 0xfffa(r4)
    4878:	fa ff 
    487a:	ef 2b       	jnc	$-32     	;abs 0x485a
	{
	  nop();
	  nop();
	}
    }
}
    487c:	31 50 06 00 	add	#6,	r1	;#0x0006
    4880:	34 41       	pop	r4		
    4882:	30 41       	ret			

00004884 <uart1_init>:

#define UART1_BIT_RX (1 << UART1_PIN_RX)
#define UART1_BIT_TX (1 << UART1_PIN_TX)

int uart1_init()
{
    4884:	04 12       	push	r4		
    4886:	04 41       	mov	r1,	r4	
    4888:	24 53       	incd	r4		

  WDTCTL = WDTPW + WDTHOLD;
    488a:	b2 40 80 5a 	mov	#23168,	&0x0120	;#0x5a80
    488e:	20 01 

  P1IE   = 0x00;        // Interrupt enable
    4890:	c2 43 25 00 	mov.b	#0,	&0x0025	;r3 As==00
  P2IE   = 0x00;        // 0:disable 1:enable
    4894:	c2 43 2d 00 	mov.b	#0,	&0x002d	;r3 As==00

  //Init of MSP430 Usart1 pins
  P3SEL |= (UART1_BIT_RX | UART1_BIT_TX);
    4898:	5f 42 1b 00 	mov.b	&0x001b,r15	
    489c:	7f d0 c0 ff 	bis.b	#-64,	r15	;#0xffc0
    48a0:	c2 4f 1b 00 	mov.b	r15,	&0x001b	

  //Init of USART1 Module
  U1ME  |= UTXE1|URXE1;           //Enable USART1 transmiter and receiver (UART mode)
    48a4:	5f 42 05 00 	mov.b	&0x0005,r15	
    48a8:	7f d0 30 00 	bis.b	#48,	r15	;#0x0030
    48ac:	c2 4f 05 00 	mov.b	r15,	&0x0005	
  
  U1CTL  = SWRST;                 //reset
    48b0:	d2 43 78 00 	mov.b	#1,	&0x0078	;r3 As==01
  U1CTL  = CHAR;                  //init & release reset
    48b4:	f2 40 10 00 	mov.b	#16,	&0x0078	;#0x0010
    48b8:	78 00 
  
  U1TCTL = SSEL1 | TXEPT;        //use SMCLK 
    48ba:	f2 40 21 00 	mov.b	#33,	&0x0079	;#0x0021
    48be:	79 00 
  U1RCTL = 0;
    48c0:	c2 43 7a 00 	mov.b	#0,	&0x007a	;r3 As==00
  // 38400 @ SMCLK 1MHz
#define U1BR1_INIT        0
#define U1BR0_INIT        0x1B
#define U1MCTL_INIT       0x03
  
  U1BR1  = U1BR1_INIT;
    48c4:	c2 43 7d 00 	mov.b	#0,	&0x007d	;r3 As==00
  U1BR0  = U1BR0_INIT;
    48c8:	f2 40 1b 00 	mov.b	#27,	&0x007c	;#0x001b
    48cc:	7c 00 
  U1MCTL = U1MCTL_INIT;
    48ce:	f2 40 03 00 	mov.b	#3,	&0x007b	;#0x0003
    48d2:	7b 00 

  delay(0x800);
    48d4:	3f 40 00 08 	mov	#2048,	r15	;#0x0800
    48d8:	b0 12 46 48 	call	#0x4846	
  return 0;
    48dc:	0f 43       	clr	r15		
}
    48de:	34 41       	pop	r4		
    48e0:	30 41       	ret			

000048e2 <uart1_putchar>:

int uart1_putchar(int c)
{
    48e2:	04 12       	push	r4		
    48e4:	04 41       	mov	r1,	r4	
    48e6:	24 53       	incd	r4		
    48e8:	21 83       	decd	r1		
    48ea:	84 4f fc ff 	mov	r15,	-4(r4)	;0xfffc(r4)
  U1TXBUF = c;
    48ee:	1f 44 fc ff 	mov	-4(r4),	r15	;0xfffc(r4)
    48f2:	4f 4f       	mov.b	r15,	r15	
    48f4:	c2 4f 7f 00 	mov.b	r15,	&0x007f	
  while ((U1TCTL & TXEPT) != TXEPT);
    48f8:	03 43       	nop			
    48fa:	5f 42 79 00 	mov.b	&0x0079,r15	
    48fe:	4f 4f       	mov.b	r15,	r15	
    4900:	1f f3       	and	#1,	r15	;r3 As==01
    4902:	0f 93       	tst	r15		
    4904:	fa 27       	jz	$-10     	;abs 0x48fa
  return (unsigned char)c;
    4906:	1f 44 fc ff 	mov	-4(r4),	r15	;0xfffc(r4)
    490a:	4f 4f       	mov.b	r15,	r15	
    490c:	4f 4f       	mov.b	r15,	r15	
}
    490e:	21 53       	incd	r1		
    4910:	34 41       	pop	r4		
    4912:	30 41       	ret			

00004914 <putchar>:
/**************************************************/
/******************** PUT CHAR *********************/
/**************************************************/

int putchar(int c)
{
    4914:	04 12       	push	r4		
    4916:	04 41       	mov	r1,	r4	
    4918:	24 53       	incd	r4		
    491a:	21 83       	decd	r1		
    491c:	84 4f fc ff 	mov	r15,	-4(r4)	;0xfffc(r4)
  return uart1_putchar(c);
    4920:	1f 44 fc ff 	mov	-4(r4),	r15	;0xfffc(r4)
    4924:	b0 12 e2 48 	call	#0x48e2	
}
    4928:	21 53       	incd	r1		
    492a:	34 41       	pop	r4		
    492c:	30 41       	ret			

0000492e <start_encrypt>:
/******************** END EXPE*********************/
/**************************************************/

void
start_encrypt()
{
    492e:	04 12       	push	r4		
    4930:	04 41       	mov	r1,	r4	
    4932:	24 53       	incd	r4		
  ;
}
    4934:	34 41       	pop	r4		
    4936:	30 41       	ret			

00004938 <start_decrypt>:
void
start_decrypt()
{
    4938:	04 12       	push	r4		
    493a:	04 41       	mov	r1,	r4	
    493c:	24 53       	incd	r4		
  ;
}
    493e:	34 41       	pop	r4		
    4940:	30 41       	ret			

00004942 <end_expe>:


void
end_expe()
{
    4942:	04 12       	push	r4		
    4944:	04 41       	mov	r1,	r4	
    4946:	24 53       	incd	r4		
  ;
}
    4948:	34 41       	pop	r4		
    494a:	30 41       	ret			

0000494c <_unexpected_>:
    494c:	00 13       	reti			

Disassembly of section .vectors:

0000ffe0 <__ivtbl_16>:
    ffe0:	22 41 22 41 22 41 22 41 22 41 22 41 22 41 22 41     "A"A"A"A"A"A"A"A
    fff0:	22 41 22 41 22 41 22 41 22 41 22 41 22 41 00 40     "A"A"A"A"A"A"A.@
