
mcrypton.elf:     file format elf32-msp430

SYMBOL TABLE:
00004000 l    d  .text	00000000 .text
00004c30 l    d  .rodata	00000000 .rodata
00001100 l    d  .data	00000000 .data
00001110 l    d  .noinit	00000000 .noinit
0000ffe0 l    d  .vectors	00000000 .vectors
00000000 l    d  .debug_aranges	00000000 .debug_aranges
00000000 l    d  .debug_info	00000000 .debug_info
00000000 l    d  .debug_abbrev	00000000 .debug_abbrev
00000000 l    d  .debug_line	00000000 .debug_line
00000000 l    d  .debug_frame	00000000 .debug_frame
00000000 l    d  .debug_str	00000000 .debug_str
00000000 l    d  .debug_loc	00000000 .debug_loc
00000000 l    d  .debug_ranges	00000000 .debug_ranges
00000000 l    df *ABS*	00000000 mCrypton64.c
00004c30 l     O .rodata	00000020 KSCte
00004c50 l     O .rodata	00000040 sBox
00004c90 l     O .rodata	00000004 Mask
000040de l       .text	00000000 __br_unexpected_
00000000 l    df *ABS*	00000000 tools.c
00000000 l    df *ABS*	00000000 memcpy.c
00004afc g     F .text	0000001a putchar
00000057 g       *ABS*	00000000 __BCSCTL1
0000005a g       *ABS*	00000000 __CACTL2
00000174 g       *ABS*	00000000 __TACCR1
00000084 g       *ABS*	00000000 __ADC12MCTL4
00000010 g       *ABS*	00000000 __data_size
0000015a g       *ABS*	00000000 __ADC12MEM13
00000052 g       *ABS*	00000000 __I2CNDAT
000040de  w      .text	00000000 __isr_14
00000128 g       *ABS*	00000000 __FCTL1
00000024 g       *ABS*	00000000 __P1IES
0000007b g       *ABS*	00000000 __U1MCTL
000001f6 g       *ABS*	00000000 __DMA2SZ
000040de  w      .text	00000000 __isr_4
00000002 g       *ABS*	00000000 __IFG1
00000076 g       *ABS*	00000000 __I2CDRW
000049ac g     F .text	00000082 Decrypt
0000007e g       *ABS*	00000000 __U1RXBUF
00000138 g       *ABS*	00000000 __OP2
00000076 g       *ABS*	00000000 __U0RXBUF
000001a4 g       *ABS*	00000000 __ADC12IFG
0000012e g       *ABS*	00000000 __TAIV
000001e6 g       *ABS*	00000000 __DMA0SZ
00000000 g       .vectors	00000000 _efartext
0000007c g       *ABS*	00000000 __U1BR0
00000130 g       *ABS*	00000000 __MPY
00000001 g       *ABS*	00000000 __IE2
0000013a g       *ABS*	00000000 __RESLO
00000136 g       *ABS*	00000000 __MACS
00000087 g       *ABS*	00000000 __ADC12MCTL7
0000002b g       *ABS*	00000000 __P2IFG
0000001a g       *ABS*	00000000 __P3DIR
00004c94 g       *ABS*	00000000 _etext
00000190 g       *ABS*	00000000 __TBR
0000001d g       *ABS*	00000000 __P4OUT
000001f4 g       *ABS*	00000000 __DMA2DA
00000000 g       *ABS*	00000000 __bss_size
00000081 g       *ABS*	00000000 __ADC12MCTL1
00004a6c g     F .text	0000005e uart1_init
00000152 g       *ABS*	00000000 __ADC12MEM9
00004000  w      .text	00000000 __watchdog_support
000040d8  w      .text	00000000 __stop_progExec__
00004b34 g     F .text	000000fa memcpy
00000050 g       *ABS*	00000000 __I2CIE
0000002d g       *ABS*	00000000 __P2IE
000001e4 g       *ABS*	00000000 __DMA0DA
00000192 g       *ABS*	00000000 __TBCCR0
000040de  w      .text	00000000 __isr_11
00000186 g       *ABS*	00000000 __TBCCTL2
000045d6 g     F .text	0000008a Gamma_SBox
00004660 g     F .text	0000008c Gamma_SBox_Inv
00004b2a g     F .text	0000000a end_expe
00000025 g       *ABS*	00000000 __P1IE
000001a0 g       *ABS*	00000000 __ADC12CTL0
00000072 g       *ABS*	00000000 __I2CDCTL
00000073 g       *ABS*	00000000 __U0MCTL
0000007a g       *ABS*	00000000 __U1RCTL
00000082 g       *ABS*	00000000 __ADC12MCTL2
0000019c g       *ABS*	00000000 __TBCCR5
00004514 g     F .text	000000c2 Phi_Key
00000035 g       *ABS*	00000000 __P6OUT
00000034 g       *ABS*	00000000 __P6IN
000001c8 g       *ABS*	00000000 __DAC12_0DAT
00000182 g       *ABS*	00000000 __TBCCTL0
0000019e g       *ABS*	00000000 __TBCCR6
000040de  w      .text	00000000 __isr_5
00004c94 g       *ABS*	00000000 __data_load_start
000040de g       .text	00000000 __dtors_end
000001ea g       *ABS*	00000000 __DMA1SA
00000088 g       *ABS*	00000000 __ADC12MCTL8
00000166 g       *ABS*	00000000 __TACCTL2
000001f0 g       *ABS*	00000000 __DMA2CTL
000040de  w      .text	00000000 __isr_2
00000156 g       *ABS*	00000000 __ADC12MEM11
00000160 g       *ABS*	00000000 __TACTL
00000158 g       *ABS*	00000000 __ADC12MEM12
00000071 g       *ABS*	00000000 __I2CTCTL
0000012c g       *ABS*	00000000 __FCTL3
000040de  w      .text	00000000 __isr_10
00000148 g       *ABS*	00000000 __ADC12MEM4
0000011a g       *ABS*	00000000 __I2CSA
0000002e g       *ABS*	00000000 __P2SEL
00000180 g       *ABS*	00000000 __TBCTL
0000008d g       *ABS*	00000000 __ADC12MCTL13
0000014c g       *ABS*	00000000 __ADC12MEM6
00000023 g       *ABS*	00000000 __P1IFG
0000013c g       *ABS*	00000000 __RESHI
000042ce g     F .text	00000246 DecryptKeySchedule
00000072 g       *ABS*	00000000 __U0RCTL
00000172 g       *ABS*	00000000 __TACCR0
00000071 g       *ABS*	00000000 __U0TCTL
00000056 g       *ABS*	00000000 __DCOCTL
00000085 g       *ABS*	00000000 __ADC12MCTL5
000040e2 g     F .text	000001ec EncryptKeySchedule
00000003 g       *ABS*	00000000 __IFG2
00000005 g       *ABS*	00000000 __ME2
00001110 g     O .noinit	00000002 __wdt_clear_value
00000079 g       *ABS*	00000000 __U1TCTL
0000001b g       *ABS*	00000000 __P3SEL
000001e0 g       *ABS*	00000000 __DMA0CTL
000040de  w      .text	00000000 __isr_7
0000ffe0 g     O .vectors	00000020 __ivtbl_16
00000028 g       *ABS*	00000000 __P2IN
0000014e g       *ABS*	00000000 __ADC12MEM7
00000184 g       *ABS*	00000000 __TBCCTL1
0000005b g       *ABS*	00000000 __CAPD
00000075 g       *ABS*	00000000 __I2CSCLL
000040de  w      .text	00000000 __isr_0
00000029 g       *ABS*	00000000 __P2OUT
0000012a g       *ABS*	00000000 __FCTL2
00004028  w      .text	00000000 __do_clear_bss
0000008f g       *ABS*	00000000 __ADC12MCTL15
00000021 g       *ABS*	00000000 __P1OUT
0000002c g       *ABS*	00000000 __P2IES
0000015c g       *ABS*	00000000 __ADC12MEM14
00000026 g       *ABS*	00000000 __P1SEL
00000198 g       *ABS*	00000000 __TBCCR3
00000080 g       *ABS*	00000000 __ADC12MCTL0
00000140 g       *ABS*	00000000 __ADC12MEM0
00000074 g       *ABS*	00000000 __U0BR0
00000051 g       *ABS*	00000000 __I2CIFG
00004c2e  w      .text	00000000 _unexpected_
000040de  w      .text	00000000 __isr_8
0000014a g       *ABS*	00000000 __ADC12MEM5
00000070 g       *ABS*	00000000 __U0CTL
0000018a g       *ABS*	00000000 __TBCCTL4
00000073 g       *ABS*	00000000 __I2CPSC
0000008e g       *ABS*	00000000 __ADC12MCTL14
000040de  w      .text	00000000 __isr_3
000001a6 g       *ABS*	00000000 __ADC12IE
00004aca g     F .text	00000032 uart1_putchar
00000144 g       *ABS*	00000000 __ADC12MEM2
000001ee g       *ABS*	00000000 __DMA1SZ
00000033 g       *ABS*	00000000 __P5SEL
00000030 g       *ABS*	00000000 __P5IN
00004000  w      .text	00000000 _reset_vector__
000047e8 g     F .text	0000009c Tau_Transp
000040de g       .text	00000000 __ctors_start
000040de  w      .text	00000000 __isr_12
00000036 g       *ABS*	00000000 __P6DIR
00000018 g       *ABS*	00000000 __P3IN
00004010  w      .text	00000000 __do_copy_data
00000150 g       *ABS*	00000000 __ADC12MEM8
00000142 g       *ABS*	00000000 __ADC12MEM1
00001110 g       .data	00000000 __bss_start
0000007d g       *ABS*	00000000 __U1BR1
0000403e g     F .text	0000009a main
00000176 g       *ABS*	00000000 __TACCR2
0000019a g       *ABS*	00000000 __TBCCR4
000040de  w      .text	00000000 __isr_13
00000078 g       *ABS*	00000000 __U1CTL
000001e2 g       *ABS*	00000000 __DMA0SA
00000170 g       *ABS*	00000000 __TAR
00000124 g       *ABS*	00000000 __DMACTL1
000046ec g     F .text	000000fc Pi_Permut
0000001e g       *ABS*	00000000 __P4DIR
00000162 g       *ABS*	00000000 __TACCTL0
00010000 g       .vectors	00000000 _vectors_end
00000154 g       *ABS*	00000000 __ADC12MEM10
000001f2 g       *ABS*	00000000 __DMA2SA
0000002a g       *ABS*	00000000 __P2DIR
00000089 g       *ABS*	00000000 __ADC12MCTL9
0000008a g       *ABS*	00000000 __ADC12MCTL10
00004a2e g     F .text	0000003e delay
00000032 g       *ABS*	00000000 __P5DIR
000001c2 g       *ABS*	00000000 __DAC12_1CTL
000001a2 g       *ABS*	00000000 __ADC12CTL1
000001a8 g       *ABS*	00000000 __ADC12IV
000001e8 g       *ABS*	00000000 __DMA1CTL
00000075 g       *ABS*	00000000 __U0BR1
000040de  w      .text	00000000 __isr_9
0000018c g       *ABS*	00000000 __TBCCTL5
0000400c  w      .text	00000000 __init_stack
00000086 g       *ABS*	00000000 __ADC12MCTL6
00000188 g       *ABS*	00000000 __TBCCTL3
00000019 g       *ABS*	00000000 __P3OUT
000001ca g       *ABS*	00000000 __DAC12_1DAT
000040de g       .text	00000000 __dtors_start
000040de  w      .text	00000000 __isr_6
000040de g       .text	00000000 __ctors_end
00000132 g       *ABS*	00000000 __MPYS
0000011c g       *ABS*	00000000 __I2CIV
00000004 g       *ABS*	00000000 __ME1
00003900 g       *ABS*	00000000 __stack
00000037 g       *ABS*	00000000 __P6SEL
000040de  w      .text	00000000 __isr_1
0000008c g       *ABS*	00000000 __ADC12MCTL12
00001110 g       .data	00000000 _edata
00000077 g       *ABS*	00000000 __U0TXBUF
00001112 g       *ABS*	00000000 _end
00000194 g       *ABS*	00000000 __TBCCR1
0000011e g       *ABS*	00000000 __TBIV
000001c0 g       *ABS*	00000000 __DAC12_0CTL
00004b16 g     F .text	0000000a start_encrypt
00004884 g     F .text	000000a6 Sigma_KeyAdd
0000015e g       *ABS*	00000000 __ADC12MEM15
00000134 g       *ABS*	00000000 __MAC
00000058 g       *ABS*	00000000 __BCSCTL2
000040d8  w      .text	00000000 _endless_loop__
00000122 g       *ABS*	00000000 __DMACTL0
0000001f g       *ABS*	00000000 __P4SEL
00000196 g       *ABS*	00000000 __TBCCR2
00000022 g       *ABS*	00000000 __P1DIR
00000146 g       *ABS*	00000000 __ADC12MEM3
00000076 g       *ABS*	00000000 __I2CDRB
00000118 g       *ABS*	00000000 __I2COA
00000164 g       *ABS*	00000000 __TACCTL1
0000007f g       *ABS*	00000000 __U1TXBUF
00000055 g       *ABS*	00000000 __SVSCTL
00004010  w      .text	00000000 __low_level_init
00004b20 g     F .text	0000000a start_decrypt
00001100 g       .data	00000000 __data_start
0000018e g       *ABS*	00000000 __TBCCTL6
00000074 g       *ABS*	00000000 __I2CSCLH
000001ec g       *ABS*	00000000 __DMA1DA
00000120 g       *ABS*	00000000 __WDTCTL
00000083 g       *ABS*	00000000 __ADC12MCTL3
00000000 g       *ABS*	00000000 __IE1
00000059 g       *ABS*	00000000 __CACTL1
00000020 g       *ABS*	00000000 __P1IN
0000001c g       *ABS*	00000000 __P4IN
0000492a g     F .text	00000082 Encrypt
0000008b g       *ABS*	00000000 __ADC12MCTL11
0000013e g       *ABS*	00000000 __SUMEXT
00000031 g       *ABS*	00000000 __P5OUT



Disassembly of section .text:

00004000 <__watchdog_support>:
    4000:	55 42 20 01 	mov.b	&0x0120,r5	
    4004:	35 d0 08 5a 	bis	#23048,	r5	;#0x5a08
    4008:	82 45 10 11 	mov	r5,	&0x1110	

0000400c <__init_stack>:
    400c:	31 40 00 39 	mov	#14592,	r1	;#0x3900

00004010 <__do_copy_data>:
    4010:	3f 40 10 00 	mov	#16,	r15	;#0x0010
    4014:	0f 93       	tst	r15		
    4016:	08 24       	jz	$+18     	;abs 0x4028
    4018:	92 42 10 11 	mov	&0x1110,&0x0120	
    401c:	20 01 
    401e:	2f 83       	decd	r15		
    4020:	9f 4f 94 4c 	mov	19604(r15),4352(r15);0x4c94(r15), 0x1100(r15)
    4024:	00 11 
    4026:	f8 23       	jnz	$-14     	;abs 0x4018

00004028 <__do_clear_bss>:
    4028:	3f 40 00 00 	mov	#0,	r15	;#0x0000
    402c:	0f 93       	tst	r15		
    402e:	07 24       	jz	$+16     	;abs 0x403e
    4030:	92 42 10 11 	mov	&0x1110,&0x0120	
    4034:	20 01 
    4036:	1f 83       	dec	r15		
    4038:	cf 43 10 11 	mov.b	#0,	4368(r15);r3 As==00, 0x1110(r15)
    403c:	f9 23       	jnz	$-12     	;abs 0x4030

0000403e <main>:


/**********************************************************************/
/**********************************************************************/
int main()
{
    403e:	04 41       	mov	r1,	r4	
    4040:	24 53       	incd	r4		
    4042:	31 50 18 ff 	add	#-232,	r1	;#0xff18
u16 i,j;
#endif
	u16 rkey[NBROUND+1][KSIZE>>4],mkey[KSIZE>>4];
	u16 dkey[NBROUND+1][KSIZE>>4];
  
    mkey[0] = 0x0001;
    4046:	94 43 7e ff 	mov	#1,	-130(r4);r3 As==01, 0xff7e(r4)
    mkey[1] = 0x0203; 
    404a:	b4 40 03 02 	mov	#515,	-128(r4);#0x0203, 0xff80(r4)
    404e:	80 ff 
    mkey[2] = 0x0405;
    4050:	b4 40 05 04 	mov	#1029,	-126(r4);#0x0405, 0xff82(r4)
    4054:	82 ff 
    mkey[3] = 0x0607;
    4056:	b4 40 07 06 	mov	#1543,	-124(r4);#0x0607, 0xff84(r4)
    405a:	84 ff 
    mkey[4] = 0x0809;
    405c:	b4 40 09 08 	mov	#2057,	-122(r4);#0x0809, 0xff86(r4)
    4060:	86 ff 
    mkey[5] = 0x0a0b;
    4062:	b4 40 0b 0a 	mov	#2571,	-120(r4);#0x0a0b, 0xff88(r4)
    4066:	88 ff 
    mkey[6] = 0x0c0d; 
    4068:	b4 40 0d 0c 	mov	#3085,	-118(r4);#0x0c0d, 0xff8a(r4)
    406c:	8a ff 
    mkey[7] = 0x0e0f;
    406e:	b4 40 0f 0e 	mov	#3599,	-116(r4);#0x0e0f, 0xff8c(r4)
    4072:	8c ff 
        
    
   u8 state[4][4]={{0,0,0,1},{0,2,0,3},{0,4,0,5},{0,6,0,7}};
    4074:	0f 44       	mov	r4,	r15	
    4076:	3f 50 ee ff 	add	#-18,	r15	;#0xffee
    407a:	3e 40 00 11 	mov	#4352,	r14	;#0x1100
    407e:	3d 40 10 00 	mov	#16,	r13	;#0x0010
    4082:	b0 12 34 4b 	call	#0x4b34	
}
}
printf("----------Chiffr\'e----------\n\n");
#endif		
    
	START_ENCRYPT();
    4086:	b0 12 16 4b 	call	#0x4b16	
	EncryptKeySchedule(mkey,rkey);
    408a:	0f 44       	mov	r4,	r15	
    408c:	3f 50 7e ff 	add	#-130,	r15	;#0xff7e
    4090:	0e 44       	mov	r4,	r14	
    4092:	3e 50 16 ff 	add	#-234,	r14	;#0xff16
    4096:	b0 12 e2 40 	call	#0x40e2	
	Encrypt(state,rkey);
    409a:	0f 44       	mov	r4,	r15	
    409c:	3f 50 ee ff 	add	#-18,	r15	;#0xffee
    40a0:	0e 44       	mov	r4,	r14	
    40a2:	3e 50 16 ff 	add	#-234,	r14	;#0xff16
    40a6:	b0 12 2a 49 	call	#0x492a	
}
}
printf("----------Déchiffr\'e----------\n\n");
#endif

	START_DECRYPT();
    40aa:	b0 12 20 4b 	call	#0x4b20	
	DecryptKeySchedule(mkey,dkey);    
    40ae:	0e 44       	mov	r4,	r14	
    40b0:	3e 50 86 ff 	add	#-122,	r14	;#0xff86
    40b4:	0f 44       	mov	r4,	r15	
    40b6:	3f 50 7e ff 	add	#-130,	r15	;#0xff7e
    40ba:	b0 12 ce 42 	call	#0x42ce	
	Decrypt(state,dkey);
    40be:	0e 44       	mov	r4,	r14	
    40c0:	3e 50 86 ff 	add	#-122,	r14	;#0xff86
    40c4:	0f 44       	mov	r4,	r15	
    40c6:	3f 50 ee ff 	add	#-18,	r15	;#0xffee
    40ca:	b0 12 ac 49 	call	#0x49ac	

	END_EXPE();
    40ce:	b0 12 2a 4b 	call	#0x4b2a	
printf("%X ",state[i][j]);} } printf("\n");
}
}
#endif

	return 0;
    40d2:	0f 43       	clr	r15		
}
    40d4:	31 50 e8 00 	add	#232,	r1	;#0x00e8

000040d8 <__stop_progExec__>:
    40d8:	32 d0 f0 00 	bis	#240,	r2	;#0x00f0
    40dc:	fd 3f       	jmp	$-4      	;abs 0x40d8

000040de <__ctors_end>:
    40de:	30 40 2e 4c 	br	#0x4c2e	

000040e2 <EncryptKeySchedule>:
#endif

/**********************************************************************/
/**********************************************************************/
void EncryptKeySchedule(const u16 *mkey, u16 rkey[NBROUND+1][KSIZE>>4])
{
    40e2:	04 12       	push	r4		
    40e4:	04 41       	mov	r1,	r4	
    40e6:	24 53       	incd	r4		
    40e8:	31 50 f0 ff 	add	#-16,	r1	;#0xfff0
    40ec:	84 4f fa ff 	mov	r15,	-6(r4)	;0xfffa(r4)
    40f0:	84 4e fc ff 	mov	r14,	-4(r4)	;0xfffc(r4)
	u16 i,U[KSIZE>>4],temp,temp1,temp2;
	for(i=0;i<(KSIZE>>4);i++) U[i]=mkey[i];
    40f4:	84 43 ee ff 	mov	#0,	-18(r4)	;r3 As==00, 0xffee(r4)
    40f8:	12 3c       	jmp	$+38     	;abs 0x411e
    40fa:	1f 44 ee ff 	mov	-18(r4),r15	;0xffee(r4)
    40fe:	0f 5f       	rla	r15		
    4100:	1f 54 fa ff 	add	-6(r4),	r15	;0xfffa(r4)
    4104:	2e 4f       	mov	@r15,	r14	
    4106:	1f 44 ee ff 	mov	-18(r4),r15	;0xffee(r4)
    410a:	0f 5f       	rla	r15		
    410c:	3d 40 ee ff 	mov	#-18,	r13	;#0xffee
    4110:	0d 54       	add	r4,	r13	
    4112:	0f 5d       	add	r13,	r15	
    4114:	2f 52       	add	#4,	r15	;r2 As==10
    4116:	8f 4e 00 00 	mov	r14,	0(r15)	;0x0000(r15)
    411a:	94 53 ee ff 	inc	-18(r4)	;0xffee(r4)
    411e:	a4 92 ee ff 	cmp	#4,	-18(r4)	;r2 As==10, 0xffee(r4)
    4122:	eb 2b       	jnc	$-40     	;abs 0x40fa
	for(i=0;i<NBROUND+1;i++)
    4124:	84 43 ee ff 	mov	#0,	-18(r4)	;r3 As==00, 0xffee(r4)
    4128:	ca 3c       	jmp	$+406    	;abs 0x42be
	{
		 temp=( sBox[0][((U[0]>>12)&0xF)] ^ KSCte[i])&0xF;
    412a:	1f 44 f2 ff 	mov	-14(r4),r15	;0xfff2(r4)
    412e:	8f 10       	swpb	r15		
    4130:	4f 4f       	mov.b	r15,	r15	
    4132:	12 c3       	clrc			
    4134:	0f 10       	rrc	r15		
    4136:	12 c3       	clrc			
    4138:	0f 10       	rrc	r15		
    413a:	12 c3       	clrc			
    413c:	0f 10       	rrc	r15		
    413e:	12 c3       	clrc			
    4140:	0f 10       	rrc	r15		
    4142:	5f 4f 50 4c 	mov.b	19536(r15),r15	;0x4c50(r15)
    4146:	4e 4f       	mov.b	r15,	r14	
    4148:	1f 44 ee ff 	mov	-18(r4),r15	;0xffee(r4)
    414c:	0f 5f       	rla	r15		
    414e:	3f 50 30 4c 	add	#19504,	r15	;#0x4c30
    4152:	2f 4f       	mov	@r15,	r15	
    4154:	0f ee       	xor	r14,	r15	
    4156:	0e 4f       	mov	r15,	r14	
    4158:	3e f0 0f 00 	and	#15,	r14	;#0x000f
    415c:	84 4e f0 ff 	mov	r14,	-16(r4)	;0xfff0(r4)
		 rkey[i][0]=U[1]^(temp<<12);		 
    4160:	1f 44 ee ff 	mov	-18(r4),r15	;0xffee(r4)
    4164:	0f 5f       	rla	r15		
    4166:	0f 5f       	rla	r15		
    4168:	0f 5f       	rla	r15		
    416a:	1e 44 fc ff 	mov	-4(r4),	r14	;0xfffc(r4)
    416e:	0e 5f       	add	r15,	r14	
    4170:	1d 44 f4 ff 	mov	-12(r4),r13	;0xfff4(r4)
    4174:	1f 44 f0 ff 	mov	-16(r4),r15	;0xfff0(r4)
    4178:	4f 4f       	mov.b	r15,	r15	
    417a:	8f 10       	swpb	r15		
    417c:	0f 5f       	rla	r15		
    417e:	0f 5f       	rla	r15		
    4180:	0f 5f       	rla	r15		
    4182:	0f 5f       	rla	r15		
    4184:	0f ed       	xor	r13,	r15	
    4186:	8e 4f 00 00 	mov	r15,	0(r14)	;0x0000(r14)
		 temp=( sBox[1][((U[0]>>8)&0xF)]  ^ KSCte[i] )&0xF;	
    418a:	1f 44 f2 ff 	mov	-14(r4),r15	;0xfff2(r4)
    418e:	8f 10       	swpb	r15		
    4190:	4f 4f       	mov.b	r15,	r15	
    4192:	3f f0 0f 00 	and	#15,	r15	;#0x000f
    4196:	5f 4f 60 4c 	mov.b	19552(r15),r15	;0x4c60(r15)
    419a:	4e 4f       	mov.b	r15,	r14	
    419c:	1f 44 ee ff 	mov	-18(r4),r15	;0xffee(r4)
    41a0:	0f 5f       	rla	r15		
    41a2:	3f 50 30 4c 	add	#19504,	r15	;#0x4c30
    41a6:	2f 4f       	mov	@r15,	r15	
    41a8:	0f ee       	xor	r14,	r15	
    41aa:	0d 4f       	mov	r15,	r13	
    41ac:	3d f0 0f 00 	and	#15,	r13	;#0x000f
    41b0:	84 4d f0 ff 	mov	r13,	-16(r4)	;0xfff0(r4)
		 rkey[i][1]=U[2]^(temp<<8);	
    41b4:	1f 44 ee ff 	mov	-18(r4),r15	;0xffee(r4)
    41b8:	0f 5f       	rla	r15		
    41ba:	0f 5f       	rla	r15		
    41bc:	0f 5f       	rla	r15		
    41be:	1e 44 fc ff 	mov	-4(r4),	r14	;0xfffc(r4)
    41c2:	0e 5f       	add	r15,	r14	
    41c4:	1d 44 f6 ff 	mov	-10(r4),r13	;0xfff6(r4)
    41c8:	1f 44 f0 ff 	mov	-16(r4),r15	;0xfff0(r4)
    41cc:	4f 4f       	mov.b	r15,	r15	
    41ce:	8f 10       	swpb	r15		
    41d0:	0f ed       	xor	r13,	r15	
    41d2:	8e 4f 02 00 	mov	r15,	2(r14)	;0x0002(r14)
		 temp=( sBox[2][(U[0]>>4)&0xF]   ^KSCte[i])&0xF;
    41d6:	1f 44 f2 ff 	mov	-14(r4),r15	;0xfff2(r4)
    41da:	12 c3       	clrc			
    41dc:	0f 10       	rrc	r15		
    41de:	12 c3       	clrc			
    41e0:	0f 10       	rrc	r15		
    41e2:	12 c3       	clrc			
    41e4:	0f 10       	rrc	r15		
    41e6:	12 c3       	clrc			
    41e8:	0f 10       	rrc	r15		
    41ea:	3f f0 0f 00 	and	#15,	r15	;#0x000f
    41ee:	5f 4f 70 4c 	mov.b	19568(r15),r15	;0x4c70(r15)
    41f2:	4e 4f       	mov.b	r15,	r14	
    41f4:	1f 44 ee ff 	mov	-18(r4),r15	;0xffee(r4)
    41f8:	0f 5f       	rla	r15		
    41fa:	3f 50 30 4c 	add	#19504,	r15	;#0x4c30
    41fe:	2f 4f       	mov	@r15,	r15	
    4200:	0f ee       	xor	r14,	r15	
    4202:	0e 4f       	mov	r15,	r14	
    4204:	3e f0 0f 00 	and	#15,	r14	;#0x000f
    4208:	84 4e f0 ff 	mov	r14,	-16(r4)	;0xfff0(r4)
		 rkey[i][2]=U[3]^(temp<<4);
    420c:	1f 44 ee ff 	mov	-18(r4),r15	;0xffee(r4)
    4210:	0f 5f       	rla	r15		
    4212:	0f 5f       	rla	r15		
    4214:	0f 5f       	rla	r15		
    4216:	1e 44 fc ff 	mov	-4(r4),	r14	;0xfffc(r4)
    421a:	0e 5f       	add	r15,	r14	
    421c:	1d 44 f8 ff 	mov	-8(r4),	r13	;0xfff8(r4)
    4220:	1f 44 f0 ff 	mov	-16(r4),r15	;0xfff0(r4)
    4224:	0f 5f       	rla	r15		
    4226:	0f 5f       	rla	r15		
    4228:	0f 5f       	rla	r15		
    422a:	0f 5f       	rla	r15		
    422c:	0f ed       	xor	r13,	r15	
    422e:	8e 4f 04 00 	mov	r15,	4(r14)	;0x0004(r14)
		 temp=( sBox[3][U[0]&0xF]       ^ KSCte[i])&0xF;
    4232:	1f 44 f2 ff 	mov	-14(r4),r15	;0xfff2(r4)
    4236:	3f f0 0f 00 	and	#15,	r15	;#0x000f
    423a:	5f 4f 80 4c 	mov.b	19584(r15),r15	;0x4c80(r15)
    423e:	4e 4f       	mov.b	r15,	r14	
    4240:	1f 44 ee ff 	mov	-18(r4),r15	;0xffee(r4)
    4244:	0f 5f       	rla	r15		
    4246:	3f 50 30 4c 	add	#19504,	r15	;#0x4c30
    424a:	2f 4f       	mov	@r15,	r15	
    424c:	0f ee       	xor	r14,	r15	
    424e:	0d 4f       	mov	r15,	r13	
    4250:	3d f0 0f 00 	and	#15,	r13	;#0x000f
    4254:	84 4d f0 ff 	mov	r13,	-16(r4)	;0xfff0(r4)

#if KSIZE == 64
		 rkey[i][3]=U[0]^temp;
    4258:	1f 44 ee ff 	mov	-18(r4),r15	;0xffee(r4)
    425c:	0f 5f       	rla	r15		
    425e:	0f 5f       	rla	r15		
    4260:	0f 5f       	rla	r15		
    4262:	1f 54 fc ff 	add	-4(r4),	r15	;0xfffc(r4)
    4266:	1e 44 f2 ff 	mov	-14(r4),r14	;0xfff2(r4)
    426a:	1e e4 f0 ff 	xor	-16(r4),r14	;0xfff0(r4)
    426e:	8f 4e 06 00 	mov	r14,	6(r15)	;0x0006(r15)
		 
		 temp=U[0];
    4272:	94 44 f2 ff 	mov	-14(r4),-16(r4)	;0xfff2(r4), 0xfff0(r4)
    4276:	f0 ff 
		 U[0]=U[1];
    4278:	1f 44 f4 ff 	mov	-12(r4),r15	;0xfff4(r4)
    427c:	84 4f f2 ff 	mov	r15,	-14(r4)	;0xfff2(r4)
		 U[1]=U[2];
    4280:	1f 44 f6 ff 	mov	-10(r4),r15	;0xfff6(r4)
    4284:	84 4f f4 ff 	mov	r15,	-12(r4)	;0xfff4(r4)
		 U[2]=U[3];
    4288:	1f 44 f8 ff 	mov	-8(r4),	r15	;0xfff8(r4)
    428c:	84 4f f6 ff 	mov	r15,	-10(r4)	;0xfff6(r4)
		 U[3]=(temp<<3)^(temp>>13);
    4290:	1f 44 f0 ff 	mov	-16(r4),r15	;0xfff0(r4)
    4294:	0e 4f       	mov	r15,	r14	
    4296:	0e 5e       	rla	r14		
    4298:	0e 5e       	rla	r14		
    429a:	0e 5e       	rla	r14		
    429c:	8f 10       	swpb	r15		
    429e:	4f 4f       	mov.b	r15,	r15	
    42a0:	12 c3       	clrc			
    42a2:	0f 10       	rrc	r15		
    42a4:	12 c3       	clrc			
    42a6:	0f 10       	rrc	r15		
    42a8:	12 c3       	clrc			
    42aa:	0f 10       	rrc	r15		
    42ac:	12 c3       	clrc			
    42ae:	0f 10       	rrc	r15		
    42b0:	12 c3       	clrc			
    42b2:	0f 10       	rrc	r15		
    42b4:	0f de       	bis	r14,	r15	
    42b6:	84 4f f8 ff 	mov	r15,	-8(r4)	;0xfff8(r4)
/**********************************************************************/
void EncryptKeySchedule(const u16 *mkey, u16 rkey[NBROUND+1][KSIZE>>4])
{
	u16 i,U[KSIZE>>4],temp,temp1,temp2;
	for(i=0;i<(KSIZE>>4);i++) U[i]=mkey[i];
	for(i=0;i<NBROUND+1;i++)
    42ba:	94 53 ee ff 	inc	-18(r4)	;0xffee(r4)
    42be:	b4 90 0d 00 	cmp	#13,	-18(r4)	;#0x000d, 0xffee(r4)
    42c2:	ee ff 
    42c4:	32 2b       	jnc	$-410    	;abs 0x412a
		 U[7] = (temp1<<8)^(temp1>>8);
		 
#endif
	}
	return;
}
    42c6:	31 50 10 00 	add	#16,	r1	;#0x0010
    42ca:	34 41       	pop	r4		
    42cc:	30 41       	ret			

000042ce <DecryptKeySchedule>:

void DecryptKeySchedule(const u16 *mkey, u16 rkey[NBROUND+1][KSIZE>>4])
{
    42ce:	0b 12       	push	r11		
    42d0:	04 12       	push	r4		
    42d2:	04 41       	mov	r1,	r4	
    42d4:	24 52       	add	#4,	r4	;r2 As==10
    42d6:	31 50 f0 ff 	add	#-16,	r1	;#0xfff0
    42da:	84 4f f8 ff 	mov	r15,	-8(r4)	;0xfff8(r4)
    42de:	84 4e fa ff 	mov	r14,	-6(r4)	;0xfffa(r4)
	u16 i,V[KSIZE>>4],temp;
	
#if KSIZE == 64
	for(i=0;i<(KSIZE>>4);i++) V[i]=(mkey[i]<<9)^(mkey[i]>>7);
    42e2:	84 43 ec ff 	mov	#0,	-20(r4)	;r3 As==00, 0xffec(r4)
    42e6:	25 3c       	jmp	$+76     	;abs 0x4332
    42e8:	1f 44 ec ff 	mov	-20(r4),r15	;0xffec(r4)
    42ec:	0f 5f       	rla	r15		
    42ee:	1f 54 f8 ff 	add	-8(r4),	r15	;0xfff8(r4)
    42f2:	2f 4f       	mov	@r15,	r15	
    42f4:	0e 4f       	mov	r15,	r14	
    42f6:	4e 4e       	mov.b	r14,	r14	
    42f8:	8e 10       	swpb	r14		
    42fa:	0e 5e       	rla	r14		
    42fc:	12 c3       	clrc			
    42fe:	0f 10       	rrc	r15		
    4300:	12 c3       	clrc			
    4302:	0f 10       	rrc	r15		
    4304:	12 c3       	clrc			
    4306:	0f 10       	rrc	r15		
    4308:	12 c3       	clrc			
    430a:	0f 10       	rrc	r15		
    430c:	12 c3       	clrc			
    430e:	0f 10       	rrc	r15		
    4310:	12 c3       	clrc			
    4312:	0f 10       	rrc	r15		
    4314:	12 c3       	clrc			
    4316:	0f 10       	rrc	r15		
    4318:	0f de       	bis	r14,	r15	
    431a:	1e 44 ec ff 	mov	-20(r4),r14	;0xffec(r4)
    431e:	0e 5e       	rla	r14		
    4320:	3d 40 ec ff 	mov	#-20,	r13	;#0xffec
    4324:	0d 54       	add	r4,	r13	
    4326:	0e 5d       	add	r13,	r14	
    4328:	2e 52       	add	#4,	r14	;r2 As==10
    432a:	8e 4f 00 00 	mov	r15,	0(r14)	;0x0000(r14)
    432e:	94 53 ec ff 	inc	-20(r4)	;0xffec(r4)
    4332:	a4 92 ec ff 	cmp	#4,	-20(r4)	;r2 As==10, 0xffec(r4)
    4336:	d8 2b       	jnc	$-78     	;abs 0x42e8
	V[5]=(mkey[1]<<3)^(mkey[1]>>13);
	V[6]=(mkey[2]<<14)^(mkey[2]>>2);
	V[7]=(mkey[3]<<3)^(mkey[3]>>13);
#endif

	for(i=0;i<NBROUND+1;i++)
    4338:	84 43 ec ff 	mov	#0,	-20(r4)	;r3 As==00, 0xffec(r4)
    433c:	e2 3c       	jmp	$+454    	;abs 0x4502
	{
		 temp=( sBox[0][(V[0]>>12)&0xF] ^ KSCte[12-i])&0xF;
    433e:	1f 44 f0 ff 	mov	-16(r4),r15	;0xfff0(r4)
    4342:	8f 10       	swpb	r15		
    4344:	4f 4f       	mov.b	r15,	r15	
    4346:	12 c3       	clrc			
    4348:	0f 10       	rrc	r15		
    434a:	12 c3       	clrc			
    434c:	0f 10       	rrc	r15		
    434e:	12 c3       	clrc			
    4350:	0f 10       	rrc	r15		
    4352:	12 c3       	clrc			
    4354:	0f 10       	rrc	r15		
    4356:	5f 4f 50 4c 	mov.b	19536(r15),r15	;0x4c50(r15)
    435a:	4e 4f       	mov.b	r15,	r14	
    435c:	3f 40 0c 00 	mov	#12,	r15	;#0x000c
    4360:	1f 84 ec ff 	sub	-20(r4),r15	;0xffec(r4)
    4364:	0f 5f       	rla	r15		
    4366:	3f 50 30 4c 	add	#19504,	r15	;#0x4c30
    436a:	2f 4f       	mov	@r15,	r15	
    436c:	0f ee       	xor	r14,	r15	
    436e:	0e 4f       	mov	r15,	r14	
    4370:	3e f0 0f 00 	and	#15,	r14	;#0x000f
    4374:	84 4e ee ff 	mov	r14,	-18(r4)	;0xffee(r4)
		 rkey[i][0]=Phi_Key(0,V[1]^(temp<<12));
    4378:	1f 44 ec ff 	mov	-20(r4),r15	;0xffec(r4)
    437c:	0f 5f       	rla	r15		
    437e:	0f 5f       	rla	r15		
    4380:	0f 5f       	rla	r15		
    4382:	1b 44 fa ff 	mov	-6(r4),	r11	;0xfffa(r4)
    4386:	0b 5f       	add	r15,	r11	
    4388:	1e 44 f2 ff 	mov	-14(r4),r14	;0xfff2(r4)
    438c:	1f 44 ee ff 	mov	-18(r4),r15	;0xffee(r4)
    4390:	4f 4f       	mov.b	r15,	r15	
    4392:	8f 10       	swpb	r15		
    4394:	0f 5f       	rla	r15		
    4396:	0f 5f       	rla	r15		
    4398:	0f 5f       	rla	r15		
    439a:	0f 5f       	rla	r15		
    439c:	0f ee       	xor	r14,	r15	
    439e:	0e 4f       	mov	r15,	r14	
    43a0:	4f 43       	clr.b	r15		
    43a2:	b0 12 14 45 	call	#0x4514	
    43a6:	8b 4f 00 00 	mov	r15,	0(r11)	;0x0000(r11)
		 
		 temp=( sBox[1][(V[0]>>8)&0xF]  ^ KSCte[12-i])&0xF;
    43aa:	1f 44 f0 ff 	mov	-16(r4),r15	;0xfff0(r4)
    43ae:	8f 10       	swpb	r15		
    43b0:	4f 4f       	mov.b	r15,	r15	
    43b2:	3f f0 0f 00 	and	#15,	r15	;#0x000f
    43b6:	5f 4f 60 4c 	mov.b	19552(r15),r15	;0x4c60(r15)
    43ba:	4e 4f       	mov.b	r15,	r14	
    43bc:	3f 40 0c 00 	mov	#12,	r15	;#0x000c
    43c0:	1f 84 ec ff 	sub	-20(r4),r15	;0xffec(r4)
    43c4:	0f 5f       	rla	r15		
    43c6:	3f 50 30 4c 	add	#19504,	r15	;#0x4c30
    43ca:	2f 4f       	mov	@r15,	r15	
    43cc:	0f ee       	xor	r14,	r15	
    43ce:	0d 4f       	mov	r15,	r13	
    43d0:	3d f0 0f 00 	and	#15,	r13	;#0x000f
    43d4:	84 4d ee ff 	mov	r13,	-18(r4)	;0xffee(r4)
		 rkey[i][1]=Phi_Key(1,V[2]^(temp<<8));
    43d8:	1f 44 ec ff 	mov	-20(r4),r15	;0xffec(r4)
    43dc:	0f 5f       	rla	r15		
    43de:	0f 5f       	rla	r15		
    43e0:	0f 5f       	rla	r15		
    43e2:	1b 44 fa ff 	mov	-6(r4),	r11	;0xfffa(r4)
    43e6:	0b 5f       	add	r15,	r11	
    43e8:	1e 44 f4 ff 	mov	-12(r4),r14	;0xfff4(r4)
    43ec:	1f 44 ee ff 	mov	-18(r4),r15	;0xffee(r4)
    43f0:	4f 4f       	mov.b	r15,	r15	
    43f2:	8f 10       	swpb	r15		
    43f4:	0f ee       	xor	r14,	r15	
    43f6:	0e 4f       	mov	r15,	r14	
    43f8:	5f 43       	mov.b	#1,	r15	;r3 As==01
    43fa:	b0 12 14 45 	call	#0x4514	
    43fe:	8b 4f 02 00 	mov	r15,	2(r11)	;0x0002(r11)
		 
		 temp=( sBox[2][(V[0]>>4)&0xF]  ^ KSCte[12-i])&0xF;
    4402:	1f 44 f0 ff 	mov	-16(r4),r15	;0xfff0(r4)
    4406:	12 c3       	clrc			
    4408:	0f 10       	rrc	r15		
    440a:	12 c3       	clrc			
    440c:	0f 10       	rrc	r15		
    440e:	12 c3       	clrc			
    4410:	0f 10       	rrc	r15		
    4412:	12 c3       	clrc			
    4414:	0f 10       	rrc	r15		
    4416:	3f f0 0f 00 	and	#15,	r15	;#0x000f
    441a:	5f 4f 70 4c 	mov.b	19568(r15),r15	;0x4c70(r15)
    441e:	4e 4f       	mov.b	r15,	r14	
    4420:	3f 40 0c 00 	mov	#12,	r15	;#0x000c
    4424:	1f 84 ec ff 	sub	-20(r4),r15	;0xffec(r4)
    4428:	0f 5f       	rla	r15		
    442a:	3f 50 30 4c 	add	#19504,	r15	;#0x4c30
    442e:	2f 4f       	mov	@r15,	r15	
    4430:	0f ee       	xor	r14,	r15	
    4432:	0e 4f       	mov	r15,	r14	
    4434:	3e f0 0f 00 	and	#15,	r14	;#0x000f
    4438:	84 4e ee ff 	mov	r14,	-18(r4)	;0xffee(r4)
		 rkey[i][2]=Phi_Key(2,V[3]^(temp<<4));
    443c:	1f 44 ec ff 	mov	-20(r4),r15	;0xffec(r4)
    4440:	0f 5f       	rla	r15		
    4442:	0f 5f       	rla	r15		
    4444:	0f 5f       	rla	r15		
    4446:	1b 44 fa ff 	mov	-6(r4),	r11	;0xfffa(r4)
    444a:	0b 5f       	add	r15,	r11	
    444c:	1e 44 f6 ff 	mov	-10(r4),r14	;0xfff6(r4)
    4450:	1f 44 ee ff 	mov	-18(r4),r15	;0xffee(r4)
    4454:	0f 5f       	rla	r15		
    4456:	0f 5f       	rla	r15		
    4458:	0f 5f       	rla	r15		
    445a:	0f 5f       	rla	r15		
    445c:	0f ee       	xor	r14,	r15	
    445e:	0e 4f       	mov	r15,	r14	
    4460:	6f 43       	mov.b	#2,	r15	;r3 As==10
    4462:	b0 12 14 45 	call	#0x4514	
    4466:	8b 4f 04 00 	mov	r15,	4(r11)	;0x0004(r11)
		 
		 temp=( sBox[3][V[0]&0xF]       ^ KSCte[12-i])&0xF;
    446a:	1f 44 f0 ff 	mov	-16(r4),r15	;0xfff0(r4)
    446e:	3f f0 0f 00 	and	#15,	r15	;#0x000f
    4472:	5f 4f 80 4c 	mov.b	19584(r15),r15	;0x4c80(r15)
    4476:	4e 4f       	mov.b	r15,	r14	
    4478:	3f 40 0c 00 	mov	#12,	r15	;#0x000c
    447c:	1f 84 ec ff 	sub	-20(r4),r15	;0xffec(r4)
    4480:	0f 5f       	rla	r15		
    4482:	3f 50 30 4c 	add	#19504,	r15	;#0x4c30
    4486:	2f 4f       	mov	@r15,	r15	
    4488:	0f ee       	xor	r14,	r15	
    448a:	0d 4f       	mov	r15,	r13	
    448c:	3d f0 0f 00 	and	#15,	r13	;#0x000f
    4490:	84 4d ee ff 	mov	r13,	-18(r4)	;0xffee(r4)

#if KSIZE == 64
		 rkey[i][3]=Phi_Key(3,V[0]^temp);
    4494:	1f 44 ec ff 	mov	-20(r4),r15	;0xffec(r4)
    4498:	0f 5f       	rla	r15		
    449a:	0f 5f       	rla	r15		
    449c:	0f 5f       	rla	r15		
    449e:	1b 44 fa ff 	mov	-6(r4),	r11	;0xfffa(r4)
    44a2:	0b 5f       	add	r15,	r11	
    44a4:	1f 44 f0 ff 	mov	-16(r4),r15	;0xfff0(r4)
    44a8:	1f e4 ee ff 	xor	-18(r4),r15	;0xffee(r4)
    44ac:	0e 4f       	mov	r15,	r14	
    44ae:	7f 40 03 00 	mov.b	#3,	r15	;#0x0003
    44b2:	b0 12 14 45 	call	#0x4514	
    44b6:	8b 4f 06 00 	mov	r15,	6(r11)	;0x0006(r11)
		 
		 temp=V[3];
    44ba:	94 44 f6 ff 	mov	-10(r4),-18(r4)	;0xfff6(r4), 0xffee(r4)
    44be:	ee ff 
		 V[3]=V[2];
    44c0:	1f 44 f4 ff 	mov	-12(r4),r15	;0xfff4(r4)
    44c4:	84 4f f6 ff 	mov	r15,	-10(r4)	;0xfff6(r4)
		 V[2]=V[1];
    44c8:	1f 44 f2 ff 	mov	-14(r4),r15	;0xfff2(r4)
    44cc:	84 4f f4 ff 	mov	r15,	-12(r4)	;0xfff4(r4)
		 V[1]=V[0];
    44d0:	1f 44 f0 ff 	mov	-16(r4),r15	;0xfff0(r4)
    44d4:	84 4f f2 ff 	mov	r15,	-14(r4)	;0xfff2(r4)
		 V[0]=(temp<<13)^(temp>>3);
    44d8:	1e 44 ee ff 	mov	-18(r4),r14	;0xffee(r4)
    44dc:	0f 4e       	mov	r14,	r15	
    44de:	4f 4f       	mov.b	r15,	r15	
    44e0:	8f 10       	swpb	r15		
    44e2:	0f 5f       	rla	r15		
    44e4:	0f 5f       	rla	r15		
    44e6:	0f 5f       	rla	r15		
    44e8:	0f 5f       	rla	r15		
    44ea:	0f 5f       	rla	r15		
    44ec:	12 c3       	clrc			
    44ee:	0e 10       	rrc	r14		
    44f0:	12 c3       	clrc			
    44f2:	0e 10       	rrc	r14		
    44f4:	12 c3       	clrc			
    44f6:	0e 10       	rrc	r14		
    44f8:	0e df       	bis	r15,	r14	
    44fa:	84 4e f0 ff 	mov	r14,	-16(r4)	;0xfff0(r4)
	V[5]=(mkey[1]<<3)^(mkey[1]>>13);
	V[6]=(mkey[2]<<14)^(mkey[2]>>2);
	V[7]=(mkey[3]<<3)^(mkey[3]>>13);
#endif

	for(i=0;i<NBROUND+1;i++)
    44fe:	94 53 ec ff 	inc	-20(r4)	;0xffec(r4)
    4502:	b4 90 0d 00 	cmp	#13,	-20(r4)	;#0x000d, 0xffec(r4)
    4506:	ec ff 
    4508:	1a 2b       	jnc	$-458    	;abs 0x433e
		 V[6]=temp1;
		 V[7]=temp2;
#endif
	}
	return;
}
    450a:	31 50 10 00 	add	#16,	r1	;#0x0010
    450e:	34 41       	pop	r4		
    4510:	3b 41       	pop	r11		
    4512:	30 41       	ret			

00004514 <Phi_Key>:
/**********************************************************************/
/**********************************************************************/
u16 Phi_Key(u8 ind,u16 value)
{
    4514:	04 12       	push	r4		
    4516:	04 41       	mov	r1,	r4	
    4518:	24 53       	incd	r4		
    451a:	31 50 f6 ff 	add	#-10,	r1	;#0xfff6
    451e:	c4 4f fa ff 	mov.b	r15,	-6(r4)	;0xfffa(r4)
    4522:	84 4e fc ff 	mov	r14,	-4(r4)	;0xfffc(r4)
	u8 j,k;
	u16 temp,result=0;
    4526:	84 43 f8 ff 	mov	#0,	-8(r4)	;r3 As==00, 0xfff8(r4)
	for(j=0;j<4;j++)
    452a:	c4 43 f4 ff 	mov.b	#0,	-12(r4)	;r3 As==00, 0xfff4(r4)
    452e:	4a 3c       	jmp	$+150    	;abs 0x45c4
	{
		temp=0;
    4530:	84 43 f6 ff 	mov	#0,	-10(r4)	;r3 As==00, 0xfff6(r4)
		for(k=0;k<4;k++)
    4534:	c4 43 f5 ff 	mov.b	#0,	-11(r4)	;r3 As==00, 0xfff5(r4)
    4538:	2a 3c       	jmp	$+86     	;abs 0x458e
		{
			temp^= Mask[((ind+j+k)&0x03)] & ((value>>(12-4*k))&0xF);
    453a:	5e 44 fa ff 	mov.b	-6(r4),	r14	;0xfffa(r4)
    453e:	5f 44 f4 ff 	mov.b	-12(r4),r15	;0xfff4(r4)
    4542:	0e 5f       	add	r15,	r14	
    4544:	5f 44 f5 ff 	mov.b	-11(r4),r15	;0xfff5(r4)
    4548:	0f 5e       	add	r14,	r15	
    454a:	3f f0 03 00 	and	#3,	r15	;#0x0003
    454e:	5f 4f 90 4c 	mov.b	19600(r15),r15	;0x4c90(r15)
    4552:	4d 4f       	mov.b	r15,	r13	
    4554:	5f 44 f5 ff 	mov.b	-11(r4),r15	;0xfff5(r4)
    4558:	3e 40 03 00 	mov	#3,	r14	;#0x0003
    455c:	0c 4e       	mov	r14,	r12	
    455e:	0c 8f       	sub	r15,	r12	
    4560:	0f 4c       	mov	r12,	r15	
    4562:	0f 5f       	rla	r15		
    4564:	0f 5f       	rla	r15		
    4566:	1e 44 fc ff 	mov	-4(r4),	r14	;0xfffc(r4)
    456a:	4f 4f       	mov.b	r15,	r15	
    456c:	7f f0 0f 00 	and.b	#15,	r15	;#0x000f
    4570:	4f 93       	tst.b	r15		
    4572:	05 24       	jz	$+12     	;abs 0x457e
    4574:	12 c3       	clrc			
    4576:	0e 10       	rrc	r14		
    4578:	7f 53       	add.b	#-1,	r15	;r3 As==11
    457a:	4f 93       	tst.b	r15		
    457c:	fb 23       	jnz	$-8      	;abs 0x4574
    457e:	0f 4d       	mov	r13,	r15	
    4580:	0f fe       	and	r14,	r15	
    4582:	3f f0 0f 00 	and	#15,	r15	;#0x000f
    4586:	84 ef f6 ff 	xor	r15,	-10(r4)	;0xfff6(r4)
	u8 j,k;
	u16 temp,result=0;
	for(j=0;j<4;j++)
	{
		temp=0;
		for(k=0;k<4;k++)
    458a:	d4 53 f5 ff 	inc.b	-11(r4)	;0xfff5(r4)
    458e:	e4 92 f5 ff 	cmp.b	#4,	-11(r4)	;r2 As==10, 0xfff5(r4)
    4592:	d3 2b       	jnc	$-88     	;abs 0x453a
		{
			temp^= Mask[((ind+j+k)&0x03)] & ((value>>(12-4*k))&0xF);
		}
		result^=temp<<(12-4*j);
    4594:	5f 44 f4 ff 	mov.b	-12(r4),r15	;0xfff4(r4)
    4598:	3e 40 03 00 	mov	#3,	r14	;#0x0003
    459c:	0d 4e       	mov	r14,	r13	
    459e:	0d 8f       	sub	r15,	r13	
    45a0:	0f 4d       	mov	r13,	r15	
    45a2:	0f 5f       	rla	r15		
    45a4:	0f 5f       	rla	r15		
    45a6:	1e 44 f6 ff 	mov	-10(r4),r14	;0xfff6(r4)
    45aa:	4f 4f       	mov.b	r15,	r15	
    45ac:	7f f0 0f 00 	and.b	#15,	r15	;#0x000f
    45b0:	4f 93       	tst.b	r15		
    45b2:	04 24       	jz	$+10     	;abs 0x45bc
    45b4:	0e 5e       	rla	r14		
    45b6:	7f 53       	add.b	#-1,	r15	;r3 As==11
    45b8:	4f 93       	tst.b	r15		
    45ba:	fc 23       	jnz	$-6      	;abs 0x45b4
    45bc:	84 ee f8 ff 	xor	r14,	-8(r4)	;0xfff8(r4)
/**********************************************************************/
u16 Phi_Key(u8 ind,u16 value)
{
	u8 j,k;
	u16 temp,result=0;
	for(j=0;j<4;j++)
    45c0:	d4 53 f4 ff 	inc.b	-12(r4)	;0xfff4(r4)
    45c4:	e4 92 f4 ff 	cmp.b	#4,	-12(r4)	;r2 As==10, 0xfff4(r4)
    45c8:	b3 2b       	jnc	$-152    	;abs 0x4530
		{
			temp^= Mask[((ind+j+k)&0x03)] & ((value>>(12-4*k))&0xF);
		}
		result^=temp<<(12-4*j);
	}
	return result;
    45ca:	1f 44 f8 ff 	mov	-8(r4),	r15	;0xfff8(r4)
}
    45ce:	31 50 0a 00 	add	#10,	r1	;#0x000a
    45d2:	34 41       	pop	r4		
    45d4:	30 41       	ret			

000045d6 <Gamma_SBox>:


void Gamma_SBox(u8 state[4][4])
{
    45d6:	0b 12       	push	r11		
    45d8:	04 12       	push	r4		
    45da:	04 41       	mov	r1,	r4	
    45dc:	24 52       	add	#4,	r4	;r2 As==10
    45de:	21 82       	sub	#4,	r1	;r2 As==10
    45e0:	84 4f fa ff 	mov	r15,	-6(r4)	;0xfffa(r4)
	u8 i,j;
	for(i=0;i<4;i++)
    45e4:	c4 43 f8 ff 	mov.b	#0,	-8(r4)	;r3 As==00, 0xfff8(r4)
    45e8:	34 3c       	jmp	$+106    	;abs 0x4652
	{
		for(j=0;j<4;j++)
    45ea:	c4 43 f9 ff 	mov.b	#0,	-7(r4)	;r3 As==00, 0xfff9(r4)
    45ee:	2c 3c       	jmp	$+90     	;abs 0x4648
		{
			state[i][j]=sBox[((i+j)&0x3)][state[i][j]];
    45f0:	5f 44 f8 ff 	mov.b	-8(r4),	r15	;0xfff8(r4)
    45f4:	0f 5f       	rla	r15		
    45f6:	0f 5f       	rla	r15		
    45f8:	1c 44 fa ff 	mov	-6(r4),	r12	;0xfffa(r4)
    45fc:	0c 5f       	add	r15,	r12	
    45fe:	5e 44 f9 ff 	mov.b	-7(r4),	r14	;0xfff9(r4)
    4602:	5d 44 f8 ff 	mov.b	-8(r4),	r13	;0xfff8(r4)
    4606:	5f 44 f9 ff 	mov.b	-7(r4),	r15	;0xfff9(r4)
    460a:	0f 5d       	add	r13,	r15	
    460c:	0b 4f       	mov	r15,	r11	
    460e:	3b f0 03 00 	and	#3,	r11	;#0x0003
    4612:	5f 44 f8 ff 	mov.b	-8(r4),	r15	;0xfff8(r4)
    4616:	0f 5f       	rla	r15		
    4618:	0f 5f       	rla	r15		
    461a:	1d 44 fa ff 	mov	-6(r4),	r13	;0xfffa(r4)
    461e:	0d 5f       	add	r15,	r13	
    4620:	5f 44 f9 ff 	mov.b	-7(r4),	r15	;0xfff9(r4)
    4624:	0f 5d       	add	r13,	r15	
    4626:	6f 4f       	mov.b	@r15,	r15	
    4628:	4d 4f       	mov.b	r15,	r13	
    462a:	0f 4b       	mov	r11,	r15	
    462c:	0f 5f       	rla	r15		
    462e:	0f 5f       	rla	r15		
    4630:	0f 5f       	rla	r15		
    4632:	0f 5f       	rla	r15		
    4634:	0f 5d       	add	r13,	r15	
    4636:	3f 50 50 4c 	add	#19536,	r15	;#0x4c50
    463a:	6d 4f       	mov.b	@r15,	r13	
    463c:	0f 4c       	mov	r12,	r15	
    463e:	0f 5e       	add	r14,	r15	
    4640:	cf 4d 00 00 	mov.b	r13,	0(r15)	;0x0000(r15)
void Gamma_SBox(u8 state[4][4])
{
	u8 i,j;
	for(i=0;i<4;i++)
	{
		for(j=0;j<4;j++)
    4644:	d4 53 f9 ff 	inc.b	-7(r4)		;0xfff9(r4)
    4648:	e4 92 f9 ff 	cmp.b	#4,	-7(r4)	;r2 As==10, 0xfff9(r4)
    464c:	d1 2b       	jnc	$-92     	;abs 0x45f0


void Gamma_SBox(u8 state[4][4])
{
	u8 i,j;
	for(i=0;i<4;i++)
    464e:	d4 53 f8 ff 	inc.b	-8(r4)		;0xfff8(r4)
    4652:	e4 92 f8 ff 	cmp.b	#4,	-8(r4)	;r2 As==10, 0xfff8(r4)
    4656:	c9 2b       	jnc	$-108    	;abs 0x45ea
		{
			state[i][j]=sBox[((i+j)&0x3)][state[i][j]];
		}
	}
	return;
}
    4658:	21 52       	add	#4,	r1	;r2 As==10
    465a:	34 41       	pop	r4		
    465c:	3b 41       	pop	r11		
    465e:	30 41       	ret			

00004660 <Gamma_SBox_Inv>:

void Gamma_SBox_Inv(u8 state[4][4])
{
    4660:	0b 12       	push	r11		
    4662:	04 12       	push	r4		
    4664:	04 41       	mov	r1,	r4	
    4666:	24 52       	add	#4,	r4	;r2 As==10
    4668:	21 82       	sub	#4,	r1	;r2 As==10
    466a:	84 4f fa ff 	mov	r15,	-6(r4)	;0xfffa(r4)
	u8 i,j;
	for(i=0;i<4;i++)
    466e:	c4 43 f8 ff 	mov.b	#0,	-8(r4)	;r3 As==00, 0xfff8(r4)
    4672:	35 3c       	jmp	$+108    	;abs 0x46de
	{
		for(j=0;j<4;j++)
    4674:	c4 43 f9 ff 	mov.b	#0,	-7(r4)	;r3 As==00, 0xfff9(r4)
    4678:	2d 3c       	jmp	$+92     	;abs 0x46d4
		{
			state[i][j]=sBox[((i+j+2)&0x03)][state[i][j]];
    467a:	5f 44 f8 ff 	mov.b	-8(r4),	r15	;0xfff8(r4)
    467e:	0f 5f       	rla	r15		
    4680:	0f 5f       	rla	r15		
    4682:	1c 44 fa ff 	mov	-6(r4),	r12	;0xfffa(r4)
    4686:	0c 5f       	add	r15,	r12	
    4688:	5e 44 f9 ff 	mov.b	-7(r4),	r14	;0xfff9(r4)
    468c:	5d 44 f8 ff 	mov.b	-8(r4),	r13	;0xfff8(r4)
    4690:	5f 44 f9 ff 	mov.b	-7(r4),	r15	;0xfff9(r4)
    4694:	0f 5d       	add	r13,	r15	
    4696:	2f 53       	incd	r15		
    4698:	0b 4f       	mov	r15,	r11	
    469a:	3b f0 03 00 	and	#3,	r11	;#0x0003
    469e:	5f 44 f8 ff 	mov.b	-8(r4),	r15	;0xfff8(r4)
    46a2:	0f 5f       	rla	r15		
    46a4:	0f 5f       	rla	r15		
    46a6:	1d 44 fa ff 	mov	-6(r4),	r13	;0xfffa(r4)
    46aa:	0d 5f       	add	r15,	r13	
    46ac:	5f 44 f9 ff 	mov.b	-7(r4),	r15	;0xfff9(r4)
    46b0:	0f 5d       	add	r13,	r15	
    46b2:	6f 4f       	mov.b	@r15,	r15	
    46b4:	4d 4f       	mov.b	r15,	r13	
    46b6:	0f 4b       	mov	r11,	r15	
    46b8:	0f 5f       	rla	r15		
    46ba:	0f 5f       	rla	r15		
    46bc:	0f 5f       	rla	r15		
    46be:	0f 5f       	rla	r15		
    46c0:	0f 5d       	add	r13,	r15	
    46c2:	3f 50 50 4c 	add	#19536,	r15	;#0x4c50
    46c6:	6d 4f       	mov.b	@r15,	r13	
    46c8:	0f 4c       	mov	r12,	r15	
    46ca:	0f 5e       	add	r14,	r15	
    46cc:	cf 4d 00 00 	mov.b	r13,	0(r15)	;0x0000(r15)
void Gamma_SBox_Inv(u8 state[4][4])
{
	u8 i,j;
	for(i=0;i<4;i++)
	{
		for(j=0;j<4;j++)
    46d0:	d4 53 f9 ff 	inc.b	-7(r4)		;0xfff9(r4)
    46d4:	e4 92 f9 ff 	cmp.b	#4,	-7(r4)	;r2 As==10, 0xfff9(r4)
    46d8:	d0 2b       	jnc	$-94     	;abs 0x467a
}

void Gamma_SBox_Inv(u8 state[4][4])
{
	u8 i,j;
	for(i=0;i<4;i++)
    46da:	d4 53 f8 ff 	inc.b	-8(r4)		;0xfff8(r4)
    46de:	e4 92 f8 ff 	cmp.b	#4,	-8(r4)	;r2 As==10, 0xfff8(r4)
    46e2:	c8 2b       	jnc	$-110    	;abs 0x4674
		{
			state[i][j]=sBox[((i+j+2)&0x03)][state[i][j]];
		}
	}
	return;
}
    46e4:	21 52       	add	#4,	r1	;r2 As==10
    46e6:	34 41       	pop	r4		
    46e8:	3b 41       	pop	r11		
    46ea:	30 41       	ret			

000046ec <Pi_Permut>:


void Pi_Permut(u8 state[4][4])
{
    46ec:	0b 12       	push	r11		
    46ee:	04 12       	push	r4		
    46f0:	04 41       	mov	r1,	r4	
    46f2:	24 52       	add	#4,	r4	;r2 As==10
    46f4:	31 50 f6 ff 	add	#-10,	r1	;#0xfff6
    46f8:	84 4f fa ff 	mov	r15,	-6(r4)	;0xfffa(r4)
	u8 i,j,k;
	u8 temp[4];
	
    for(i=0;i<4;i++)
    46fc:	c4 43 f2 ff 	mov.b	#0,	-14(r4)	;r3 As==00, 0xfff2(r4)
    4700:	6b 3c       	jmp	$+216    	;abs 0x47d8
	{        
		for(j=0;j<4;j++)
    4702:	c4 43 f3 ff 	mov.b	#0,	-13(r4)	;r3 As==00, 0xfff3(r4)
    4706:	3b 3c       	jmp	$+120    	;abs 0x477e
		{
			temp[j]=0;
    4708:	5f 44 f3 ff 	mov.b	-13(r4),r15	;0xfff3(r4)
    470c:	0e 44       	mov	r4,	r14	
    470e:	3e 50 f5 ff 	add	#-11,	r14	;#0xfff5
    4712:	0f 5e       	add	r14,	r15	
    4714:	cf 43 00 00 	mov.b	#0,	0(r15)	;r3 As==00, 0x0000(r15)
			for(k=0;k<4;k++)
    4718:	c4 43 f4 ff 	mov.b	#0,	-12(r4)	;r3 As==00, 0xfff4(r4)
    471c:	2b 3c       	jmp	$+88     	;abs 0x4774
			{
				temp[j]^= Mask[((i+j+k)&0x03)] & state[k][i];
    471e:	5e 44 f3 ff 	mov.b	-13(r4),r14	;0xfff3(r4)
    4722:	5f 44 f3 ff 	mov.b	-13(r4),r15	;0xfff3(r4)
    4726:	0d 44       	mov	r4,	r13	
    4728:	3d 50 f5 ff 	add	#-11,	r13	;#0xfff5
    472c:	0f 5d       	add	r13,	r15	
    472e:	6c 4f       	mov.b	@r15,	r12	
    4730:	5d 44 f2 ff 	mov.b	-14(r4),r13	;0xfff2(r4)
    4734:	5f 44 f3 ff 	mov.b	-13(r4),r15	;0xfff3(r4)
    4738:	0d 5f       	add	r15,	r13	
    473a:	5f 44 f4 ff 	mov.b	-12(r4),r15	;0xfff4(r4)
    473e:	0f 5d       	add	r13,	r15	
    4740:	3f f0 03 00 	and	#3,	r15	;#0x0003
    4744:	5d 4f 90 4c 	mov.b	19600(r15),r13	;0x4c90(r15)
    4748:	5f 44 f4 ff 	mov.b	-12(r4),r15	;0xfff4(r4)
    474c:	0f 5f       	rla	r15		
    474e:	0f 5f       	rla	r15		
    4750:	1b 44 fa ff 	mov	-6(r4),	r11	;0xfffa(r4)
    4754:	0b 5f       	add	r15,	r11	
    4756:	5f 44 f2 ff 	mov.b	-14(r4),r15	;0xfff2(r4)
    475a:	0f 5b       	add	r11,	r15	
    475c:	6f 4f       	mov.b	@r15,	r15	
    475e:	4f fd       	and.b	r13,	r15	
    4760:	4d 4c       	mov.b	r12,	r13	
    4762:	4d ef       	xor.b	r15,	r13	
    4764:	0f 44       	mov	r4,	r15	
    4766:	3f 50 f5 ff 	add	#-11,	r15	;#0xfff5
    476a:	0f 5e       	add	r14,	r15	
    476c:	cf 4d 00 00 	mov.b	r13,	0(r15)	;0x0000(r15)
    for(i=0;i<4;i++)
	{        
		for(j=0;j<4;j++)
		{
			temp[j]=0;
			for(k=0;k<4;k++)
    4770:	d4 53 f4 ff 	inc.b	-12(r4)	;0xfff4(r4)
    4774:	e4 92 f4 ff 	cmp.b	#4,	-12(r4)	;r2 As==10, 0xfff4(r4)
    4778:	d2 2b       	jnc	$-90     	;abs 0x471e
	u8 i,j,k;
	u8 temp[4];
	
    for(i=0;i<4;i++)
	{        
		for(j=0;j<4;j++)
    477a:	d4 53 f3 ff 	inc.b	-13(r4)	;0xfff3(r4)
    477e:	e4 92 f3 ff 	cmp.b	#4,	-13(r4)	;r2 As==10, 0xfff3(r4)
    4782:	c2 2b       	jnc	$-122    	;abs 0x4708
			for(k=0;k<4;k++)
			{
				temp[j]^= Mask[((i+j+k)&0x03)] & state[k][i];
			}
		}
		state[0][i]=temp[0];
    4784:	5f 44 f2 ff 	mov.b	-14(r4),r15	;0xfff2(r4)
    4788:	5e 44 f5 ff 	mov.b	-11(r4),r14	;0xfff5(r4)
    478c:	1d 44 fa ff 	mov	-6(r4),	r13	;0xfffa(r4)
    4790:	0f 5d       	add	r13,	r15	
    4792:	cf 4e 00 00 	mov.b	r14,	0(r15)	;0x0000(r15)
		state[1][i]=temp[1];
    4796:	1d 44 fa ff 	mov	-6(r4),	r13	;0xfffa(r4)
    479a:	2d 52       	add	#4,	r13	;r2 As==10
    479c:	5f 44 f2 ff 	mov.b	-14(r4),r15	;0xfff2(r4)
    47a0:	5e 44 f6 ff 	mov.b	-10(r4),r14	;0xfff6(r4)
    47a4:	0f 5d       	add	r13,	r15	
    47a6:	cf 4e 00 00 	mov.b	r14,	0(r15)	;0x0000(r15)
		state[2][i]=temp[2];
    47aa:	1d 44 fa ff 	mov	-6(r4),	r13	;0xfffa(r4)
    47ae:	3d 52       	add	#8,	r13	;r2 As==11
    47b0:	5f 44 f2 ff 	mov.b	-14(r4),r15	;0xfff2(r4)
    47b4:	5e 44 f7 ff 	mov.b	-9(r4),	r14	;0xfff7(r4)
    47b8:	0f 5d       	add	r13,	r15	
    47ba:	cf 4e 00 00 	mov.b	r14,	0(r15)	;0x0000(r15)
		state[3][i]=temp[3];
    47be:	1d 44 fa ff 	mov	-6(r4),	r13	;0xfffa(r4)
    47c2:	3d 50 0c 00 	add	#12,	r13	;#0x000c
    47c6:	5f 44 f2 ff 	mov.b	-14(r4),r15	;0xfff2(r4)
    47ca:	5e 44 f8 ff 	mov.b	-8(r4),	r14	;0xfff8(r4)
    47ce:	0f 5d       	add	r13,	r15	
    47d0:	cf 4e 00 00 	mov.b	r14,	0(r15)	;0x0000(r15)
void Pi_Permut(u8 state[4][4])
{
	u8 i,j,k;
	u8 temp[4];
	
    for(i=0;i<4;i++)
    47d4:	d4 53 f2 ff 	inc.b	-14(r4)	;0xfff2(r4)
    47d8:	e4 92 f2 ff 	cmp.b	#4,	-14(r4)	;r2 As==10, 0xfff2(r4)
    47dc:	92 2b       	jnc	$-218    	;abs 0x4702
		state[1][i]=temp[1];
		state[2][i]=temp[2];
		state[3][i]=temp[3];
	}
	return;
}
    47de:	31 50 0a 00 	add	#10,	r1	;#0x000a
    47e2:	34 41       	pop	r4		
    47e4:	3b 41       	pop	r11		
    47e6:	30 41       	ret			

000047e8 <Tau_Transp>:

void Tau_Transp(u8 state[4][4])
{
    47e8:	04 12       	push	r4		
    47ea:	04 41       	mov	r1,	r4	
    47ec:	24 53       	incd	r4		
    47ee:	31 82       	sub	#8,	r1	;r2 As==11
    47f0:	84 4f fc ff 	mov	r15,	-4(r4)	;0xfffc(r4)
	u16 i,j,temp;
	for(i=0;i<3;i++)
    47f4:	84 43 f6 ff 	mov	#0,	-10(r4)	;r3 As==00, 0xfff6(r4)
    47f8:	3e 3c       	jmp	$+126    	;abs 0x4876
	{
		for(j=1+i;j<4;j++)
    47fa:	1f 44 f6 ff 	mov	-10(r4),r15	;0xfff6(r4)
    47fe:	1f 53       	inc	r15		
    4800:	84 4f f8 ff 	mov	r15,	-8(r4)	;0xfff8(r4)
    4804:	33 3c       	jmp	$+104    	;abs 0x486c
		{
			temp=state[i][j];
    4806:	1f 44 f6 ff 	mov	-10(r4),r15	;0xfff6(r4)
    480a:	0f 5f       	rla	r15		
    480c:	0f 5f       	rla	r15		
    480e:	1f 54 fc ff 	add	-4(r4),	r15	;0xfffc(r4)
    4812:	1f 54 f8 ff 	add	-8(r4),	r15	;0xfff8(r4)
    4816:	6f 4f       	mov.b	@r15,	r15	
    4818:	c4 4f fa ff 	mov.b	r15,	-6(r4)	;0xfffa(r4)
    481c:	c4 43 fb ff 	mov.b	#0,	-5(r4)	;r3 As==00, 0xfffb(r4)
			state[i][j]=state[j][i];
    4820:	1f 44 f6 ff 	mov	-10(r4),r15	;0xfff6(r4)
    4824:	0f 5f       	rla	r15		
    4826:	0f 5f       	rla	r15		
    4828:	1d 44 fc ff 	mov	-4(r4),	r13	;0xfffc(r4)
    482c:	0d 5f       	add	r15,	r13	
    482e:	1f 44 f8 ff 	mov	-8(r4),	r15	;0xfff8(r4)
    4832:	0f 5f       	rla	r15		
    4834:	0f 5f       	rla	r15		
    4836:	1f 54 fc ff 	add	-4(r4),	r15	;0xfffc(r4)
    483a:	1f 54 f6 ff 	add	-10(r4),r15	;0xfff6(r4)
    483e:	6e 4f       	mov.b	@r15,	r14	
    4840:	0f 4d       	mov	r13,	r15	
    4842:	1f 54 f8 ff 	add	-8(r4),	r15	;0xfff8(r4)
    4846:	cf 4e 00 00 	mov.b	r14,	0(r15)	;0x0000(r15)
			state[j][i]=temp;
    484a:	1f 44 f8 ff 	mov	-8(r4),	r15	;0xfff8(r4)
    484e:	0f 5f       	rla	r15		
    4850:	0f 5f       	rla	r15		
    4852:	1d 44 fc ff 	mov	-4(r4),	r13	;0xfffc(r4)
    4856:	0d 5f       	add	r15,	r13	
    4858:	1f 44 fa ff 	mov	-6(r4),	r15	;0xfffa(r4)
    485c:	4e 4f       	mov.b	r15,	r14	
    485e:	0f 4d       	mov	r13,	r15	
    4860:	1f 54 f6 ff 	add	-10(r4),r15	;0xfff6(r4)
    4864:	cf 4e 00 00 	mov.b	r14,	0(r15)	;0x0000(r15)
void Tau_Transp(u8 state[4][4])
{
	u16 i,j,temp;
	for(i=0;i<3;i++)
	{
		for(j=1+i;j<4;j++)
    4868:	94 53 f8 ff 	inc	-8(r4)		;0xfff8(r4)
    486c:	a4 92 f8 ff 	cmp	#4,	-8(r4)	;r2 As==10, 0xfff8(r4)
    4870:	ca 2b       	jnc	$-106    	;abs 0x4806
}

void Tau_Transp(u8 state[4][4])
{
	u16 i,j,temp;
	for(i=0;i<3;i++)
    4872:	94 53 f6 ff 	inc	-10(r4)	;0xfff6(r4)
    4876:	b4 90 03 00 	cmp	#3,	-10(r4)	;#0x0003, 0xfff6(r4)
    487a:	f6 ff 
    487c:	be 2b       	jnc	$-130    	;abs 0x47fa
			state[i][j]=state[j][i];
			state[j][i]=temp;
		}
	}
	return;
}
    487e:	31 52       	add	#8,	r1	;r2 As==11
    4880:	34 41       	pop	r4		
    4882:	30 41       	ret			

00004884 <Sigma_KeyAdd>:
void Sigma_KeyAdd(u8 state[4][4], const u16 *rkey)
{
    4884:	04 12       	push	r4		
    4886:	04 41       	mov	r1,	r4	
    4888:	24 53       	incd	r4		
    488a:	31 50 f6 ff 	add	#-10,	r1	;#0xfff6
    488e:	84 4f fa ff 	mov	r15,	-6(r4)	;0xfffa(r4)
    4892:	84 4e fc ff 	mov	r14,	-4(r4)	;0xfffc(r4)
	u16 i,j,tempkey;
	for(i=0;i<4;i++)
    4896:	84 43 f4 ff 	mov	#0,	-12(r4)	;r3 As==00, 0xfff4(r4)
    489a:	40 3c       	jmp	$+130    	;abs 0x491c
	{
		tempkey=rkey[i];
    489c:	1f 44 f4 ff 	mov	-12(r4),r15	;0xfff4(r4)
    48a0:	0f 5f       	rla	r15		
    48a2:	1f 54 fc ff 	add	-4(r4),	r15	;0xfffc(r4)
    48a6:	a4 4f f8 ff 	mov	@r15,	-8(r4)	;0xfff8(r4)
		for(j=0;j<4;j++)
    48aa:	84 43 f6 ff 	mov	#0,	-10(r4)	;r3 As==00, 0xfff6(r4)
    48ae:	31 3c       	jmp	$+100    	;abs 0x4912
		{
			state[i][3-j] ^= tempkey&0x000F;
    48b0:	1f 44 f4 ff 	mov	-12(r4),r15	;0xfff4(r4)
    48b4:	0f 5f       	rla	r15		
    48b6:	0f 5f       	rla	r15		
    48b8:	1c 44 fa ff 	mov	-6(r4),	r12	;0xfffa(r4)
    48bc:	0c 5f       	add	r15,	r12	
    48be:	3f 40 03 00 	mov	#3,	r15	;#0x0003
    48c2:	0d 4f       	mov	r15,	r13	
    48c4:	1d 84 f6 ff 	sub	-10(r4),r13	;0xfff6(r4)
    48c8:	1f 44 f4 ff 	mov	-12(r4),r15	;0xfff4(r4)
    48cc:	0f 5f       	rla	r15		
    48ce:	0f 5f       	rla	r15		
    48d0:	1e 44 fa ff 	mov	-6(r4),	r14	;0xfffa(r4)
    48d4:	0e 5f       	add	r15,	r14	
    48d6:	3f 40 03 00 	mov	#3,	r15	;#0x0003
    48da:	1f 84 f6 ff 	sub	-10(r4),r15	;0xfff6(r4)
    48de:	0f 5e       	add	r14,	r15	
    48e0:	6e 4f       	mov.b	@r15,	r14	
    48e2:	1f 44 f8 ff 	mov	-8(r4),	r15	;0xfff8(r4)
    48e6:	4f 4f       	mov.b	r15,	r15	
    48e8:	7f f0 0f 00 	and.b	#15,	r15	;#0x000f
    48ec:	4e ef       	xor.b	r15,	r14	
    48ee:	0f 4c       	mov	r12,	r15	
    48f0:	0f 5d       	add	r13,	r15	
    48f2:	cf 4e 00 00 	mov.b	r14,	0(r15)	;0x0000(r15)
			tempkey>>=4;
    48f6:	1f 44 f8 ff 	mov	-8(r4),	r15	;0xfff8(r4)
    48fa:	12 c3       	clrc			
    48fc:	0f 10       	rrc	r15		
    48fe:	12 c3       	clrc			
    4900:	0f 10       	rrc	r15		
    4902:	12 c3       	clrc			
    4904:	0f 10       	rrc	r15		
    4906:	12 c3       	clrc			
    4908:	0f 10       	rrc	r15		
    490a:	84 4f f8 ff 	mov	r15,	-8(r4)	;0xfff8(r4)
{
	u16 i,j,tempkey;
	for(i=0;i<4;i++)
	{
		tempkey=rkey[i];
		for(j=0;j<4;j++)
    490e:	94 53 f6 ff 	inc	-10(r4)	;0xfff6(r4)
    4912:	a4 92 f6 ff 	cmp	#4,	-10(r4)	;r2 As==10, 0xfff6(r4)
    4916:	cc 2b       	jnc	$-102    	;abs 0x48b0
	return;
}
void Sigma_KeyAdd(u8 state[4][4], const u16 *rkey)
{
	u16 i,j,tempkey;
	for(i=0;i<4;i++)
    4918:	94 53 f4 ff 	inc	-12(r4)	;0xfff4(r4)
    491c:	a4 92 f4 ff 	cmp	#4,	-12(r4)	;r2 As==10, 0xfff4(r4)
    4920:	bd 2b       	jnc	$-132    	;abs 0x489c
			state[i][3-j] ^= tempkey&0x000F;
			tempkey>>=4;
		}
	}
	return;
}
    4922:	31 50 0a 00 	add	#10,	r1	;#0x000a
    4926:	34 41       	pop	r4		
    4928:	30 41       	ret			

0000492a <Encrypt>:

void Encrypt(u8 state[4][4],u16 rkey[NBROUND+1][KSIZE>>4])
{
    492a:	04 12       	push	r4		
    492c:	04 41       	mov	r1,	r4	
    492e:	24 53       	incd	r4		
    4930:	31 50 fa ff 	add	#-6,	r1	;#0xfffa
    4934:	84 4f fa ff 	mov	r15,	-6(r4)	;0xfffa(r4)
    4938:	84 4e fc ff 	mov	r14,	-4(r4)	;0xfffc(r4)
	 u8 k;
	 
	 Sigma_KeyAdd(state, rkey[0]);
    493c:	1e 44 fc ff 	mov	-4(r4),	r14	;0xfffc(r4)
    4940:	1f 44 fa ff 	mov	-6(r4),	r15	;0xfffa(r4)
    4944:	b0 12 84 48 	call	#0x4884	
	 
     for(k=0; k<NBROUND;k++)
    4948:	c4 43 f8 ff 	mov.b	#0,	-8(r4)	;r3 As==00, 0xfff8(r4)
    494c:	1b 3c       	jmp	$+56     	;abs 0x4984
     {
		 Gamma_SBox(state);
    494e:	1f 44 fa ff 	mov	-6(r4),	r15	;0xfffa(r4)
    4952:	b0 12 d6 45 	call	#0x45d6	
		 Pi_Permut(state);
    4956:	1f 44 fa ff 	mov	-6(r4),	r15	;0xfffa(r4)
    495a:	b0 12 ec 46 	call	#0x46ec	
		 Tau_Transp(state);
    495e:	1f 44 fa ff 	mov	-6(r4),	r15	;0xfffa(r4)
    4962:	b0 12 e8 47 	call	#0x47e8	
		 Sigma_KeyAdd(state, rkey[k+1]);
    4966:	5f 44 f8 ff 	mov.b	-8(r4),	r15	;0xfff8(r4)
    496a:	1f 53       	inc	r15		
    496c:	0f 5f       	rla	r15		
    496e:	0f 5f       	rla	r15		
    4970:	0f 5f       	rla	r15		
    4972:	1f 54 fc ff 	add	-4(r4),	r15	;0xfffc(r4)
    4976:	0e 4f       	mov	r15,	r14	
    4978:	1f 44 fa ff 	mov	-6(r4),	r15	;0xfffa(r4)
    497c:	b0 12 84 48 	call	#0x4884	
{
	 u8 k;
	 
	 Sigma_KeyAdd(state, rkey[0]);
	 
     for(k=0; k<NBROUND;k++)
    4980:	d4 53 f8 ff 	inc.b	-8(r4)		;0xfff8(r4)
    4984:	f4 90 0c 00 	cmp.b	#12,	-8(r4)	;#0x000c, 0xfff8(r4)
    4988:	f8 ff 
    498a:	e1 2b       	jnc	$-60     	;abs 0x494e
		 Gamma_SBox(state);
		 Pi_Permut(state);
		 Tau_Transp(state);
		 Sigma_KeyAdd(state, rkey[k+1]);
     }
     Tau_Transp(state);
    498c:	1f 44 fa ff 	mov	-6(r4),	r15	;0xfffa(r4)
    4990:	b0 12 e8 47 	call	#0x47e8	
	 Pi_Permut(state);
    4994:	1f 44 fa ff 	mov	-6(r4),	r15	;0xfffa(r4)
    4998:	b0 12 ec 46 	call	#0x46ec	
	 Tau_Transp(state); 
    499c:	1f 44 fa ff 	mov	-6(r4),	r15	;0xfffa(r4)
    49a0:	b0 12 e8 47 	call	#0x47e8	

	 return;
}
    49a4:	31 50 06 00 	add	#6,	r1	;#0x0006
    49a8:	34 41       	pop	r4		
    49aa:	30 41       	ret			

000049ac <Decrypt>:

void Decrypt(u8 state[4][4],u16 dkey[NBROUND+1][KSIZE>>4])
{
    49ac:	04 12       	push	r4		
    49ae:	04 41       	mov	r1,	r4	
    49b0:	24 53       	incd	r4		
    49b2:	31 50 fa ff 	add	#-6,	r1	;#0xfffa
    49b6:	84 4f fa ff 	mov	r15,	-6(r4)	;0xfffa(r4)
    49ba:	84 4e fc ff 	mov	r14,	-4(r4)	;0xfffc(r4)
   	 u8 i,j,k;
   	 u16 tempkey;
	 
	 Sigma_KeyAdd(state, dkey[0]); 
    49be:	1e 44 fc ff 	mov	-4(r4),	r14	;0xfffc(r4)
    49c2:	1f 44 fa ff 	mov	-6(r4),	r15	;0xfffa(r4)
    49c6:	b0 12 84 48 	call	#0x4884	
     for(k=0; k<NBROUND;k++)
    49ca:	c4 43 f8 ff 	mov.b	#0,	-8(r4)	;r3 As==00, 0xfff8(r4)
    49ce:	1b 3c       	jmp	$+56     	;abs 0x4a06
     {
		 Gamma_SBox_Inv(state);
    49d0:	1f 44 fa ff 	mov	-6(r4),	r15	;0xfffa(r4)
    49d4:	b0 12 60 46 	call	#0x4660	
		 Pi_Permut(state);
    49d8:	1f 44 fa ff 	mov	-6(r4),	r15	;0xfffa(r4)
    49dc:	b0 12 ec 46 	call	#0x46ec	
    	 Tau_Transp(state);
    49e0:	1f 44 fa ff 	mov	-6(r4),	r15	;0xfffa(r4)
    49e4:	b0 12 e8 47 	call	#0x47e8	
    	 Sigma_KeyAdd(state, dkey[k+1]);    	
    49e8:	5f 44 f8 ff 	mov.b	-8(r4),	r15	;0xfff8(r4)
    49ec:	1f 53       	inc	r15		
    49ee:	0f 5f       	rla	r15		
    49f0:	0f 5f       	rla	r15		
    49f2:	0f 5f       	rla	r15		
    49f4:	1f 54 fc ff 	add	-4(r4),	r15	;0xfffc(r4)
    49f8:	0e 4f       	mov	r15,	r14	
    49fa:	1f 44 fa ff 	mov	-6(r4),	r15	;0xfffa(r4)
    49fe:	b0 12 84 48 	call	#0x4884	
{
   	 u8 i,j,k;
   	 u16 tempkey;
	 
	 Sigma_KeyAdd(state, dkey[0]); 
     for(k=0; k<NBROUND;k++)
    4a02:	d4 53 f8 ff 	inc.b	-8(r4)		;0xfff8(r4)
    4a06:	f4 90 0c 00 	cmp.b	#12,	-8(r4)	;#0x000c, 0xfff8(r4)
    4a0a:	f8 ff 
    4a0c:	e1 2b       	jnc	$-60     	;abs 0x49d0
		 Gamma_SBox_Inv(state);
		 Pi_Permut(state);
    	 Tau_Transp(state);
    	 Sigma_KeyAdd(state, dkey[k+1]);    	
     } 
     Tau_Transp(state);
    4a0e:	1f 44 fa ff 	mov	-6(r4),	r15	;0xfffa(r4)
    4a12:	b0 12 e8 47 	call	#0x47e8	
	 Pi_Permut(state);
    4a16:	1f 44 fa ff 	mov	-6(r4),	r15	;0xfffa(r4)
    4a1a:	b0 12 ec 46 	call	#0x46ec	
	 Tau_Transp(state); 
    4a1e:	1f 44 fa ff 	mov	-6(r4),	r15	;0xfffa(r4)
    4a22:	b0 12 e8 47 	call	#0x47e8	
    
	 return;

}
    4a26:	31 50 06 00 	add	#6,	r1	;#0x0006
    4a2a:	34 41       	pop	r4		
    4a2c:	30 41       	ret			

00004a2e <delay>:
/**************************************************/
/********************* DELAY **********************/
/**************************************************/

void delay(unsigned int d) 
{
    4a2e:	04 12       	push	r4		
    4a30:	04 41       	mov	r1,	r4	
    4a32:	24 53       	incd	r4		
    4a34:	31 50 fa ff 	add	#-6,	r1	;#0xfffa
    4a38:	84 4f fc ff 	mov	r15,	-4(r4)	;0xfffc(r4)
  unsigned int i,j;
  for(j=0; j < 0xff; j++)
    4a3c:	84 43 fa ff 	mov	#0,	-6(r4)	;r3 As==00, 0xfffa(r4)
    4a40:	0d 3c       	jmp	$+28     	;abs 0x4a5c
    {
      for (i = 0; i<d; i++) 
    4a42:	84 43 f8 ff 	mov	#0,	-8(r4)	;r3 As==00, 0xfff8(r4)
    4a46:	04 3c       	jmp	$+10     	;abs 0x4a50
	{
	  nop();
    4a48:	03 43       	nop			
	  nop();
    4a4a:	03 43       	nop			
void delay(unsigned int d) 
{
  unsigned int i,j;
  for(j=0; j < 0xff; j++)
    {
      for (i = 0; i<d; i++) 
    4a4c:	94 53 f8 ff 	inc	-8(r4)		;0xfff8(r4)
    4a50:	94 94 fc ff 	cmp	-4(r4),	-8(r4)	;0xfffc(r4), 0xfff8(r4)
    4a54:	f8 ff 
    4a56:	f8 2b       	jnc	$-14     	;abs 0x4a48
/**************************************************/

void delay(unsigned int d) 
{
  unsigned int i,j;
  for(j=0; j < 0xff; j++)
    4a58:	94 53 fa ff 	inc	-6(r4)		;0xfffa(r4)
    4a5c:	b4 90 ff 00 	cmp	#255,	-6(r4)	;#0x00ff, 0xfffa(r4)
    4a60:	fa ff 
    4a62:	ef 2b       	jnc	$-32     	;abs 0x4a42
	{
	  nop();
	  nop();
	}
    }
}
    4a64:	31 50 06 00 	add	#6,	r1	;#0x0006
    4a68:	34 41       	pop	r4		
    4a6a:	30 41       	ret			

00004a6c <uart1_init>:

#define UART1_BIT_RX (1 << UART1_PIN_RX)
#define UART1_BIT_TX (1 << UART1_PIN_TX)

int uart1_init()
{
    4a6c:	04 12       	push	r4		
    4a6e:	04 41       	mov	r1,	r4	
    4a70:	24 53       	incd	r4		

  WDTCTL = WDTPW + WDTHOLD;
    4a72:	b2 40 80 5a 	mov	#23168,	&0x0120	;#0x5a80
    4a76:	20 01 

  P1IE   = 0x00;        // Interrupt enable
    4a78:	c2 43 25 00 	mov.b	#0,	&0x0025	;r3 As==00
  P2IE   = 0x00;        // 0:disable 1:enable
    4a7c:	c2 43 2d 00 	mov.b	#0,	&0x002d	;r3 As==00

  //Init of MSP430 Usart1 pins
  P3SEL |= (UART1_BIT_RX | UART1_BIT_TX);
    4a80:	5f 42 1b 00 	mov.b	&0x001b,r15	
    4a84:	7f d0 c0 ff 	bis.b	#-64,	r15	;#0xffc0
    4a88:	c2 4f 1b 00 	mov.b	r15,	&0x001b	

  //Init of USART1 Module
  U1ME  |= UTXE1|URXE1;           //Enable USART1 transmiter and receiver (UART mode)
    4a8c:	5f 42 05 00 	mov.b	&0x0005,r15	
    4a90:	7f d0 30 00 	bis.b	#48,	r15	;#0x0030
    4a94:	c2 4f 05 00 	mov.b	r15,	&0x0005	
  
  U1CTL  = SWRST;                 //reset
    4a98:	d2 43 78 00 	mov.b	#1,	&0x0078	;r3 As==01
  U1CTL  = CHAR;                  //init & release reset
    4a9c:	f2 40 10 00 	mov.b	#16,	&0x0078	;#0x0010
    4aa0:	78 00 
  
  U1TCTL = SSEL1 | TXEPT;        //use SMCLK 
    4aa2:	f2 40 21 00 	mov.b	#33,	&0x0079	;#0x0021
    4aa6:	79 00 
  U1RCTL = 0;
    4aa8:	c2 43 7a 00 	mov.b	#0,	&0x007a	;r3 As==00
  // 38400 @ SMCLK 1MHz
#define U1BR1_INIT        0
#define U1BR0_INIT        0x1B
#define U1MCTL_INIT       0x03
  
  U1BR1  = U1BR1_INIT;
    4aac:	c2 43 7d 00 	mov.b	#0,	&0x007d	;r3 As==00
  U1BR0  = U1BR0_INIT;
    4ab0:	f2 40 1b 00 	mov.b	#27,	&0x007c	;#0x001b
    4ab4:	7c 00 
  U1MCTL = U1MCTL_INIT;
    4ab6:	f2 40 03 00 	mov.b	#3,	&0x007b	;#0x0003
    4aba:	7b 00 

  delay(0x800);
    4abc:	3f 40 00 08 	mov	#2048,	r15	;#0x0800
    4ac0:	b0 12 2e 4a 	call	#0x4a2e	
  return 0;
    4ac4:	0f 43       	clr	r15		
}
    4ac6:	34 41       	pop	r4		
    4ac8:	30 41       	ret			

00004aca <uart1_putchar>:

int uart1_putchar(int c)
{
    4aca:	04 12       	push	r4		
    4acc:	04 41       	mov	r1,	r4	
    4ace:	24 53       	incd	r4		
    4ad0:	21 83       	decd	r1		
    4ad2:	84 4f fc ff 	mov	r15,	-4(r4)	;0xfffc(r4)
  U1TXBUF = c;
    4ad6:	1f 44 fc ff 	mov	-4(r4),	r15	;0xfffc(r4)
    4ada:	4f 4f       	mov.b	r15,	r15	
    4adc:	c2 4f 7f 00 	mov.b	r15,	&0x007f	
  while ((U1TCTL & TXEPT) != TXEPT);
    4ae0:	03 43       	nop			
    4ae2:	5f 42 79 00 	mov.b	&0x0079,r15	
    4ae6:	4f 4f       	mov.b	r15,	r15	
    4ae8:	1f f3       	and	#1,	r15	;r3 As==01
    4aea:	0f 93       	tst	r15		
    4aec:	fa 27       	jz	$-10     	;abs 0x4ae2
  return (unsigned char)c;
    4aee:	1f 44 fc ff 	mov	-4(r4),	r15	;0xfffc(r4)
    4af2:	4f 4f       	mov.b	r15,	r15	
    4af4:	4f 4f       	mov.b	r15,	r15	
}
    4af6:	21 53       	incd	r1		
    4af8:	34 41       	pop	r4		
    4afa:	30 41       	ret			

00004afc <putchar>:
/**************************************************/
/******************** PUT CHAR *********************/
/**************************************************/

int putchar(int c)
{
    4afc:	04 12       	push	r4		
    4afe:	04 41       	mov	r1,	r4	
    4b00:	24 53       	incd	r4		
    4b02:	21 83       	decd	r1		
    4b04:	84 4f fc ff 	mov	r15,	-4(r4)	;0xfffc(r4)
  return uart1_putchar(c);
    4b08:	1f 44 fc ff 	mov	-4(r4),	r15	;0xfffc(r4)
    4b0c:	b0 12 ca 4a 	call	#0x4aca	
}
    4b10:	21 53       	incd	r1		
    4b12:	34 41       	pop	r4		
    4b14:	30 41       	ret			

00004b16 <start_encrypt>:
/******************** END EXPE*********************/
/**************************************************/

void
start_encrypt()
{
    4b16:	04 12       	push	r4		
    4b18:	04 41       	mov	r1,	r4	
    4b1a:	24 53       	incd	r4		
  ;
}
    4b1c:	34 41       	pop	r4		
    4b1e:	30 41       	ret			

00004b20 <start_decrypt>:
void
start_decrypt()
{
    4b20:	04 12       	push	r4		
    4b22:	04 41       	mov	r1,	r4	
    4b24:	24 53       	incd	r4		
  ;
}
    4b26:	34 41       	pop	r4		
    4b28:	30 41       	ret			

00004b2a <end_expe>:


void
end_expe()
{
    4b2a:	04 12       	push	r4		
    4b2c:	04 41       	mov	r1,	r4	
    4b2e:	24 53       	incd	r4		
  ;
}
    4b30:	34 41       	pop	r4		
    4b32:	30 41       	ret			

00004b34 <memcpy>:
    4b34:	0b 12       	push	r11		
    4b36:	0a 12       	push	r10		
    4b38:	09 12       	push	r9		
    4b3a:	08 12       	push	r8		
    4b3c:	07 12       	push	r7		
    4b3e:	0d 93       	tst	r13		
    4b40:	70 24       	jz	$+226    	;abs 0x4c22
    4b42:	0f 9e       	cmp	r14,	r15	
    4b44:	6e 24       	jz	$+222    	;abs 0x4c22
    4b46:	34 2c       	jc	$+106    	;abs 0x4bb0
    4b48:	0c 4e       	mov	r14,	r12	
    4b4a:	0c df       	bis	r15,	r12	
    4b4c:	1c f3       	and	#1,	r12	;r3 As==01
    4b4e:	1b 24       	jz	$+56     	;abs 0x4b86
    4b50:	0c 4e       	mov	r14,	r12	
    4b52:	0c ef       	xor	r15,	r12	
    4b54:	1c f3       	and	#1,	r12	;r3 As==01
    4b56:	07 20       	jnz	$+16     	;abs 0x4b66
    4b58:	2d 93       	cmp	#2,	r13	;r3 As==10
    4b5a:	07 28       	jnc	$+16     	;abs 0x4b6a
    4b5c:	0b 4e       	mov	r14,	r11	
    4b5e:	1b f3       	and	#1,	r11	;r3 As==01
    4b60:	2c 43       	mov	#2,	r12	;r3 As==10
    4b62:	0c 8b       	sub	r11,	r12	
    4b64:	03 3c       	jmp	$+8      	;abs 0x4b6c
    4b66:	0c 4d       	mov	r13,	r12	
    4b68:	01 3c       	jmp	$+4      	;abs 0x4b6c
    4b6a:	1c 43       	mov	#1,	r12	;r3 As==01
    4b6c:	0d 8c       	sub	r12,	r13	
    4b6e:	0a 4c       	mov	r12,	r10	
    4b70:	09 4e       	mov	r14,	r9	
    4b72:	0b 4f       	mov	r15,	r11	
    4b74:	fb 49 00 00 	mov.b	@r9+,	0(r11)	;0x0000(r11)
    4b78:	1b 53       	inc	r11		
    4b7a:	3a 53       	add	#-1,	r10	;r3 As==11
    4b7c:	fb 23       	jnz	$-8      	;abs 0x4b74
    4b7e:	0a 4f       	mov	r15,	r10	
    4b80:	0a 5c       	add	r12,	r10	
    4b82:	0e 5c       	add	r12,	r14	
    4b84:	01 3c       	jmp	$+4      	;abs 0x4b88
    4b86:	0a 4f       	mov	r15,	r10	
    4b88:	0b 4d       	mov	r13,	r11	
    4b8a:	12 c3       	clrc			
    4b8c:	0b 10       	rrc	r11		
    4b8e:	0b 24       	jz	$+24     	;abs 0x4ba6
    4b90:	09 4b       	mov	r11,	r9	
    4b92:	08 4e       	mov	r14,	r8	
    4b94:	0c 4a       	mov	r10,	r12	
    4b96:	bc 48 00 00 	mov	@r8+,	0(r12)	;0x0000(r12)
    4b9a:	2c 53       	incd	r12		
    4b9c:	39 53       	add	#-1,	r9	;r3 As==11
    4b9e:	fb 23       	jnz	$-8      	;abs 0x4b96
    4ba0:	0b 5b       	rla	r11		
    4ba2:	0e 5b       	add	r11,	r14	
    4ba4:	0a 5b       	add	r11,	r10	
    4ba6:	1d f3       	and	#1,	r13	;r3 As==01
    4ba8:	3c 24       	jz	$+122    	;abs 0x4c22
    4baa:	ea 4e 00 00 	mov.b	@r14,	0(r10)	;0x0000(r10)
    4bae:	39 3c       	jmp	$+116    	;abs 0x4c22
    4bb0:	0e 5d       	add	r13,	r14	
    4bb2:	0c 4f       	mov	r15,	r12	
    4bb4:	0c 5d       	add	r13,	r12	
    4bb6:	0b 4c       	mov	r12,	r11	
    4bb8:	0b de       	bis	r14,	r11	
    4bba:	1b f3       	and	#1,	r11	;r3 As==01
    4bbc:	1b 24       	jz	$+56     	;abs 0x4bf4
    4bbe:	0b 4c       	mov	r12,	r11	
    4bc0:	0b ee       	xor	r14,	r11	
    4bc2:	1b f3       	and	#1,	r11	;r3 As==01
    4bc4:	06 20       	jnz	$+14     	;abs 0x4bd2
    4bc6:	3d 90 03 00 	cmp	#3,	r13	;#0x0003
    4bca:	03 28       	jnc	$+8      	;abs 0x4bd2
    4bcc:	0b 4e       	mov	r14,	r11	
    4bce:	1b f3       	and	#1,	r11	;r3 As==01
    4bd0:	01 3c       	jmp	$+4      	;abs 0x4bd4
    4bd2:	0b 4d       	mov	r13,	r11	
    4bd4:	0d 8b       	sub	r11,	r13	
    4bd6:	09 4e       	mov	r14,	r9	
    4bd8:	0a 4c       	mov	r12,	r10	
    4bda:	08 4b       	mov	r11,	r8	
    4bdc:	08 8c       	sub	r12,	r8	
    4bde:	3a 53       	add	#-1,	r10	;r3 As==11
    4be0:	39 53       	add	#-1,	r9	;r3 As==11
    4be2:	ea 49 00 00 	mov.b	@r9,	0(r10)	;0x0000(r10)
    4be6:	07 4a       	mov	r10,	r7	
    4be8:	07 58       	add	r8,	r7	
    4bea:	f9 23       	jnz	$-12     	;abs 0x4bde
    4bec:	3b e3       	inv	r11		
    4bee:	1b 53       	inc	r11		
    4bf0:	0c 5b       	add	r11,	r12	
    4bf2:	0e 5b       	add	r11,	r14	
    4bf4:	0b 4d       	mov	r13,	r11	
    4bf6:	12 c3       	clrc			
    4bf8:	0b 10       	rrc	r11		
    4bfa:	0e 24       	jz	$+30     	;abs 0x4c18
    4bfc:	0a 4b       	mov	r11,	r10	
    4bfe:	08 4e       	mov	r14,	r8	
    4c00:	09 4c       	mov	r12,	r9	
    4c02:	28 83       	decd	r8		
    4c04:	29 83       	decd	r9		
    4c06:	a9 48 00 00 	mov	@r8,	0(r9)	;0x0000(r9)
    4c0a:	3a 53       	add	#-1,	r10	;r3 As==11
    4c0c:	fa 23       	jnz	$-10     	;abs 0x4c02
    4c0e:	0a 8b       	sub	r11,	r10	
    4c10:	0b 4a       	mov	r10,	r11	
    4c12:	0b 5b       	rla	r11		
    4c14:	0e 5b       	add	r11,	r14	
    4c16:	0c 5b       	add	r11,	r12	
    4c18:	1d f3       	and	#1,	r13	;r3 As==01
    4c1a:	03 24       	jz	$+8      	;abs 0x4c22
    4c1c:	dc 4e ff ff 	mov.b	-1(r14),-1(r12)	;0xffff(r14), 0xffff(r12)
    4c20:	ff ff 
    4c22:	37 41       	pop	r7		
    4c24:	38 41       	pop	r8		
    4c26:	39 41       	pop	r9		
    4c28:	3a 41       	pop	r10		
    4c2a:	3b 41       	pop	r11		
    4c2c:	30 41       	ret			

00004c2e <_unexpected_>:
    4c2e:	00 13       	reti			

Disassembly of section .vectors:

0000ffe0 <__ivtbl_16>:
    ffe0:	de 40 de 40 de 40 de 40 de 40 de 40 de 40 de 40     .@.@.@.@.@.@.@.@
    fff0:	de 40 de 40 de 40 de 40 de 40 de 40 de 40 00 40     .@.@.@.@.@.@.@.@
