
mcrypton.elf:     file format elf32-msp430

SYMBOL TABLE:
00004000 l    d  .text	00000000 .text
00004dc4 l    d  .rodata	00000000 .rodata
00001100 l    d  .data	00000000 .data
00001110 l    d  .noinit	00000000 .noinit
0000ffe0 l    d  .vectors	00000000 .vectors
00000000 l    d  .debug_aranges	00000000 .debug_aranges
00000000 l    d  .debug_info	00000000 .debug_info
00000000 l    d  .debug_abbrev	00000000 .debug_abbrev
00000000 l    d  .debug_line	00000000 .debug_line
00000000 l    d  .debug_frame	00000000 .debug_frame
00000000 l    d  .debug_str	00000000 .debug_str
00000000 l    d  .debug_loc	00000000 .debug_loc
00000000 l    d  .debug_ranges	00000000 .debug_ranges
00000000 l    df *ABS*	00000000 mCrypton128.c
00004dc4 l     O .rodata	00000020 KSCte
00004de4 l     O .rodata	00000040 sBox
00004e24 l     O .rodata	00000004 Mask
000040de l       .text	00000000 __br_unexpected_
00000000 l    df *ABS*	00000000 tools.c
00000000 l    df *ABS*	00000000 memcpy.c
00004c90 g     F .text	0000001a putchar
00000057 g       *ABS*	00000000 __BCSCTL1
0000005a g       *ABS*	00000000 __CACTL2
00000174 g       *ABS*	00000000 __TACCR1
00000084 g       *ABS*	00000000 __ADC12MCTL4
00000010 g       *ABS*	00000000 __data_size
0000015a g       *ABS*	00000000 __ADC12MEM13
00000052 g       *ABS*	00000000 __I2CNDAT
000040de  w      .text	00000000 __isr_14
00000128 g       *ABS*	00000000 __FCTL1
00000024 g       *ABS*	00000000 __P1IES
0000007b g       *ABS*	00000000 __U1MCTL
000001f6 g       *ABS*	00000000 __DMA2SZ
000040de  w      .text	00000000 __isr_4
00000002 g       *ABS*	00000000 __IFG1
00000076 g       *ABS*	00000000 __I2CDRW
00004b3e g     F .text	00000084 Decrypt
0000007e g       *ABS*	00000000 __U1RXBUF
00000138 g       *ABS*	00000000 __OP2
00000076 g       *ABS*	00000000 __U0RXBUF
000001a4 g       *ABS*	00000000 __ADC12IFG
0000012e g       *ABS*	00000000 __TAIV
000001e6 g       *ABS*	00000000 __DMA0SZ
00000000 g       .vectors	00000000 _efartext
0000007c g       *ABS*	00000000 __U1BR0
00000130 g       *ABS*	00000000 __MPY
00000001 g       *ABS*	00000000 __IE2
0000013a g       *ABS*	00000000 __RESLO
00000136 g       *ABS*	00000000 __MACS
00000087 g       *ABS*	00000000 __ADC12MCTL7
0000002b g       *ABS*	00000000 __P2IFG
0000001a g       *ABS*	00000000 __P3DIR
00004e28 g       *ABS*	00000000 _etext
00000190 g       *ABS*	00000000 __TBR
0000001d g       *ABS*	00000000 __P4OUT
000001f4 g       *ABS*	00000000 __DMA2DA
00000000 g       *ABS*	00000000 __bss_size
00000081 g       *ABS*	00000000 __ADC12MCTL1
00004c00 g     F .text	0000005e uart1_init
00000152 g       *ABS*	00000000 __ADC12MEM9
00004000  w      .text	00000000 __watchdog_support
000040d8  w      .text	00000000 __stop_progExec__
00004cc8 g     F .text	000000fa memcpy
00000050 g       *ABS*	00000000 __I2CIE
0000002d g       *ABS*	00000000 __P2IE
000001e4 g       *ABS*	00000000 __DMA0DA
00000192 g       *ABS*	00000000 __TBCCR0
000040de  w      .text	00000000 __isr_11
00000186 g       *ABS*	00000000 __TBCCTL2
00004766 g     F .text	0000008a Gamma_SBox
000047f0 g     F .text	0000008c Gamma_SBox_Inv
00004cbe g     F .text	0000000a end_expe
00000025 g       *ABS*	00000000 __P1IE
000001a0 g       *ABS*	00000000 __ADC12CTL0
00000072 g       *ABS*	00000000 __I2CDCTL
00000073 g       *ABS*	00000000 __U0MCTL
0000007a g       *ABS*	00000000 __U1RCTL
00000082 g       *ABS*	00000000 __ADC12MCTL2
0000019c g       *ABS*	00000000 __TBCCR5
000046a4 g     F .text	000000c2 Phi_Key
00000035 g       *ABS*	00000000 __P6OUT
00000034 g       *ABS*	00000000 __P6IN
000001c8 g       *ABS*	00000000 __DAC12_0DAT
00000182 g       *ABS*	00000000 __TBCCTL0
0000019e g       *ABS*	00000000 __TBCCR6
000040de  w      .text	00000000 __isr_5
00004e28 g       *ABS*	00000000 __data_load_start
000040de g       .text	00000000 __dtors_end
000001ea g       *ABS*	00000000 __DMA1SA
00000088 g       *ABS*	00000000 __ADC12MCTL8
00000166 g       *ABS*	00000000 __TACCTL2
000001f0 g       *ABS*	00000000 __DMA2CTL
000040de  w      .text	00000000 __isr_2
00000156 g       *ABS*	00000000 __ADC12MEM11
00000160 g       *ABS*	00000000 __TACTL
00000158 g       *ABS*	00000000 __ADC12MEM12
00000071 g       *ABS*	00000000 __I2CTCTL
0000012c g       *ABS*	00000000 __FCTL3
000040de  w      .text	00000000 __isr_10
00000148 g       *ABS*	00000000 __ADC12MEM4
0000011a g       *ABS*	00000000 __I2CSA
0000002e g       *ABS*	00000000 __P2SEL
00000180 g       *ABS*	00000000 __TBCTL
0000008d g       *ABS*	00000000 __ADC12MCTL13
0000014c g       *ABS*	00000000 __ADC12MEM6
00000023 g       *ABS*	00000000 __P1IFG
0000013c g       *ABS*	00000000 __RESHI
00004316 g     F .text	0000038e DecryptKeySchedule
00000072 g       *ABS*	00000000 __U0RCTL
00000172 g       *ABS*	00000000 __TACCR0
00000071 g       *ABS*	00000000 __U0TCTL
00000056 g       *ABS*	00000000 __DCOCTL
00000085 g       *ABS*	00000000 __ADC12MCTL5
000040e2 g     F .text	00000234 EncryptKeySchedule
00000003 g       *ABS*	00000000 __IFG2
00000005 g       *ABS*	00000000 __ME2
00001110 g     O .noinit	00000002 __wdt_clear_value
00000079 g       *ABS*	00000000 __U1TCTL
0000001b g       *ABS*	00000000 __P3SEL
000001e0 g       *ABS*	00000000 __DMA0CTL
000040de  w      .text	00000000 __isr_7
0000ffe0 g     O .vectors	00000020 __ivtbl_16
00000028 g       *ABS*	00000000 __P2IN
0000014e g       *ABS*	00000000 __ADC12MEM7
00000184 g       *ABS*	00000000 __TBCCTL1
0000005b g       *ABS*	00000000 __CAPD
00000075 g       *ABS*	00000000 __I2CSCLL
000040de  w      .text	00000000 __isr_0
00000029 g       *ABS*	00000000 __P2OUT
0000012a g       *ABS*	00000000 __FCTL2
00004028  w      .text	00000000 __do_clear_bss
0000008f g       *ABS*	00000000 __ADC12MCTL15
00000021 g       *ABS*	00000000 __P1OUT
0000002c g       *ABS*	00000000 __P2IES
0000015c g       *ABS*	00000000 __ADC12MEM14
00000026 g       *ABS*	00000000 __P1SEL
00000198 g       *ABS*	00000000 __TBCCR3
00000080 g       *ABS*	00000000 __ADC12MCTL0
00000140 g       *ABS*	00000000 __ADC12MEM0
00000074 g       *ABS*	00000000 __U0BR0
00000051 g       *ABS*	00000000 __I2CIFG
00004dc2  w      .text	00000000 _unexpected_
000040de  w      .text	00000000 __isr_8
0000014a g       *ABS*	00000000 __ADC12MEM5
00000070 g       *ABS*	00000000 __U0CTL
0000018a g       *ABS*	00000000 __TBCCTL4
00000073 g       *ABS*	00000000 __I2CPSC
0000008e g       *ABS*	00000000 __ADC12MCTL14
000040de  w      .text	00000000 __isr_3
000001a6 g       *ABS*	00000000 __ADC12IE
00004c5e g     F .text	00000032 uart1_putchar
00000144 g       *ABS*	00000000 __ADC12MEM2
000001ee g       *ABS*	00000000 __DMA1SZ
00000033 g       *ABS*	00000000 __P5SEL
00000030 g       *ABS*	00000000 __P5IN
00004000  w      .text	00000000 _reset_vector__
00004978 g     F .text	0000009c Tau_Transp
000040de g       .text	00000000 __ctors_start
000040de  w      .text	00000000 __isr_12
00000036 g       *ABS*	00000000 __P6DIR
00000018 g       *ABS*	00000000 __P3IN
00004010  w      .text	00000000 __do_copy_data
00000150 g       *ABS*	00000000 __ADC12MEM8
00000142 g       *ABS*	00000000 __ADC12MEM1
00001110 g       .data	00000000 __bss_start
0000007d g       *ABS*	00000000 __U1BR1
0000403e g     F .text	0000009a main
00000176 g       *ABS*	00000000 __TACCR2
0000019a g       *ABS*	00000000 __TBCCR4
000040de  w      .text	00000000 __isr_13
00000078 g       *ABS*	00000000 __U1CTL
000001e2 g       *ABS*	00000000 __DMA0SA
00000170 g       *ABS*	00000000 __TAR
00000124 g       *ABS*	00000000 __DMACTL1
0000487c g     F .text	000000fc Pi_Permut
0000001e g       *ABS*	00000000 __P4DIR
00000162 g       *ABS*	00000000 __TACCTL0
00010000 g       .vectors	00000000 _vectors_end
00000154 g       *ABS*	00000000 __ADC12MEM10
000001f2 g       *ABS*	00000000 __DMA2SA
0000002a g       *ABS*	00000000 __P2DIR
00000089 g       *ABS*	00000000 __ADC12MCTL9
0000008a g       *ABS*	00000000 __ADC12MCTL10
00004bc2 g     F .text	0000003e delay
00000032 g       *ABS*	00000000 __P5DIR
000001c2 g       *ABS*	00000000 __DAC12_1CTL
000001a2 g       *ABS*	00000000 __ADC12CTL1
000001a8 g       *ABS*	00000000 __ADC12IV
000001e8 g       *ABS*	00000000 __DMA1CTL
00000075 g       *ABS*	00000000 __U0BR1
000040de  w      .text	00000000 __isr_9
0000018c g       *ABS*	00000000 __TBCCTL5
0000400c  w      .text	00000000 __init_stack
00000086 g       *ABS*	00000000 __ADC12MCTL6
00000188 g       *ABS*	00000000 __TBCCTL3
00000019 g       *ABS*	00000000 __P3OUT
000001ca g       *ABS*	00000000 __DAC12_1DAT
000040de g       .text	00000000 __dtors_start
000040de  w      .text	00000000 __isr_6
000040de g       .text	00000000 __ctors_end
00000132 g       *ABS*	00000000 __MPYS
0000011c g       *ABS*	00000000 __I2CIV
00000004 g       *ABS*	00000000 __ME1
00003900 g       *ABS*	00000000 __stack
00000037 g       *ABS*	00000000 __P6SEL
000040de  w      .text	00000000 __isr_1
0000008c g       *ABS*	00000000 __ADC12MCTL12
00001110 g       .data	00000000 _edata
00000077 g       *ABS*	00000000 __U0TXBUF
00001112 g       *ABS*	00000000 _end
00000194 g       *ABS*	00000000 __TBCCR1
0000011e g       *ABS*	00000000 __TBIV
000001c0 g       *ABS*	00000000 __DAC12_0CTL
00004caa g     F .text	0000000a start_encrypt
00004a14 g     F .text	000000a6 Sigma_KeyAdd
0000015e g       *ABS*	00000000 __ADC12MEM15
00000134 g       *ABS*	00000000 __MAC
00000058 g       *ABS*	00000000 __BCSCTL2
000040d8  w      .text	00000000 _endless_loop__
00000122 g       *ABS*	00000000 __DMACTL0
0000001f g       *ABS*	00000000 __P4SEL
00000196 g       *ABS*	00000000 __TBCCR2
00000022 g       *ABS*	00000000 __P1DIR
00000146 g       *ABS*	00000000 __ADC12MEM3
00000076 g       *ABS*	00000000 __I2CDRB
00000118 g       *ABS*	00000000 __I2COA
00000164 g       *ABS*	00000000 __TACCTL1
0000007f g       *ABS*	00000000 __U1TXBUF
00000055 g       *ABS*	00000000 __SVSCTL
00004010  w      .text	00000000 __low_level_init
00004cb4 g     F .text	0000000a start_decrypt
00001100 g       .data	00000000 __data_start
0000018e g       *ABS*	00000000 __TBCCTL6
00000074 g       *ABS*	00000000 __I2CSCLH
000001ec g       *ABS*	00000000 __DMA1DA
00000120 g       *ABS*	00000000 __WDTCTL
00000083 g       *ABS*	00000000 __ADC12MCTL3
00000000 g       *ABS*	00000000 __IE1
00000059 g       *ABS*	00000000 __CACTL1
00000020 g       *ABS*	00000000 __P1IN
0000001c g       *ABS*	00000000 __P4IN
00004aba g     F .text	00000084 Encrypt
0000008b g       *ABS*	00000000 __ADC12MCTL11
0000013e g       *ABS*	00000000 __SUMEXT
00000031 g       *ABS*	00000000 __P5OUT



Disassembly of section .text:

00004000 <__watchdog_support>:
    4000:	55 42 20 01 	mov.b	&0x0120,r5	
    4004:	35 d0 08 5a 	bis	#23048,	r5	;#0x5a08
    4008:	82 45 10 11 	mov	r5,	&0x1110	

0000400c <__init_stack>:
    400c:	31 40 00 39 	mov	#14592,	r1	;#0x3900

00004010 <__do_copy_data>:
    4010:	3f 40 10 00 	mov	#16,	r15	;#0x0010
    4014:	0f 93       	tst	r15		
    4016:	08 24       	jz	$+18     	;abs 0x4028
    4018:	92 42 10 11 	mov	&0x1110,&0x0120	
    401c:	20 01 
    401e:	2f 83       	decd	r15		
    4020:	9f 4f 28 4e 	mov	20008(r15),4352(r15);0x4e28(r15), 0x1100(r15)
    4024:	00 11 
    4026:	f8 23       	jnz	$-14     	;abs 0x4018

00004028 <__do_clear_bss>:
    4028:	3f 40 00 00 	mov	#0,	r15	;#0x0000
    402c:	0f 93       	tst	r15		
    402e:	07 24       	jz	$+16     	;abs 0x403e
    4030:	92 42 10 11 	mov	&0x1110,&0x0120	
    4034:	20 01 
    4036:	1f 83       	dec	r15		
    4038:	cf 43 10 11 	mov.b	#0,	4368(r15);r3 As==00, 0x1110(r15)
    403c:	f9 23       	jnz	$-12     	;abs 0x4030

0000403e <main>:


/**********************************************************************/
/**********************************************************************/
int main()
{
    403e:	04 41       	mov	r1,	r4	
    4040:	24 53       	incd	r4		
    4042:	31 50 40 fe 	add	#-448,	r1	;#0xfe40
#endif

	u16 rkey[NBROUND+1][KSIZE>>4],mkey[KSIZE>>4];
	u16 dkey[NBROUND+1][KSIZE>>4];
  
    mkey[0] = 0x0001;
    4046:	94 43 0e ff 	mov	#1,	-242(r4);r3 As==01, 0xff0e(r4)
    mkey[1] = 0x0203; 
    404a:	b4 40 03 02 	mov	#515,	-240(r4);#0x0203, 0xff10(r4)
    404e:	10 ff 
    mkey[2] = 0x0405;
    4050:	b4 40 05 04 	mov	#1029,	-238(r4);#0x0405, 0xff12(r4)
    4054:	12 ff 
    mkey[3] = 0x0607;
    4056:	b4 40 07 06 	mov	#1543,	-236(r4);#0x0607, 0xff14(r4)
    405a:	14 ff 
    mkey[4] = 0x0809;
    405c:	b4 40 09 08 	mov	#2057,	-234(r4);#0x0809, 0xff16(r4)
    4060:	16 ff 
    mkey[5] = 0x0a0b;
    4062:	b4 40 0b 0a 	mov	#2571,	-232(r4);#0x0a0b, 0xff18(r4)
    4066:	18 ff 
    mkey[6] = 0x0c0d; 
    4068:	b4 40 0d 0c 	mov	#3085,	-230(r4);#0x0c0d, 0xff1a(r4)
    406c:	1a ff 
    mkey[7] = 0x0e0f;
    406e:	b4 40 0f 0e 	mov	#3599,	-228(r4);#0x0e0f, 0xff1c(r4)
    4072:	1c ff 
        
    
   u8 state[4][4]={{0,0,0,1},{0,2,0,3},{0,4,0,5},{0,6,0,7}};
    4074:	0f 44       	mov	r4,	r15	
    4076:	3f 50 ee ff 	add	#-18,	r15	;#0xffee
    407a:	3e 40 00 11 	mov	#4352,	r14	;#0x1100
    407e:	3d 40 10 00 	mov	#16,	r13	;#0x0010
    4082:	b0 12 c8 4c 	call	#0x4cc8	
}
}
printf("----------Chiffr\'e----------\n\n");
#endif		

	START_ENCRYPT();
    4086:	b0 12 aa 4c 	call	#0x4caa	
	EncryptKeySchedule(mkey,rkey);
    408a:	0f 44       	mov	r4,	r15	
    408c:	3f 50 0e ff 	add	#-242,	r15	;#0xff0e
    4090:	0e 44       	mov	r4,	r14	
    4092:	3e 50 3e fe 	add	#-450,	r14	;#0xfe3e
    4096:	b0 12 e2 40 	call	#0x40e2	
	Encrypt(state,rkey);
    409a:	0f 44       	mov	r4,	r15	
    409c:	3f 50 ee ff 	add	#-18,	r15	;#0xffee
    40a0:	0e 44       	mov	r4,	r14	
    40a2:	3e 50 3e fe 	add	#-450,	r14	;#0xfe3e
    40a6:	b0 12 ba 4a 	call	#0x4aba	
}
}
printf("----------Déchiffr\'e----------\n\n");
#endif

	START_DECRYPT();
    40aa:	b0 12 b4 4c 	call	#0x4cb4	
	DecryptKeySchedule(mkey,dkey);    
    40ae:	0e 44       	mov	r4,	r14	
    40b0:	3e 50 1e ff 	add	#-226,	r14	;#0xff1e
    40b4:	0f 44       	mov	r4,	r15	
    40b6:	3f 50 0e ff 	add	#-242,	r15	;#0xff0e
    40ba:	b0 12 16 43 	call	#0x4316	
	Decrypt(state,dkey);
    40be:	0e 44       	mov	r4,	r14	
    40c0:	3e 50 1e ff 	add	#-226,	r14	;#0xff1e
    40c4:	0f 44       	mov	r4,	r15	
    40c6:	3f 50 ee ff 	add	#-18,	r15	;#0xffee
    40ca:	b0 12 3e 4b 	call	#0x4b3e	
	END_EXPE();
    40ce:	b0 12 be 4c 	call	#0x4cbe	
printf("%X ",state[i][j]);} } printf("\n");
}
}
#endif

	return 0;
    40d2:	0f 43       	clr	r15		
}
    40d4:	31 50 c0 01 	add	#448,	r1	;#0x01c0

000040d8 <__stop_progExec__>:
    40d8:	32 d0 f0 00 	bis	#240,	r2	;#0x00f0
    40dc:	fd 3f       	jmp	$-4      	;abs 0x40d8

000040de <__ctors_end>:
    40de:	30 40 c2 4d 	br	#0x4dc2	

000040e2 <EncryptKeySchedule>:
#endif

/**********************************************************************/
/**********************************************************************/
void EncryptKeySchedule(const u16 *mkey, u16 rkey[NBROUND+1][KSIZE>>4])
{
    40e2:	04 12       	push	r4		
    40e4:	04 41       	mov	r1,	r4	
    40e6:	24 53       	incd	r4		
    40e8:	31 50 e4 ff 	add	#-28,	r1	;#0xffe4
    40ec:	84 4f fa ff 	mov	r15,	-6(r4)	;0xfffa(r4)
    40f0:	84 4e fc ff 	mov	r14,	-4(r4)	;0xfffc(r4)
	u16 i,U[KSIZE>>4],temp,temp1,temp2;
	for(i=0;i<(KSIZE>>4);i++) U[i]=mkey[i];
    40f4:	84 43 e2 ff 	mov	#0,	-30(r4)	;r3 As==00, 0xffe2(r4)
    40f8:	12 3c       	jmp	$+38     	;abs 0x411e
    40fa:	1f 44 e2 ff 	mov	-30(r4),r15	;0xffe2(r4)
    40fe:	0f 5f       	rla	r15		
    4100:	1f 54 fa ff 	add	-6(r4),	r15	;0xfffa(r4)
    4104:	2e 4f       	mov	@r15,	r14	
    4106:	1f 44 e2 ff 	mov	-30(r4),r15	;0xffe2(r4)
    410a:	0f 5f       	rla	r15		
    410c:	3d 40 e2 ff 	mov	#-30,	r13	;#0xffe2
    4110:	0d 54       	add	r4,	r13	
    4112:	0f 5d       	add	r13,	r15	
    4114:	3f 52       	add	#8,	r15	;r2 As==11
    4116:	8f 4e 00 00 	mov	r14,	0(r15)	;0x0000(r15)
    411a:	94 53 e2 ff 	inc	-30(r4)	;0xffe2(r4)
    411e:	b4 92 e2 ff 	cmp	#8,	-30(r4)	;r2 As==11, 0xffe2(r4)
    4122:	eb 2b       	jnc	$-40     	;abs 0x40fa
	for(i=0;i<NBROUND+1;i++)
    4124:	84 43 e2 ff 	mov	#0,	-30(r4)	;r3 As==00, 0xffe2(r4)
    4128:	ee 3c       	jmp	$+478    	;abs 0x4306
	{
		 temp=( sBox[0][((U[0]>>12)&0xF)] ^ KSCte[i])&0xF;
    412a:	1f 44 ea ff 	mov	-22(r4),r15	;0xffea(r4)
    412e:	8f 10       	swpb	r15		
    4130:	4f 4f       	mov.b	r15,	r15	
    4132:	12 c3       	clrc			
    4134:	0f 10       	rrc	r15		
    4136:	12 c3       	clrc			
    4138:	0f 10       	rrc	r15		
    413a:	12 c3       	clrc			
    413c:	0f 10       	rrc	r15		
    413e:	12 c3       	clrc			
    4140:	0f 10       	rrc	r15		
    4142:	5f 4f e4 4d 	mov.b	19940(r15),r15	;0x4de4(r15)
    4146:	4e 4f       	mov.b	r15,	r14	
    4148:	1f 44 e2 ff 	mov	-30(r4),r15	;0xffe2(r4)
    414c:	0f 5f       	rla	r15		
    414e:	3f 50 c4 4d 	add	#19908,	r15	;#0x4dc4
    4152:	2f 4f       	mov	@r15,	r15	
    4154:	0f ee       	xor	r14,	r15	
    4156:	0e 4f       	mov	r15,	r14	
    4158:	3e f0 0f 00 	and	#15,	r14	;#0x000f
    415c:	84 4e e4 ff 	mov	r14,	-28(r4)	;0xffe4(r4)
		 rkey[i][0]=U[1]^(temp<<12);		 
    4160:	1f 44 e2 ff 	mov	-30(r4),r15	;0xffe2(r4)
    4164:	0f 5f       	rla	r15		
    4166:	0f 5f       	rla	r15		
    4168:	0f 5f       	rla	r15		
    416a:	0f 5f       	rla	r15		
    416c:	1e 44 fc ff 	mov	-4(r4),	r14	;0xfffc(r4)
    4170:	0e 5f       	add	r15,	r14	
    4172:	1d 44 ec ff 	mov	-20(r4),r13	;0xffec(r4)
    4176:	1f 44 e4 ff 	mov	-28(r4),r15	;0xffe4(r4)
    417a:	4f 4f       	mov.b	r15,	r15	
    417c:	8f 10       	swpb	r15		
    417e:	0f 5f       	rla	r15		
    4180:	0f 5f       	rla	r15		
    4182:	0f 5f       	rla	r15		
    4184:	0f 5f       	rla	r15		
    4186:	0f ed       	xor	r13,	r15	
    4188:	8e 4f 00 00 	mov	r15,	0(r14)	;0x0000(r14)
		 temp=( sBox[1][((U[0]>>8)&0xF)]  ^ KSCte[i] )&0xF;	
    418c:	1f 44 ea ff 	mov	-22(r4),r15	;0xffea(r4)
    4190:	8f 10       	swpb	r15		
    4192:	4f 4f       	mov.b	r15,	r15	
    4194:	3f f0 0f 00 	and	#15,	r15	;#0x000f
    4198:	5f 4f f4 4d 	mov.b	19956(r15),r15	;0x4df4(r15)
    419c:	4e 4f       	mov.b	r15,	r14	
    419e:	1f 44 e2 ff 	mov	-30(r4),r15	;0xffe2(r4)
    41a2:	0f 5f       	rla	r15		
    41a4:	3f 50 c4 4d 	add	#19908,	r15	;#0x4dc4
    41a8:	2f 4f       	mov	@r15,	r15	
    41aa:	0f ee       	xor	r14,	r15	
    41ac:	0d 4f       	mov	r15,	r13	
    41ae:	3d f0 0f 00 	and	#15,	r13	;#0x000f
    41b2:	84 4d e4 ff 	mov	r13,	-28(r4)	;0xffe4(r4)
		 rkey[i][1]=U[2]^(temp<<8);	
    41b6:	1f 44 e2 ff 	mov	-30(r4),r15	;0xffe2(r4)
    41ba:	0f 5f       	rla	r15		
    41bc:	0f 5f       	rla	r15		
    41be:	0f 5f       	rla	r15		
    41c0:	0f 5f       	rla	r15		
    41c2:	1e 44 fc ff 	mov	-4(r4),	r14	;0xfffc(r4)
    41c6:	0e 5f       	add	r15,	r14	
    41c8:	1d 44 ee ff 	mov	-18(r4),r13	;0xffee(r4)
    41cc:	1f 44 e4 ff 	mov	-28(r4),r15	;0xffe4(r4)
    41d0:	4f 4f       	mov.b	r15,	r15	
    41d2:	8f 10       	swpb	r15		
    41d4:	0f ed       	xor	r13,	r15	
    41d6:	8e 4f 02 00 	mov	r15,	2(r14)	;0x0002(r14)
		 temp=( sBox[2][(U[0]>>4)&0xF]   ^KSCte[i])&0xF;
    41da:	1f 44 ea ff 	mov	-22(r4),r15	;0xffea(r4)
    41de:	12 c3       	clrc			
    41e0:	0f 10       	rrc	r15		
    41e2:	12 c3       	clrc			
    41e4:	0f 10       	rrc	r15		
    41e6:	12 c3       	clrc			
    41e8:	0f 10       	rrc	r15		
    41ea:	12 c3       	clrc			
    41ec:	0f 10       	rrc	r15		
    41ee:	3f f0 0f 00 	and	#15,	r15	;#0x000f
    41f2:	5f 4f 04 4e 	mov.b	19972(r15),r15	;0x4e04(r15)
    41f6:	4e 4f       	mov.b	r15,	r14	
    41f8:	1f 44 e2 ff 	mov	-30(r4),r15	;0xffe2(r4)
    41fc:	0f 5f       	rla	r15		
    41fe:	3f 50 c4 4d 	add	#19908,	r15	;#0x4dc4
    4202:	2f 4f       	mov	@r15,	r15	
    4204:	0f ee       	xor	r14,	r15	
    4206:	0e 4f       	mov	r15,	r14	
    4208:	3e f0 0f 00 	and	#15,	r14	;#0x000f
    420c:	84 4e e4 ff 	mov	r14,	-28(r4)	;0xffe4(r4)
		 rkey[i][2]=U[3]^(temp<<4);
    4210:	1f 44 e2 ff 	mov	-30(r4),r15	;0xffe2(r4)
    4214:	0f 5f       	rla	r15		
    4216:	0f 5f       	rla	r15		
    4218:	0f 5f       	rla	r15		
    421a:	0f 5f       	rla	r15		
    421c:	1e 44 fc ff 	mov	-4(r4),	r14	;0xfffc(r4)
    4220:	0e 5f       	add	r15,	r14	
    4222:	1d 44 f0 ff 	mov	-16(r4),r13	;0xfff0(r4)
    4226:	1f 44 e4 ff 	mov	-28(r4),r15	;0xffe4(r4)
    422a:	0f 5f       	rla	r15		
    422c:	0f 5f       	rla	r15		
    422e:	0f 5f       	rla	r15		
    4230:	0f 5f       	rla	r15		
    4232:	0f ed       	xor	r13,	r15	
    4234:	8e 4f 04 00 	mov	r15,	4(r14)	;0x0004(r14)
		 temp=( sBox[3][U[0]&0xF]       ^ KSCte[i])&0xF;
    4238:	1f 44 ea ff 	mov	-22(r4),r15	;0xffea(r4)
    423c:	3f f0 0f 00 	and	#15,	r15	;#0x000f
    4240:	5f 4f 14 4e 	mov.b	19988(r15),r15	;0x4e14(r15)
    4244:	4e 4f       	mov.b	r15,	r14	
    4246:	1f 44 e2 ff 	mov	-30(r4),r15	;0xffe2(r4)
    424a:	0f 5f       	rla	r15		
    424c:	3f 50 c4 4d 	add	#19908,	r15	;#0x4dc4
    4250:	2f 4f       	mov	@r15,	r15	
    4252:	0f ee       	xor	r14,	r15	
    4254:	0d 4f       	mov	r15,	r13	
    4256:	3d f0 0f 00 	and	#15,	r13	;#0x000f
    425a:	84 4d e4 ff 	mov	r13,	-28(r4)	;0xffe4(r4)
		 U[2]=U[1];
		 U[1]=(U[0]<<3)^(U[0]>>13);
		 U[0]=temp;
		 
#elif KSIZE == 128
		 rkey[i][3]=U[4]^temp;
    425e:	1f 44 e2 ff 	mov	-30(r4),r15	;0xffe2(r4)
    4262:	0f 5f       	rla	r15		
    4264:	0f 5f       	rla	r15		
    4266:	0f 5f       	rla	r15		
    4268:	0f 5f       	rla	r15		
    426a:	1f 54 fc ff 	add	-4(r4),	r15	;0xfffc(r4)
    426e:	1e 44 f2 ff 	mov	-14(r4),r14	;0xfff2(r4)
    4272:	1e e4 e4 ff 	xor	-28(r4),r14	;0xffe4(r4)
    4276:	8f 4e 06 00 	mov	r14,	6(r15)	;0x0006(r15)
		 
		 temp = U[0];
    427a:	94 44 ea ff 	mov	-22(r4),-28(r4)	;0xffea(r4), 0xffe4(r4)
    427e:	e4 ff 
		 U[0] = U[5];
    4280:	1f 44 f4 ff 	mov	-12(r4),r15	;0xfff4(r4)
    4284:	84 4f ea ff 	mov	r15,	-22(r4)	;0xffea(r4)
		 U[5] = U[2];
    4288:	1f 44 ee ff 	mov	-18(r4),r15	;0xffee(r4)
    428c:	84 4f f4 ff 	mov	r15,	-12(r4)	;0xfff4(r4)
		 temp2 = U[3];
    4290:	94 44 f0 ff 	mov	-16(r4),-26(r4)	;0xfff0(r4), 0xffe6(r4)
    4294:	e6 ff 
		 U[3] = (temp<<3)^(temp>>13);
    4296:	1f 44 e4 ff 	mov	-28(r4),r15	;0xffe4(r4)
    429a:	0e 4f       	mov	r15,	r14	
    429c:	0e 5e       	rla	r14		
    429e:	0e 5e       	rla	r14		
    42a0:	0e 5e       	rla	r14		
    42a2:	8f 10       	swpb	r15		
    42a4:	4f 4f       	mov.b	r15,	r15	
    42a6:	12 c3       	clrc			
    42a8:	0f 10       	rrc	r15		
    42aa:	12 c3       	clrc			
    42ac:	0f 10       	rrc	r15		
    42ae:	12 c3       	clrc			
    42b0:	0f 10       	rrc	r15		
    42b2:	12 c3       	clrc			
    42b4:	0f 10       	rrc	r15		
    42b6:	12 c3       	clrc			
    42b8:	0f 10       	rrc	r15		
    42ba:	0f de       	bis	r14,	r15	
    42bc:	84 4f f0 ff 	mov	r15,	-16(r4)	;0xfff0(r4)
		 temp = U[1];
    42c0:	94 44 ec ff 	mov	-20(r4),-28(r4)	;0xffec(r4), 0xffe4(r4)
    42c4:	e4 ff 
		 U[1] = U[6];
    42c6:	1f 44 f6 ff 	mov	-10(r4),r15	;0xfff6(r4)
    42ca:	84 4f ec ff 	mov	r15,	-20(r4)	;0xffec(r4)
		 U[6] = temp2;
    42ce:	94 44 e6 ff 	mov	-26(r4),-10(r4)	;0xffe6(r4), 0xfff6(r4)
    42d2:	f6 ff 
		 temp1 = U[4];
    42d4:	94 44 f2 ff 	mov	-14(r4),-24(r4)	;0xfff2(r4), 0xffe8(r4)
    42d8:	e8 ff 
		 U[4] = temp;
    42da:	94 44 e4 ff 	mov	-28(r4),-14(r4)	;0xffe4(r4), 0xfff2(r4)
    42de:	f2 ff 
		 temp = U[2];
    42e0:	94 44 ee ff 	mov	-18(r4),-28(r4)	;0xffee(r4), 0xffe4(r4)
    42e4:	e4 ff 
		 U[2] = U[7];
    42e6:	1f 44 f8 ff 	mov	-8(r4),	r15	;0xfff8(r4)
    42ea:	84 4f ee ff 	mov	r15,	-18(r4)	;0xffee(r4)
		 U[7] = (temp1<<8)^(temp1>>8);
    42ee:	1f 44 e8 ff 	mov	-24(r4),r15	;0xffe8(r4)
    42f2:	0e 4f       	mov	r15,	r14	
    42f4:	4e 4e       	mov.b	r14,	r14	
    42f6:	8e 10       	swpb	r14		
    42f8:	8f 10       	swpb	r15		
    42fa:	4f 4f       	mov.b	r15,	r15	
    42fc:	0f de       	bis	r14,	r15	
    42fe:	84 4f f8 ff 	mov	r15,	-8(r4)	;0xfff8(r4)
/**********************************************************************/
void EncryptKeySchedule(const u16 *mkey, u16 rkey[NBROUND+1][KSIZE>>4])
{
	u16 i,U[KSIZE>>4],temp,temp1,temp2;
	for(i=0;i<(KSIZE>>4);i++) U[i]=mkey[i];
	for(i=0;i<NBROUND+1;i++)
    4302:	94 53 e2 ff 	inc	-30(r4)	;0xffe2(r4)
    4306:	b4 90 0d 00 	cmp	#13,	-30(r4)	;#0x000d, 0xffe2(r4)
    430a:	e2 ff 
    430c:	0e 2b       	jnc	$-482    	;abs 0x412a
		 U[7] = (temp1<<8)^(temp1>>8);
		 
#endif
	}
	return;
}
    430e:	31 50 1c 00 	add	#28,	r1	;#0x001c
    4312:	34 41       	pop	r4		
    4314:	30 41       	ret			

00004316 <DecryptKeySchedule>:

void DecryptKeySchedule(const u16 *mkey, u16 rkey[NBROUND+1][KSIZE>>4])
{
    4316:	0b 12       	push	r11		
    4318:	04 12       	push	r4		
    431a:	04 41       	mov	r1,	r4	
    431c:	24 52       	add	#4,	r4	;r2 As==10
    431e:	31 50 e4 ff 	add	#-28,	r1	;#0xffe4
    4322:	84 4f f8 ff 	mov	r15,	-8(r4)	;0xfff8(r4)
    4326:	84 4e fa ff 	mov	r14,	-6(r4)	;0xfffa(r4)
#if KSIZE == 64
	for(i=0;i<(KSIZE>>4);i++) V[i]=(mkey[i]<<9)^(mkey[i]>>7);
#elif KSIZE == 96
	for(i=0;i<(KSIZE>>4);i++) V[i]=(mkey[i]<<6)^(mkey[i]>>10);
#elif KSIZE == 128
	V[0]=(mkey[4]<<3)^(mkey[4]>>13);
    432a:	1f 44 f8 ff 	mov	-8(r4),	r15	;0xfff8(r4)
    432e:	3f 52       	add	#8,	r15	;r2 As==11
    4330:	2f 4f       	mov	@r15,	r15	
    4332:	0e 4f       	mov	r15,	r14	
    4334:	0e 5e       	rla	r14		
    4336:	0e 5e       	rla	r14		
    4338:	0e 5e       	rla	r14		
    433a:	8f 10       	swpb	r15		
    433c:	4f 4f       	mov.b	r15,	r15	
    433e:	12 c3       	clrc			
    4340:	0f 10       	rrc	r15		
    4342:	12 c3       	clrc			
    4344:	0f 10       	rrc	r15		
    4346:	12 c3       	clrc			
    4348:	0f 10       	rrc	r15		
    434a:	12 c3       	clrc			
    434c:	0f 10       	rrc	r15		
    434e:	12 c3       	clrc			
    4350:	0f 10       	rrc	r15		
    4352:	0f de       	bis	r14,	r15	
    4354:	84 4f e8 ff 	mov	r15,	-24(r4)	;0xffe8(r4)
	V[1]=(mkey[5]<<14)^(mkey[5]>>2);
    4358:	1f 44 f8 ff 	mov	-8(r4),	r15	;0xfff8(r4)
    435c:	3f 50 0a 00 	add	#10,	r15	;#0x000a
    4360:	2e 4f       	mov	@r15,	r14	
    4362:	0f 4e       	mov	r14,	r15	
    4364:	4f 4f       	mov.b	r15,	r15	
    4366:	8f 10       	swpb	r15		
    4368:	0f 5f       	rla	r15		
    436a:	0f 5f       	rla	r15		
    436c:	0f 5f       	rla	r15		
    436e:	0f 5f       	rla	r15		
    4370:	0f 5f       	rla	r15		
    4372:	0f 5f       	rla	r15		
    4374:	12 c3       	clrc			
    4376:	0e 10       	rrc	r14		
    4378:	12 c3       	clrc			
    437a:	0e 10       	rrc	r14		
    437c:	0e df       	bis	r15,	r14	
    437e:	84 4e ea ff 	mov	r14,	-22(r4)	;0xffea(r4)
	V[2]=(mkey[6]<<3)^(mkey[6]>>13);
    4382:	1f 44 f8 ff 	mov	-8(r4),	r15	;0xfff8(r4)
    4386:	3f 50 0c 00 	add	#12,	r15	;#0x000c
    438a:	2f 4f       	mov	@r15,	r15	
    438c:	0e 4f       	mov	r15,	r14	
    438e:	0e 5e       	rla	r14		
    4390:	0e 5e       	rla	r14		
    4392:	0e 5e       	rla	r14		
    4394:	8f 10       	swpb	r15		
    4396:	4f 4f       	mov.b	r15,	r15	
    4398:	12 c3       	clrc			
    439a:	0f 10       	rrc	r15		
    439c:	12 c3       	clrc			
    439e:	0f 10       	rrc	r15		
    43a0:	12 c3       	clrc			
    43a2:	0f 10       	rrc	r15		
    43a4:	12 c3       	clrc			
    43a6:	0f 10       	rrc	r15		
    43a8:	12 c3       	clrc			
    43aa:	0f 10       	rrc	r15		
    43ac:	0f de       	bis	r14,	r15	
    43ae:	84 4f ec ff 	mov	r15,	-20(r4)	;0xffec(r4)
	V[3]=(mkey[7]<<14)^(mkey[7]>>2);
    43b2:	1f 44 f8 ff 	mov	-8(r4),	r15	;0xfff8(r4)
    43b6:	3f 50 0e 00 	add	#14,	r15	;#0x000e
    43ba:	2e 4f       	mov	@r15,	r14	
    43bc:	0f 4e       	mov	r14,	r15	
    43be:	4f 4f       	mov.b	r15,	r15	
    43c0:	8f 10       	swpb	r15		
    43c2:	0f 5f       	rla	r15		
    43c4:	0f 5f       	rla	r15		
    43c6:	0f 5f       	rla	r15		
    43c8:	0f 5f       	rla	r15		
    43ca:	0f 5f       	rla	r15		
    43cc:	0f 5f       	rla	r15		
    43ce:	12 c3       	clrc			
    43d0:	0e 10       	rrc	r14		
    43d2:	12 c3       	clrc			
    43d4:	0e 10       	rrc	r14		
    43d6:	0e df       	bis	r15,	r14	
    43d8:	84 4e ee ff 	mov	r14,	-18(r4)	;0xffee(r4)
	V[4]=(mkey[0]<<14)^(mkey[0]>>2);
    43dc:	1f 44 f8 ff 	mov	-8(r4),	r15	;0xfff8(r4)
    43e0:	2e 4f       	mov	@r15,	r14	
    43e2:	0f 4e       	mov	r14,	r15	
    43e4:	4f 4f       	mov.b	r15,	r15	
    43e6:	8f 10       	swpb	r15		
    43e8:	0f 5f       	rla	r15		
    43ea:	0f 5f       	rla	r15		
    43ec:	0f 5f       	rla	r15		
    43ee:	0f 5f       	rla	r15		
    43f0:	0f 5f       	rla	r15		
    43f2:	0f 5f       	rla	r15		
    43f4:	12 c3       	clrc			
    43f6:	0e 10       	rrc	r14		
    43f8:	12 c3       	clrc			
    43fa:	0e 10       	rrc	r14		
    43fc:	0e df       	bis	r15,	r14	
    43fe:	84 4e f0 ff 	mov	r14,	-16(r4)	;0xfff0(r4)
	V[5]=(mkey[1]<<3)^(mkey[1]>>13);
    4402:	1f 44 f8 ff 	mov	-8(r4),	r15	;0xfff8(r4)
    4406:	2f 53       	incd	r15		
    4408:	2f 4f       	mov	@r15,	r15	
    440a:	0e 4f       	mov	r15,	r14	
    440c:	0e 5e       	rla	r14		
    440e:	0e 5e       	rla	r14		
    4410:	0e 5e       	rla	r14		
    4412:	8f 10       	swpb	r15		
    4414:	4f 4f       	mov.b	r15,	r15	
    4416:	12 c3       	clrc			
    4418:	0f 10       	rrc	r15		
    441a:	12 c3       	clrc			
    441c:	0f 10       	rrc	r15		
    441e:	12 c3       	clrc			
    4420:	0f 10       	rrc	r15		
    4422:	12 c3       	clrc			
    4424:	0f 10       	rrc	r15		
    4426:	12 c3       	clrc			
    4428:	0f 10       	rrc	r15		
    442a:	0f de       	bis	r14,	r15	
    442c:	84 4f f2 ff 	mov	r15,	-14(r4)	;0xfff2(r4)
	V[6]=(mkey[2]<<14)^(mkey[2]>>2);
    4430:	1f 44 f8 ff 	mov	-8(r4),	r15	;0xfff8(r4)
    4434:	2f 52       	add	#4,	r15	;r2 As==10
    4436:	2e 4f       	mov	@r15,	r14	
    4438:	0f 4e       	mov	r14,	r15	
    443a:	4f 4f       	mov.b	r15,	r15	
    443c:	8f 10       	swpb	r15		
    443e:	0f 5f       	rla	r15		
    4440:	0f 5f       	rla	r15		
    4442:	0f 5f       	rla	r15		
    4444:	0f 5f       	rla	r15		
    4446:	0f 5f       	rla	r15		
    4448:	0f 5f       	rla	r15		
    444a:	12 c3       	clrc			
    444c:	0e 10       	rrc	r14		
    444e:	12 c3       	clrc			
    4450:	0e 10       	rrc	r14		
    4452:	0e df       	bis	r15,	r14	
    4454:	84 4e f4 ff 	mov	r14,	-12(r4)	;0xfff4(r4)
	V[7]=(mkey[3]<<3)^(mkey[3]>>13);
    4458:	1f 44 f8 ff 	mov	-8(r4),	r15	;0xfff8(r4)
    445c:	3f 50 06 00 	add	#6,	r15	;#0x0006
    4460:	2f 4f       	mov	@r15,	r15	
    4462:	0e 4f       	mov	r15,	r14	
    4464:	0e 5e       	rla	r14		
    4466:	0e 5e       	rla	r14		
    4468:	0e 5e       	rla	r14		
    446a:	8f 10       	swpb	r15		
    446c:	4f 4f       	mov.b	r15,	r15	
    446e:	12 c3       	clrc			
    4470:	0f 10       	rrc	r15		
    4472:	12 c3       	clrc			
    4474:	0f 10       	rrc	r15		
    4476:	12 c3       	clrc			
    4478:	0f 10       	rrc	r15		
    447a:	12 c3       	clrc			
    447c:	0f 10       	rrc	r15		
    447e:	12 c3       	clrc			
    4480:	0f 10       	rrc	r15		
    4482:	0f de       	bis	r14,	r15	
    4484:	84 4f f6 ff 	mov	r15,	-10(r4)	;0xfff6(r4)
#endif

	for(i=0;i<NBROUND+1;i++)
    4488:	84 43 e0 ff 	mov	#0,	-32(r4)	;r3 As==00, 0xffe0(r4)
    448c:	30 40 8e 46 	br	#0x468e	
	{
		 temp=( sBox[0][(V[0]>>12)&0xF] ^ KSCte[12-i])&0xF;
    4490:	1f 44 e8 ff 	mov	-24(r4),r15	;0xffe8(r4)
    4494:	8f 10       	swpb	r15		
    4496:	4f 4f       	mov.b	r15,	r15	
    4498:	12 c3       	clrc			
    449a:	0f 10       	rrc	r15		
    449c:	12 c3       	clrc			
    449e:	0f 10       	rrc	r15		
    44a0:	12 c3       	clrc			
    44a2:	0f 10       	rrc	r15		
    44a4:	12 c3       	clrc			
    44a6:	0f 10       	rrc	r15		
    44a8:	5f 4f e4 4d 	mov.b	19940(r15),r15	;0x4de4(r15)
    44ac:	4e 4f       	mov.b	r15,	r14	
    44ae:	3f 40 0c 00 	mov	#12,	r15	;#0x000c
    44b2:	1f 84 e0 ff 	sub	-32(r4),r15	;0xffe0(r4)
    44b6:	0f 5f       	rla	r15		
    44b8:	3f 50 c4 4d 	add	#19908,	r15	;#0x4dc4
    44bc:	2f 4f       	mov	@r15,	r15	
    44be:	0f ee       	xor	r14,	r15	
    44c0:	0e 4f       	mov	r15,	r14	
    44c2:	3e f0 0f 00 	and	#15,	r14	;#0x000f
    44c6:	84 4e e2 ff 	mov	r14,	-30(r4)	;0xffe2(r4)
		 rkey[i][0]=Phi_Key(0,V[1]^(temp<<12));
    44ca:	1f 44 e0 ff 	mov	-32(r4),r15	;0xffe0(r4)
    44ce:	0f 5f       	rla	r15		
    44d0:	0f 5f       	rla	r15		
    44d2:	0f 5f       	rla	r15		
    44d4:	0f 5f       	rla	r15		
    44d6:	1b 44 fa ff 	mov	-6(r4),	r11	;0xfffa(r4)
    44da:	0b 5f       	add	r15,	r11	
    44dc:	1e 44 ea ff 	mov	-22(r4),r14	;0xffea(r4)
    44e0:	1f 44 e2 ff 	mov	-30(r4),r15	;0xffe2(r4)
    44e4:	4f 4f       	mov.b	r15,	r15	
    44e6:	8f 10       	swpb	r15		
    44e8:	0f 5f       	rla	r15		
    44ea:	0f 5f       	rla	r15		
    44ec:	0f 5f       	rla	r15		
    44ee:	0f 5f       	rla	r15		
    44f0:	0f ee       	xor	r14,	r15	
    44f2:	0e 4f       	mov	r15,	r14	
    44f4:	4f 43       	clr.b	r15		
    44f6:	b0 12 a4 46 	call	#0x46a4	
    44fa:	8b 4f 00 00 	mov	r15,	0(r11)	;0x0000(r11)
		 
		 temp=( sBox[1][(V[0]>>8)&0xF]  ^ KSCte[12-i])&0xF;
    44fe:	1f 44 e8 ff 	mov	-24(r4),r15	;0xffe8(r4)
    4502:	8f 10       	swpb	r15		
    4504:	4f 4f       	mov.b	r15,	r15	
    4506:	3f f0 0f 00 	and	#15,	r15	;#0x000f
    450a:	5f 4f f4 4d 	mov.b	19956(r15),r15	;0x4df4(r15)
    450e:	4e 4f       	mov.b	r15,	r14	
    4510:	3f 40 0c 00 	mov	#12,	r15	;#0x000c
    4514:	1f 84 e0 ff 	sub	-32(r4),r15	;0xffe0(r4)
    4518:	0f 5f       	rla	r15		
    451a:	3f 50 c4 4d 	add	#19908,	r15	;#0x4dc4
    451e:	2f 4f       	mov	@r15,	r15	
    4520:	0f ee       	xor	r14,	r15	
    4522:	0e 4f       	mov	r15,	r14	
    4524:	3e f0 0f 00 	and	#15,	r14	;#0x000f
    4528:	84 4e e2 ff 	mov	r14,	-30(r4)	;0xffe2(r4)
		 rkey[i][1]=Phi_Key(1,V[2]^(temp<<8));
    452c:	1f 44 e0 ff 	mov	-32(r4),r15	;0xffe0(r4)
    4530:	0f 5f       	rla	r15		
    4532:	0f 5f       	rla	r15		
    4534:	0f 5f       	rla	r15		
    4536:	0f 5f       	rla	r15		
    4538:	1b 44 fa ff 	mov	-6(r4),	r11	;0xfffa(r4)
    453c:	0b 5f       	add	r15,	r11	
    453e:	1e 44 ec ff 	mov	-20(r4),r14	;0xffec(r4)
    4542:	1f 44 e2 ff 	mov	-30(r4),r15	;0xffe2(r4)
    4546:	4f 4f       	mov.b	r15,	r15	
    4548:	8f 10       	swpb	r15		
    454a:	0f ee       	xor	r14,	r15	
    454c:	0e 4f       	mov	r15,	r14	
    454e:	5f 43       	mov.b	#1,	r15	;r3 As==01
    4550:	b0 12 a4 46 	call	#0x46a4	
    4554:	8b 4f 02 00 	mov	r15,	2(r11)	;0x0002(r11)
		 
		 temp=( sBox[2][(V[0]>>4)&0xF]  ^ KSCte[12-i])&0xF;
    4558:	1f 44 e8 ff 	mov	-24(r4),r15	;0xffe8(r4)
    455c:	12 c3       	clrc			
    455e:	0f 10       	rrc	r15		
    4560:	12 c3       	clrc			
    4562:	0f 10       	rrc	r15		
    4564:	12 c3       	clrc			
    4566:	0f 10       	rrc	r15		
    4568:	12 c3       	clrc			
    456a:	0f 10       	rrc	r15		
    456c:	3f f0 0f 00 	and	#15,	r15	;#0x000f
    4570:	5f 4f 04 4e 	mov.b	19972(r15),r15	;0x4e04(r15)
    4574:	4e 4f       	mov.b	r15,	r14	
    4576:	3f 40 0c 00 	mov	#12,	r15	;#0x000c
    457a:	1f 84 e0 ff 	sub	-32(r4),r15	;0xffe0(r4)
    457e:	0f 5f       	rla	r15		
    4580:	3f 50 c4 4d 	add	#19908,	r15	;#0x4dc4
    4584:	2f 4f       	mov	@r15,	r15	
    4586:	0f ee       	xor	r14,	r15	
    4588:	0e 4f       	mov	r15,	r14	
    458a:	3e f0 0f 00 	and	#15,	r14	;#0x000f
    458e:	84 4e e2 ff 	mov	r14,	-30(r4)	;0xffe2(r4)
		 rkey[i][2]=Phi_Key(2,V[3]^(temp<<4));
    4592:	1f 44 e0 ff 	mov	-32(r4),r15	;0xffe0(r4)
    4596:	0f 5f       	rla	r15		
    4598:	0f 5f       	rla	r15		
    459a:	0f 5f       	rla	r15		
    459c:	0f 5f       	rla	r15		
    459e:	1b 44 fa ff 	mov	-6(r4),	r11	;0xfffa(r4)
    45a2:	0b 5f       	add	r15,	r11	
    45a4:	1e 44 ee ff 	mov	-18(r4),r14	;0xffee(r4)
    45a8:	1f 44 e2 ff 	mov	-30(r4),r15	;0xffe2(r4)
    45ac:	0f 5f       	rla	r15		
    45ae:	0f 5f       	rla	r15		
    45b0:	0f 5f       	rla	r15		
    45b2:	0f 5f       	rla	r15		
    45b4:	0f ee       	xor	r14,	r15	
    45b6:	0e 4f       	mov	r15,	r14	
    45b8:	6f 43       	mov.b	#2,	r15	;r3 As==10
    45ba:	b0 12 a4 46 	call	#0x46a4	
    45be:	8b 4f 04 00 	mov	r15,	4(r11)	;0x0004(r11)
		 
		 temp=( sBox[3][V[0]&0xF]       ^ KSCte[12-i])&0xF;
    45c2:	1f 44 e8 ff 	mov	-24(r4),r15	;0xffe8(r4)
    45c6:	3f f0 0f 00 	and	#15,	r15	;#0x000f
    45ca:	5f 4f 14 4e 	mov.b	19988(r15),r15	;0x4e14(r15)
    45ce:	4e 4f       	mov.b	r15,	r14	
    45d0:	3f 40 0c 00 	mov	#12,	r15	;#0x000c
    45d4:	1f 84 e0 ff 	sub	-32(r4),r15	;0xffe0(r4)
    45d8:	0f 5f       	rla	r15		
    45da:	3f 50 c4 4d 	add	#19908,	r15	;#0x4dc4
    45de:	2f 4f       	mov	@r15,	r15	
    45e0:	0f ee       	xor	r14,	r15	
    45e2:	0e 4f       	mov	r15,	r14	
    45e4:	3e f0 0f 00 	and	#15,	r14	;#0x000f
    45e8:	84 4e e2 ff 	mov	r14,	-30(r4)	;0xffe2(r4)
		 V[3]=(V[4]<<8)^(V[4]>>8);
		 V[4]=V[5];
		 V[5]=temp;
		 
#elif KSIZE == 128
		 rkey[i][3]=Phi_Key(3,V[4]^temp);
    45ec:	1f 44 e0 ff 	mov	-32(r4),r15	;0xffe0(r4)
    45f0:	0f 5f       	rla	r15		
    45f2:	0f 5f       	rla	r15		
    45f4:	0f 5f       	rla	r15		
    45f6:	0f 5f       	rla	r15		
    45f8:	1b 44 fa ff 	mov	-6(r4),	r11	;0xfffa(r4)
    45fc:	0b 5f       	add	r15,	r11	
    45fe:	1f 44 f0 ff 	mov	-16(r4),r15	;0xfff0(r4)
    4602:	1f e4 e2 ff 	xor	-30(r4),r15	;0xffe2(r4)
    4606:	0e 4f       	mov	r15,	r14	
    4608:	7f 40 03 00 	mov.b	#3,	r15	;#0x0003
    460c:	b0 12 a4 46 	call	#0x46a4	
    4610:	8b 4f 06 00 	mov	r15,	6(r11)	;0x0006(r11)
		 
		 u16 temp1,temp2;
		 temp=V[0];
    4614:	94 44 e8 ff 	mov	-24(r4),-30(r4)	;0xffe8(r4), 0xffe2(r4)
    4618:	e2 ff 
		 temp1=V[1];
    461a:	94 44 ea ff 	mov	-22(r4),-28(r4)	;0xffea(r4), 0xffe4(r4)
    461e:	e4 ff 
		 temp2=V[2];
    4620:	94 44 ec ff 	mov	-20(r4),-26(r4)	;0xffec(r4), 0xffe6(r4)
    4624:	e6 ff 
		 V[0]=(V[3]<<13)^(V[3]>>3);
    4626:	1e 44 ee ff 	mov	-18(r4),r14	;0xffee(r4)
    462a:	0f 4e       	mov	r14,	r15	
    462c:	4f 4f       	mov.b	r15,	r15	
    462e:	8f 10       	swpb	r15		
    4630:	0f 5f       	rla	r15		
    4632:	0f 5f       	rla	r15		
    4634:	0f 5f       	rla	r15		
    4636:	0f 5f       	rla	r15		
    4638:	0f 5f       	rla	r15		
    463a:	12 c3       	clrc			
    463c:	0e 10       	rrc	r14		
    463e:	12 c3       	clrc			
    4640:	0e 10       	rrc	r14		
    4642:	12 c3       	clrc			
    4644:	0e 10       	rrc	r14		
    4646:	0e df       	bis	r15,	r14	
    4648:	84 4e e8 ff 	mov	r14,	-24(r4)	;0xffe8(r4)
		 V[1]=V[4];
    464c:	1f 44 f0 ff 	mov	-16(r4),r15	;0xfff0(r4)
    4650:	84 4f ea ff 	mov	r15,	-22(r4)	;0xffea(r4)
		 V[2]=V[5];
    4654:	1f 44 f2 ff 	mov	-14(r4),r15	;0xfff2(r4)
    4658:	84 4f ec ff 	mov	r15,	-20(r4)	;0xffec(r4)
		 V[3]=V[6];
    465c:	1f 44 f4 ff 	mov	-12(r4),r15	;0xfff4(r4)
    4660:	84 4f ee ff 	mov	r15,	-18(r4)	;0xffee(r4)
		 V[4]=(V[7]<<8)^(V[7]>>8);
    4664:	1f 44 f6 ff 	mov	-10(r4),r15	;0xfff6(r4)
    4668:	0e 4f       	mov	r15,	r14	
    466a:	4e 4e       	mov.b	r14,	r14	
    466c:	8e 10       	swpb	r14		
    466e:	8f 10       	swpb	r15		
    4670:	4f 4f       	mov.b	r15,	r15	
    4672:	0f de       	bis	r14,	r15	
    4674:	84 4f f0 ff 	mov	r15,	-16(r4)	;0xfff0(r4)
		 V[5]=temp;
    4678:	94 44 e2 ff 	mov	-30(r4),-14(r4)	;0xffe2(r4), 0xfff2(r4)
    467c:	f2 ff 
		 V[6]=temp1;
    467e:	94 44 e4 ff 	mov	-28(r4),-12(r4)	;0xffe4(r4), 0xfff4(r4)
    4682:	f4 ff 
		 V[7]=temp2;
    4684:	94 44 e6 ff 	mov	-26(r4),-10(r4)	;0xffe6(r4), 0xfff6(r4)
    4688:	f6 ff 
	V[5]=(mkey[1]<<3)^(mkey[1]>>13);
	V[6]=(mkey[2]<<14)^(mkey[2]>>2);
	V[7]=(mkey[3]<<3)^(mkey[3]>>13);
#endif

	for(i=0;i<NBROUND+1;i++)
    468a:	94 53 e0 ff 	inc	-32(r4)	;0xffe0(r4)
    468e:	b4 90 0d 00 	cmp	#13,	-32(r4)	;#0x000d, 0xffe0(r4)
    4692:	e0 ff 
    4694:	02 2c       	jc	$+6      	;abs 0x469a
    4696:	30 40 90 44 	br	#0x4490	
		 V[6]=temp1;
		 V[7]=temp2;
#endif
	}
	return;
}
    469a:	31 50 1c 00 	add	#28,	r1	;#0x001c
    469e:	34 41       	pop	r4		
    46a0:	3b 41       	pop	r11		
    46a2:	30 41       	ret			

000046a4 <Phi_Key>:
/**********************************************************************/
/**********************************************************************/
u16 Phi_Key(u8 ind,u16 value)
{
    46a4:	04 12       	push	r4		
    46a6:	04 41       	mov	r1,	r4	
    46a8:	24 53       	incd	r4		
    46aa:	31 50 f6 ff 	add	#-10,	r1	;#0xfff6
    46ae:	c4 4f fa ff 	mov.b	r15,	-6(r4)	;0xfffa(r4)
    46b2:	84 4e fc ff 	mov	r14,	-4(r4)	;0xfffc(r4)
	u8 j,k;
	u16 temp,result=0;
    46b6:	84 43 f8 ff 	mov	#0,	-8(r4)	;r3 As==00, 0xfff8(r4)
	for(j=0;j<4;j++)
    46ba:	c4 43 f4 ff 	mov.b	#0,	-12(r4)	;r3 As==00, 0xfff4(r4)
    46be:	4a 3c       	jmp	$+150    	;abs 0x4754
	{
		temp=0;
    46c0:	84 43 f6 ff 	mov	#0,	-10(r4)	;r3 As==00, 0xfff6(r4)
		for(k=0;k<4;k++)
    46c4:	c4 43 f5 ff 	mov.b	#0,	-11(r4)	;r3 As==00, 0xfff5(r4)
    46c8:	2a 3c       	jmp	$+86     	;abs 0x471e
		{
			temp^= Mask[((ind+j+k)&0x03)] & ((value>>(12-4*k))&0xF);
    46ca:	5e 44 fa ff 	mov.b	-6(r4),	r14	;0xfffa(r4)
    46ce:	5f 44 f4 ff 	mov.b	-12(r4),r15	;0xfff4(r4)
    46d2:	0e 5f       	add	r15,	r14	
    46d4:	5f 44 f5 ff 	mov.b	-11(r4),r15	;0xfff5(r4)
    46d8:	0f 5e       	add	r14,	r15	
    46da:	3f f0 03 00 	and	#3,	r15	;#0x0003
    46de:	5f 4f 24 4e 	mov.b	20004(r15),r15	;0x4e24(r15)
    46e2:	4d 4f       	mov.b	r15,	r13	
    46e4:	5f 44 f5 ff 	mov.b	-11(r4),r15	;0xfff5(r4)
    46e8:	3e 40 03 00 	mov	#3,	r14	;#0x0003
    46ec:	0c 4e       	mov	r14,	r12	
    46ee:	0c 8f       	sub	r15,	r12	
    46f0:	0f 4c       	mov	r12,	r15	
    46f2:	0f 5f       	rla	r15		
    46f4:	0f 5f       	rla	r15		
    46f6:	1e 44 fc ff 	mov	-4(r4),	r14	;0xfffc(r4)
    46fa:	4f 4f       	mov.b	r15,	r15	
    46fc:	7f f0 0f 00 	and.b	#15,	r15	;#0x000f
    4700:	4f 93       	tst.b	r15		
    4702:	05 24       	jz	$+12     	;abs 0x470e
    4704:	12 c3       	clrc			
    4706:	0e 10       	rrc	r14		
    4708:	7f 53       	add.b	#-1,	r15	;r3 As==11
    470a:	4f 93       	tst.b	r15		
    470c:	fb 23       	jnz	$-8      	;abs 0x4704
    470e:	0f 4d       	mov	r13,	r15	
    4710:	0f fe       	and	r14,	r15	
    4712:	3f f0 0f 00 	and	#15,	r15	;#0x000f
    4716:	84 ef f6 ff 	xor	r15,	-10(r4)	;0xfff6(r4)
	u8 j,k;
	u16 temp,result=0;
	for(j=0;j<4;j++)
	{
		temp=0;
		for(k=0;k<4;k++)
    471a:	d4 53 f5 ff 	inc.b	-11(r4)	;0xfff5(r4)
    471e:	e4 92 f5 ff 	cmp.b	#4,	-11(r4)	;r2 As==10, 0xfff5(r4)
    4722:	d3 2b       	jnc	$-88     	;abs 0x46ca
		{
			temp^= Mask[((ind+j+k)&0x03)] & ((value>>(12-4*k))&0xF);
		}
		result^=temp<<(12-4*j);
    4724:	5f 44 f4 ff 	mov.b	-12(r4),r15	;0xfff4(r4)
    4728:	3e 40 03 00 	mov	#3,	r14	;#0x0003
    472c:	0d 4e       	mov	r14,	r13	
    472e:	0d 8f       	sub	r15,	r13	
    4730:	0f 4d       	mov	r13,	r15	
    4732:	0f 5f       	rla	r15		
    4734:	0f 5f       	rla	r15		
    4736:	1e 44 f6 ff 	mov	-10(r4),r14	;0xfff6(r4)
    473a:	4f 4f       	mov.b	r15,	r15	
    473c:	7f f0 0f 00 	and.b	#15,	r15	;#0x000f
    4740:	4f 93       	tst.b	r15		
    4742:	04 24       	jz	$+10     	;abs 0x474c
    4744:	0e 5e       	rla	r14		
    4746:	7f 53       	add.b	#-1,	r15	;r3 As==11
    4748:	4f 93       	tst.b	r15		
    474a:	fc 23       	jnz	$-6      	;abs 0x4744
    474c:	84 ee f8 ff 	xor	r14,	-8(r4)	;0xfff8(r4)
/**********************************************************************/
u16 Phi_Key(u8 ind,u16 value)
{
	u8 j,k;
	u16 temp,result=0;
	for(j=0;j<4;j++)
    4750:	d4 53 f4 ff 	inc.b	-12(r4)	;0xfff4(r4)
    4754:	e4 92 f4 ff 	cmp.b	#4,	-12(r4)	;r2 As==10, 0xfff4(r4)
    4758:	b3 2b       	jnc	$-152    	;abs 0x46c0
		{
			temp^= Mask[((ind+j+k)&0x03)] & ((value>>(12-4*k))&0xF);
		}
		result^=temp<<(12-4*j);
	}
	return result;
    475a:	1f 44 f8 ff 	mov	-8(r4),	r15	;0xfff8(r4)
}
    475e:	31 50 0a 00 	add	#10,	r1	;#0x000a
    4762:	34 41       	pop	r4		
    4764:	30 41       	ret			

00004766 <Gamma_SBox>:


void Gamma_SBox(u8 state[4][4])
{
    4766:	0b 12       	push	r11		
    4768:	04 12       	push	r4		
    476a:	04 41       	mov	r1,	r4	
    476c:	24 52       	add	#4,	r4	;r2 As==10
    476e:	21 82       	sub	#4,	r1	;r2 As==10
    4770:	84 4f fa ff 	mov	r15,	-6(r4)	;0xfffa(r4)
	u8 i,j;
	for(i=0;i<4;i++)
    4774:	c4 43 f8 ff 	mov.b	#0,	-8(r4)	;r3 As==00, 0xfff8(r4)
    4778:	34 3c       	jmp	$+106    	;abs 0x47e2
	{
		for(j=0;j<4;j++)
    477a:	c4 43 f9 ff 	mov.b	#0,	-7(r4)	;r3 As==00, 0xfff9(r4)
    477e:	2c 3c       	jmp	$+90     	;abs 0x47d8
		{
			state[i][j]=sBox[((i+j)&0x3)][state[i][j]];
    4780:	5f 44 f8 ff 	mov.b	-8(r4),	r15	;0xfff8(r4)
    4784:	0f 5f       	rla	r15		
    4786:	0f 5f       	rla	r15		
    4788:	1c 44 fa ff 	mov	-6(r4),	r12	;0xfffa(r4)
    478c:	0c 5f       	add	r15,	r12	
    478e:	5e 44 f9 ff 	mov.b	-7(r4),	r14	;0xfff9(r4)
    4792:	5d 44 f8 ff 	mov.b	-8(r4),	r13	;0xfff8(r4)
    4796:	5f 44 f9 ff 	mov.b	-7(r4),	r15	;0xfff9(r4)
    479a:	0f 5d       	add	r13,	r15	
    479c:	0b 4f       	mov	r15,	r11	
    479e:	3b f0 03 00 	and	#3,	r11	;#0x0003
    47a2:	5f 44 f8 ff 	mov.b	-8(r4),	r15	;0xfff8(r4)
    47a6:	0f 5f       	rla	r15		
    47a8:	0f 5f       	rla	r15		
    47aa:	1d 44 fa ff 	mov	-6(r4),	r13	;0xfffa(r4)
    47ae:	0d 5f       	add	r15,	r13	
    47b0:	5f 44 f9 ff 	mov.b	-7(r4),	r15	;0xfff9(r4)
    47b4:	0f 5d       	add	r13,	r15	
    47b6:	6f 4f       	mov.b	@r15,	r15	
    47b8:	4d 4f       	mov.b	r15,	r13	
    47ba:	0f 4b       	mov	r11,	r15	
    47bc:	0f 5f       	rla	r15		
    47be:	0f 5f       	rla	r15		
    47c0:	0f 5f       	rla	r15		
    47c2:	0f 5f       	rla	r15		
    47c4:	0f 5d       	add	r13,	r15	
    47c6:	3f 50 e4 4d 	add	#19940,	r15	;#0x4de4
    47ca:	6d 4f       	mov.b	@r15,	r13	
    47cc:	0f 4c       	mov	r12,	r15	
    47ce:	0f 5e       	add	r14,	r15	
    47d0:	cf 4d 00 00 	mov.b	r13,	0(r15)	;0x0000(r15)
void Gamma_SBox(u8 state[4][4])
{
	u8 i,j;
	for(i=0;i<4;i++)
	{
		for(j=0;j<4;j++)
    47d4:	d4 53 f9 ff 	inc.b	-7(r4)		;0xfff9(r4)
    47d8:	e4 92 f9 ff 	cmp.b	#4,	-7(r4)	;r2 As==10, 0xfff9(r4)
    47dc:	d1 2b       	jnc	$-92     	;abs 0x4780


void Gamma_SBox(u8 state[4][4])
{
	u8 i,j;
	for(i=0;i<4;i++)
    47de:	d4 53 f8 ff 	inc.b	-8(r4)		;0xfff8(r4)
    47e2:	e4 92 f8 ff 	cmp.b	#4,	-8(r4)	;r2 As==10, 0xfff8(r4)
    47e6:	c9 2b       	jnc	$-108    	;abs 0x477a
		{
			state[i][j]=sBox[((i+j)&0x3)][state[i][j]];
		}
	}
	return;
}
    47e8:	21 52       	add	#4,	r1	;r2 As==10
    47ea:	34 41       	pop	r4		
    47ec:	3b 41       	pop	r11		
    47ee:	30 41       	ret			

000047f0 <Gamma_SBox_Inv>:

void Gamma_SBox_Inv(u8 state[4][4])
{
    47f0:	0b 12       	push	r11		
    47f2:	04 12       	push	r4		
    47f4:	04 41       	mov	r1,	r4	
    47f6:	24 52       	add	#4,	r4	;r2 As==10
    47f8:	21 82       	sub	#4,	r1	;r2 As==10
    47fa:	84 4f fa ff 	mov	r15,	-6(r4)	;0xfffa(r4)
	u8 i,j;
	for(i=0;i<4;i++)
    47fe:	c4 43 f8 ff 	mov.b	#0,	-8(r4)	;r3 As==00, 0xfff8(r4)
    4802:	35 3c       	jmp	$+108    	;abs 0x486e
	{
		for(j=0;j<4;j++)
    4804:	c4 43 f9 ff 	mov.b	#0,	-7(r4)	;r3 As==00, 0xfff9(r4)
    4808:	2d 3c       	jmp	$+92     	;abs 0x4864
		{
			state[i][j]=sBox[((i+j+2)&0x03)][state[i][j]];
    480a:	5f 44 f8 ff 	mov.b	-8(r4),	r15	;0xfff8(r4)
    480e:	0f 5f       	rla	r15		
    4810:	0f 5f       	rla	r15		
    4812:	1c 44 fa ff 	mov	-6(r4),	r12	;0xfffa(r4)
    4816:	0c 5f       	add	r15,	r12	
    4818:	5e 44 f9 ff 	mov.b	-7(r4),	r14	;0xfff9(r4)
    481c:	5d 44 f8 ff 	mov.b	-8(r4),	r13	;0xfff8(r4)
    4820:	5f 44 f9 ff 	mov.b	-7(r4),	r15	;0xfff9(r4)
    4824:	0f 5d       	add	r13,	r15	
    4826:	2f 53       	incd	r15		
    4828:	0b 4f       	mov	r15,	r11	
    482a:	3b f0 03 00 	and	#3,	r11	;#0x0003
    482e:	5f 44 f8 ff 	mov.b	-8(r4),	r15	;0xfff8(r4)
    4832:	0f 5f       	rla	r15		
    4834:	0f 5f       	rla	r15		
    4836:	1d 44 fa ff 	mov	-6(r4),	r13	;0xfffa(r4)
    483a:	0d 5f       	add	r15,	r13	
    483c:	5f 44 f9 ff 	mov.b	-7(r4),	r15	;0xfff9(r4)
    4840:	0f 5d       	add	r13,	r15	
    4842:	6f 4f       	mov.b	@r15,	r15	
    4844:	4d 4f       	mov.b	r15,	r13	
    4846:	0f 4b       	mov	r11,	r15	
    4848:	0f 5f       	rla	r15		
    484a:	0f 5f       	rla	r15		
    484c:	0f 5f       	rla	r15		
    484e:	0f 5f       	rla	r15		
    4850:	0f 5d       	add	r13,	r15	
    4852:	3f 50 e4 4d 	add	#19940,	r15	;#0x4de4
    4856:	6d 4f       	mov.b	@r15,	r13	
    4858:	0f 4c       	mov	r12,	r15	
    485a:	0f 5e       	add	r14,	r15	
    485c:	cf 4d 00 00 	mov.b	r13,	0(r15)	;0x0000(r15)
void Gamma_SBox_Inv(u8 state[4][4])
{
	u8 i,j;
	for(i=0;i<4;i++)
	{
		for(j=0;j<4;j++)
    4860:	d4 53 f9 ff 	inc.b	-7(r4)		;0xfff9(r4)
    4864:	e4 92 f9 ff 	cmp.b	#4,	-7(r4)	;r2 As==10, 0xfff9(r4)
    4868:	d0 2b       	jnc	$-94     	;abs 0x480a
}

void Gamma_SBox_Inv(u8 state[4][4])
{
	u8 i,j;
	for(i=0;i<4;i++)
    486a:	d4 53 f8 ff 	inc.b	-8(r4)		;0xfff8(r4)
    486e:	e4 92 f8 ff 	cmp.b	#4,	-8(r4)	;r2 As==10, 0xfff8(r4)
    4872:	c8 2b       	jnc	$-110    	;abs 0x4804
		{
			state[i][j]=sBox[((i+j+2)&0x03)][state[i][j]];
		}
	}
	return;
}
    4874:	21 52       	add	#4,	r1	;r2 As==10
    4876:	34 41       	pop	r4		
    4878:	3b 41       	pop	r11		
    487a:	30 41       	ret			

0000487c <Pi_Permut>:


void Pi_Permut(u8 state[4][4])
{
    487c:	0b 12       	push	r11		
    487e:	04 12       	push	r4		
    4880:	04 41       	mov	r1,	r4	
    4882:	24 52       	add	#4,	r4	;r2 As==10
    4884:	31 50 f6 ff 	add	#-10,	r1	;#0xfff6
    4888:	84 4f fa ff 	mov	r15,	-6(r4)	;0xfffa(r4)
	u8 i,j,k;
	u8 temp[4];
	
    for(i=0;i<4;i++)
    488c:	c4 43 f2 ff 	mov.b	#0,	-14(r4)	;r3 As==00, 0xfff2(r4)
    4890:	6b 3c       	jmp	$+216    	;abs 0x4968
	{        
		for(j=0;j<4;j++)
    4892:	c4 43 f3 ff 	mov.b	#0,	-13(r4)	;r3 As==00, 0xfff3(r4)
    4896:	3b 3c       	jmp	$+120    	;abs 0x490e
		{
			temp[j]=0;
    4898:	5f 44 f3 ff 	mov.b	-13(r4),r15	;0xfff3(r4)
    489c:	0e 44       	mov	r4,	r14	
    489e:	3e 50 f5 ff 	add	#-11,	r14	;#0xfff5
    48a2:	0f 5e       	add	r14,	r15	
    48a4:	cf 43 00 00 	mov.b	#0,	0(r15)	;r3 As==00, 0x0000(r15)
			for(k=0;k<4;k++)
    48a8:	c4 43 f4 ff 	mov.b	#0,	-12(r4)	;r3 As==00, 0xfff4(r4)
    48ac:	2b 3c       	jmp	$+88     	;abs 0x4904
			{
				temp[j]^= Mask[((i+j+k)&0x03)] & state[k][i];
    48ae:	5e 44 f3 ff 	mov.b	-13(r4),r14	;0xfff3(r4)
    48b2:	5f 44 f3 ff 	mov.b	-13(r4),r15	;0xfff3(r4)
    48b6:	0d 44       	mov	r4,	r13	
    48b8:	3d 50 f5 ff 	add	#-11,	r13	;#0xfff5
    48bc:	0f 5d       	add	r13,	r15	
    48be:	6c 4f       	mov.b	@r15,	r12	
    48c0:	5d 44 f2 ff 	mov.b	-14(r4),r13	;0xfff2(r4)
    48c4:	5f 44 f3 ff 	mov.b	-13(r4),r15	;0xfff3(r4)
    48c8:	0d 5f       	add	r15,	r13	
    48ca:	5f 44 f4 ff 	mov.b	-12(r4),r15	;0xfff4(r4)
    48ce:	0f 5d       	add	r13,	r15	
    48d0:	3f f0 03 00 	and	#3,	r15	;#0x0003
    48d4:	5d 4f 24 4e 	mov.b	20004(r15),r13	;0x4e24(r15)
    48d8:	5f 44 f4 ff 	mov.b	-12(r4),r15	;0xfff4(r4)
    48dc:	0f 5f       	rla	r15		
    48de:	0f 5f       	rla	r15		
    48e0:	1b 44 fa ff 	mov	-6(r4),	r11	;0xfffa(r4)
    48e4:	0b 5f       	add	r15,	r11	
    48e6:	5f 44 f2 ff 	mov.b	-14(r4),r15	;0xfff2(r4)
    48ea:	0f 5b       	add	r11,	r15	
    48ec:	6f 4f       	mov.b	@r15,	r15	
    48ee:	4f fd       	and.b	r13,	r15	
    48f0:	4d 4c       	mov.b	r12,	r13	
    48f2:	4d ef       	xor.b	r15,	r13	
    48f4:	0f 44       	mov	r4,	r15	
    48f6:	3f 50 f5 ff 	add	#-11,	r15	;#0xfff5
    48fa:	0f 5e       	add	r14,	r15	
    48fc:	cf 4d 00 00 	mov.b	r13,	0(r15)	;0x0000(r15)
    for(i=0;i<4;i++)
	{        
		for(j=0;j<4;j++)
		{
			temp[j]=0;
			for(k=0;k<4;k++)
    4900:	d4 53 f4 ff 	inc.b	-12(r4)	;0xfff4(r4)
    4904:	e4 92 f4 ff 	cmp.b	#4,	-12(r4)	;r2 As==10, 0xfff4(r4)
    4908:	d2 2b       	jnc	$-90     	;abs 0x48ae
	u8 i,j,k;
	u8 temp[4];
	
    for(i=0;i<4;i++)
	{        
		for(j=0;j<4;j++)
    490a:	d4 53 f3 ff 	inc.b	-13(r4)	;0xfff3(r4)
    490e:	e4 92 f3 ff 	cmp.b	#4,	-13(r4)	;r2 As==10, 0xfff3(r4)
    4912:	c2 2b       	jnc	$-122    	;abs 0x4898
			for(k=0;k<4;k++)
			{
				temp[j]^= Mask[((i+j+k)&0x03)] & state[k][i];
			}
		}
		state[0][i]=temp[0];
    4914:	5f 44 f2 ff 	mov.b	-14(r4),r15	;0xfff2(r4)
    4918:	5e 44 f5 ff 	mov.b	-11(r4),r14	;0xfff5(r4)
    491c:	1d 44 fa ff 	mov	-6(r4),	r13	;0xfffa(r4)
    4920:	0f 5d       	add	r13,	r15	
    4922:	cf 4e 00 00 	mov.b	r14,	0(r15)	;0x0000(r15)
		state[1][i]=temp[1];
    4926:	1d 44 fa ff 	mov	-6(r4),	r13	;0xfffa(r4)
    492a:	2d 52       	add	#4,	r13	;r2 As==10
    492c:	5f 44 f2 ff 	mov.b	-14(r4),r15	;0xfff2(r4)
    4930:	5e 44 f6 ff 	mov.b	-10(r4),r14	;0xfff6(r4)
    4934:	0f 5d       	add	r13,	r15	
    4936:	cf 4e 00 00 	mov.b	r14,	0(r15)	;0x0000(r15)
		state[2][i]=temp[2];
    493a:	1d 44 fa ff 	mov	-6(r4),	r13	;0xfffa(r4)
    493e:	3d 52       	add	#8,	r13	;r2 As==11
    4940:	5f 44 f2 ff 	mov.b	-14(r4),r15	;0xfff2(r4)
    4944:	5e 44 f7 ff 	mov.b	-9(r4),	r14	;0xfff7(r4)
    4948:	0f 5d       	add	r13,	r15	
    494a:	cf 4e 00 00 	mov.b	r14,	0(r15)	;0x0000(r15)
		state[3][i]=temp[3];
    494e:	1d 44 fa ff 	mov	-6(r4),	r13	;0xfffa(r4)
    4952:	3d 50 0c 00 	add	#12,	r13	;#0x000c
    4956:	5f 44 f2 ff 	mov.b	-14(r4),r15	;0xfff2(r4)
    495a:	5e 44 f8 ff 	mov.b	-8(r4),	r14	;0xfff8(r4)
    495e:	0f 5d       	add	r13,	r15	
    4960:	cf 4e 00 00 	mov.b	r14,	0(r15)	;0x0000(r15)
void Pi_Permut(u8 state[4][4])
{
	u8 i,j,k;
	u8 temp[4];
	
    for(i=0;i<4;i++)
    4964:	d4 53 f2 ff 	inc.b	-14(r4)	;0xfff2(r4)
    4968:	e4 92 f2 ff 	cmp.b	#4,	-14(r4)	;r2 As==10, 0xfff2(r4)
    496c:	92 2b       	jnc	$-218    	;abs 0x4892
		state[1][i]=temp[1];
		state[2][i]=temp[2];
		state[3][i]=temp[3];
	}
	return;
}
    496e:	31 50 0a 00 	add	#10,	r1	;#0x000a
    4972:	34 41       	pop	r4		
    4974:	3b 41       	pop	r11		
    4976:	30 41       	ret			

00004978 <Tau_Transp>:

void Tau_Transp(u8 state[4][4])
{
    4978:	04 12       	push	r4		
    497a:	04 41       	mov	r1,	r4	
    497c:	24 53       	incd	r4		
    497e:	31 82       	sub	#8,	r1	;r2 As==11
    4980:	84 4f fc ff 	mov	r15,	-4(r4)	;0xfffc(r4)
	u16 i,j,temp;
	for(i=0;i<3;i++)
    4984:	84 43 f6 ff 	mov	#0,	-10(r4)	;r3 As==00, 0xfff6(r4)
    4988:	3e 3c       	jmp	$+126    	;abs 0x4a06
	{
		for(j=1+i;j<4;j++)
    498a:	1f 44 f6 ff 	mov	-10(r4),r15	;0xfff6(r4)
    498e:	1f 53       	inc	r15		
    4990:	84 4f f8 ff 	mov	r15,	-8(r4)	;0xfff8(r4)
    4994:	33 3c       	jmp	$+104    	;abs 0x49fc
		{
			temp=state[i][j];
    4996:	1f 44 f6 ff 	mov	-10(r4),r15	;0xfff6(r4)
    499a:	0f 5f       	rla	r15		
    499c:	0f 5f       	rla	r15		
    499e:	1f 54 fc ff 	add	-4(r4),	r15	;0xfffc(r4)
    49a2:	1f 54 f8 ff 	add	-8(r4),	r15	;0xfff8(r4)
    49a6:	6f 4f       	mov.b	@r15,	r15	
    49a8:	c4 4f fa ff 	mov.b	r15,	-6(r4)	;0xfffa(r4)
    49ac:	c4 43 fb ff 	mov.b	#0,	-5(r4)	;r3 As==00, 0xfffb(r4)
			state[i][j]=state[j][i];
    49b0:	1f 44 f6 ff 	mov	-10(r4),r15	;0xfff6(r4)
    49b4:	0f 5f       	rla	r15		
    49b6:	0f 5f       	rla	r15		
    49b8:	1d 44 fc ff 	mov	-4(r4),	r13	;0xfffc(r4)
    49bc:	0d 5f       	add	r15,	r13	
    49be:	1f 44 f8 ff 	mov	-8(r4),	r15	;0xfff8(r4)
    49c2:	0f 5f       	rla	r15		
    49c4:	0f 5f       	rla	r15		
    49c6:	1f 54 fc ff 	add	-4(r4),	r15	;0xfffc(r4)
    49ca:	1f 54 f6 ff 	add	-10(r4),r15	;0xfff6(r4)
    49ce:	6e 4f       	mov.b	@r15,	r14	
    49d0:	0f 4d       	mov	r13,	r15	
    49d2:	1f 54 f8 ff 	add	-8(r4),	r15	;0xfff8(r4)
    49d6:	cf 4e 00 00 	mov.b	r14,	0(r15)	;0x0000(r15)
			state[j][i]=temp;
    49da:	1f 44 f8 ff 	mov	-8(r4),	r15	;0xfff8(r4)
    49de:	0f 5f       	rla	r15		
    49e0:	0f 5f       	rla	r15		
    49e2:	1d 44 fc ff 	mov	-4(r4),	r13	;0xfffc(r4)
    49e6:	0d 5f       	add	r15,	r13	
    49e8:	1f 44 fa ff 	mov	-6(r4),	r15	;0xfffa(r4)
    49ec:	4e 4f       	mov.b	r15,	r14	
    49ee:	0f 4d       	mov	r13,	r15	
    49f0:	1f 54 f6 ff 	add	-10(r4),r15	;0xfff6(r4)
    49f4:	cf 4e 00 00 	mov.b	r14,	0(r15)	;0x0000(r15)
void Tau_Transp(u8 state[4][4])
{
	u16 i,j,temp;
	for(i=0;i<3;i++)
	{
		for(j=1+i;j<4;j++)
    49f8:	94 53 f8 ff 	inc	-8(r4)		;0xfff8(r4)
    49fc:	a4 92 f8 ff 	cmp	#4,	-8(r4)	;r2 As==10, 0xfff8(r4)
    4a00:	ca 2b       	jnc	$-106    	;abs 0x4996
}

void Tau_Transp(u8 state[4][4])
{
	u16 i,j,temp;
	for(i=0;i<3;i++)
    4a02:	94 53 f6 ff 	inc	-10(r4)	;0xfff6(r4)
    4a06:	b4 90 03 00 	cmp	#3,	-10(r4)	;#0x0003, 0xfff6(r4)
    4a0a:	f6 ff 
    4a0c:	be 2b       	jnc	$-130    	;abs 0x498a
			state[i][j]=state[j][i];
			state[j][i]=temp;
		}
	}
	return;
}
    4a0e:	31 52       	add	#8,	r1	;r2 As==11
    4a10:	34 41       	pop	r4		
    4a12:	30 41       	ret			

00004a14 <Sigma_KeyAdd>:
void Sigma_KeyAdd(u8 state[4][4], const u16 *rkey)
{
    4a14:	04 12       	push	r4		
    4a16:	04 41       	mov	r1,	r4	
    4a18:	24 53       	incd	r4		
    4a1a:	31 50 f6 ff 	add	#-10,	r1	;#0xfff6
    4a1e:	84 4f fa ff 	mov	r15,	-6(r4)	;0xfffa(r4)
    4a22:	84 4e fc ff 	mov	r14,	-4(r4)	;0xfffc(r4)
	u16 i,j,tempkey;
	for(i=0;i<4;i++)
    4a26:	84 43 f4 ff 	mov	#0,	-12(r4)	;r3 As==00, 0xfff4(r4)
    4a2a:	40 3c       	jmp	$+130    	;abs 0x4aac
	{
		tempkey=rkey[i];
    4a2c:	1f 44 f4 ff 	mov	-12(r4),r15	;0xfff4(r4)
    4a30:	0f 5f       	rla	r15		
    4a32:	1f 54 fc ff 	add	-4(r4),	r15	;0xfffc(r4)
    4a36:	a4 4f f8 ff 	mov	@r15,	-8(r4)	;0xfff8(r4)
		for(j=0;j<4;j++)
    4a3a:	84 43 f6 ff 	mov	#0,	-10(r4)	;r3 As==00, 0xfff6(r4)
    4a3e:	31 3c       	jmp	$+100    	;abs 0x4aa2
		{
			state[i][3-j] ^= tempkey&0x000F;
    4a40:	1f 44 f4 ff 	mov	-12(r4),r15	;0xfff4(r4)
    4a44:	0f 5f       	rla	r15		
    4a46:	0f 5f       	rla	r15		
    4a48:	1c 44 fa ff 	mov	-6(r4),	r12	;0xfffa(r4)
    4a4c:	0c 5f       	add	r15,	r12	
    4a4e:	3f 40 03 00 	mov	#3,	r15	;#0x0003
    4a52:	0d 4f       	mov	r15,	r13	
    4a54:	1d 84 f6 ff 	sub	-10(r4),r13	;0xfff6(r4)
    4a58:	1f 44 f4 ff 	mov	-12(r4),r15	;0xfff4(r4)
    4a5c:	0f 5f       	rla	r15		
    4a5e:	0f 5f       	rla	r15		
    4a60:	1e 44 fa ff 	mov	-6(r4),	r14	;0xfffa(r4)
    4a64:	0e 5f       	add	r15,	r14	
    4a66:	3f 40 03 00 	mov	#3,	r15	;#0x0003
    4a6a:	1f 84 f6 ff 	sub	-10(r4),r15	;0xfff6(r4)
    4a6e:	0f 5e       	add	r14,	r15	
    4a70:	6e 4f       	mov.b	@r15,	r14	
    4a72:	1f 44 f8 ff 	mov	-8(r4),	r15	;0xfff8(r4)
    4a76:	4f 4f       	mov.b	r15,	r15	
    4a78:	7f f0 0f 00 	and.b	#15,	r15	;#0x000f
    4a7c:	4e ef       	xor.b	r15,	r14	
    4a7e:	0f 4c       	mov	r12,	r15	
    4a80:	0f 5d       	add	r13,	r15	
    4a82:	cf 4e 00 00 	mov.b	r14,	0(r15)	;0x0000(r15)
			tempkey>>=4;
    4a86:	1f 44 f8 ff 	mov	-8(r4),	r15	;0xfff8(r4)
    4a8a:	12 c3       	clrc			
    4a8c:	0f 10       	rrc	r15		
    4a8e:	12 c3       	clrc			
    4a90:	0f 10       	rrc	r15		
    4a92:	12 c3       	clrc			
    4a94:	0f 10       	rrc	r15		
    4a96:	12 c3       	clrc			
    4a98:	0f 10       	rrc	r15		
    4a9a:	84 4f f8 ff 	mov	r15,	-8(r4)	;0xfff8(r4)
{
	u16 i,j,tempkey;
	for(i=0;i<4;i++)
	{
		tempkey=rkey[i];
		for(j=0;j<4;j++)
    4a9e:	94 53 f6 ff 	inc	-10(r4)	;0xfff6(r4)
    4aa2:	a4 92 f6 ff 	cmp	#4,	-10(r4)	;r2 As==10, 0xfff6(r4)
    4aa6:	cc 2b       	jnc	$-102    	;abs 0x4a40
	return;
}
void Sigma_KeyAdd(u8 state[4][4], const u16 *rkey)
{
	u16 i,j,tempkey;
	for(i=0;i<4;i++)
    4aa8:	94 53 f4 ff 	inc	-12(r4)	;0xfff4(r4)
    4aac:	a4 92 f4 ff 	cmp	#4,	-12(r4)	;r2 As==10, 0xfff4(r4)
    4ab0:	bd 2b       	jnc	$-132    	;abs 0x4a2c
			state[i][3-j] ^= tempkey&0x000F;
			tempkey>>=4;
		}
	}
	return;
}
    4ab2:	31 50 0a 00 	add	#10,	r1	;#0x000a
    4ab6:	34 41       	pop	r4		
    4ab8:	30 41       	ret			

00004aba <Encrypt>:

void Encrypt(u8 state[4][4],u16 rkey[NBROUND+1][KSIZE>>4])
{
    4aba:	04 12       	push	r4		
    4abc:	04 41       	mov	r1,	r4	
    4abe:	24 53       	incd	r4		
    4ac0:	31 50 fa ff 	add	#-6,	r1	;#0xfffa
    4ac4:	84 4f fa ff 	mov	r15,	-6(r4)	;0xfffa(r4)
    4ac8:	84 4e fc ff 	mov	r14,	-4(r4)	;0xfffc(r4)
	 u8 k;
	 
	 Sigma_KeyAdd(state, rkey[0]);
    4acc:	1e 44 fc ff 	mov	-4(r4),	r14	;0xfffc(r4)
    4ad0:	1f 44 fa ff 	mov	-6(r4),	r15	;0xfffa(r4)
    4ad4:	b0 12 14 4a 	call	#0x4a14	
	 
     for(k=0; k<NBROUND;k++)
    4ad8:	c4 43 f8 ff 	mov.b	#0,	-8(r4)	;r3 As==00, 0xfff8(r4)
    4adc:	1c 3c       	jmp	$+58     	;abs 0x4b16
     {
		 Gamma_SBox(state);
    4ade:	1f 44 fa ff 	mov	-6(r4),	r15	;0xfffa(r4)
    4ae2:	b0 12 66 47 	call	#0x4766	
		 Pi_Permut(state);
    4ae6:	1f 44 fa ff 	mov	-6(r4),	r15	;0xfffa(r4)
    4aea:	b0 12 7c 48 	call	#0x487c	
		 Tau_Transp(state);
    4aee:	1f 44 fa ff 	mov	-6(r4),	r15	;0xfffa(r4)
    4af2:	b0 12 78 49 	call	#0x4978	
		 Sigma_KeyAdd(state, rkey[k+1]);
    4af6:	5f 44 f8 ff 	mov.b	-8(r4),	r15	;0xfff8(r4)
    4afa:	1f 53       	inc	r15		
    4afc:	0f 5f       	rla	r15		
    4afe:	0f 5f       	rla	r15		
    4b00:	0f 5f       	rla	r15		
    4b02:	0f 5f       	rla	r15		
    4b04:	1f 54 fc ff 	add	-4(r4),	r15	;0xfffc(r4)
    4b08:	0e 4f       	mov	r15,	r14	
    4b0a:	1f 44 fa ff 	mov	-6(r4),	r15	;0xfffa(r4)
    4b0e:	b0 12 14 4a 	call	#0x4a14	
{
	 u8 k;
	 
	 Sigma_KeyAdd(state, rkey[0]);
	 
     for(k=0; k<NBROUND;k++)
    4b12:	d4 53 f8 ff 	inc.b	-8(r4)		;0xfff8(r4)
    4b16:	f4 90 0c 00 	cmp.b	#12,	-8(r4)	;#0x000c, 0xfff8(r4)
    4b1a:	f8 ff 
    4b1c:	e0 2b       	jnc	$-62     	;abs 0x4ade
		 Gamma_SBox(state);
		 Pi_Permut(state);
		 Tau_Transp(state);
		 Sigma_KeyAdd(state, rkey[k+1]);
     }
     Tau_Transp(state);
    4b1e:	1f 44 fa ff 	mov	-6(r4),	r15	;0xfffa(r4)
    4b22:	b0 12 78 49 	call	#0x4978	
	 Pi_Permut(state);
    4b26:	1f 44 fa ff 	mov	-6(r4),	r15	;0xfffa(r4)
    4b2a:	b0 12 7c 48 	call	#0x487c	
	 Tau_Transp(state); 
    4b2e:	1f 44 fa ff 	mov	-6(r4),	r15	;0xfffa(r4)
    4b32:	b0 12 78 49 	call	#0x4978	

	 return;
}
    4b36:	31 50 06 00 	add	#6,	r1	;#0x0006
    4b3a:	34 41       	pop	r4		
    4b3c:	30 41       	ret			

00004b3e <Decrypt>:

void Decrypt(u8 state[4][4],u16 dkey[NBROUND+1][KSIZE>>4])
{
    4b3e:	04 12       	push	r4		
    4b40:	04 41       	mov	r1,	r4	
    4b42:	24 53       	incd	r4		
    4b44:	31 50 fa ff 	add	#-6,	r1	;#0xfffa
    4b48:	84 4f fa ff 	mov	r15,	-6(r4)	;0xfffa(r4)
    4b4c:	84 4e fc ff 	mov	r14,	-4(r4)	;0xfffc(r4)
   	 u8 i,j,k;
   	 u16 tempkey;
	 
	 Sigma_KeyAdd(state, dkey[0]); 
    4b50:	1e 44 fc ff 	mov	-4(r4),	r14	;0xfffc(r4)
    4b54:	1f 44 fa ff 	mov	-6(r4),	r15	;0xfffa(r4)
    4b58:	b0 12 14 4a 	call	#0x4a14	
     for(k=0; k<NBROUND;k++)
    4b5c:	c4 43 f8 ff 	mov.b	#0,	-8(r4)	;r3 As==00, 0xfff8(r4)
    4b60:	1c 3c       	jmp	$+58     	;abs 0x4b9a
     {
		 Gamma_SBox_Inv(state);
    4b62:	1f 44 fa ff 	mov	-6(r4),	r15	;0xfffa(r4)
    4b66:	b0 12 f0 47 	call	#0x47f0	
		 Pi_Permut(state);
    4b6a:	1f 44 fa ff 	mov	-6(r4),	r15	;0xfffa(r4)
    4b6e:	b0 12 7c 48 	call	#0x487c	
    	 Tau_Transp(state);
    4b72:	1f 44 fa ff 	mov	-6(r4),	r15	;0xfffa(r4)
    4b76:	b0 12 78 49 	call	#0x4978	
    	 Sigma_KeyAdd(state, dkey[k+1]);    	
    4b7a:	5f 44 f8 ff 	mov.b	-8(r4),	r15	;0xfff8(r4)
    4b7e:	1f 53       	inc	r15		
    4b80:	0f 5f       	rla	r15		
    4b82:	0f 5f       	rla	r15		
    4b84:	0f 5f       	rla	r15		
    4b86:	0f 5f       	rla	r15		
    4b88:	1f 54 fc ff 	add	-4(r4),	r15	;0xfffc(r4)
    4b8c:	0e 4f       	mov	r15,	r14	
    4b8e:	1f 44 fa ff 	mov	-6(r4),	r15	;0xfffa(r4)
    4b92:	b0 12 14 4a 	call	#0x4a14	
{
   	 u8 i,j,k;
   	 u16 tempkey;
	 
	 Sigma_KeyAdd(state, dkey[0]); 
     for(k=0; k<NBROUND;k++)
    4b96:	d4 53 f8 ff 	inc.b	-8(r4)		;0xfff8(r4)
    4b9a:	f4 90 0c 00 	cmp.b	#12,	-8(r4)	;#0x000c, 0xfff8(r4)
    4b9e:	f8 ff 
    4ba0:	e0 2b       	jnc	$-62     	;abs 0x4b62
		 Gamma_SBox_Inv(state);
		 Pi_Permut(state);
    	 Tau_Transp(state);
    	 Sigma_KeyAdd(state, dkey[k+1]);    	
     } 
     Tau_Transp(state);
    4ba2:	1f 44 fa ff 	mov	-6(r4),	r15	;0xfffa(r4)
    4ba6:	b0 12 78 49 	call	#0x4978	
	 Pi_Permut(state);
    4baa:	1f 44 fa ff 	mov	-6(r4),	r15	;0xfffa(r4)
    4bae:	b0 12 7c 48 	call	#0x487c	
	 Tau_Transp(state); 
    4bb2:	1f 44 fa ff 	mov	-6(r4),	r15	;0xfffa(r4)
    4bb6:	b0 12 78 49 	call	#0x4978	
    
	 return;

}
    4bba:	31 50 06 00 	add	#6,	r1	;#0x0006
    4bbe:	34 41       	pop	r4		
    4bc0:	30 41       	ret			

00004bc2 <delay>:
/**************************************************/
/********************* DELAY **********************/
/**************************************************/

void delay(unsigned int d) 
{
    4bc2:	04 12       	push	r4		
    4bc4:	04 41       	mov	r1,	r4	
    4bc6:	24 53       	incd	r4		
    4bc8:	31 50 fa ff 	add	#-6,	r1	;#0xfffa
    4bcc:	84 4f fc ff 	mov	r15,	-4(r4)	;0xfffc(r4)
  unsigned int i,j;
  for(j=0; j < 0xff; j++)
    4bd0:	84 43 fa ff 	mov	#0,	-6(r4)	;r3 As==00, 0xfffa(r4)
    4bd4:	0d 3c       	jmp	$+28     	;abs 0x4bf0
    {
      for (i = 0; i<d; i++) 
    4bd6:	84 43 f8 ff 	mov	#0,	-8(r4)	;r3 As==00, 0xfff8(r4)
    4bda:	04 3c       	jmp	$+10     	;abs 0x4be4
	{
	  nop();
    4bdc:	03 43       	nop			
	  nop();
    4bde:	03 43       	nop			
void delay(unsigned int d) 
{
  unsigned int i,j;
  for(j=0; j < 0xff; j++)
    {
      for (i = 0; i<d; i++) 
    4be0:	94 53 f8 ff 	inc	-8(r4)		;0xfff8(r4)
    4be4:	94 94 fc ff 	cmp	-4(r4),	-8(r4)	;0xfffc(r4), 0xfff8(r4)
    4be8:	f8 ff 
    4bea:	f8 2b       	jnc	$-14     	;abs 0x4bdc
/**************************************************/

void delay(unsigned int d) 
{
  unsigned int i,j;
  for(j=0; j < 0xff; j++)
    4bec:	94 53 fa ff 	inc	-6(r4)		;0xfffa(r4)
    4bf0:	b4 90 ff 00 	cmp	#255,	-6(r4)	;#0x00ff, 0xfffa(r4)
    4bf4:	fa ff 
    4bf6:	ef 2b       	jnc	$-32     	;abs 0x4bd6
	{
	  nop();
	  nop();
	}
    }
}
    4bf8:	31 50 06 00 	add	#6,	r1	;#0x0006
    4bfc:	34 41       	pop	r4		
    4bfe:	30 41       	ret			

00004c00 <uart1_init>:

#define UART1_BIT_RX (1 << UART1_PIN_RX)
#define UART1_BIT_TX (1 << UART1_PIN_TX)

int uart1_init()
{
    4c00:	04 12       	push	r4		
    4c02:	04 41       	mov	r1,	r4	
    4c04:	24 53       	incd	r4		

  WDTCTL = WDTPW + WDTHOLD;
    4c06:	b2 40 80 5a 	mov	#23168,	&0x0120	;#0x5a80
    4c0a:	20 01 

  P1IE   = 0x00;        // Interrupt enable
    4c0c:	c2 43 25 00 	mov.b	#0,	&0x0025	;r3 As==00
  P2IE   = 0x00;        // 0:disable 1:enable
    4c10:	c2 43 2d 00 	mov.b	#0,	&0x002d	;r3 As==00

  //Init of MSP430 Usart1 pins
  P3SEL |= (UART1_BIT_RX | UART1_BIT_TX);
    4c14:	5f 42 1b 00 	mov.b	&0x001b,r15	
    4c18:	7f d0 c0 ff 	bis.b	#-64,	r15	;#0xffc0
    4c1c:	c2 4f 1b 00 	mov.b	r15,	&0x001b	

  //Init of USART1 Module
  U1ME  |= UTXE1|URXE1;           //Enable USART1 transmiter and receiver (UART mode)
    4c20:	5f 42 05 00 	mov.b	&0x0005,r15	
    4c24:	7f d0 30 00 	bis.b	#48,	r15	;#0x0030
    4c28:	c2 4f 05 00 	mov.b	r15,	&0x0005	
  
  U1CTL  = SWRST;                 //reset
    4c2c:	d2 43 78 00 	mov.b	#1,	&0x0078	;r3 As==01
  U1CTL  = CHAR;                  //init & release reset
    4c30:	f2 40 10 00 	mov.b	#16,	&0x0078	;#0x0010
    4c34:	78 00 
  
  U1TCTL = SSEL1 | TXEPT;        //use SMCLK 
    4c36:	f2 40 21 00 	mov.b	#33,	&0x0079	;#0x0021
    4c3a:	79 00 
  U1RCTL = 0;
    4c3c:	c2 43 7a 00 	mov.b	#0,	&0x007a	;r3 As==00
  // 38400 @ SMCLK 1MHz
#define U1BR1_INIT        0
#define U1BR0_INIT        0x1B
#define U1MCTL_INIT       0x03
  
  U1BR1  = U1BR1_INIT;
    4c40:	c2 43 7d 00 	mov.b	#0,	&0x007d	;r3 As==00
  U1BR0  = U1BR0_INIT;
    4c44:	f2 40 1b 00 	mov.b	#27,	&0x007c	;#0x001b
    4c48:	7c 00 
  U1MCTL = U1MCTL_INIT;
    4c4a:	f2 40 03 00 	mov.b	#3,	&0x007b	;#0x0003
    4c4e:	7b 00 

  delay(0x800);
    4c50:	3f 40 00 08 	mov	#2048,	r15	;#0x0800
    4c54:	b0 12 c2 4b 	call	#0x4bc2	
  return 0;
    4c58:	0f 43       	clr	r15		
}
    4c5a:	34 41       	pop	r4		
    4c5c:	30 41       	ret			

00004c5e <uart1_putchar>:

int uart1_putchar(int c)
{
    4c5e:	04 12       	push	r4		
    4c60:	04 41       	mov	r1,	r4	
    4c62:	24 53       	incd	r4		
    4c64:	21 83       	decd	r1		
    4c66:	84 4f fc ff 	mov	r15,	-4(r4)	;0xfffc(r4)
  U1TXBUF = c;
    4c6a:	1f 44 fc ff 	mov	-4(r4),	r15	;0xfffc(r4)
    4c6e:	4f 4f       	mov.b	r15,	r15	
    4c70:	c2 4f 7f 00 	mov.b	r15,	&0x007f	
  while ((U1TCTL & TXEPT) != TXEPT);
    4c74:	03 43       	nop			
    4c76:	5f 42 79 00 	mov.b	&0x0079,r15	
    4c7a:	4f 4f       	mov.b	r15,	r15	
    4c7c:	1f f3       	and	#1,	r15	;r3 As==01
    4c7e:	0f 93       	tst	r15		
    4c80:	fa 27       	jz	$-10     	;abs 0x4c76
  return (unsigned char)c;
    4c82:	1f 44 fc ff 	mov	-4(r4),	r15	;0xfffc(r4)
    4c86:	4f 4f       	mov.b	r15,	r15	
    4c88:	4f 4f       	mov.b	r15,	r15	
}
    4c8a:	21 53       	incd	r1		
    4c8c:	34 41       	pop	r4		
    4c8e:	30 41       	ret			

00004c90 <putchar>:
/**************************************************/
/******************** PUT CHAR *********************/
/**************************************************/

int putchar(int c)
{
    4c90:	04 12       	push	r4		
    4c92:	04 41       	mov	r1,	r4	
    4c94:	24 53       	incd	r4		
    4c96:	21 83       	decd	r1		
    4c98:	84 4f fc ff 	mov	r15,	-4(r4)	;0xfffc(r4)
  return uart1_putchar(c);
    4c9c:	1f 44 fc ff 	mov	-4(r4),	r15	;0xfffc(r4)
    4ca0:	b0 12 5e 4c 	call	#0x4c5e	
}
    4ca4:	21 53       	incd	r1		
    4ca6:	34 41       	pop	r4		
    4ca8:	30 41       	ret			

00004caa <start_encrypt>:
/******************** END EXPE*********************/
/**************************************************/

void
start_encrypt()
{
    4caa:	04 12       	push	r4		
    4cac:	04 41       	mov	r1,	r4	
    4cae:	24 53       	incd	r4		
  ;
}
    4cb0:	34 41       	pop	r4		
    4cb2:	30 41       	ret			

00004cb4 <start_decrypt>:
void
start_decrypt()
{
    4cb4:	04 12       	push	r4		
    4cb6:	04 41       	mov	r1,	r4	
    4cb8:	24 53       	incd	r4		
  ;
}
    4cba:	34 41       	pop	r4		
    4cbc:	30 41       	ret			

00004cbe <end_expe>:


void
end_expe()
{
    4cbe:	04 12       	push	r4		
    4cc0:	04 41       	mov	r1,	r4	
    4cc2:	24 53       	incd	r4		
  ;
}
    4cc4:	34 41       	pop	r4		
    4cc6:	30 41       	ret			

00004cc8 <memcpy>:
    4cc8:	0b 12       	push	r11		
    4cca:	0a 12       	push	r10		
    4ccc:	09 12       	push	r9		
    4cce:	08 12       	push	r8		
    4cd0:	07 12       	push	r7		
    4cd2:	0d 93       	tst	r13		
    4cd4:	70 24       	jz	$+226    	;abs 0x4db6
    4cd6:	0f 9e       	cmp	r14,	r15	
    4cd8:	6e 24       	jz	$+222    	;abs 0x4db6
    4cda:	34 2c       	jc	$+106    	;abs 0x4d44
    4cdc:	0c 4e       	mov	r14,	r12	
    4cde:	0c df       	bis	r15,	r12	
    4ce0:	1c f3       	and	#1,	r12	;r3 As==01
    4ce2:	1b 24       	jz	$+56     	;abs 0x4d1a
    4ce4:	0c 4e       	mov	r14,	r12	
    4ce6:	0c ef       	xor	r15,	r12	
    4ce8:	1c f3       	and	#1,	r12	;r3 As==01
    4cea:	07 20       	jnz	$+16     	;abs 0x4cfa
    4cec:	2d 93       	cmp	#2,	r13	;r3 As==10
    4cee:	07 28       	jnc	$+16     	;abs 0x4cfe
    4cf0:	0b 4e       	mov	r14,	r11	
    4cf2:	1b f3       	and	#1,	r11	;r3 As==01
    4cf4:	2c 43       	mov	#2,	r12	;r3 As==10
    4cf6:	0c 8b       	sub	r11,	r12	
    4cf8:	03 3c       	jmp	$+8      	;abs 0x4d00
    4cfa:	0c 4d       	mov	r13,	r12	
    4cfc:	01 3c       	jmp	$+4      	;abs 0x4d00
    4cfe:	1c 43       	mov	#1,	r12	;r3 As==01
    4d00:	0d 8c       	sub	r12,	r13	
    4d02:	0a 4c       	mov	r12,	r10	
    4d04:	09 4e       	mov	r14,	r9	
    4d06:	0b 4f       	mov	r15,	r11	
    4d08:	fb 49 00 00 	mov.b	@r9+,	0(r11)	;0x0000(r11)
    4d0c:	1b 53       	inc	r11		
    4d0e:	3a 53       	add	#-1,	r10	;r3 As==11
    4d10:	fb 23       	jnz	$-8      	;abs 0x4d08
    4d12:	0a 4f       	mov	r15,	r10	
    4d14:	0a 5c       	add	r12,	r10	
    4d16:	0e 5c       	add	r12,	r14	
    4d18:	01 3c       	jmp	$+4      	;abs 0x4d1c
    4d1a:	0a 4f       	mov	r15,	r10	
    4d1c:	0b 4d       	mov	r13,	r11	
    4d1e:	12 c3       	clrc			
    4d20:	0b 10       	rrc	r11		
    4d22:	0b 24       	jz	$+24     	;abs 0x4d3a
    4d24:	09 4b       	mov	r11,	r9	
    4d26:	08 4e       	mov	r14,	r8	
    4d28:	0c 4a       	mov	r10,	r12	
    4d2a:	bc 48 00 00 	mov	@r8+,	0(r12)	;0x0000(r12)
    4d2e:	2c 53       	incd	r12		
    4d30:	39 53       	add	#-1,	r9	;r3 As==11
    4d32:	fb 23       	jnz	$-8      	;abs 0x4d2a
    4d34:	0b 5b       	rla	r11		
    4d36:	0e 5b       	add	r11,	r14	
    4d38:	0a 5b       	add	r11,	r10	
    4d3a:	1d f3       	and	#1,	r13	;r3 As==01
    4d3c:	3c 24       	jz	$+122    	;abs 0x4db6
    4d3e:	ea 4e 00 00 	mov.b	@r14,	0(r10)	;0x0000(r10)
    4d42:	39 3c       	jmp	$+116    	;abs 0x4db6
    4d44:	0e 5d       	add	r13,	r14	
    4d46:	0c 4f       	mov	r15,	r12	
    4d48:	0c 5d       	add	r13,	r12	
    4d4a:	0b 4c       	mov	r12,	r11	
    4d4c:	0b de       	bis	r14,	r11	
    4d4e:	1b f3       	and	#1,	r11	;r3 As==01
    4d50:	1b 24       	jz	$+56     	;abs 0x4d88
    4d52:	0b 4c       	mov	r12,	r11	
    4d54:	0b ee       	xor	r14,	r11	
    4d56:	1b f3       	and	#1,	r11	;r3 As==01
    4d58:	06 20       	jnz	$+14     	;abs 0x4d66
    4d5a:	3d 90 03 00 	cmp	#3,	r13	;#0x0003
    4d5e:	03 28       	jnc	$+8      	;abs 0x4d66
    4d60:	0b 4e       	mov	r14,	r11	
    4d62:	1b f3       	and	#1,	r11	;r3 As==01
    4d64:	01 3c       	jmp	$+4      	;abs 0x4d68
    4d66:	0b 4d       	mov	r13,	r11	
    4d68:	0d 8b       	sub	r11,	r13	
    4d6a:	09 4e       	mov	r14,	r9	
    4d6c:	0a 4c       	mov	r12,	r10	
    4d6e:	08 4b       	mov	r11,	r8	
    4d70:	08 8c       	sub	r12,	r8	
    4d72:	3a 53       	add	#-1,	r10	;r3 As==11
    4d74:	39 53       	add	#-1,	r9	;r3 As==11
    4d76:	ea 49 00 00 	mov.b	@r9,	0(r10)	;0x0000(r10)
    4d7a:	07 4a       	mov	r10,	r7	
    4d7c:	07 58       	add	r8,	r7	
    4d7e:	f9 23       	jnz	$-12     	;abs 0x4d72
    4d80:	3b e3       	inv	r11		
    4d82:	1b 53       	inc	r11		
    4d84:	0c 5b       	add	r11,	r12	
    4d86:	0e 5b       	add	r11,	r14	
    4d88:	0b 4d       	mov	r13,	r11	
    4d8a:	12 c3       	clrc			
    4d8c:	0b 10       	rrc	r11		
    4d8e:	0e 24       	jz	$+30     	;abs 0x4dac
    4d90:	0a 4b       	mov	r11,	r10	
    4d92:	08 4e       	mov	r14,	r8	
    4d94:	09 4c       	mov	r12,	r9	
    4d96:	28 83       	decd	r8		
    4d98:	29 83       	decd	r9		
    4d9a:	a9 48 00 00 	mov	@r8,	0(r9)	;0x0000(r9)
    4d9e:	3a 53       	add	#-1,	r10	;r3 As==11
    4da0:	fa 23       	jnz	$-10     	;abs 0x4d96
    4da2:	0a 8b       	sub	r11,	r10	
    4da4:	0b 4a       	mov	r10,	r11	
    4da6:	0b 5b       	rla	r11		
    4da8:	0e 5b       	add	r11,	r14	
    4daa:	0c 5b       	add	r11,	r12	
    4dac:	1d f3       	and	#1,	r13	;r3 As==01
    4dae:	03 24       	jz	$+8      	;abs 0x4db6
    4db0:	dc 4e ff ff 	mov.b	-1(r14),-1(r12)	;0xffff(r14), 0xffff(r12)
    4db4:	ff ff 
    4db6:	37 41       	pop	r7		
    4db8:	38 41       	pop	r8		
    4dba:	39 41       	pop	r9		
    4dbc:	3a 41       	pop	r10		
    4dbe:	3b 41       	pop	r11		
    4dc0:	30 41       	ret			

00004dc2 <_unexpected_>:
    4dc2:	00 13       	reti			

Disassembly of section .vectors:

0000ffe0 <__ivtbl_16>:
    ffe0:	de 40 de 40 de 40 de 40 de 40 de 40 de 40 de 40     .@.@.@.@.@.@.@.@
    fff0:	de 40 de 40 de 40 de 40 de 40 de 40 de 40 00 40     .@.@.@.@.@.@.@.@
