
mcrypton.elf:     file format elf32-msp430

SYMBOL TABLE:
00004000 l    d  .text	00000000 .text
00004c8a l    d  .rodata	00000000 .rodata
00001100 l    d  .data	00000000 .data
00001110 l    d  .noinit	00000000 .noinit
0000ffe0 l    d  .vectors	00000000 .vectors
00000000 l    d  .debug_aranges	00000000 .debug_aranges
00000000 l    d  .debug_info	00000000 .debug_info
00000000 l    d  .debug_abbrev	00000000 .debug_abbrev
00000000 l    d  .debug_line	00000000 .debug_line
00000000 l    d  .debug_frame	00000000 .debug_frame
00000000 l    d  .debug_str	00000000 .debug_str
00000000 l    d  .debug_loc	00000000 .debug_loc
00000000 l    d  .debug_ranges	00000000 .debug_ranges
00000000 l    df *ABS*	00000000 mCrypton96.c
00004c8a l     O .rodata	00000020 KSCte
00004caa l     O .rodata	00000040 sBox
00004cea l     O .rodata	00000004 Mask
000040de l       .text	00000000 __br_unexpected_
00000000 l    df *ABS*	00000000 tools.c
00000000 l    df *ABS*	00000000 memcpy.c
00004b56 g     F .text	0000001a putchar
00000057 g       *ABS*	00000000 __BCSCTL1
0000005a g       *ABS*	00000000 __CACTL2
00000174 g       *ABS*	00000000 __TACCR1
00000084 g       *ABS*	00000000 __ADC12MCTL4
00000010 g       *ABS*	00000000 __data_size
0000015a g       *ABS*	00000000 __ADC12MEM13
00000052 g       *ABS*	00000000 __I2CNDAT
000040de  w      .text	00000000 __isr_14
00000128 g       *ABS*	00000000 __FCTL1
00000024 g       *ABS*	00000000 __P1IES
0000007b g       *ABS*	00000000 __U1MCTL
000001f6 g       *ABS*	00000000 __DMA2SZ
000040de  w      .text	00000000 __isr_4
00000002 g       *ABS*	00000000 __IFG1
00000076 g       *ABS*	00000000 __I2CDRW
00004a00 g     F .text	00000088 Decrypt
0000007e g       *ABS*	00000000 __U1RXBUF
00000138 g       *ABS*	00000000 __OP2
00000076 g       *ABS*	00000000 __U0RXBUF
000001a4 g       *ABS*	00000000 __ADC12IFG
0000012e g       *ABS*	00000000 __TAIV
000001e6 g       *ABS*	00000000 __DMA0SZ
00000000 g       .vectors	00000000 _efartext
0000007c g       *ABS*	00000000 __U1BR0
00000130 g       *ABS*	00000000 __MPY
00000001 g       *ABS*	00000000 __IE2
0000013a g       *ABS*	00000000 __RESLO
00000136 g       *ABS*	00000000 __MACS
00000087 g       *ABS*	00000000 __ADC12MCTL7
0000002b g       *ABS*	00000000 __P2IFG
0000001a g       *ABS*	00000000 __P3DIR
00004cee g       *ABS*	00000000 _etext
00000190 g       *ABS*	00000000 __TBR
0000001d g       *ABS*	00000000 __P4OUT
000001f4 g       *ABS*	00000000 __DMA2DA
00000000 g       *ABS*	00000000 __bss_size
00000081 g       *ABS*	00000000 __ADC12MCTL1
00004ac6 g     F .text	0000005e uart1_init
00000152 g       *ABS*	00000000 __ADC12MEM9
00004000  w      .text	00000000 __watchdog_support
000040d8  w      .text	00000000 __stop_progExec__
00004b8e g     F .text	000000fa memcpy
00000050 g       *ABS*	00000000 __I2CIE
0000002d g       *ABS*	00000000 __P2IE
000001e4 g       *ABS*	00000000 __DMA0DA
00000192 g       *ABS*	00000000 __TBCCR0
000040de  w      .text	00000000 __isr_11
00000186 g       *ABS*	00000000 __TBCCTL2
00004624 g     F .text	0000008a Gamma_SBox
000046ae g     F .text	0000008c Gamma_SBox_Inv
00004b84 g     F .text	0000000a end_expe
00000025 g       *ABS*	00000000 __P1IE
000001a0 g       *ABS*	00000000 __ADC12CTL0
00000072 g       *ABS*	00000000 __I2CDCTL
00000073 g       *ABS*	00000000 __U0MCTL
0000007a g       *ABS*	00000000 __U1RCTL
00000082 g       *ABS*	00000000 __ADC12MCTL2
0000019c g       *ABS*	00000000 __TBCCR5
00004562 g     F .text	000000c2 Phi_Key
00000035 g       *ABS*	00000000 __P6OUT
00000034 g       *ABS*	00000000 __P6IN
000001c8 g       *ABS*	00000000 __DAC12_0DAT
00000182 g       *ABS*	00000000 __TBCCTL0
0000019e g       *ABS*	00000000 __TBCCR6
000040de  w      .text	00000000 __isr_5
00004cee g       *ABS*	00000000 __data_load_start
000040de g       .text	00000000 __dtors_end
000001ea g       *ABS*	00000000 __DMA1SA
00000088 g       *ABS*	00000000 __ADC12MCTL8
00000166 g       *ABS*	00000000 __TACCTL2
000001f0 g       *ABS*	00000000 __DMA2CTL
000040de  w      .text	00000000 __isr_2
00000156 g       *ABS*	00000000 __ADC12MEM11
00000160 g       *ABS*	00000000 __TACTL
00000158 g       *ABS*	00000000 __ADC12MEM12
00000071 g       *ABS*	00000000 __I2CTCTL
0000012c g       *ABS*	00000000 __FCTL3
000040de  w      .text	00000000 __isr_10
00000148 g       *ABS*	00000000 __ADC12MEM4
0000011a g       *ABS*	00000000 __I2CSA
0000002e g       *ABS*	00000000 __P2SEL
00000180 g       *ABS*	00000000 __TBCTL
0000008d g       *ABS*	00000000 __ADC12MCTL13
0000014c g       *ABS*	00000000 __ADC12MEM6
00000023 g       *ABS*	00000000 __P1IFG
0000013c g       *ABS*	00000000 __RESHI
000042fa g     F .text	00000268 DecryptKeySchedule
00000072 g       *ABS*	00000000 __U0RCTL
00000172 g       *ABS*	00000000 __TACCR0
00000071 g       *ABS*	00000000 __U0TCTL
00000056 g       *ABS*	00000000 __DCOCTL
00000085 g       *ABS*	00000000 __ADC12MCTL5
000040e2 g     F .text	00000218 EncryptKeySchedule
00000003 g       *ABS*	00000000 __IFG2
00000005 g       *ABS*	00000000 __ME2
00001110 g     O .noinit	00000002 __wdt_clear_value
00000079 g       *ABS*	00000000 __U1TCTL
0000001b g       *ABS*	00000000 __P3SEL
000001e0 g       *ABS*	00000000 __DMA0CTL
000040de  w      .text	00000000 __isr_7
0000ffe0 g     O .vectors	00000020 __ivtbl_16
00000028 g       *ABS*	00000000 __P2IN
0000014e g       *ABS*	00000000 __ADC12MEM7
00000184 g       *ABS*	00000000 __TBCCTL1
0000005b g       *ABS*	00000000 __CAPD
00000075 g       *ABS*	00000000 __I2CSCLL
000040de  w      .text	00000000 __isr_0
00000029 g       *ABS*	00000000 __P2OUT
0000012a g       *ABS*	00000000 __FCTL2
00004028  w      .text	00000000 __do_clear_bss
0000008f g       *ABS*	00000000 __ADC12MCTL15
00000021 g       *ABS*	00000000 __P1OUT
0000002c g       *ABS*	00000000 __P2IES
0000015c g       *ABS*	00000000 __ADC12MEM14
00000026 g       *ABS*	00000000 __P1SEL
00000198 g       *ABS*	00000000 __TBCCR3
00000080 g       *ABS*	00000000 __ADC12MCTL0
00000140 g       *ABS*	00000000 __ADC12MEM0
00000074 g       *ABS*	00000000 __U0BR0
00000051 g       *ABS*	00000000 __I2CIFG
00004c88  w      .text	00000000 _unexpected_
000040de  w      .text	00000000 __isr_8
0000014a g       *ABS*	00000000 __ADC12MEM5
00000070 g       *ABS*	00000000 __U0CTL
0000018a g       *ABS*	00000000 __TBCCTL4
00000073 g       *ABS*	00000000 __I2CPSC
0000008e g       *ABS*	00000000 __ADC12MCTL14
000040de  w      .text	00000000 __isr_3
000001a6 g       *ABS*	00000000 __ADC12IE
00004b24 g     F .text	00000032 uart1_putchar
00000144 g       *ABS*	00000000 __ADC12MEM2
000001ee g       *ABS*	00000000 __DMA1SZ
00000033 g       *ABS*	00000000 __P5SEL
00000030 g       *ABS*	00000000 __P5IN
00004000  w      .text	00000000 _reset_vector__
00004836 g     F .text	0000009c Tau_Transp
000040de g       .text	00000000 __ctors_start
000040de  w      .text	00000000 __isr_12
00000036 g       *ABS*	00000000 __P6DIR
00000018 g       *ABS*	00000000 __P3IN
00004010  w      .text	00000000 __do_copy_data
00000150 g       *ABS*	00000000 __ADC12MEM8
00000142 g       *ABS*	00000000 __ADC12MEM1
00001110 g       .data	00000000 __bss_start
0000007d g       *ABS*	00000000 __U1BR1
0000403e g     F .text	0000009a main
00000176 g       *ABS*	00000000 __TACCR2
0000019a g       *ABS*	00000000 __TBCCR4
000040de  w      .text	00000000 __isr_13
00000078 g       *ABS*	00000000 __U1CTL
000001e2 g       *ABS*	00000000 __DMA0SA
00000170 g       *ABS*	00000000 __TAR
00000124 g       *ABS*	00000000 __DMACTL1
0000473a g     F .text	000000fc Pi_Permut
0000001e g       *ABS*	00000000 __P4DIR
00000162 g       *ABS*	00000000 __TACCTL0
00010000 g       .vectors	00000000 _vectors_end
00000154 g       *ABS*	00000000 __ADC12MEM10
000001f2 g       *ABS*	00000000 __DMA2SA
0000002a g       *ABS*	00000000 __P2DIR
00000089 g       *ABS*	00000000 __ADC12MCTL9
0000008a g       *ABS*	00000000 __ADC12MCTL10
00004a88 g     F .text	0000003e delay
00000032 g       *ABS*	00000000 __P5DIR
000001c2 g       *ABS*	00000000 __DAC12_1CTL
000001a2 g       *ABS*	00000000 __ADC12CTL1
000001a8 g       *ABS*	00000000 __ADC12IV
000001e8 g       *ABS*	00000000 __DMA1CTL
00000075 g       *ABS*	00000000 __U0BR1
000040de  w      .text	00000000 __isr_9
0000018c g       *ABS*	00000000 __TBCCTL5
0000400c  w      .text	00000000 __init_stack
00000086 g       *ABS*	00000000 __ADC12MCTL6
00000188 g       *ABS*	00000000 __TBCCTL3
00000019 g       *ABS*	00000000 __P3OUT
000001ca g       *ABS*	00000000 __DAC12_1DAT
000040de g       .text	00000000 __dtors_start
000040de  w      .text	00000000 __isr_6
000040de g       .text	00000000 __ctors_end
00000132 g       *ABS*	00000000 __MPYS
0000011c g       *ABS*	00000000 __I2CIV
00000004 g       *ABS*	00000000 __ME1
00003900 g       *ABS*	00000000 __stack
00000037 g       *ABS*	00000000 __P6SEL
000040de  w      .text	00000000 __isr_1
0000008c g       *ABS*	00000000 __ADC12MCTL12
00001110 g       .data	00000000 _edata
00000077 g       *ABS*	00000000 __U0TXBUF
00001112 g       *ABS*	00000000 _end
00000194 g       *ABS*	00000000 __TBCCR1
0000011e g       *ABS*	00000000 __TBIV
000001c0 g       *ABS*	00000000 __DAC12_0CTL
00004b70 g     F .text	0000000a start_encrypt
000048d2 g     F .text	000000a6 Sigma_KeyAdd
0000015e g       *ABS*	00000000 __ADC12MEM15
00000134 g       *ABS*	00000000 __MAC
00000058 g       *ABS*	00000000 __BCSCTL2
000040d8  w      .text	00000000 _endless_loop__
00000122 g       *ABS*	00000000 __DMACTL0
0000001f g       *ABS*	00000000 __P4SEL
00000196 g       *ABS*	00000000 __TBCCR2
00000022 g       *ABS*	00000000 __P1DIR
00000146 g       *ABS*	00000000 __ADC12MEM3
00000076 g       *ABS*	00000000 __I2CDRB
00000118 g       *ABS*	00000000 __I2COA
00000164 g       *ABS*	00000000 __TACCTL1
0000007f g       *ABS*	00000000 __U1TXBUF
00000055 g       *ABS*	00000000 __SVSCTL
00004010  w      .text	00000000 __low_level_init
00004b7a g     F .text	0000000a start_decrypt
00001100 g       .data	00000000 __data_start
0000018e g       *ABS*	00000000 __TBCCTL6
00000074 g       *ABS*	00000000 __I2CSCLH
000001ec g       *ABS*	00000000 __DMA1DA
00000120 g       *ABS*	00000000 __WDTCTL
00000083 g       *ABS*	00000000 __ADC12MCTL3
00000000 g       *ABS*	00000000 __IE1
00000059 g       *ABS*	00000000 __CACTL1
00000020 g       *ABS*	00000000 __P1IN
0000001c g       *ABS*	00000000 __P4IN
00004978 g     F .text	00000088 Encrypt
0000008b g       *ABS*	00000000 __ADC12MCTL11
0000013e g       *ABS*	00000000 __SUMEXT
00000031 g       *ABS*	00000000 __P5OUT



Disassembly of section .text:

00004000 <__watchdog_support>:
    4000:	55 42 20 01 	mov.b	&0x0120,r5	
    4004:	35 d0 08 5a 	bis	#23048,	r5	;#0x5a08
    4008:	82 45 10 11 	mov	r5,	&0x1110	

0000400c <__init_stack>:
    400c:	31 40 00 39 	mov	#14592,	r1	;#0x3900

00004010 <__do_copy_data>:
    4010:	3f 40 10 00 	mov	#16,	r15	;#0x0010
    4014:	0f 93       	tst	r15		
    4016:	08 24       	jz	$+18     	;abs 0x4028
    4018:	92 42 10 11 	mov	&0x1110,&0x0120	
    401c:	20 01 
    401e:	2f 83       	decd	r15		
    4020:	9f 4f ee 4c 	mov	19694(r15),4352(r15);0x4cee(r15), 0x1100(r15)
    4024:	00 11 
    4026:	f8 23       	jnz	$-14     	;abs 0x4018

00004028 <__do_clear_bss>:
    4028:	3f 40 00 00 	mov	#0,	r15	;#0x0000
    402c:	0f 93       	tst	r15		
    402e:	07 24       	jz	$+16     	;abs 0x403e
    4030:	92 42 10 11 	mov	&0x1110,&0x0120	
    4034:	20 01 
    4036:	1f 83       	dec	r15		
    4038:	cf 43 10 11 	mov.b	#0,	4368(r15);r3 As==00, 0x1110(r15)
    403c:	f9 23       	jnz	$-12     	;abs 0x4030

0000403e <main>:


/**********************************************************************/
/**********************************************************************/
int main()
{
    403e:	04 41       	mov	r1,	r4	
    4040:	24 53       	incd	r4		
    4042:	31 50 ac fe 	add	#-340,	r1	;#0xfeac
#endif

	u16 rkey[NBROUND+1][KSIZE>>4],mkey[KSIZE>>4];
	u16 dkey[NBROUND+1][KSIZE>>4];
  
    mkey[0] = 0x0001;
    4046:	94 43 46 ff 	mov	#1,	-186(r4);r3 As==01, 0xff46(r4)
    mkey[1] = 0x0203; 
    404a:	b4 40 03 02 	mov	#515,	-184(r4);#0x0203, 0xff48(r4)
    404e:	48 ff 
    mkey[2] = 0x0405;
    4050:	b4 40 05 04 	mov	#1029,	-182(r4);#0x0405, 0xff4a(r4)
    4054:	4a ff 
    mkey[3] = 0x0607;
    4056:	b4 40 07 06 	mov	#1543,	-180(r4);#0x0607, 0xff4c(r4)
    405a:	4c ff 
    mkey[4] = 0x0809;
    405c:	b4 40 09 08 	mov	#2057,	-178(r4);#0x0809, 0xff4e(r4)
    4060:	4e ff 
    mkey[5] = 0x0a0b;
    4062:	b4 40 0b 0a 	mov	#2571,	-176(r4);#0x0a0b, 0xff50(r4)
    4066:	50 ff 
    mkey[6] = 0x0c0d; 
    4068:	b4 40 0d 0c 	mov	#3085,	-174(r4);#0x0c0d, 0xff52(r4)
    406c:	52 ff 
    mkey[7] = 0x0e0f;
    406e:	b4 40 0f 0e 	mov	#3599,	-172(r4);#0x0e0f, 0xff54(r4)
    4072:	54 ff 
        
    
   u8 state[4][4]={{0,0,0,1},{0,2,0,3},{0,4,0,5},{0,6,0,7}};
    4074:	0f 44       	mov	r4,	r15	
    4076:	3f 50 ee ff 	add	#-18,	r15	;#0xffee
    407a:	3e 40 00 11 	mov	#4352,	r14	;#0x1100
    407e:	3d 40 10 00 	mov	#16,	r13	;#0x0010
    4082:	b0 12 8e 4b 	call	#0x4b8e	
}
}
printf("----------Chiffr\'e----------\n\n");
#endif	

	START_ENCRYPT();
    4086:	b0 12 70 4b 	call	#0x4b70	
	EncryptKeySchedule(mkey,rkey);
    408a:	0f 44       	mov	r4,	r15	
    408c:	3f 50 46 ff 	add	#-186,	r15	;#0xff46
    4090:	0e 44       	mov	r4,	r14	
    4092:	3e 50 aa fe 	add	#-342,	r14	;#0xfeaa
    4096:	b0 12 e2 40 	call	#0x40e2	
	Encrypt(state,rkey);
    409a:	0f 44       	mov	r4,	r15	
    409c:	3f 50 ee ff 	add	#-18,	r15	;#0xffee
    40a0:	0e 44       	mov	r4,	r14	
    40a2:	3e 50 aa fe 	add	#-342,	r14	;#0xfeaa
    40a6:	b0 12 78 49 	call	#0x4978	
}
}
printf("----------Déchiffr\'e----------\n\n");
#endif

	START_DECRYPT();
    40aa:	b0 12 7a 4b 	call	#0x4b7a	
	DecryptKeySchedule(mkey,dkey);    
    40ae:	0e 44       	mov	r4,	r14	
    40b0:	3e 50 52 ff 	add	#-174,	r14	;#0xff52
    40b4:	0f 44       	mov	r4,	r15	
    40b6:	3f 50 46 ff 	add	#-186,	r15	;#0xff46
    40ba:	b0 12 fa 42 	call	#0x42fa	
	Decrypt(state,dkey);
    40be:	0e 44       	mov	r4,	r14	
    40c0:	3e 50 52 ff 	add	#-174,	r14	;#0xff52
    40c4:	0f 44       	mov	r4,	r15	
    40c6:	3f 50 ee ff 	add	#-18,	r15	;#0xffee
    40ca:	b0 12 00 4a 	call	#0x4a00	
	END_EXPE();
    40ce:	b0 12 84 4b 	call	#0x4b84	
printf("%X ",state[i][j]);} } printf("\n");
}
}
#endif

	return 0;
    40d2:	0f 43       	clr	r15		
}
    40d4:	31 50 54 01 	add	#340,	r1	;#0x0154

000040d8 <__stop_progExec__>:
    40d8:	32 d0 f0 00 	bis	#240,	r2	;#0x00f0
    40dc:	fd 3f       	jmp	$-4      	;abs 0x40d8

000040de <__ctors_end>:
    40de:	30 40 88 4c 	br	#0x4c88	

000040e2 <EncryptKeySchedule>:
#endif

/**********************************************************************/
/**********************************************************************/
void EncryptKeySchedule(const u16 *mkey, u16 rkey[NBROUND+1][KSIZE>>4])
{
    40e2:	04 12       	push	r4		
    40e4:	04 41       	mov	r1,	r4	
    40e6:	24 53       	incd	r4		
    40e8:	31 50 ec ff 	add	#-20,	r1	;#0xffec
    40ec:	84 4f fa ff 	mov	r15,	-6(r4)	;0xfffa(r4)
    40f0:	84 4e fc ff 	mov	r14,	-4(r4)	;0xfffc(r4)
	u16 i,U[KSIZE>>4],temp,temp1,temp2;
	for(i=0;i<(KSIZE>>4);i++) U[i]=mkey[i];
    40f4:	84 43 ea ff 	mov	#0,	-22(r4)	;r3 As==00, 0xffea(r4)
    40f8:	12 3c       	jmp	$+38     	;abs 0x411e
    40fa:	1f 44 ea ff 	mov	-22(r4),r15	;0xffea(r4)
    40fe:	0f 5f       	rla	r15		
    4100:	1f 54 fa ff 	add	-6(r4),	r15	;0xfffa(r4)
    4104:	2e 4f       	mov	@r15,	r14	
    4106:	1f 44 ea ff 	mov	-22(r4),r15	;0xffea(r4)
    410a:	0f 5f       	rla	r15		
    410c:	3d 40 ea ff 	mov	#-22,	r13	;#0xffea
    4110:	0d 54       	add	r4,	r13	
    4112:	0f 5d       	add	r13,	r15	
    4114:	2f 52       	add	#4,	r15	;r2 As==10
    4116:	8f 4e 00 00 	mov	r14,	0(r15)	;0x0000(r15)
    411a:	94 53 ea ff 	inc	-22(r4)	;0xffea(r4)
    411e:	b4 90 06 00 	cmp	#6,	-22(r4)	;#0x0006, 0xffea(r4)
    4122:	ea ff 
    4124:	ea 2b       	jnc	$-42     	;abs 0x40fa
	for(i=0;i<NBROUND+1;i++)
    4126:	84 43 ea ff 	mov	#0,	-22(r4)	;r3 As==00, 0xffea(r4)
    412a:	df 3c       	jmp	$+448    	;abs 0x42ea
	{
		 temp=( sBox[0][((U[0]>>12)&0xF)] ^ KSCte[i])&0xF;
    412c:	1f 44 ee ff 	mov	-18(r4),r15	;0xffee(r4)
    4130:	8f 10       	swpb	r15		
    4132:	4f 4f       	mov.b	r15,	r15	
    4134:	12 c3       	clrc			
    4136:	0f 10       	rrc	r15		
    4138:	12 c3       	clrc			
    413a:	0f 10       	rrc	r15		
    413c:	12 c3       	clrc			
    413e:	0f 10       	rrc	r15		
    4140:	12 c3       	clrc			
    4142:	0f 10       	rrc	r15		
    4144:	5f 4f aa 4c 	mov.b	19626(r15),r15	;0x4caa(r15)
    4148:	4e 4f       	mov.b	r15,	r14	
    414a:	1f 44 ea ff 	mov	-22(r4),r15	;0xffea(r4)
    414e:	0f 5f       	rla	r15		
    4150:	3f 50 8a 4c 	add	#19594,	r15	;#0x4c8a
    4154:	2f 4f       	mov	@r15,	r15	
    4156:	0f ee       	xor	r14,	r15	
    4158:	0e 4f       	mov	r15,	r14	
    415a:	3e f0 0f 00 	and	#15,	r14	;#0x000f
    415e:	84 4e ec ff 	mov	r14,	-20(r4)	;0xffec(r4)
		 rkey[i][0]=U[1]^(temp<<12);		 
    4162:	1e 44 ea ff 	mov	-22(r4),r14	;0xffea(r4)
    4166:	0f 4e       	mov	r14,	r15	
    4168:	0f 5f       	rla	r15		
    416a:	0f 5e       	add	r14,	r15	
    416c:	0f 5f       	rla	r15		
    416e:	0f 5f       	rla	r15		
    4170:	1e 44 fc ff 	mov	-4(r4),	r14	;0xfffc(r4)
    4174:	0e 5f       	add	r15,	r14	
    4176:	1d 44 f0 ff 	mov	-16(r4),r13	;0xfff0(r4)
    417a:	1f 44 ec ff 	mov	-20(r4),r15	;0xffec(r4)
    417e:	4f 4f       	mov.b	r15,	r15	
    4180:	8f 10       	swpb	r15		
    4182:	0f 5f       	rla	r15		
    4184:	0f 5f       	rla	r15		
    4186:	0f 5f       	rla	r15		
    4188:	0f 5f       	rla	r15		
    418a:	0f ed       	xor	r13,	r15	
    418c:	8e 4f 00 00 	mov	r15,	0(r14)	;0x0000(r14)
		 temp=( sBox[1][((U[0]>>8)&0xF)]  ^ KSCte[i] )&0xF;	
    4190:	1f 44 ee ff 	mov	-18(r4),r15	;0xffee(r4)
    4194:	8f 10       	swpb	r15		
    4196:	4f 4f       	mov.b	r15,	r15	
    4198:	3f f0 0f 00 	and	#15,	r15	;#0x000f
    419c:	5f 4f ba 4c 	mov.b	19642(r15),r15	;0x4cba(r15)
    41a0:	4e 4f       	mov.b	r15,	r14	
    41a2:	1f 44 ea ff 	mov	-22(r4),r15	;0xffea(r4)
    41a6:	0f 5f       	rla	r15		
    41a8:	3f 50 8a 4c 	add	#19594,	r15	;#0x4c8a
    41ac:	2f 4f       	mov	@r15,	r15	
    41ae:	0f ee       	xor	r14,	r15	
    41b0:	0d 4f       	mov	r15,	r13	
    41b2:	3d f0 0f 00 	and	#15,	r13	;#0x000f
    41b6:	84 4d ec ff 	mov	r13,	-20(r4)	;0xffec(r4)
		 rkey[i][1]=U[2]^(temp<<8);	
    41ba:	1e 44 ea ff 	mov	-22(r4),r14	;0xffea(r4)
    41be:	0f 4e       	mov	r14,	r15	
    41c0:	0f 5f       	rla	r15		
    41c2:	0f 5e       	add	r14,	r15	
    41c4:	0f 5f       	rla	r15		
    41c6:	0f 5f       	rla	r15		
    41c8:	1e 44 fc ff 	mov	-4(r4),	r14	;0xfffc(r4)
    41cc:	0e 5f       	add	r15,	r14	
    41ce:	1d 44 f2 ff 	mov	-14(r4),r13	;0xfff2(r4)
    41d2:	1f 44 ec ff 	mov	-20(r4),r15	;0xffec(r4)
    41d6:	4f 4f       	mov.b	r15,	r15	
    41d8:	8f 10       	swpb	r15		
    41da:	0f ed       	xor	r13,	r15	
    41dc:	8e 4f 02 00 	mov	r15,	2(r14)	;0x0002(r14)
		 temp=( sBox[2][(U[0]>>4)&0xF]   ^KSCte[i])&0xF;
    41e0:	1f 44 ee ff 	mov	-18(r4),r15	;0xffee(r4)
    41e4:	12 c3       	clrc			
    41e6:	0f 10       	rrc	r15		
    41e8:	12 c3       	clrc			
    41ea:	0f 10       	rrc	r15		
    41ec:	12 c3       	clrc			
    41ee:	0f 10       	rrc	r15		
    41f0:	12 c3       	clrc			
    41f2:	0f 10       	rrc	r15		
    41f4:	3f f0 0f 00 	and	#15,	r15	;#0x000f
    41f8:	5f 4f ca 4c 	mov.b	19658(r15),r15	;0x4cca(r15)
    41fc:	4e 4f       	mov.b	r15,	r14	
    41fe:	1f 44 ea ff 	mov	-22(r4),r15	;0xffea(r4)
    4202:	0f 5f       	rla	r15		
    4204:	3f 50 8a 4c 	add	#19594,	r15	;#0x4c8a
    4208:	2f 4f       	mov	@r15,	r15	
    420a:	0f ee       	xor	r14,	r15	
    420c:	0e 4f       	mov	r15,	r14	
    420e:	3e f0 0f 00 	and	#15,	r14	;#0x000f
    4212:	84 4e ec ff 	mov	r14,	-20(r4)	;0xffec(r4)
		 rkey[i][2]=U[3]^(temp<<4);
    4216:	1e 44 ea ff 	mov	-22(r4),r14	;0xffea(r4)
    421a:	0f 4e       	mov	r14,	r15	
    421c:	0f 5f       	rla	r15		
    421e:	0f 5e       	add	r14,	r15	
    4220:	0f 5f       	rla	r15		
    4222:	0f 5f       	rla	r15		
    4224:	1e 44 fc ff 	mov	-4(r4),	r14	;0xfffc(r4)
    4228:	0e 5f       	add	r15,	r14	
    422a:	1d 44 f4 ff 	mov	-12(r4),r13	;0xfff4(r4)
    422e:	1f 44 ec ff 	mov	-20(r4),r15	;0xffec(r4)
    4232:	0f 5f       	rla	r15		
    4234:	0f 5f       	rla	r15		
    4236:	0f 5f       	rla	r15		
    4238:	0f 5f       	rla	r15		
    423a:	0f ed       	xor	r13,	r15	
    423c:	8e 4f 04 00 	mov	r15,	4(r14)	;0x0004(r14)
		 temp=( sBox[3][U[0]&0xF]       ^ KSCte[i])&0xF;
    4240:	1f 44 ee ff 	mov	-18(r4),r15	;0xffee(r4)
    4244:	3f f0 0f 00 	and	#15,	r15	;#0x000f
    4248:	5f 4f da 4c 	mov.b	19674(r15),r15	;0x4cda(r15)
    424c:	4e 4f       	mov.b	r15,	r14	
    424e:	1f 44 ea ff 	mov	-22(r4),r15	;0xffea(r4)
    4252:	0f 5f       	rla	r15		
    4254:	3f 50 8a 4c 	add	#19594,	r15	;#0x4c8a
    4258:	2f 4f       	mov	@r15,	r15	
    425a:	0f ee       	xor	r14,	r15	
    425c:	0d 4f       	mov	r15,	r13	
    425e:	3d f0 0f 00 	and	#15,	r13	;#0x000f
    4262:	84 4d ec ff 	mov	r13,	-20(r4)	;0xffec(r4)
		 U[1]=U[2];
		 U[2]=U[3];
		 U[3]=(temp<<3)^(temp>>13);
		 
#elif KSIZE == 96
		 rkey[i][3]=U[4]^temp;
    4266:	1e 44 ea ff 	mov	-22(r4),r14	;0xffea(r4)
    426a:	0f 4e       	mov	r14,	r15	
    426c:	0f 5f       	rla	r15		
    426e:	0f 5e       	add	r14,	r15	
    4270:	0f 5f       	rla	r15		
    4272:	0f 5f       	rla	r15		
    4274:	1f 54 fc ff 	add	-4(r4),	r15	;0xfffc(r4)
    4278:	1e 44 f6 ff 	mov	-10(r4),r14	;0xfff6(r4)
    427c:	1e e4 ec ff 	xor	-20(r4),r14	;0xffec(r4)
    4280:	8f 4e 06 00 	mov	r14,	6(r15)	;0x0006(r15)
		 
		 temp=U[5];
    4284:	94 44 f8 ff 	mov	-8(r4),	-20(r4)	;0xfff8(r4), 0xffec(r4)
    4288:	ec ff 
		 U[5]=U[4];
    428a:	1f 44 f6 ff 	mov	-10(r4),r15	;0xfff6(r4)
    428e:	84 4f f8 ff 	mov	r15,	-8(r4)	;0xfff8(r4)
		 U[4]=(U[3]<<8)^(U[3]>>8);
    4292:	1f 44 f4 ff 	mov	-12(r4),r15	;0xfff4(r4)
    4296:	0e 4f       	mov	r15,	r14	
    4298:	4e 4e       	mov.b	r14,	r14	
    429a:	8e 10       	swpb	r14		
    429c:	8f 10       	swpb	r15		
    429e:	4f 4f       	mov.b	r15,	r15	
    42a0:	0f de       	bis	r14,	r15	
    42a2:	84 4f f6 ff 	mov	r15,	-10(r4)	;0xfff6(r4)
		 U[3]=U[2];
    42a6:	1f 44 f2 ff 	mov	-14(r4),r15	;0xfff2(r4)
    42aa:	84 4f f4 ff 	mov	r15,	-12(r4)	;0xfff4(r4)
		 U[2]=U[1];
    42ae:	1f 44 f0 ff 	mov	-16(r4),r15	;0xfff0(r4)
    42b2:	84 4f f2 ff 	mov	r15,	-14(r4)	;0xfff2(r4)
		 U[1]=(U[0]<<3)^(U[0]>>13);
    42b6:	1f 44 ee ff 	mov	-18(r4),r15	;0xffee(r4)
    42ba:	0e 4f       	mov	r15,	r14	
    42bc:	0e 5e       	rla	r14		
    42be:	0e 5e       	rla	r14		
    42c0:	0e 5e       	rla	r14		
    42c2:	8f 10       	swpb	r15		
    42c4:	4f 4f       	mov.b	r15,	r15	
    42c6:	12 c3       	clrc			
    42c8:	0f 10       	rrc	r15		
    42ca:	12 c3       	clrc			
    42cc:	0f 10       	rrc	r15		
    42ce:	12 c3       	clrc			
    42d0:	0f 10       	rrc	r15		
    42d2:	12 c3       	clrc			
    42d4:	0f 10       	rrc	r15		
    42d6:	12 c3       	clrc			
    42d8:	0f 10       	rrc	r15		
    42da:	0f de       	bis	r14,	r15	
    42dc:	84 4f f0 ff 	mov	r15,	-16(r4)	;0xfff0(r4)
		 U[0]=temp;
    42e0:	94 44 ec ff 	mov	-20(r4),-18(r4)	;0xffec(r4), 0xffee(r4)
    42e4:	ee ff 
/**********************************************************************/
void EncryptKeySchedule(const u16 *mkey, u16 rkey[NBROUND+1][KSIZE>>4])
{
	u16 i,U[KSIZE>>4],temp,temp1,temp2;
	for(i=0;i<(KSIZE>>4);i++) U[i]=mkey[i];
	for(i=0;i<NBROUND+1;i++)
    42e6:	94 53 ea ff 	inc	-22(r4)	;0xffea(r4)
    42ea:	b4 90 0d 00 	cmp	#13,	-22(r4)	;#0x000d, 0xffea(r4)
    42ee:	ea ff 
    42f0:	1d 2b       	jnc	$-452    	;abs 0x412c
		 U[7] = (temp1<<8)^(temp1>>8);
		 
#endif
	}
	return;
}
    42f2:	31 50 14 00 	add	#20,	r1	;#0x0014
    42f6:	34 41       	pop	r4		
    42f8:	30 41       	ret			

000042fa <DecryptKeySchedule>:

void DecryptKeySchedule(const u16 *mkey, u16 rkey[NBROUND+1][KSIZE>>4])
{
    42fa:	0b 12       	push	r11		
    42fc:	04 12       	push	r4		
    42fe:	04 41       	mov	r1,	r4	
    4300:	24 52       	add	#4,	r4	;r2 As==10
    4302:	31 50 ec ff 	add	#-20,	r1	;#0xffec
    4306:	84 4f f8 ff 	mov	r15,	-8(r4)	;0xfff8(r4)
    430a:	84 4e fa ff 	mov	r14,	-6(r4)	;0xfffa(r4)
	u16 i,V[KSIZE>>4],temp;
	
#if KSIZE == 64
	for(i=0;i<(KSIZE>>4);i++) V[i]=(mkey[i]<<9)^(mkey[i]>>7);
#elif KSIZE == 96
	for(i=0;i<(KSIZE>>4);i++) V[i]=(mkey[i]<<6)^(mkey[i]>>10);
    430e:	84 43 e8 ff 	mov	#0,	-24(r4)	;r3 As==00, 0xffe8(r4)
    4312:	20 3c       	jmp	$+66     	;abs 0x4354
    4314:	1f 44 e8 ff 	mov	-24(r4),r15	;0xffe8(r4)
    4318:	0f 5f       	rla	r15		
    431a:	1f 54 f8 ff 	add	-8(r4),	r15	;0xfff8(r4)
    431e:	2e 4f       	mov	@r15,	r14	
    4320:	0f 4e       	mov	r14,	r15	
    4322:	0f 5f       	rla	r15		
    4324:	0f 5f       	rla	r15		
    4326:	0f 5f       	rla	r15		
    4328:	0f 5f       	rla	r15		
    432a:	0f 5f       	rla	r15		
    432c:	0f 5f       	rla	r15		
    432e:	8e 10       	swpb	r14		
    4330:	4e 4e       	mov.b	r14,	r14	
    4332:	12 c3       	clrc			
    4334:	0e 10       	rrc	r14		
    4336:	12 c3       	clrc			
    4338:	0e 10       	rrc	r14		
    433a:	0e df       	bis	r15,	r14	
    433c:	1f 44 e8 ff 	mov	-24(r4),r15	;0xffe8(r4)
    4340:	0f 5f       	rla	r15		
    4342:	3d 40 e8 ff 	mov	#-24,	r13	;#0xffe8
    4346:	0d 54       	add	r4,	r13	
    4348:	0f 5d       	add	r13,	r15	
    434a:	2f 52       	add	#4,	r15	;r2 As==10
    434c:	8f 4e 00 00 	mov	r14,	0(r15)	;0x0000(r15)
    4350:	94 53 e8 ff 	inc	-24(r4)	;0xffe8(r4)
    4354:	b4 90 06 00 	cmp	#6,	-24(r4)	;#0x0006, 0xffe8(r4)
    4358:	e8 ff 
    435a:	dc 2b       	jnc	$-70     	;abs 0x4314
	V[5]=(mkey[1]<<3)^(mkey[1]>>13);
	V[6]=(mkey[2]<<14)^(mkey[2]>>2);
	V[7]=(mkey[3]<<3)^(mkey[3]>>13);
#endif

	for(i=0;i<NBROUND+1;i++)
    435c:	84 43 e8 ff 	mov	#0,	-24(r4)	;r3 As==00, 0xffe8(r4)
    4360:	f7 3c       	jmp	$+496    	;abs 0x4550
	{
		 temp=( sBox[0][(V[0]>>12)&0xF] ^ KSCte[12-i])&0xF;
    4362:	1f 44 ec ff 	mov	-20(r4),r15	;0xffec(r4)
    4366:	8f 10       	swpb	r15		
    4368:	4f 4f       	mov.b	r15,	r15	
    436a:	12 c3       	clrc			
    436c:	0f 10       	rrc	r15		
    436e:	12 c3       	clrc			
    4370:	0f 10       	rrc	r15		
    4372:	12 c3       	clrc			
    4374:	0f 10       	rrc	r15		
    4376:	12 c3       	clrc			
    4378:	0f 10       	rrc	r15		
    437a:	5f 4f aa 4c 	mov.b	19626(r15),r15	;0x4caa(r15)
    437e:	4e 4f       	mov.b	r15,	r14	
    4380:	3f 40 0c 00 	mov	#12,	r15	;#0x000c
    4384:	1f 84 e8 ff 	sub	-24(r4),r15	;0xffe8(r4)
    4388:	0f 5f       	rla	r15		
    438a:	3f 50 8a 4c 	add	#19594,	r15	;#0x4c8a
    438e:	2f 4f       	mov	@r15,	r15	
    4390:	0f ee       	xor	r14,	r15	
    4392:	0e 4f       	mov	r15,	r14	
    4394:	3e f0 0f 00 	and	#15,	r14	;#0x000f
    4398:	84 4e ea ff 	mov	r14,	-22(r4)	;0xffea(r4)
		 rkey[i][0]=Phi_Key(0,V[1]^(temp<<12));
    439c:	1e 44 e8 ff 	mov	-24(r4),r14	;0xffe8(r4)
    43a0:	0f 4e       	mov	r14,	r15	
    43a2:	0f 5f       	rla	r15		
    43a4:	0f 5e       	add	r14,	r15	
    43a6:	0f 5f       	rla	r15		
    43a8:	0f 5f       	rla	r15		
    43aa:	1b 44 fa ff 	mov	-6(r4),	r11	;0xfffa(r4)
    43ae:	0b 5f       	add	r15,	r11	
    43b0:	1e 44 ee ff 	mov	-18(r4),r14	;0xffee(r4)
    43b4:	1f 44 ea ff 	mov	-22(r4),r15	;0xffea(r4)
    43b8:	4f 4f       	mov.b	r15,	r15	
    43ba:	8f 10       	swpb	r15		
    43bc:	0f 5f       	rla	r15		
    43be:	0f 5f       	rla	r15		
    43c0:	0f 5f       	rla	r15		
    43c2:	0f 5f       	rla	r15		
    43c4:	0f ee       	xor	r14,	r15	
    43c6:	0e 4f       	mov	r15,	r14	
    43c8:	4f 43       	clr.b	r15		
    43ca:	b0 12 62 45 	call	#0x4562	
    43ce:	8b 4f 00 00 	mov	r15,	0(r11)	;0x0000(r11)
		 
		 temp=( sBox[1][(V[0]>>8)&0xF]  ^ KSCte[12-i])&0xF;
    43d2:	1f 44 ec ff 	mov	-20(r4),r15	;0xffec(r4)
    43d6:	8f 10       	swpb	r15		
    43d8:	4f 4f       	mov.b	r15,	r15	
    43da:	3f f0 0f 00 	and	#15,	r15	;#0x000f
    43de:	5f 4f ba 4c 	mov.b	19642(r15),r15	;0x4cba(r15)
    43e2:	4e 4f       	mov.b	r15,	r14	
    43e4:	3f 40 0c 00 	mov	#12,	r15	;#0x000c
    43e8:	1f 84 e8 ff 	sub	-24(r4),r15	;0xffe8(r4)
    43ec:	0f 5f       	rla	r15		
    43ee:	3f 50 8a 4c 	add	#19594,	r15	;#0x4c8a
    43f2:	2f 4f       	mov	@r15,	r15	
    43f4:	0f ee       	xor	r14,	r15	
    43f6:	0d 4f       	mov	r15,	r13	
    43f8:	3d f0 0f 00 	and	#15,	r13	;#0x000f
    43fc:	84 4d ea ff 	mov	r13,	-22(r4)	;0xffea(r4)
		 rkey[i][1]=Phi_Key(1,V[2]^(temp<<8));
    4400:	1e 44 e8 ff 	mov	-24(r4),r14	;0xffe8(r4)
    4404:	0f 4e       	mov	r14,	r15	
    4406:	0f 5f       	rla	r15		
    4408:	0f 5e       	add	r14,	r15	
    440a:	0f 5f       	rla	r15		
    440c:	0f 5f       	rla	r15		
    440e:	1b 44 fa ff 	mov	-6(r4),	r11	;0xfffa(r4)
    4412:	0b 5f       	add	r15,	r11	
    4414:	1e 44 f0 ff 	mov	-16(r4),r14	;0xfff0(r4)
    4418:	1f 44 ea ff 	mov	-22(r4),r15	;0xffea(r4)
    441c:	4f 4f       	mov.b	r15,	r15	
    441e:	8f 10       	swpb	r15		
    4420:	0f ee       	xor	r14,	r15	
    4422:	0e 4f       	mov	r15,	r14	
    4424:	5f 43       	mov.b	#1,	r15	;r3 As==01
    4426:	b0 12 62 45 	call	#0x4562	
    442a:	8b 4f 02 00 	mov	r15,	2(r11)	;0x0002(r11)
		 
		 temp=( sBox[2][(V[0]>>4)&0xF]  ^ KSCte[12-i])&0xF;
    442e:	1f 44 ec ff 	mov	-20(r4),r15	;0xffec(r4)
    4432:	12 c3       	clrc			
    4434:	0f 10       	rrc	r15		
    4436:	12 c3       	clrc			
    4438:	0f 10       	rrc	r15		
    443a:	12 c3       	clrc			
    443c:	0f 10       	rrc	r15		
    443e:	12 c3       	clrc			
    4440:	0f 10       	rrc	r15		
    4442:	3f f0 0f 00 	and	#15,	r15	;#0x000f
    4446:	5f 4f ca 4c 	mov.b	19658(r15),r15	;0x4cca(r15)
    444a:	4e 4f       	mov.b	r15,	r14	
    444c:	3f 40 0c 00 	mov	#12,	r15	;#0x000c
    4450:	1f 84 e8 ff 	sub	-24(r4),r15	;0xffe8(r4)
    4454:	0f 5f       	rla	r15		
    4456:	3f 50 8a 4c 	add	#19594,	r15	;#0x4c8a
    445a:	2f 4f       	mov	@r15,	r15	
    445c:	0f ee       	xor	r14,	r15	
    445e:	0e 4f       	mov	r15,	r14	
    4460:	3e f0 0f 00 	and	#15,	r14	;#0x000f
    4464:	84 4e ea ff 	mov	r14,	-22(r4)	;0xffea(r4)
		 rkey[i][2]=Phi_Key(2,V[3]^(temp<<4));
    4468:	1e 44 e8 ff 	mov	-24(r4),r14	;0xffe8(r4)
    446c:	0f 4e       	mov	r14,	r15	
    446e:	0f 5f       	rla	r15		
    4470:	0f 5e       	add	r14,	r15	
    4472:	0f 5f       	rla	r15		
    4474:	0f 5f       	rla	r15		
    4476:	1b 44 fa ff 	mov	-6(r4),	r11	;0xfffa(r4)
    447a:	0b 5f       	add	r15,	r11	
    447c:	1e 44 f2 ff 	mov	-14(r4),r14	;0xfff2(r4)
    4480:	1f 44 ea ff 	mov	-22(r4),r15	;0xffea(r4)
    4484:	0f 5f       	rla	r15		
    4486:	0f 5f       	rla	r15		
    4488:	0f 5f       	rla	r15		
    448a:	0f 5f       	rla	r15		
    448c:	0f ee       	xor	r14,	r15	
    448e:	0e 4f       	mov	r15,	r14	
    4490:	6f 43       	mov.b	#2,	r15	;r3 As==10
    4492:	b0 12 62 45 	call	#0x4562	
    4496:	8b 4f 04 00 	mov	r15,	4(r11)	;0x0004(r11)
		 
		 temp=( sBox[3][V[0]&0xF]       ^ KSCte[12-i])&0xF;
    449a:	1f 44 ec ff 	mov	-20(r4),r15	;0xffec(r4)
    449e:	3f f0 0f 00 	and	#15,	r15	;#0x000f
    44a2:	5f 4f da 4c 	mov.b	19674(r15),r15	;0x4cda(r15)
    44a6:	4e 4f       	mov.b	r15,	r14	
    44a8:	3f 40 0c 00 	mov	#12,	r15	;#0x000c
    44ac:	1f 84 e8 ff 	sub	-24(r4),r15	;0xffe8(r4)
    44b0:	0f 5f       	rla	r15		
    44b2:	3f 50 8a 4c 	add	#19594,	r15	;#0x4c8a
    44b6:	2f 4f       	mov	@r15,	r15	
    44b8:	0f ee       	xor	r14,	r15	
    44ba:	0d 4f       	mov	r15,	r13	
    44bc:	3d f0 0f 00 	and	#15,	r13	;#0x000f
    44c0:	84 4d ea ff 	mov	r13,	-22(r4)	;0xffea(r4)
		 V[2]=V[1];
		 V[1]=V[0];
		 V[0]=(temp<<13)^(temp>>3);
		 
#elif KSIZE == 96
		 rkey[i][3]=Phi_Key(3,V[4]^temp);
    44c4:	1e 44 e8 ff 	mov	-24(r4),r14	;0xffe8(r4)
    44c8:	0f 4e       	mov	r14,	r15	
    44ca:	0f 5f       	rla	r15		
    44cc:	0f 5e       	add	r14,	r15	
    44ce:	0f 5f       	rla	r15		
    44d0:	0f 5f       	rla	r15		
    44d2:	1b 44 fa ff 	mov	-6(r4),	r11	;0xfffa(r4)
    44d6:	0b 5f       	add	r15,	r11	
    44d8:	1f 44 f4 ff 	mov	-12(r4),r15	;0xfff4(r4)
    44dc:	1f e4 ea ff 	xor	-22(r4),r15	;0xffea(r4)
    44e0:	0e 4f       	mov	r15,	r14	
    44e2:	7f 40 03 00 	mov.b	#3,	r15	;#0x0003
    44e6:	b0 12 62 45 	call	#0x4562	
    44ea:	8b 4f 06 00 	mov	r15,	6(r11)	;0x0006(r11)
		 
		 temp=V[0];
    44ee:	94 44 ec ff 	mov	-20(r4),-22(r4)	;0xffec(r4), 0xffea(r4)
    44f2:	ea ff 
		 V[0]=(V[1]<<13)^(V[1]>>3);
    44f4:	1e 44 ee ff 	mov	-18(r4),r14	;0xffee(r4)
    44f8:	0f 4e       	mov	r14,	r15	
    44fa:	4f 4f       	mov.b	r15,	r15	
    44fc:	8f 10       	swpb	r15		
    44fe:	0f 5f       	rla	r15		
    4500:	0f 5f       	rla	r15		
    4502:	0f 5f       	rla	r15		
    4504:	0f 5f       	rla	r15		
    4506:	0f 5f       	rla	r15		
    4508:	12 c3       	clrc			
    450a:	0e 10       	rrc	r14		
    450c:	12 c3       	clrc			
    450e:	0e 10       	rrc	r14		
    4510:	12 c3       	clrc			
    4512:	0e 10       	rrc	r14		
    4514:	0e df       	bis	r15,	r14	
    4516:	84 4e ec ff 	mov	r14,	-20(r4)	;0xffec(r4)
		 V[1]=V[2];
    451a:	1f 44 f0 ff 	mov	-16(r4),r15	;0xfff0(r4)
    451e:	84 4f ee ff 	mov	r15,	-18(r4)	;0xffee(r4)
		 V[2]=V[3];
    4522:	1f 44 f2 ff 	mov	-14(r4),r15	;0xfff2(r4)
    4526:	84 4f f0 ff 	mov	r15,	-16(r4)	;0xfff0(r4)
		 V[3]=(V[4]<<8)^(V[4]>>8);
    452a:	1f 44 f4 ff 	mov	-12(r4),r15	;0xfff4(r4)
    452e:	0e 4f       	mov	r15,	r14	
    4530:	4e 4e       	mov.b	r14,	r14	
    4532:	8e 10       	swpb	r14		
    4534:	8f 10       	swpb	r15		
    4536:	4f 4f       	mov.b	r15,	r15	
    4538:	0f de       	bis	r14,	r15	
    453a:	84 4f f2 ff 	mov	r15,	-14(r4)	;0xfff2(r4)
		 V[4]=V[5];
    453e:	1f 44 f6 ff 	mov	-10(r4),r15	;0xfff6(r4)
    4542:	84 4f f4 ff 	mov	r15,	-12(r4)	;0xfff4(r4)
		 V[5]=temp;
    4546:	94 44 ea ff 	mov	-22(r4),-10(r4)	;0xffea(r4), 0xfff6(r4)
    454a:	f6 ff 
	V[5]=(mkey[1]<<3)^(mkey[1]>>13);
	V[6]=(mkey[2]<<14)^(mkey[2]>>2);
	V[7]=(mkey[3]<<3)^(mkey[3]>>13);
#endif

	for(i=0;i<NBROUND+1;i++)
    454c:	94 53 e8 ff 	inc	-24(r4)	;0xffe8(r4)
    4550:	b4 90 0d 00 	cmp	#13,	-24(r4)	;#0x000d, 0xffe8(r4)
    4554:	e8 ff 
    4556:	05 2b       	jnc	$-500    	;abs 0x4362
		 V[6]=temp1;
		 V[7]=temp2;
#endif
	}
	return;
}
    4558:	31 50 14 00 	add	#20,	r1	;#0x0014
    455c:	34 41       	pop	r4		
    455e:	3b 41       	pop	r11		
    4560:	30 41       	ret			

00004562 <Phi_Key>:
/**********************************************************************/
/**********************************************************************/
u16 Phi_Key(u8 ind,u16 value)
{
    4562:	04 12       	push	r4		
    4564:	04 41       	mov	r1,	r4	
    4566:	24 53       	incd	r4		
    4568:	31 50 f6 ff 	add	#-10,	r1	;#0xfff6
    456c:	c4 4f fa ff 	mov.b	r15,	-6(r4)	;0xfffa(r4)
    4570:	84 4e fc ff 	mov	r14,	-4(r4)	;0xfffc(r4)
	u8 j,k;
	u16 temp,result=0;
    4574:	84 43 f8 ff 	mov	#0,	-8(r4)	;r3 As==00, 0xfff8(r4)
	for(j=0;j<4;j++)
    4578:	c4 43 f4 ff 	mov.b	#0,	-12(r4)	;r3 As==00, 0xfff4(r4)
    457c:	4a 3c       	jmp	$+150    	;abs 0x4612
	{
		temp=0;
    457e:	84 43 f6 ff 	mov	#0,	-10(r4)	;r3 As==00, 0xfff6(r4)
		for(k=0;k<4;k++)
    4582:	c4 43 f5 ff 	mov.b	#0,	-11(r4)	;r3 As==00, 0xfff5(r4)
    4586:	2a 3c       	jmp	$+86     	;abs 0x45dc
		{
			temp^= Mask[((ind+j+k)&0x03)] & ((value>>(12-4*k))&0xF);
    4588:	5e 44 fa ff 	mov.b	-6(r4),	r14	;0xfffa(r4)
    458c:	5f 44 f4 ff 	mov.b	-12(r4),r15	;0xfff4(r4)
    4590:	0e 5f       	add	r15,	r14	
    4592:	5f 44 f5 ff 	mov.b	-11(r4),r15	;0xfff5(r4)
    4596:	0f 5e       	add	r14,	r15	
    4598:	3f f0 03 00 	and	#3,	r15	;#0x0003
    459c:	5f 4f ea 4c 	mov.b	19690(r15),r15	;0x4cea(r15)
    45a0:	4d 4f       	mov.b	r15,	r13	
    45a2:	5f 44 f5 ff 	mov.b	-11(r4),r15	;0xfff5(r4)
    45a6:	3e 40 03 00 	mov	#3,	r14	;#0x0003
    45aa:	0c 4e       	mov	r14,	r12	
    45ac:	0c 8f       	sub	r15,	r12	
    45ae:	0f 4c       	mov	r12,	r15	
    45b0:	0f 5f       	rla	r15		
    45b2:	0f 5f       	rla	r15		
    45b4:	1e 44 fc ff 	mov	-4(r4),	r14	;0xfffc(r4)
    45b8:	4f 4f       	mov.b	r15,	r15	
    45ba:	7f f0 0f 00 	and.b	#15,	r15	;#0x000f
    45be:	4f 93       	tst.b	r15		
    45c0:	05 24       	jz	$+12     	;abs 0x45cc
    45c2:	12 c3       	clrc			
    45c4:	0e 10       	rrc	r14		
    45c6:	7f 53       	add.b	#-1,	r15	;r3 As==11
    45c8:	4f 93       	tst.b	r15		
    45ca:	fb 23       	jnz	$-8      	;abs 0x45c2
    45cc:	0f 4d       	mov	r13,	r15	
    45ce:	0f fe       	and	r14,	r15	
    45d0:	3f f0 0f 00 	and	#15,	r15	;#0x000f
    45d4:	84 ef f6 ff 	xor	r15,	-10(r4)	;0xfff6(r4)
	u8 j,k;
	u16 temp,result=0;
	for(j=0;j<4;j++)
	{
		temp=0;
		for(k=0;k<4;k++)
    45d8:	d4 53 f5 ff 	inc.b	-11(r4)	;0xfff5(r4)
    45dc:	e4 92 f5 ff 	cmp.b	#4,	-11(r4)	;r2 As==10, 0xfff5(r4)
    45e0:	d3 2b       	jnc	$-88     	;abs 0x4588
		{
			temp^= Mask[((ind+j+k)&0x03)] & ((value>>(12-4*k))&0xF);
		}
		result^=temp<<(12-4*j);
    45e2:	5f 44 f4 ff 	mov.b	-12(r4),r15	;0xfff4(r4)
    45e6:	3e 40 03 00 	mov	#3,	r14	;#0x0003
    45ea:	0d 4e       	mov	r14,	r13	
    45ec:	0d 8f       	sub	r15,	r13	
    45ee:	0f 4d       	mov	r13,	r15	
    45f0:	0f 5f       	rla	r15		
    45f2:	0f 5f       	rla	r15		
    45f4:	1e 44 f6 ff 	mov	-10(r4),r14	;0xfff6(r4)
    45f8:	4f 4f       	mov.b	r15,	r15	
    45fa:	7f f0 0f 00 	and.b	#15,	r15	;#0x000f
    45fe:	4f 93       	tst.b	r15		
    4600:	04 24       	jz	$+10     	;abs 0x460a
    4602:	0e 5e       	rla	r14		
    4604:	7f 53       	add.b	#-1,	r15	;r3 As==11
    4606:	4f 93       	tst.b	r15		
    4608:	fc 23       	jnz	$-6      	;abs 0x4602
    460a:	84 ee f8 ff 	xor	r14,	-8(r4)	;0xfff8(r4)
/**********************************************************************/
u16 Phi_Key(u8 ind,u16 value)
{
	u8 j,k;
	u16 temp,result=0;
	for(j=0;j<4;j++)
    460e:	d4 53 f4 ff 	inc.b	-12(r4)	;0xfff4(r4)
    4612:	e4 92 f4 ff 	cmp.b	#4,	-12(r4)	;r2 As==10, 0xfff4(r4)
    4616:	b3 2b       	jnc	$-152    	;abs 0x457e
		{
			temp^= Mask[((ind+j+k)&0x03)] & ((value>>(12-4*k))&0xF);
		}
		result^=temp<<(12-4*j);
	}
	return result;
    4618:	1f 44 f8 ff 	mov	-8(r4),	r15	;0xfff8(r4)
}
    461c:	31 50 0a 00 	add	#10,	r1	;#0x000a
    4620:	34 41       	pop	r4		
    4622:	30 41       	ret			

00004624 <Gamma_SBox>:


void Gamma_SBox(u8 state[4][4])
{
    4624:	0b 12       	push	r11		
    4626:	04 12       	push	r4		
    4628:	04 41       	mov	r1,	r4	
    462a:	24 52       	add	#4,	r4	;r2 As==10
    462c:	21 82       	sub	#4,	r1	;r2 As==10
    462e:	84 4f fa ff 	mov	r15,	-6(r4)	;0xfffa(r4)
	u8 i,j;
	for(i=0;i<4;i++)
    4632:	c4 43 f8 ff 	mov.b	#0,	-8(r4)	;r3 As==00, 0xfff8(r4)
    4636:	34 3c       	jmp	$+106    	;abs 0x46a0
	{
		for(j=0;j<4;j++)
    4638:	c4 43 f9 ff 	mov.b	#0,	-7(r4)	;r3 As==00, 0xfff9(r4)
    463c:	2c 3c       	jmp	$+90     	;abs 0x4696
		{
			state[i][j]=sBox[((i+j)&0x3)][state[i][j]];
    463e:	5f 44 f8 ff 	mov.b	-8(r4),	r15	;0xfff8(r4)
    4642:	0f 5f       	rla	r15		
    4644:	0f 5f       	rla	r15		
    4646:	1c 44 fa ff 	mov	-6(r4),	r12	;0xfffa(r4)
    464a:	0c 5f       	add	r15,	r12	
    464c:	5e 44 f9 ff 	mov.b	-7(r4),	r14	;0xfff9(r4)
    4650:	5d 44 f8 ff 	mov.b	-8(r4),	r13	;0xfff8(r4)
    4654:	5f 44 f9 ff 	mov.b	-7(r4),	r15	;0xfff9(r4)
    4658:	0f 5d       	add	r13,	r15	
    465a:	0b 4f       	mov	r15,	r11	
    465c:	3b f0 03 00 	and	#3,	r11	;#0x0003
    4660:	5f 44 f8 ff 	mov.b	-8(r4),	r15	;0xfff8(r4)
    4664:	0f 5f       	rla	r15		
    4666:	0f 5f       	rla	r15		
    4668:	1d 44 fa ff 	mov	-6(r4),	r13	;0xfffa(r4)
    466c:	0d 5f       	add	r15,	r13	
    466e:	5f 44 f9 ff 	mov.b	-7(r4),	r15	;0xfff9(r4)
    4672:	0f 5d       	add	r13,	r15	
    4674:	6f 4f       	mov.b	@r15,	r15	
    4676:	4d 4f       	mov.b	r15,	r13	
    4678:	0f 4b       	mov	r11,	r15	
    467a:	0f 5f       	rla	r15		
    467c:	0f 5f       	rla	r15		
    467e:	0f 5f       	rla	r15		
    4680:	0f 5f       	rla	r15		
    4682:	0f 5d       	add	r13,	r15	
    4684:	3f 50 aa 4c 	add	#19626,	r15	;#0x4caa
    4688:	6d 4f       	mov.b	@r15,	r13	
    468a:	0f 4c       	mov	r12,	r15	
    468c:	0f 5e       	add	r14,	r15	
    468e:	cf 4d 00 00 	mov.b	r13,	0(r15)	;0x0000(r15)
void Gamma_SBox(u8 state[4][4])
{
	u8 i,j;
	for(i=0;i<4;i++)
	{
		for(j=0;j<4;j++)
    4692:	d4 53 f9 ff 	inc.b	-7(r4)		;0xfff9(r4)
    4696:	e4 92 f9 ff 	cmp.b	#4,	-7(r4)	;r2 As==10, 0xfff9(r4)
    469a:	d1 2b       	jnc	$-92     	;abs 0x463e


void Gamma_SBox(u8 state[4][4])
{
	u8 i,j;
	for(i=0;i<4;i++)
    469c:	d4 53 f8 ff 	inc.b	-8(r4)		;0xfff8(r4)
    46a0:	e4 92 f8 ff 	cmp.b	#4,	-8(r4)	;r2 As==10, 0xfff8(r4)
    46a4:	c9 2b       	jnc	$-108    	;abs 0x4638
		{
			state[i][j]=sBox[((i+j)&0x3)][state[i][j]];
		}
	}
	return;
}
    46a6:	21 52       	add	#4,	r1	;r2 As==10
    46a8:	34 41       	pop	r4		
    46aa:	3b 41       	pop	r11		
    46ac:	30 41       	ret			

000046ae <Gamma_SBox_Inv>:

void Gamma_SBox_Inv(u8 state[4][4])
{
    46ae:	0b 12       	push	r11		
    46b0:	04 12       	push	r4		
    46b2:	04 41       	mov	r1,	r4	
    46b4:	24 52       	add	#4,	r4	;r2 As==10
    46b6:	21 82       	sub	#4,	r1	;r2 As==10
    46b8:	84 4f fa ff 	mov	r15,	-6(r4)	;0xfffa(r4)
	u8 i,j;
	for(i=0;i<4;i++)
    46bc:	c4 43 f8 ff 	mov.b	#0,	-8(r4)	;r3 As==00, 0xfff8(r4)
    46c0:	35 3c       	jmp	$+108    	;abs 0x472c
	{
		for(j=0;j<4;j++)
    46c2:	c4 43 f9 ff 	mov.b	#0,	-7(r4)	;r3 As==00, 0xfff9(r4)
    46c6:	2d 3c       	jmp	$+92     	;abs 0x4722
		{
			state[i][j]=sBox[((i+j+2)&0x03)][state[i][j]];
    46c8:	5f 44 f8 ff 	mov.b	-8(r4),	r15	;0xfff8(r4)
    46cc:	0f 5f       	rla	r15		
    46ce:	0f 5f       	rla	r15		
    46d0:	1c 44 fa ff 	mov	-6(r4),	r12	;0xfffa(r4)
    46d4:	0c 5f       	add	r15,	r12	
    46d6:	5e 44 f9 ff 	mov.b	-7(r4),	r14	;0xfff9(r4)
    46da:	5d 44 f8 ff 	mov.b	-8(r4),	r13	;0xfff8(r4)
    46de:	5f 44 f9 ff 	mov.b	-7(r4),	r15	;0xfff9(r4)
    46e2:	0f 5d       	add	r13,	r15	
    46e4:	2f 53       	incd	r15		
    46e6:	0b 4f       	mov	r15,	r11	
    46e8:	3b f0 03 00 	and	#3,	r11	;#0x0003
    46ec:	5f 44 f8 ff 	mov.b	-8(r4),	r15	;0xfff8(r4)
    46f0:	0f 5f       	rla	r15		
    46f2:	0f 5f       	rla	r15		
    46f4:	1d 44 fa ff 	mov	-6(r4),	r13	;0xfffa(r4)
    46f8:	0d 5f       	add	r15,	r13	
    46fa:	5f 44 f9 ff 	mov.b	-7(r4),	r15	;0xfff9(r4)
    46fe:	0f 5d       	add	r13,	r15	
    4700:	6f 4f       	mov.b	@r15,	r15	
    4702:	4d 4f       	mov.b	r15,	r13	
    4704:	0f 4b       	mov	r11,	r15	
    4706:	0f 5f       	rla	r15		
    4708:	0f 5f       	rla	r15		
    470a:	0f 5f       	rla	r15		
    470c:	0f 5f       	rla	r15		
    470e:	0f 5d       	add	r13,	r15	
    4710:	3f 50 aa 4c 	add	#19626,	r15	;#0x4caa
    4714:	6d 4f       	mov.b	@r15,	r13	
    4716:	0f 4c       	mov	r12,	r15	
    4718:	0f 5e       	add	r14,	r15	
    471a:	cf 4d 00 00 	mov.b	r13,	0(r15)	;0x0000(r15)
void Gamma_SBox_Inv(u8 state[4][4])
{
	u8 i,j;
	for(i=0;i<4;i++)
	{
		for(j=0;j<4;j++)
    471e:	d4 53 f9 ff 	inc.b	-7(r4)		;0xfff9(r4)
    4722:	e4 92 f9 ff 	cmp.b	#4,	-7(r4)	;r2 As==10, 0xfff9(r4)
    4726:	d0 2b       	jnc	$-94     	;abs 0x46c8
}

void Gamma_SBox_Inv(u8 state[4][4])
{
	u8 i,j;
	for(i=0;i<4;i++)
    4728:	d4 53 f8 ff 	inc.b	-8(r4)		;0xfff8(r4)
    472c:	e4 92 f8 ff 	cmp.b	#4,	-8(r4)	;r2 As==10, 0xfff8(r4)
    4730:	c8 2b       	jnc	$-110    	;abs 0x46c2
		{
			state[i][j]=sBox[((i+j+2)&0x03)][state[i][j]];
		}
	}
	return;
}
    4732:	21 52       	add	#4,	r1	;r2 As==10
    4734:	34 41       	pop	r4		
    4736:	3b 41       	pop	r11		
    4738:	30 41       	ret			

0000473a <Pi_Permut>:


void Pi_Permut(u8 state[4][4])
{
    473a:	0b 12       	push	r11		
    473c:	04 12       	push	r4		
    473e:	04 41       	mov	r1,	r4	
    4740:	24 52       	add	#4,	r4	;r2 As==10
    4742:	31 50 f6 ff 	add	#-10,	r1	;#0xfff6
    4746:	84 4f fa ff 	mov	r15,	-6(r4)	;0xfffa(r4)
	u8 i,j,k;
	u8 temp[4];
	
    for(i=0;i<4;i++)
    474a:	c4 43 f2 ff 	mov.b	#0,	-14(r4)	;r3 As==00, 0xfff2(r4)
    474e:	6b 3c       	jmp	$+216    	;abs 0x4826
	{        
		for(j=0;j<4;j++)
    4750:	c4 43 f3 ff 	mov.b	#0,	-13(r4)	;r3 As==00, 0xfff3(r4)
    4754:	3b 3c       	jmp	$+120    	;abs 0x47cc
		{
			temp[j]=0;
    4756:	5f 44 f3 ff 	mov.b	-13(r4),r15	;0xfff3(r4)
    475a:	0e 44       	mov	r4,	r14	
    475c:	3e 50 f5 ff 	add	#-11,	r14	;#0xfff5
    4760:	0f 5e       	add	r14,	r15	
    4762:	cf 43 00 00 	mov.b	#0,	0(r15)	;r3 As==00, 0x0000(r15)
			for(k=0;k<4;k++)
    4766:	c4 43 f4 ff 	mov.b	#0,	-12(r4)	;r3 As==00, 0xfff4(r4)
    476a:	2b 3c       	jmp	$+88     	;abs 0x47c2
			{
				temp[j]^= Mask[((i+j+k)&0x03)] & state[k][i];
    476c:	5e 44 f3 ff 	mov.b	-13(r4),r14	;0xfff3(r4)
    4770:	5f 44 f3 ff 	mov.b	-13(r4),r15	;0xfff3(r4)
    4774:	0d 44       	mov	r4,	r13	
    4776:	3d 50 f5 ff 	add	#-11,	r13	;#0xfff5
    477a:	0f 5d       	add	r13,	r15	
    477c:	6c 4f       	mov.b	@r15,	r12	
    477e:	5d 44 f2 ff 	mov.b	-14(r4),r13	;0xfff2(r4)
    4782:	5f 44 f3 ff 	mov.b	-13(r4),r15	;0xfff3(r4)
    4786:	0d 5f       	add	r15,	r13	
    4788:	5f 44 f4 ff 	mov.b	-12(r4),r15	;0xfff4(r4)
    478c:	0f 5d       	add	r13,	r15	
    478e:	3f f0 03 00 	and	#3,	r15	;#0x0003
    4792:	5d 4f ea 4c 	mov.b	19690(r15),r13	;0x4cea(r15)
    4796:	5f 44 f4 ff 	mov.b	-12(r4),r15	;0xfff4(r4)
    479a:	0f 5f       	rla	r15		
    479c:	0f 5f       	rla	r15		
    479e:	1b 44 fa ff 	mov	-6(r4),	r11	;0xfffa(r4)
    47a2:	0b 5f       	add	r15,	r11	
    47a4:	5f 44 f2 ff 	mov.b	-14(r4),r15	;0xfff2(r4)
    47a8:	0f 5b       	add	r11,	r15	
    47aa:	6f 4f       	mov.b	@r15,	r15	
    47ac:	4f fd       	and.b	r13,	r15	
    47ae:	4d 4c       	mov.b	r12,	r13	
    47b0:	4d ef       	xor.b	r15,	r13	
    47b2:	0f 44       	mov	r4,	r15	
    47b4:	3f 50 f5 ff 	add	#-11,	r15	;#0xfff5
    47b8:	0f 5e       	add	r14,	r15	
    47ba:	cf 4d 00 00 	mov.b	r13,	0(r15)	;0x0000(r15)
    for(i=0;i<4;i++)
	{        
		for(j=0;j<4;j++)
		{
			temp[j]=0;
			for(k=0;k<4;k++)
    47be:	d4 53 f4 ff 	inc.b	-12(r4)	;0xfff4(r4)
    47c2:	e4 92 f4 ff 	cmp.b	#4,	-12(r4)	;r2 As==10, 0xfff4(r4)
    47c6:	d2 2b       	jnc	$-90     	;abs 0x476c
	u8 i,j,k;
	u8 temp[4];
	
    for(i=0;i<4;i++)
	{        
		for(j=0;j<4;j++)
    47c8:	d4 53 f3 ff 	inc.b	-13(r4)	;0xfff3(r4)
    47cc:	e4 92 f3 ff 	cmp.b	#4,	-13(r4)	;r2 As==10, 0xfff3(r4)
    47d0:	c2 2b       	jnc	$-122    	;abs 0x4756
			for(k=0;k<4;k++)
			{
				temp[j]^= Mask[((i+j+k)&0x03)] & state[k][i];
			}
		}
		state[0][i]=temp[0];
    47d2:	5f 44 f2 ff 	mov.b	-14(r4),r15	;0xfff2(r4)
    47d6:	5e 44 f5 ff 	mov.b	-11(r4),r14	;0xfff5(r4)
    47da:	1d 44 fa ff 	mov	-6(r4),	r13	;0xfffa(r4)
    47de:	0f 5d       	add	r13,	r15	
    47e0:	cf 4e 00 00 	mov.b	r14,	0(r15)	;0x0000(r15)
		state[1][i]=temp[1];
    47e4:	1d 44 fa ff 	mov	-6(r4),	r13	;0xfffa(r4)
    47e8:	2d 52       	add	#4,	r13	;r2 As==10
    47ea:	5f 44 f2 ff 	mov.b	-14(r4),r15	;0xfff2(r4)
    47ee:	5e 44 f6 ff 	mov.b	-10(r4),r14	;0xfff6(r4)
    47f2:	0f 5d       	add	r13,	r15	
    47f4:	cf 4e 00 00 	mov.b	r14,	0(r15)	;0x0000(r15)
		state[2][i]=temp[2];
    47f8:	1d 44 fa ff 	mov	-6(r4),	r13	;0xfffa(r4)
    47fc:	3d 52       	add	#8,	r13	;r2 As==11
    47fe:	5f 44 f2 ff 	mov.b	-14(r4),r15	;0xfff2(r4)
    4802:	5e 44 f7 ff 	mov.b	-9(r4),	r14	;0xfff7(r4)
    4806:	0f 5d       	add	r13,	r15	
    4808:	cf 4e 00 00 	mov.b	r14,	0(r15)	;0x0000(r15)
		state[3][i]=temp[3];
    480c:	1d 44 fa ff 	mov	-6(r4),	r13	;0xfffa(r4)
    4810:	3d 50 0c 00 	add	#12,	r13	;#0x000c
    4814:	5f 44 f2 ff 	mov.b	-14(r4),r15	;0xfff2(r4)
    4818:	5e 44 f8 ff 	mov.b	-8(r4),	r14	;0xfff8(r4)
    481c:	0f 5d       	add	r13,	r15	
    481e:	cf 4e 00 00 	mov.b	r14,	0(r15)	;0x0000(r15)
void Pi_Permut(u8 state[4][4])
{
	u8 i,j,k;
	u8 temp[4];
	
    for(i=0;i<4;i++)
    4822:	d4 53 f2 ff 	inc.b	-14(r4)	;0xfff2(r4)
    4826:	e4 92 f2 ff 	cmp.b	#4,	-14(r4)	;r2 As==10, 0xfff2(r4)
    482a:	92 2b       	jnc	$-218    	;abs 0x4750
		state[1][i]=temp[1];
		state[2][i]=temp[2];
		state[3][i]=temp[3];
	}
	return;
}
    482c:	31 50 0a 00 	add	#10,	r1	;#0x000a
    4830:	34 41       	pop	r4		
    4832:	3b 41       	pop	r11		
    4834:	30 41       	ret			

00004836 <Tau_Transp>:

void Tau_Transp(u8 state[4][4])
{
    4836:	04 12       	push	r4		
    4838:	04 41       	mov	r1,	r4	
    483a:	24 53       	incd	r4		
    483c:	31 82       	sub	#8,	r1	;r2 As==11
    483e:	84 4f fc ff 	mov	r15,	-4(r4)	;0xfffc(r4)
	u16 i,j,temp;
	for(i=0;i<3;i++)
    4842:	84 43 f6 ff 	mov	#0,	-10(r4)	;r3 As==00, 0xfff6(r4)
    4846:	3e 3c       	jmp	$+126    	;abs 0x48c4
	{
		for(j=1+i;j<4;j++)
    4848:	1f 44 f6 ff 	mov	-10(r4),r15	;0xfff6(r4)
    484c:	1f 53       	inc	r15		
    484e:	84 4f f8 ff 	mov	r15,	-8(r4)	;0xfff8(r4)
    4852:	33 3c       	jmp	$+104    	;abs 0x48ba
		{
			temp=state[i][j];
    4854:	1f 44 f6 ff 	mov	-10(r4),r15	;0xfff6(r4)
    4858:	0f 5f       	rla	r15		
    485a:	0f 5f       	rla	r15		
    485c:	1f 54 fc ff 	add	-4(r4),	r15	;0xfffc(r4)
    4860:	1f 54 f8 ff 	add	-8(r4),	r15	;0xfff8(r4)
    4864:	6f 4f       	mov.b	@r15,	r15	
    4866:	c4 4f fa ff 	mov.b	r15,	-6(r4)	;0xfffa(r4)
    486a:	c4 43 fb ff 	mov.b	#0,	-5(r4)	;r3 As==00, 0xfffb(r4)
			state[i][j]=state[j][i];
    486e:	1f 44 f6 ff 	mov	-10(r4),r15	;0xfff6(r4)
    4872:	0f 5f       	rla	r15		
    4874:	0f 5f       	rla	r15		
    4876:	1d 44 fc ff 	mov	-4(r4),	r13	;0xfffc(r4)
    487a:	0d 5f       	add	r15,	r13	
    487c:	1f 44 f8 ff 	mov	-8(r4),	r15	;0xfff8(r4)
    4880:	0f 5f       	rla	r15		
    4882:	0f 5f       	rla	r15		
    4884:	1f 54 fc ff 	add	-4(r4),	r15	;0xfffc(r4)
    4888:	1f 54 f6 ff 	add	-10(r4),r15	;0xfff6(r4)
    488c:	6e 4f       	mov.b	@r15,	r14	
    488e:	0f 4d       	mov	r13,	r15	
    4890:	1f 54 f8 ff 	add	-8(r4),	r15	;0xfff8(r4)
    4894:	cf 4e 00 00 	mov.b	r14,	0(r15)	;0x0000(r15)
			state[j][i]=temp;
    4898:	1f 44 f8 ff 	mov	-8(r4),	r15	;0xfff8(r4)
    489c:	0f 5f       	rla	r15		
    489e:	0f 5f       	rla	r15		
    48a0:	1d 44 fc ff 	mov	-4(r4),	r13	;0xfffc(r4)
    48a4:	0d 5f       	add	r15,	r13	
    48a6:	1f 44 fa ff 	mov	-6(r4),	r15	;0xfffa(r4)
    48aa:	4e 4f       	mov.b	r15,	r14	
    48ac:	0f 4d       	mov	r13,	r15	
    48ae:	1f 54 f6 ff 	add	-10(r4),r15	;0xfff6(r4)
    48b2:	cf 4e 00 00 	mov.b	r14,	0(r15)	;0x0000(r15)
void Tau_Transp(u8 state[4][4])
{
	u16 i,j,temp;
	for(i=0;i<3;i++)
	{
		for(j=1+i;j<4;j++)
    48b6:	94 53 f8 ff 	inc	-8(r4)		;0xfff8(r4)
    48ba:	a4 92 f8 ff 	cmp	#4,	-8(r4)	;r2 As==10, 0xfff8(r4)
    48be:	ca 2b       	jnc	$-106    	;abs 0x4854
}

void Tau_Transp(u8 state[4][4])
{
	u16 i,j,temp;
	for(i=0;i<3;i++)
    48c0:	94 53 f6 ff 	inc	-10(r4)	;0xfff6(r4)
    48c4:	b4 90 03 00 	cmp	#3,	-10(r4)	;#0x0003, 0xfff6(r4)
    48c8:	f6 ff 
    48ca:	be 2b       	jnc	$-130    	;abs 0x4848
			state[i][j]=state[j][i];
			state[j][i]=temp;
		}
	}
	return;
}
    48cc:	31 52       	add	#8,	r1	;r2 As==11
    48ce:	34 41       	pop	r4		
    48d0:	30 41       	ret			

000048d2 <Sigma_KeyAdd>:
void Sigma_KeyAdd(u8 state[4][4], const u16 *rkey)
{
    48d2:	04 12       	push	r4		
    48d4:	04 41       	mov	r1,	r4	
    48d6:	24 53       	incd	r4		
    48d8:	31 50 f6 ff 	add	#-10,	r1	;#0xfff6
    48dc:	84 4f fa ff 	mov	r15,	-6(r4)	;0xfffa(r4)
    48e0:	84 4e fc ff 	mov	r14,	-4(r4)	;0xfffc(r4)
	u16 i,j,tempkey;
	for(i=0;i<4;i++)
    48e4:	84 43 f4 ff 	mov	#0,	-12(r4)	;r3 As==00, 0xfff4(r4)
    48e8:	40 3c       	jmp	$+130    	;abs 0x496a
	{
		tempkey=rkey[i];
    48ea:	1f 44 f4 ff 	mov	-12(r4),r15	;0xfff4(r4)
    48ee:	0f 5f       	rla	r15		
    48f0:	1f 54 fc ff 	add	-4(r4),	r15	;0xfffc(r4)
    48f4:	a4 4f f8 ff 	mov	@r15,	-8(r4)	;0xfff8(r4)
		for(j=0;j<4;j++)
    48f8:	84 43 f6 ff 	mov	#0,	-10(r4)	;r3 As==00, 0xfff6(r4)
    48fc:	31 3c       	jmp	$+100    	;abs 0x4960
		{
			state[i][3-j] ^= tempkey&0x000F;
    48fe:	1f 44 f4 ff 	mov	-12(r4),r15	;0xfff4(r4)
    4902:	0f 5f       	rla	r15		
    4904:	0f 5f       	rla	r15		
    4906:	1c 44 fa ff 	mov	-6(r4),	r12	;0xfffa(r4)
    490a:	0c 5f       	add	r15,	r12	
    490c:	3f 40 03 00 	mov	#3,	r15	;#0x0003
    4910:	0d 4f       	mov	r15,	r13	
    4912:	1d 84 f6 ff 	sub	-10(r4),r13	;0xfff6(r4)
    4916:	1f 44 f4 ff 	mov	-12(r4),r15	;0xfff4(r4)
    491a:	0f 5f       	rla	r15		
    491c:	0f 5f       	rla	r15		
    491e:	1e 44 fa ff 	mov	-6(r4),	r14	;0xfffa(r4)
    4922:	0e 5f       	add	r15,	r14	
    4924:	3f 40 03 00 	mov	#3,	r15	;#0x0003
    4928:	1f 84 f6 ff 	sub	-10(r4),r15	;0xfff6(r4)
    492c:	0f 5e       	add	r14,	r15	
    492e:	6e 4f       	mov.b	@r15,	r14	
    4930:	1f 44 f8 ff 	mov	-8(r4),	r15	;0xfff8(r4)
    4934:	4f 4f       	mov.b	r15,	r15	
    4936:	7f f0 0f 00 	and.b	#15,	r15	;#0x000f
    493a:	4e ef       	xor.b	r15,	r14	
    493c:	0f 4c       	mov	r12,	r15	
    493e:	0f 5d       	add	r13,	r15	
    4940:	cf 4e 00 00 	mov.b	r14,	0(r15)	;0x0000(r15)
			tempkey>>=4;
    4944:	1f 44 f8 ff 	mov	-8(r4),	r15	;0xfff8(r4)
    4948:	12 c3       	clrc			
    494a:	0f 10       	rrc	r15		
    494c:	12 c3       	clrc			
    494e:	0f 10       	rrc	r15		
    4950:	12 c3       	clrc			
    4952:	0f 10       	rrc	r15		
    4954:	12 c3       	clrc			
    4956:	0f 10       	rrc	r15		
    4958:	84 4f f8 ff 	mov	r15,	-8(r4)	;0xfff8(r4)
{
	u16 i,j,tempkey;
	for(i=0;i<4;i++)
	{
		tempkey=rkey[i];
		for(j=0;j<4;j++)
    495c:	94 53 f6 ff 	inc	-10(r4)	;0xfff6(r4)
    4960:	a4 92 f6 ff 	cmp	#4,	-10(r4)	;r2 As==10, 0xfff6(r4)
    4964:	cc 2b       	jnc	$-102    	;abs 0x48fe
	return;
}
void Sigma_KeyAdd(u8 state[4][4], const u16 *rkey)
{
	u16 i,j,tempkey;
	for(i=0;i<4;i++)
    4966:	94 53 f4 ff 	inc	-12(r4)	;0xfff4(r4)
    496a:	a4 92 f4 ff 	cmp	#4,	-12(r4)	;r2 As==10, 0xfff4(r4)
    496e:	bd 2b       	jnc	$-132    	;abs 0x48ea
			state[i][3-j] ^= tempkey&0x000F;
			tempkey>>=4;
		}
	}
	return;
}
    4970:	31 50 0a 00 	add	#10,	r1	;#0x000a
    4974:	34 41       	pop	r4		
    4976:	30 41       	ret			

00004978 <Encrypt>:

void Encrypt(u8 state[4][4],u16 rkey[NBROUND+1][KSIZE>>4])
{
    4978:	04 12       	push	r4		
    497a:	04 41       	mov	r1,	r4	
    497c:	24 53       	incd	r4		
    497e:	31 50 fa ff 	add	#-6,	r1	;#0xfffa
    4982:	84 4f fa ff 	mov	r15,	-6(r4)	;0xfffa(r4)
    4986:	84 4e fc ff 	mov	r14,	-4(r4)	;0xfffc(r4)
	 u8 k;
	 
	 Sigma_KeyAdd(state, rkey[0]);
    498a:	1e 44 fc ff 	mov	-4(r4),	r14	;0xfffc(r4)
    498e:	1f 44 fa ff 	mov	-6(r4),	r15	;0xfffa(r4)
    4992:	b0 12 d2 48 	call	#0x48d2	
	 
     for(k=0; k<NBROUND;k++)
    4996:	c4 43 f8 ff 	mov.b	#0,	-8(r4)	;r3 As==00, 0xfff8(r4)
    499a:	1e 3c       	jmp	$+62     	;abs 0x49d8
     {
		 Gamma_SBox(state);
    499c:	1f 44 fa ff 	mov	-6(r4),	r15	;0xfffa(r4)
    49a0:	b0 12 24 46 	call	#0x4624	
		 Pi_Permut(state);
    49a4:	1f 44 fa ff 	mov	-6(r4),	r15	;0xfffa(r4)
    49a8:	b0 12 3a 47 	call	#0x473a	
		 Tau_Transp(state);
    49ac:	1f 44 fa ff 	mov	-6(r4),	r15	;0xfffa(r4)
    49b0:	b0 12 36 48 	call	#0x4836	
		 Sigma_KeyAdd(state, rkey[k+1]);
    49b4:	5f 44 f8 ff 	mov.b	-8(r4),	r15	;0xfff8(r4)
    49b8:	0e 4f       	mov	r15,	r14	
    49ba:	1e 53       	inc	r14		
    49bc:	0f 4e       	mov	r14,	r15	
    49be:	0f 5f       	rla	r15		
    49c0:	0f 5e       	add	r14,	r15	
    49c2:	0f 5f       	rla	r15		
    49c4:	0f 5f       	rla	r15		
    49c6:	1f 54 fc ff 	add	-4(r4),	r15	;0xfffc(r4)
    49ca:	0e 4f       	mov	r15,	r14	
    49cc:	1f 44 fa ff 	mov	-6(r4),	r15	;0xfffa(r4)
    49d0:	b0 12 d2 48 	call	#0x48d2	
{
	 u8 k;
	 
	 Sigma_KeyAdd(state, rkey[0]);
	 
     for(k=0; k<NBROUND;k++)
    49d4:	d4 53 f8 ff 	inc.b	-8(r4)		;0xfff8(r4)
    49d8:	f4 90 0c 00 	cmp.b	#12,	-8(r4)	;#0x000c, 0xfff8(r4)
    49dc:	f8 ff 
    49de:	de 2b       	jnc	$-66     	;abs 0x499c
		 Gamma_SBox(state);
		 Pi_Permut(state);
		 Tau_Transp(state);
		 Sigma_KeyAdd(state, rkey[k+1]);
     }
     Tau_Transp(state);
    49e0:	1f 44 fa ff 	mov	-6(r4),	r15	;0xfffa(r4)
    49e4:	b0 12 36 48 	call	#0x4836	
	 Pi_Permut(state);
    49e8:	1f 44 fa ff 	mov	-6(r4),	r15	;0xfffa(r4)
    49ec:	b0 12 3a 47 	call	#0x473a	
	 Tau_Transp(state); 
    49f0:	1f 44 fa ff 	mov	-6(r4),	r15	;0xfffa(r4)
    49f4:	b0 12 36 48 	call	#0x4836	

	 return;
}
    49f8:	31 50 06 00 	add	#6,	r1	;#0x0006
    49fc:	34 41       	pop	r4		
    49fe:	30 41       	ret			

00004a00 <Decrypt>:

void Decrypt(u8 state[4][4],u16 dkey[NBROUND+1][KSIZE>>4])
{
    4a00:	04 12       	push	r4		
    4a02:	04 41       	mov	r1,	r4	
    4a04:	24 53       	incd	r4		
    4a06:	31 50 fa ff 	add	#-6,	r1	;#0xfffa
    4a0a:	84 4f fa ff 	mov	r15,	-6(r4)	;0xfffa(r4)
    4a0e:	84 4e fc ff 	mov	r14,	-4(r4)	;0xfffc(r4)
   	 u8 i,j,k;
   	 u16 tempkey;
	 
	 Sigma_KeyAdd(state, dkey[0]); 
    4a12:	1e 44 fc ff 	mov	-4(r4),	r14	;0xfffc(r4)
    4a16:	1f 44 fa ff 	mov	-6(r4),	r15	;0xfffa(r4)
    4a1a:	b0 12 d2 48 	call	#0x48d2	
     for(k=0; k<NBROUND;k++)
    4a1e:	c4 43 f8 ff 	mov.b	#0,	-8(r4)	;r3 As==00, 0xfff8(r4)
    4a22:	1e 3c       	jmp	$+62     	;abs 0x4a60
     {
		 Gamma_SBox_Inv(state);
    4a24:	1f 44 fa ff 	mov	-6(r4),	r15	;0xfffa(r4)
    4a28:	b0 12 ae 46 	call	#0x46ae	
		 Pi_Permut(state);
    4a2c:	1f 44 fa ff 	mov	-6(r4),	r15	;0xfffa(r4)
    4a30:	b0 12 3a 47 	call	#0x473a	
    	 Tau_Transp(state);
    4a34:	1f 44 fa ff 	mov	-6(r4),	r15	;0xfffa(r4)
    4a38:	b0 12 36 48 	call	#0x4836	
    	 Sigma_KeyAdd(state, dkey[k+1]);    	
    4a3c:	5f 44 f8 ff 	mov.b	-8(r4),	r15	;0xfff8(r4)
    4a40:	0e 4f       	mov	r15,	r14	
    4a42:	1e 53       	inc	r14		
    4a44:	0f 4e       	mov	r14,	r15	
    4a46:	0f 5f       	rla	r15		
    4a48:	0f 5e       	add	r14,	r15	
    4a4a:	0f 5f       	rla	r15		
    4a4c:	0f 5f       	rla	r15		
    4a4e:	1f 54 fc ff 	add	-4(r4),	r15	;0xfffc(r4)
    4a52:	0e 4f       	mov	r15,	r14	
    4a54:	1f 44 fa ff 	mov	-6(r4),	r15	;0xfffa(r4)
    4a58:	b0 12 d2 48 	call	#0x48d2	
{
   	 u8 i,j,k;
   	 u16 tempkey;
	 
	 Sigma_KeyAdd(state, dkey[0]); 
     for(k=0; k<NBROUND;k++)
    4a5c:	d4 53 f8 ff 	inc.b	-8(r4)		;0xfff8(r4)
    4a60:	f4 90 0c 00 	cmp.b	#12,	-8(r4)	;#0x000c, 0xfff8(r4)
    4a64:	f8 ff 
    4a66:	de 2b       	jnc	$-66     	;abs 0x4a24
		 Gamma_SBox_Inv(state);
		 Pi_Permut(state);
    	 Tau_Transp(state);
    	 Sigma_KeyAdd(state, dkey[k+1]);    	
     } 
     Tau_Transp(state);
    4a68:	1f 44 fa ff 	mov	-6(r4),	r15	;0xfffa(r4)
    4a6c:	b0 12 36 48 	call	#0x4836	
	 Pi_Permut(state);
    4a70:	1f 44 fa ff 	mov	-6(r4),	r15	;0xfffa(r4)
    4a74:	b0 12 3a 47 	call	#0x473a	
	 Tau_Transp(state); 
    4a78:	1f 44 fa ff 	mov	-6(r4),	r15	;0xfffa(r4)
    4a7c:	b0 12 36 48 	call	#0x4836	
    
	 return;

}
    4a80:	31 50 06 00 	add	#6,	r1	;#0x0006
    4a84:	34 41       	pop	r4		
    4a86:	30 41       	ret			

00004a88 <delay>:
/**************************************************/
/********************* DELAY **********************/
/**************************************************/

void delay(unsigned int d) 
{
    4a88:	04 12       	push	r4		
    4a8a:	04 41       	mov	r1,	r4	
    4a8c:	24 53       	incd	r4		
    4a8e:	31 50 fa ff 	add	#-6,	r1	;#0xfffa
    4a92:	84 4f fc ff 	mov	r15,	-4(r4)	;0xfffc(r4)
  unsigned int i,j;
  for(j=0; j < 0xff; j++)
    4a96:	84 43 fa ff 	mov	#0,	-6(r4)	;r3 As==00, 0xfffa(r4)
    4a9a:	0d 3c       	jmp	$+28     	;abs 0x4ab6
    {
      for (i = 0; i<d; i++) 
    4a9c:	84 43 f8 ff 	mov	#0,	-8(r4)	;r3 As==00, 0xfff8(r4)
    4aa0:	04 3c       	jmp	$+10     	;abs 0x4aaa
	{
	  nop();
    4aa2:	03 43       	nop			
	  nop();
    4aa4:	03 43       	nop			
void delay(unsigned int d) 
{
  unsigned int i,j;
  for(j=0; j < 0xff; j++)
    {
      for (i = 0; i<d; i++) 
    4aa6:	94 53 f8 ff 	inc	-8(r4)		;0xfff8(r4)
    4aaa:	94 94 fc ff 	cmp	-4(r4),	-8(r4)	;0xfffc(r4), 0xfff8(r4)
    4aae:	f8 ff 
    4ab0:	f8 2b       	jnc	$-14     	;abs 0x4aa2
/**************************************************/

void delay(unsigned int d) 
{
  unsigned int i,j;
  for(j=0; j < 0xff; j++)
    4ab2:	94 53 fa ff 	inc	-6(r4)		;0xfffa(r4)
    4ab6:	b4 90 ff 00 	cmp	#255,	-6(r4)	;#0x00ff, 0xfffa(r4)
    4aba:	fa ff 
    4abc:	ef 2b       	jnc	$-32     	;abs 0x4a9c
	{
	  nop();
	  nop();
	}
    }
}
    4abe:	31 50 06 00 	add	#6,	r1	;#0x0006
    4ac2:	34 41       	pop	r4		
    4ac4:	30 41       	ret			

00004ac6 <uart1_init>:

#define UART1_BIT_RX (1 << UART1_PIN_RX)
#define UART1_BIT_TX (1 << UART1_PIN_TX)

int uart1_init()
{
    4ac6:	04 12       	push	r4		
    4ac8:	04 41       	mov	r1,	r4	
    4aca:	24 53       	incd	r4		

  WDTCTL = WDTPW + WDTHOLD;
    4acc:	b2 40 80 5a 	mov	#23168,	&0x0120	;#0x5a80
    4ad0:	20 01 

  P1IE   = 0x00;        // Interrupt enable
    4ad2:	c2 43 25 00 	mov.b	#0,	&0x0025	;r3 As==00
  P2IE   = 0x00;        // 0:disable 1:enable
    4ad6:	c2 43 2d 00 	mov.b	#0,	&0x002d	;r3 As==00

  //Init of MSP430 Usart1 pins
  P3SEL |= (UART1_BIT_RX | UART1_BIT_TX);
    4ada:	5f 42 1b 00 	mov.b	&0x001b,r15	
    4ade:	7f d0 c0 ff 	bis.b	#-64,	r15	;#0xffc0
    4ae2:	c2 4f 1b 00 	mov.b	r15,	&0x001b	

  //Init of USART1 Module
  U1ME  |= UTXE1|URXE1;           //Enable USART1 transmiter and receiver (UART mode)
    4ae6:	5f 42 05 00 	mov.b	&0x0005,r15	
    4aea:	7f d0 30 00 	bis.b	#48,	r15	;#0x0030
    4aee:	c2 4f 05 00 	mov.b	r15,	&0x0005	
  
  U1CTL  = SWRST;                 //reset
    4af2:	d2 43 78 00 	mov.b	#1,	&0x0078	;r3 As==01
  U1CTL  = CHAR;                  //init & release reset
    4af6:	f2 40 10 00 	mov.b	#16,	&0x0078	;#0x0010
    4afa:	78 00 
  
  U1TCTL = SSEL1 | TXEPT;        //use SMCLK 
    4afc:	f2 40 21 00 	mov.b	#33,	&0x0079	;#0x0021
    4b00:	79 00 
  U1RCTL = 0;
    4b02:	c2 43 7a 00 	mov.b	#0,	&0x007a	;r3 As==00
  // 38400 @ SMCLK 1MHz
#define U1BR1_INIT        0
#define U1BR0_INIT        0x1B
#define U1MCTL_INIT       0x03
  
  U1BR1  = U1BR1_INIT;
    4b06:	c2 43 7d 00 	mov.b	#0,	&0x007d	;r3 As==00
  U1BR0  = U1BR0_INIT;
    4b0a:	f2 40 1b 00 	mov.b	#27,	&0x007c	;#0x001b
    4b0e:	7c 00 
  U1MCTL = U1MCTL_INIT;
    4b10:	f2 40 03 00 	mov.b	#3,	&0x007b	;#0x0003
    4b14:	7b 00 

  delay(0x800);
    4b16:	3f 40 00 08 	mov	#2048,	r15	;#0x0800
    4b1a:	b0 12 88 4a 	call	#0x4a88	
  return 0;
    4b1e:	0f 43       	clr	r15		
}
    4b20:	34 41       	pop	r4		
    4b22:	30 41       	ret			

00004b24 <uart1_putchar>:

int uart1_putchar(int c)
{
    4b24:	04 12       	push	r4		
    4b26:	04 41       	mov	r1,	r4	
    4b28:	24 53       	incd	r4		
    4b2a:	21 83       	decd	r1		
    4b2c:	84 4f fc ff 	mov	r15,	-4(r4)	;0xfffc(r4)
  U1TXBUF = c;
    4b30:	1f 44 fc ff 	mov	-4(r4),	r15	;0xfffc(r4)
    4b34:	4f 4f       	mov.b	r15,	r15	
    4b36:	c2 4f 7f 00 	mov.b	r15,	&0x007f	
  while ((U1TCTL & TXEPT) != TXEPT);
    4b3a:	03 43       	nop			
    4b3c:	5f 42 79 00 	mov.b	&0x0079,r15	
    4b40:	4f 4f       	mov.b	r15,	r15	
    4b42:	1f f3       	and	#1,	r15	;r3 As==01
    4b44:	0f 93       	tst	r15		
    4b46:	fa 27       	jz	$-10     	;abs 0x4b3c
  return (unsigned char)c;
    4b48:	1f 44 fc ff 	mov	-4(r4),	r15	;0xfffc(r4)
    4b4c:	4f 4f       	mov.b	r15,	r15	
    4b4e:	4f 4f       	mov.b	r15,	r15	
}
    4b50:	21 53       	incd	r1		
    4b52:	34 41       	pop	r4		
    4b54:	30 41       	ret			

00004b56 <putchar>:
/**************************************************/
/******************** PUT CHAR *********************/
/**************************************************/

int putchar(int c)
{
    4b56:	04 12       	push	r4		
    4b58:	04 41       	mov	r1,	r4	
    4b5a:	24 53       	incd	r4		
    4b5c:	21 83       	decd	r1		
    4b5e:	84 4f fc ff 	mov	r15,	-4(r4)	;0xfffc(r4)
  return uart1_putchar(c);
    4b62:	1f 44 fc ff 	mov	-4(r4),	r15	;0xfffc(r4)
    4b66:	b0 12 24 4b 	call	#0x4b24	
}
    4b6a:	21 53       	incd	r1		
    4b6c:	34 41       	pop	r4		
    4b6e:	30 41       	ret			

00004b70 <start_encrypt>:
/******************** END EXPE*********************/
/**************************************************/

void
start_encrypt()
{
    4b70:	04 12       	push	r4		
    4b72:	04 41       	mov	r1,	r4	
    4b74:	24 53       	incd	r4		
  ;
}
    4b76:	34 41       	pop	r4		
    4b78:	30 41       	ret			

00004b7a <start_decrypt>:
void
start_decrypt()
{
    4b7a:	04 12       	push	r4		
    4b7c:	04 41       	mov	r1,	r4	
    4b7e:	24 53       	incd	r4		
  ;
}
    4b80:	34 41       	pop	r4		
    4b82:	30 41       	ret			

00004b84 <end_expe>:


void
end_expe()
{
    4b84:	04 12       	push	r4		
    4b86:	04 41       	mov	r1,	r4	
    4b88:	24 53       	incd	r4		
  ;
}
    4b8a:	34 41       	pop	r4		
    4b8c:	30 41       	ret			

00004b8e <memcpy>:
    4b8e:	0b 12       	push	r11		
    4b90:	0a 12       	push	r10		
    4b92:	09 12       	push	r9		
    4b94:	08 12       	push	r8		
    4b96:	07 12       	push	r7		
    4b98:	0d 93       	tst	r13		
    4b9a:	70 24       	jz	$+226    	;abs 0x4c7c
    4b9c:	0f 9e       	cmp	r14,	r15	
    4b9e:	6e 24       	jz	$+222    	;abs 0x4c7c
    4ba0:	34 2c       	jc	$+106    	;abs 0x4c0a
    4ba2:	0c 4e       	mov	r14,	r12	
    4ba4:	0c df       	bis	r15,	r12	
    4ba6:	1c f3       	and	#1,	r12	;r3 As==01
    4ba8:	1b 24       	jz	$+56     	;abs 0x4be0
    4baa:	0c 4e       	mov	r14,	r12	
    4bac:	0c ef       	xor	r15,	r12	
    4bae:	1c f3       	and	#1,	r12	;r3 As==01
    4bb0:	07 20       	jnz	$+16     	;abs 0x4bc0
    4bb2:	2d 93       	cmp	#2,	r13	;r3 As==10
    4bb4:	07 28       	jnc	$+16     	;abs 0x4bc4
    4bb6:	0b 4e       	mov	r14,	r11	
    4bb8:	1b f3       	and	#1,	r11	;r3 As==01
    4bba:	2c 43       	mov	#2,	r12	;r3 As==10
    4bbc:	0c 8b       	sub	r11,	r12	
    4bbe:	03 3c       	jmp	$+8      	;abs 0x4bc6
    4bc0:	0c 4d       	mov	r13,	r12	
    4bc2:	01 3c       	jmp	$+4      	;abs 0x4bc6
    4bc4:	1c 43       	mov	#1,	r12	;r3 As==01
    4bc6:	0d 8c       	sub	r12,	r13	
    4bc8:	0a 4c       	mov	r12,	r10	
    4bca:	09 4e       	mov	r14,	r9	
    4bcc:	0b 4f       	mov	r15,	r11	
    4bce:	fb 49 00 00 	mov.b	@r9+,	0(r11)	;0x0000(r11)
    4bd2:	1b 53       	inc	r11		
    4bd4:	3a 53       	add	#-1,	r10	;r3 As==11
    4bd6:	fb 23       	jnz	$-8      	;abs 0x4bce
    4bd8:	0a 4f       	mov	r15,	r10	
    4bda:	0a 5c       	add	r12,	r10	
    4bdc:	0e 5c       	add	r12,	r14	
    4bde:	01 3c       	jmp	$+4      	;abs 0x4be2
    4be0:	0a 4f       	mov	r15,	r10	
    4be2:	0b 4d       	mov	r13,	r11	
    4be4:	12 c3       	clrc			
    4be6:	0b 10       	rrc	r11		
    4be8:	0b 24       	jz	$+24     	;abs 0x4c00
    4bea:	09 4b       	mov	r11,	r9	
    4bec:	08 4e       	mov	r14,	r8	
    4bee:	0c 4a       	mov	r10,	r12	
    4bf0:	bc 48 00 00 	mov	@r8+,	0(r12)	;0x0000(r12)
    4bf4:	2c 53       	incd	r12		
    4bf6:	39 53       	add	#-1,	r9	;r3 As==11
    4bf8:	fb 23       	jnz	$-8      	;abs 0x4bf0
    4bfa:	0b 5b       	rla	r11		
    4bfc:	0e 5b       	add	r11,	r14	
    4bfe:	0a 5b       	add	r11,	r10	
    4c00:	1d f3       	and	#1,	r13	;r3 As==01
    4c02:	3c 24       	jz	$+122    	;abs 0x4c7c
    4c04:	ea 4e 00 00 	mov.b	@r14,	0(r10)	;0x0000(r10)
    4c08:	39 3c       	jmp	$+116    	;abs 0x4c7c
    4c0a:	0e 5d       	add	r13,	r14	
    4c0c:	0c 4f       	mov	r15,	r12	
    4c0e:	0c 5d       	add	r13,	r12	
    4c10:	0b 4c       	mov	r12,	r11	
    4c12:	0b de       	bis	r14,	r11	
    4c14:	1b f3       	and	#1,	r11	;r3 As==01
    4c16:	1b 24       	jz	$+56     	;abs 0x4c4e
    4c18:	0b 4c       	mov	r12,	r11	
    4c1a:	0b ee       	xor	r14,	r11	
    4c1c:	1b f3       	and	#1,	r11	;r3 As==01
    4c1e:	06 20       	jnz	$+14     	;abs 0x4c2c
    4c20:	3d 90 03 00 	cmp	#3,	r13	;#0x0003
    4c24:	03 28       	jnc	$+8      	;abs 0x4c2c
    4c26:	0b 4e       	mov	r14,	r11	
    4c28:	1b f3       	and	#1,	r11	;r3 As==01
    4c2a:	01 3c       	jmp	$+4      	;abs 0x4c2e
    4c2c:	0b 4d       	mov	r13,	r11	
    4c2e:	0d 8b       	sub	r11,	r13	
    4c30:	09 4e       	mov	r14,	r9	
    4c32:	0a 4c       	mov	r12,	r10	
    4c34:	08 4b       	mov	r11,	r8	
    4c36:	08 8c       	sub	r12,	r8	
    4c38:	3a 53       	add	#-1,	r10	;r3 As==11
    4c3a:	39 53       	add	#-1,	r9	;r3 As==11
    4c3c:	ea 49 00 00 	mov.b	@r9,	0(r10)	;0x0000(r10)
    4c40:	07 4a       	mov	r10,	r7	
    4c42:	07 58       	add	r8,	r7	
    4c44:	f9 23       	jnz	$-12     	;abs 0x4c38
    4c46:	3b e3       	inv	r11		
    4c48:	1b 53       	inc	r11		
    4c4a:	0c 5b       	add	r11,	r12	
    4c4c:	0e 5b       	add	r11,	r14	
    4c4e:	0b 4d       	mov	r13,	r11	
    4c50:	12 c3       	clrc			
    4c52:	0b 10       	rrc	r11		
    4c54:	0e 24       	jz	$+30     	;abs 0x4c72
    4c56:	0a 4b       	mov	r11,	r10	
    4c58:	08 4e       	mov	r14,	r8	
    4c5a:	09 4c       	mov	r12,	r9	
    4c5c:	28 83       	decd	r8		
    4c5e:	29 83       	decd	r9		
    4c60:	a9 48 00 00 	mov	@r8,	0(r9)	;0x0000(r9)
    4c64:	3a 53       	add	#-1,	r10	;r3 As==11
    4c66:	fa 23       	jnz	$-10     	;abs 0x4c5c
    4c68:	0a 8b       	sub	r11,	r10	
    4c6a:	0b 4a       	mov	r10,	r11	
    4c6c:	0b 5b       	rla	r11		
    4c6e:	0e 5b       	add	r11,	r14	
    4c70:	0c 5b       	add	r11,	r12	
    4c72:	1d f3       	and	#1,	r13	;r3 As==01
    4c74:	03 24       	jz	$+8      	;abs 0x4c7c
    4c76:	dc 4e ff ff 	mov.b	-1(r14),-1(r12)	;0xffff(r14), 0xffff(r12)
    4c7a:	ff ff 
    4c7c:	37 41       	pop	r7		
    4c7e:	38 41       	pop	r8		
    4c80:	39 41       	pop	r9		
    4c82:	3a 41       	pop	r10		
    4c84:	3b 41       	pop	r11		
    4c86:	30 41       	ret			

00004c88 <_unexpected_>:
    4c88:	00 13       	reti			

Disassembly of section .vectors:

0000ffe0 <__ivtbl_16>:
    ffe0:	de 40 de 40 de 40 de 40 de 40 de 40 de 40 de 40     .@.@.@.@.@.@.@.@
    fff0:	de 40 de 40 de 40 de 40 de 40 de 40 de 40 00 40     .@.@.@.@.@.@.@.@
