
noekeon.elf:     file format elf32-msp430

SYMBOL TABLE:
00004000 l    d  .text	00000000 .text
00004ab0 l    d  .rodata	00000000 .rodata
00001100 l    d  .noinit	00000000 .noinit
0000ffe0 l    d  .vectors	00000000 .vectors
00000000 l    d  .debug_aranges	00000000 .debug_aranges
00000000 l    d  .debug_info	00000000 .debug_info
00000000 l    d  .debug_abbrev	00000000 .debug_abbrev
00000000 l    d  .debug_line	00000000 .debug_line
00000000 l    d  .debug_frame	00000000 .debug_frame
00000000 l    d  .debug_str	00000000 .debug_str
00000000 l    d  .debug_loc	00000000 .debug_loc
00000000 l    d  .debug_ranges	00000000 .debug_ranges
00000000 l    df *ABS*	00000000 noekeonIndirectRef.c
00004ab0 l     O .rodata	00000010 NullVector
00004126 l       .text	00000000 __br_unexpected_
00000000 l    df *ABS*	00000000 tools.c
000043ae g     F .text	0000013a Pi1
00004a76 g     F .text	0000001a putchar
00000057 g       *ABS*	00000000 __BCSCTL1
0000005a g       *ABS*	00000000 __CACTL2
00000174 g       *ABS*	00000000 __TACCR1
00000084 g       *ABS*	00000000 __ADC12MCTL4
00000000 g       *ABS*	00000000 __data_size
0000015a g       *ABS*	00000000 __ADC12MEM13
00000052 g       *ABS*	00000000 __I2CNDAT
00004126  w      .text	00000000 __isr_14
00000128 g       *ABS*	00000000 __FCTL1
00000024 g       *ABS*	00000000 __P1IES
0000007b g       *ABS*	00000000 __U1MCTL
000001f6 g       *ABS*	00000000 __DMA2SZ
00004126  w      .text	00000000 __isr_4
00000002 g       *ABS*	00000000 __IFG1
00000076 g       *ABS*	00000000 __I2CDRW
0000007e g       *ABS*	00000000 __U1RXBUF
00000138 g       *ABS*	00000000 __OP2
00000076 g       *ABS*	00000000 __U0RXBUF
000001a4 g       *ABS*	00000000 __ADC12IFG
0000012e g       *ABS*	00000000 __TAIV
000001e6 g       *ABS*	00000000 __DMA0SZ
00000000 g       .vectors	00000000 _efartext
0000007c g       *ABS*	00000000 __U1BR0
00000130 g       *ABS*	00000000 __MPY
00000001 g       *ABS*	00000000 __IE2
0000013a g       *ABS*	00000000 __RESLO
00000136 g       *ABS*	00000000 __MACS
00000087 g       *ABS*	00000000 __ADC12MCTL7
0000002b g       *ABS*	00000000 __P2IFG
0000001a g       *ABS*	00000000 __P3DIR
00004ac0 g       *ABS*	00000000 _etext
00000190 g       *ABS*	00000000 __TBR
0000001d g       *ABS*	00000000 __P4OUT
000001f4 g       *ABS*	00000000 __DMA2DA
00000000 g       *ABS*	00000000 __bss_size
00000081 g       *ABS*	00000000 __ADC12MCTL1
000049e6 g     F .text	0000005e uart1_init
00000152 g       *ABS*	00000000 __ADC12MEM9
00004000  w      .text	00000000 __watchdog_support
00004120  w      .text	00000000 __stop_progExec__
00000050 g       *ABS*	00000000 __I2CIE
0000002d g       *ABS*	00000000 __P2IE
000001e4 g       *ABS*	00000000 __DMA0DA
00000192 g       *ABS*	00000000 __TBCCR0
00004848 g     F .text	0000004c RCShiftRegFwd
00004126  w      .text	00000000 __isr_11
00000186 g       *ABS*	00000000 __TBCCTL2
00004aa4 g     F .text	0000000a end_expe
00000025 g       *ABS*	00000000 __P1IE
000001a0 g       *ABS*	00000000 __ADC12CTL0
00000072 g       *ABS*	00000000 __I2CDCTL
00000073 g       *ABS*	00000000 __U0MCTL
0000007a g       *ABS*	00000000 __U1RCTL
00000082 g       *ABS*	00000000 __ADC12MCTL2
0000019c g       *ABS*	00000000 __TBCCR5
00004894 g     F .text	00000056 RCShiftRegBwd
00000035 g       *ABS*	00000000 __P6OUT
00000034 g       *ABS*	00000000 __P6IN
000001c8 g       *ABS*	00000000 __DAC12_0DAT
00000182 g       *ABS*	00000000 __TBCCTL0
0000019e g       *ABS*	00000000 __TBCCR6
00004126  w      .text	00000000 __isr_5
00004ac0 g       *ABS*	00000000 __data_load_start
00004126 g       .text	00000000 __dtors_end
000001ea g       *ABS*	00000000 __DMA1SA
00000088 g       *ABS*	00000000 __ADC12MCTL8
00000166 g       *ABS*	00000000 __TACCTL2
000001f0 g       *ABS*	00000000 __DMA2CTL
00004126  w      .text	00000000 __isr_2
00000156 g       *ABS*	00000000 __ADC12MEM11
00000160 g       *ABS*	00000000 __TACTL
00000158 g       *ABS*	00000000 __ADC12MEM12
00000071 g       *ABS*	00000000 __I2CTCTL
0000012c g       *ABS*	00000000 __FCTL3
00004126  w      .text	00000000 __isr_10
00000148 g       *ABS*	00000000 __ADC12MEM4
0000011a g       *ABS*	00000000 __I2CSA
0000002e g       *ABS*	00000000 __P2SEL
00000180 g       *ABS*	00000000 __TBCTL
0000008d g       *ABS*	00000000 __ADC12MCTL13
0000014c g       *ABS*	00000000 __ADC12MEM6
00000023 g       *ABS*	00000000 __P1IFG
0000013c g       *ABS*	00000000 __RESHI
00000072 g       *ABS*	00000000 __U0RCTL
00000172 g       *ABS*	00000000 __TACCR0
00000071 g       *ABS*	00000000 __U0TCTL
00000056 g       *ABS*	00000000 __DCOCTL
00000085 g       *ABS*	00000000 __ADC12MCTL5
00000003 g       *ABS*	00000000 __IFG2
00000005 g       *ABS*	00000000 __ME2
00001100 g     O .noinit	00000002 __wdt_clear_value
00000079 g       *ABS*	00000000 __U1TCTL
0000001b g       *ABS*	00000000 __P3SEL
000001e0 g       *ABS*	00000000 __DMA0CTL
00004126  w      .text	00000000 __isr_7
0000ffe0 g     O .vectors	00000020 __ivtbl_16
00000028 g       *ABS*	00000000 __P2IN
0000014e g       *ABS*	00000000 __ADC12MEM7
000044e8 g     F .text	00000136 Pi2
00000184 g       *ABS*	00000000 __TBCCTL1
0000005b g       *ABS*	00000000 __CAPD
00000075 g       *ABS*	00000000 __I2CSCLL
00004126  w      .text	00000000 __isr_0
00000029 g       *ABS*	00000000 __P2OUT
0000012a g       *ABS*	00000000 __FCTL2
00004028  w      .text	00000000 __do_clear_bss
0000008f g       *ABS*	00000000 __ADC12MCTL15
000047b0 g     F .text	00000098 Round
00000021 g       *ABS*	00000000 __P1OUT
0000002c g       *ABS*	00000000 __P2IES
0000015c g       *ABS*	00000000 __ADC12MEM14
00000026 g       *ABS*	00000000 __P1SEL
00000198 g       *ABS*	00000000 __TBCCR3
00000080 g       *ABS*	00000000 __ADC12MCTL0
00000140 g       *ABS*	00000000 __ADC12MEM0
00000074 g       *ABS*	00000000 __U0BR0
00000051 g       *ABS*	00000000 __I2CIFG
00004aae  w      .text	00000000 _unexpected_
00004126  w      .text	00000000 __isr_8
0000014a g       *ABS*	00000000 __ADC12MEM5
00000070 g       *ABS*	00000000 __U0CTL
0000018a g       *ABS*	00000000 __TBCCTL4
00000073 g       *ABS*	00000000 __I2CPSC
0000008e g       *ABS*	00000000 __ADC12MCTL14
00004126  w      .text	00000000 __isr_3
000001a6 g       *ABS*	00000000 __ADC12IE
00004a44 g     F .text	00000032 uart1_putchar
00000144 g       *ABS*	00000000 __ADC12MEM2
000001ee g       *ABS*	00000000 __DMA1SZ
00000033 g       *ABS*	00000000 __P5SEL
00000030 g       *ABS*	00000000 __P5IN
00004000  w      .text	00000000 _reset_vector__
00004126 g       .text	00000000 __ctors_start
00004126  w      .text	00000000 __isr_12
00000036 g       *ABS*	00000000 __P6DIR
00000018 g       *ABS*	00000000 __P3IN
00004010  w      .text	00000000 __do_copy_data
0000412a g     F .text	00000284 Theta
00000150 g       *ABS*	00000000 __ADC12MEM8
00000142 g       *ABS*	00000000 __ADC12MEM1
00001100 g       .rodata	00000000 __bss_start
0000007d g       *ABS*	00000000 __U1BR1
0000403e g     F .text	000000e2 main
00000176 g       *ABS*	00000000 __TACCR2
0000019a g       *ABS*	00000000 __TBCCR4
00004126  w      .text	00000000 __isr_13
00000078 g       *ABS*	00000000 __U1CTL
000001e2 g       *ABS*	00000000 __DMA0SA
00000170 g       *ABS*	00000000 __TAR
00000124 g       *ABS*	00000000 __DMACTL1
0000001e g       *ABS*	00000000 __P4DIR
00000162 g       *ABS*	00000000 __TACCTL0
00010000 g       .vectors	00000000 _vectors_end
00000154 g       *ABS*	00000000 __ADC12MEM10
000001f2 g       *ABS*	00000000 __DMA2SA
0000002a g       *ABS*	00000000 __P2DIR
00000089 g       *ABS*	00000000 __ADC12MCTL9
0000008a g       *ABS*	00000000 __ADC12MCTL10
000049a8 g     F .text	0000003e delay
00000032 g       *ABS*	00000000 __P5DIR
000001c2 g       *ABS*	00000000 __DAC12_1CTL
000001a2 g       *ABS*	00000000 __ADC12CTL1
000001a8 g       *ABS*	00000000 __ADC12IV
000001e8 g       *ABS*	00000000 __DMA1CTL
00000075 g       *ABS*	00000000 __U0BR1
00004126  w      .text	00000000 __isr_9
0000018c g       *ABS*	00000000 __TBCCTL5
0000461e g     F .text	00000192 Gamma
0000400c  w      .text	00000000 __init_stack
00000086 g       *ABS*	00000000 __ADC12MCTL6
00000188 g       *ABS*	00000000 __TBCCTL3
00000019 g       *ABS*	00000000 __P3OUT
000001ca g       *ABS*	00000000 __DAC12_1DAT
00004126 g       .text	00000000 __dtors_start
00004126  w      .text	00000000 __isr_6
00004126 g       .text	00000000 __ctors_end
00000132 g       *ABS*	00000000 __MPYS
0000011c g       *ABS*	00000000 __I2CIV
00000004 g       *ABS*	00000000 __ME1
00003900 g       *ABS*	00000000 __stack
00000037 g       *ABS*	00000000 __P6SEL
00004126  w      .text	00000000 __isr_1
0000008c g       *ABS*	00000000 __ADC12MCTL12
00001100 g       .rodata	00000000 _edata
00000077 g       *ABS*	00000000 __U0TXBUF
00001102 g       *ABS*	00000000 _end
00000194 g       *ABS*	00000000 __TBCCR1
0000011e g       *ABS*	00000000 __TBIV
000001c0 g       *ABS*	00000000 __DAC12_0CTL
00004a90 g     F .text	0000000a start_encrypt
0000015e g       *ABS*	00000000 __ADC12MEM15
00000134 g       *ABS*	00000000 __MAC
00000058 g       *ABS*	00000000 __BCSCTL2
00004120  w      .text	00000000 _endless_loop__
00000122 g       *ABS*	00000000 __DMACTL0
0000001f g       *ABS*	00000000 __P4SEL
00000196 g       *ABS*	00000000 __TBCCR2
00000022 g       *ABS*	00000000 __P1DIR
00000146 g       *ABS*	00000000 __ADC12MEM3
00000076 g       *ABS*	00000000 __I2CDRB
00000118 g       *ABS*	00000000 __I2COA
00000164 g       *ABS*	00000000 __TACCTL1
0000007f g       *ABS*	00000000 __U1TXBUF
00000055 g       *ABS*	00000000 __SVSCTL
00004010  w      .text	00000000 __low_level_init
00004a9a g     F .text	0000000a start_decrypt
000048ea g     F .text	000000be CommonLoop
00001100 g       .rodata	00000000 __data_start
0000018e g       *ABS*	00000000 __TBCCTL6
00000074 g       *ABS*	00000000 __I2CSCLH
000001ec g       *ABS*	00000000 __DMA1DA
00000120 g       *ABS*	00000000 __WDTCTL
00000083 g       *ABS*	00000000 __ADC12MCTL3
00000000 g       *ABS*	00000000 __IE1
00000059 g       *ABS*	00000000 __CACTL1
00000020 g       *ABS*	00000000 __P1IN
0000001c g       *ABS*	00000000 __P4IN
0000008b g       *ABS*	00000000 __ADC12MCTL11
0000013e g       *ABS*	00000000 __SUMEXT
00000031 g       *ABS*	00000000 __P5OUT



Disassembly of section .text:

00004000 <__watchdog_support>:
    4000:	55 42 20 01 	mov.b	&0x0120,r5	
    4004:	35 d0 08 5a 	bis	#23048,	r5	;#0x5a08
    4008:	82 45 00 11 	mov	r5,	&0x1100	

0000400c <__init_stack>:
    400c:	31 40 00 39 	mov	#14592,	r1	;#0x3900

00004010 <__do_copy_data>:
    4010:	3f 40 00 00 	mov	#0,	r15	;#0x0000
    4014:	0f 93       	tst	r15		
    4016:	08 24       	jz	$+18     	;abs 0x4028
    4018:	92 42 00 11 	mov	&0x1100,&0x0120	
    401c:	20 01 
    401e:	2f 83       	decd	r15		
    4020:	9f 4f c0 4a 	mov	19136(r15),4352(r15);0x4ac0(r15), 0x1100(r15)
    4024:	00 11 
    4026:	f8 23       	jnz	$-14     	;abs 0x4018

00004028 <__do_clear_bss>:
    4028:	3f 40 00 00 	mov	#0,	r15	;#0x0000
    402c:	0f 93       	tst	r15		
    402e:	07 24       	jz	$+16     	;abs 0x403e
    4030:	92 42 00 11 	mov	&0x1100,&0x0120	
    4034:	20 01 
    4036:	1f 83       	dec	r15		
    4038:	cf 43 00 11 	mov.b	#0,	4352(r15);r3 As==00, 0x1100(r15)
    403c:	f9 23       	jnz	$-12     	;abs 0x4030

0000403e <main>:
  a[0]^=RC2;

} /* CommonLoop */

int main()
{
    403e:	04 41       	mov	r1,	r4	
    4040:	24 53       	incd	r4		
    4042:	31 50 d0 ff 	add	#-48,	r1	;#0xffd0
#ifdef PRINT
  uart1_init();
#endif

  u32 k[4]={0,0,0,0};
    4046:	84 43 ce ff 	mov	#0,	-50(r4)	;r3 As==00, 0xffce(r4)
    404a:	84 43 d0 ff 	mov	#0,	-48(r4)	;r3 As==00, 0xffd0(r4)
    404e:	84 43 d2 ff 	mov	#0,	-46(r4)	;r3 As==00, 0xffd2(r4)
    4052:	84 43 d4 ff 	mov	#0,	-44(r4)	;r3 As==00, 0xffd4(r4)
    4056:	84 43 d6 ff 	mov	#0,	-42(r4)	;r3 As==00, 0xffd6(r4)
    405a:	84 43 d8 ff 	mov	#0,	-40(r4)	;r3 As==00, 0xffd8(r4)
    405e:	84 43 da ff 	mov	#0,	-38(r4)	;r3 As==00, 0xffda(r4)
    4062:	84 43 dc ff 	mov	#0,	-36(r4)	;r3 As==00, 0xffdc(r4)
  u32 k2[4]={0,0,0,0};
    4066:	84 43 de ff 	mov	#0,	-34(r4)	;r3 As==00, 0xffde(r4)
    406a:	84 43 e0 ff 	mov	#0,	-32(r4)	;r3 As==00, 0xffe0(r4)
    406e:	84 43 e2 ff 	mov	#0,	-30(r4)	;r3 As==00, 0xffe2(r4)
    4072:	84 43 e4 ff 	mov	#0,	-28(r4)	;r3 As==00, 0xffe4(r4)
    4076:	84 43 e6 ff 	mov	#0,	-26(r4)	;r3 As==00, 0xffe6(r4)
    407a:	84 43 e8 ff 	mov	#0,	-24(r4)	;r3 As==00, 0xffe8(r4)
    407e:	84 43 ea ff 	mov	#0,	-22(r4)	;r3 As==00, 0xffea(r4)
    4082:	84 43 ec ff 	mov	#0,	-20(r4)	;r3 As==00, 0xffec(r4)
  u32 state[4]={0,0,0,0};
    4086:	84 43 ee ff 	mov	#0,	-18(r4)	;r3 As==00, 0xffee(r4)
    408a:	84 43 f0 ff 	mov	#0,	-16(r4)	;r3 As==00, 0xfff0(r4)
    408e:	84 43 f2 ff 	mov	#0,	-14(r4)	;r3 As==00, 0xfff2(r4)
    4092:	84 43 f4 ff 	mov	#0,	-12(r4)	;r3 As==00, 0xfff4(r4)
    4096:	84 43 f6 ff 	mov	#0,	-10(r4)	;r3 As==00, 0xfff6(r4)
    409a:	84 43 f8 ff 	mov	#0,	-8(r4)	;r3 As==00, 0xfff8(r4)
    409e:	84 43 fa ff 	mov	#0,	-6(r4)	;r3 As==00, 0xfffa(r4)
    40a2:	84 43 fc ff 	mov	#0,	-4(r4)	;r3 As==00, 0xfffc(r4)
  
  START_ENCRYPT();
    40a6:	b0 12 90 4a 	call	#0x4a90	

  CommonLoop (NullVector,k,RC1ENCRYPTSTART,0);
    40aa:	4c 43       	clr.b	r12		
    40ac:	7d 40 80 ff 	mov.b	#-128,	r13	;#0xff80
    40b0:	0e 44       	mov	r4,	r14	
    40b2:	3e 50 ce ff 	add	#-50,	r14	;#0xffce
    40b6:	3f 40 b0 4a 	mov	#19120,	r15	;#0x4ab0
    40ba:	b0 12 ea 48 	call	#0x48ea	
  CommonLoop (k,state,RC1ENCRYPTSTART,0);
    40be:	0f 44       	mov	r4,	r15	
    40c0:	3f 50 ee ff 	add	#-18,	r15	;#0xffee
    40c4:	4c 43       	clr.b	r12		
    40c6:	7d 40 80 ff 	mov.b	#-128,	r13	;#0xff80
    40ca:	0e 4f       	mov	r15,	r14	
    40cc:	0f 44       	mov	r4,	r15	
    40ce:	3f 50 ce ff 	add	#-50,	r15	;#0xffce
    40d2:	b0 12 ea 48 	call	#0x48ea	
  printf("%lx ", state[2]);
  printf("%lx ", state[3]);
  printf("\n");	
#endif
  
  START_DECRYPT();
    40d6:	b0 12 9a 4a 	call	#0x4a9a	

  CommonLoop (NullVector,k2,RC1ENCRYPTSTART,0);
    40da:	0f 44       	mov	r4,	r15	
    40dc:	3f 50 de ff 	add	#-34,	r15	;#0xffde
    40e0:	4c 43       	clr.b	r12		
    40e2:	7d 40 80 ff 	mov.b	#-128,	r13	;#0xff80
    40e6:	0e 4f       	mov	r15,	r14	
    40e8:	3f 40 b0 4a 	mov	#19120,	r15	;#0x4ab0
    40ec:	b0 12 ea 48 	call	#0x48ea	
  Theta(NullVector,k2);
    40f0:	0f 44       	mov	r4,	r15	
    40f2:	3f 50 de ff 	add	#-34,	r15	;#0xffde
    40f6:	0e 4f       	mov	r15,	r14	
    40f8:	3f 40 b0 4a 	mov	#19120,	r15	;#0x4ab0
    40fc:	b0 12 2a 41 	call	#0x412a	
  CommonLoop (k2,state,0,RC2DECRYPTSTART);
    4100:	0e 44       	mov	r4,	r14	
    4102:	3e 50 ee ff 	add	#-18,	r14	;#0xffee
    4106:	0f 44       	mov	r4,	r15	
    4108:	3f 50 de ff 	add	#-34,	r15	;#0xffde
    410c:	7c 40 d4 ff 	mov.b	#-44,	r12	;#0xffd4
    4110:	4d 43       	clr.b	r13		
    4112:	b0 12 ea 48 	call	#0x48ea	
  printf("%lx ", state[2]);
  printf("%lx ", state[3]);
  printf("\n");
#endif

  END_EXPE();
    4116:	b0 12 a4 4a 	call	#0x4aa4	
  return 0;
    411a:	0f 43       	clr	r15		
}
    411c:	31 50 30 00 	add	#48,	r1	;#0x0030

00004120 <__stop_progExec__>:
    4120:	32 d0 f0 00 	bis	#240,	r2	;#0x00f0
    4124:	fd 3f       	jmp	$-4      	;abs 0x4120

00004126 <__ctors_end>:
    4126:	30 40 ae 4a 	br	#0x4aae	

0000412a <Theta>:

static const u32 NullVector[4] = {0,0,0,0};


 void Theta (u32 const * const k,u32 * const a)
{
    412a:	0b 12       	push	r11		
    412c:	0a 12       	push	r10		
    412e:	09 12       	push	r9		
    4130:	08 12       	push	r8		
    4132:	07 12       	push	r7		
    4134:	06 12       	push	r6		
    4136:	05 12       	push	r5		
    4138:	04 12       	push	r4		
    413a:	04 41       	mov	r1,	r4	
    413c:	34 50 10 00 	add	#16,	r4	;#0x0010
    4140:	31 50 f4 ff 	add	#-12,	r1	;#0xfff4
    4144:	84 4f e8 ff 	mov	r15,	-24(r4)	;0xffe8(r4)
    4148:	84 4e ea ff 	mov	r14,	-22(r4)	;0xffea(r4)
  u32 tmp;

  tmp  = a[0]^a[2]; 
    414c:	1f 44 ea ff 	mov	-22(r4),r15	;0xffea(r4)
    4150:	2c 4f       	mov	@r15,	r12	
    4152:	1d 4f 02 00 	mov	2(r15),	r13	;0x0002(r15)
    4156:	1f 44 ea ff 	mov	-22(r4),r15	;0xffea(r4)
    415a:	3f 52       	add	#8,	r15	;r2 As==11
    415c:	2e 4f       	mov	@r15,	r14	
    415e:	1f 4f 02 00 	mov	2(r15),	r15	;0x0002(r15)
    4162:	0a 4c       	mov	r12,	r10	
    4164:	0b 4d       	mov	r13,	r11	
    4166:	0a ee       	xor	r14,	r10	
    4168:	0b ef       	xor	r15,	r11	
    416a:	84 4a e4 ff 	mov	r10,	-28(r4)	;0xffe4(r4)
    416e:	84 4b e6 ff 	mov	r11,	-26(r4)	;0xffe6(r4)
  tmp ^= ROTL32(tmp,8)^ROTL32(tmp,24); 
    4172:	1e 44 e4 ff 	mov	-28(r4),r14	;0xffe4(r4)
    4176:	8e 10       	swpb	r14		
    4178:	4e 4e       	mov.b	r14,	r14	
    417a:	1f 44 e6 ff 	mov	-26(r4),r15	;0xffe6(r4)
    417e:	4f 4f       	mov.b	r15,	r15	
    4180:	8f 10       	swpb	r15		
    4182:	0b 4e       	mov	r14,	r11	
    4184:	0b df       	bis	r15,	r11	
    4186:	84 4b ee ff 	mov	r11,	-18(r4)	;0xffee(r4)
    418a:	1e 44 e6 ff 	mov	-26(r4),r14	;0xffe6(r4)
    418e:	8e 10       	swpb	r14		
    4190:	4e 4e       	mov.b	r14,	r14	
    4192:	1f 44 e4 ff 	mov	-28(r4),r15	;0xffe4(r4)
    4196:	4f 4f       	mov.b	r15,	r15	
    4198:	8f 10       	swpb	r15		
    419a:	0d 4e       	mov	r14,	r13	
    419c:	0d df       	bis	r15,	r13	
    419e:	84 4d ec ff 	mov	r13,	-20(r4)	;0xffec(r4)
    41a2:	1e 44 e4 ff 	mov	-28(r4),r14	;0xffe4(r4)
    41a6:	4e 4e       	mov.b	r14,	r14	
    41a8:	8e 10       	swpb	r14		
    41aa:	1f 44 e6 ff 	mov	-26(r4),r15	;0xffe6(r4)
    41ae:	8f 10       	swpb	r15		
    41b0:	4f 4f       	mov.b	r15,	r15	
    41b2:	06 4e       	mov	r14,	r6	
    41b4:	06 df       	bis	r15,	r6	
    41b6:	1e 44 e6 ff 	mov	-26(r4),r14	;0xffe6(r4)
    41ba:	4e 4e       	mov.b	r14,	r14	
    41bc:	8e 10       	swpb	r14		
    41be:	1f 44 e4 ff 	mov	-28(r4),r15	;0xffe4(r4)
    41c2:	8f 10       	swpb	r15		
    41c4:	4f 4f       	mov.b	r15,	r15	
    41c6:	05 4e       	mov	r14,	r5	
    41c8:	05 df       	bis	r15,	r5	
    41ca:	1e 44 ec ff 	mov	-20(r4),r14	;0xffec(r4)
    41ce:	1f 44 ee ff 	mov	-18(r4),r15	;0xffee(r4)
    41d2:	0e e5       	xor	r5,	r14	
    41d4:	0f e6       	xor	r6,	r15	
    41d6:	84 ee e4 ff 	xor	r14,	-28(r4)	;0xffe4(r4)
    41da:	84 ef e6 ff 	xor	r15,	-26(r4)	;0xffe6(r4)
  a[1]^= tmp; 
    41de:	1d 44 ea ff 	mov	-22(r4),r13	;0xffea(r4)
    41e2:	2d 52       	add	#4,	r13	;r2 As==10
    41e4:	1f 44 ea ff 	mov	-22(r4),r15	;0xffea(r4)
    41e8:	2f 52       	add	#4,	r15	;r2 As==10
    41ea:	2e 4f       	mov	@r15,	r14	
    41ec:	1f 4f 02 00 	mov	2(r15),	r15	;0x0002(r15)
    41f0:	1e e4 e4 ff 	xor	-28(r4),r14	;0xffe4(r4)
    41f4:	1f e4 e6 ff 	xor	-26(r4),r15	;0xffe6(r4)
    41f8:	8d 4e 00 00 	mov	r14,	0(r13)	;0x0000(r13)
    41fc:	8d 4f 02 00 	mov	r15,	2(r13)	;0x0002(r13)
  a[3]^= tmp; 
    4200:	1d 44 ea ff 	mov	-22(r4),r13	;0xffea(r4)
    4204:	3d 50 0c 00 	add	#12,	r13	;#0x000c
    4208:	1f 44 ea ff 	mov	-22(r4),r15	;0xffea(r4)
    420c:	3f 50 0c 00 	add	#12,	r15	;#0x000c
    4210:	2e 4f       	mov	@r15,	r14	
    4212:	1f 4f 02 00 	mov	2(r15),	r15	;0x0002(r15)
    4216:	1e e4 e4 ff 	xor	-28(r4),r14	;0xffe4(r4)
    421a:	1f e4 e6 ff 	xor	-26(r4),r15	;0xffe6(r4)
    421e:	8d 4e 00 00 	mov	r14,	0(r13)	;0x0000(r13)
    4222:	8d 4f 02 00 	mov	r15,	2(r13)	;0x0002(r13)

  a[0] ^= k[0]; a[1] ^= k[1]; a[2] ^= k[2]; a[3] ^= k[3]; 
    4226:	1f 44 ea ff 	mov	-22(r4),r15	;0xffea(r4)
    422a:	2c 4f       	mov	@r15,	r12	
    422c:	1d 4f 02 00 	mov	2(r15),	r13	;0x0002(r15)
    4230:	1f 44 e8 ff 	mov	-24(r4),r15	;0xffe8(r4)
    4234:	2e 4f       	mov	@r15,	r14	
    4236:	1f 4f 02 00 	mov	2(r15),	r15	;0x0002(r15)
    423a:	0e ec       	xor	r12,	r14	
    423c:	0f ed       	xor	r13,	r15	
    423e:	1d 44 ea ff 	mov	-22(r4),r13	;0xffea(r4)
    4242:	8d 4e 00 00 	mov	r14,	0(r13)	;0x0000(r13)
    4246:	8d 4f 02 00 	mov	r15,	2(r13)	;0x0002(r13)
    424a:	1b 44 ea ff 	mov	-22(r4),r11	;0xffea(r4)
    424e:	2b 52       	add	#4,	r11	;r2 As==10
    4250:	1f 44 ea ff 	mov	-22(r4),r15	;0xffea(r4)
    4254:	2f 52       	add	#4,	r15	;r2 As==10
    4256:	2c 4f       	mov	@r15,	r12	
    4258:	1d 4f 02 00 	mov	2(r15),	r13	;0x0002(r15)
    425c:	1f 44 e8 ff 	mov	-24(r4),r15	;0xffe8(r4)
    4260:	2f 52       	add	#4,	r15	;r2 As==10
    4262:	2e 4f       	mov	@r15,	r14	
    4264:	1f 4f 02 00 	mov	2(r15),	r15	;0x0002(r15)
    4268:	0e ec       	xor	r12,	r14	
    426a:	0f ed       	xor	r13,	r15	
    426c:	8b 4e 00 00 	mov	r14,	0(r11)	;0x0000(r11)
    4270:	8b 4f 02 00 	mov	r15,	2(r11)	;0x0002(r11)
    4274:	1b 44 ea ff 	mov	-22(r4),r11	;0xffea(r4)
    4278:	3b 52       	add	#8,	r11	;r2 As==11
    427a:	1f 44 ea ff 	mov	-22(r4),r15	;0xffea(r4)
    427e:	3f 52       	add	#8,	r15	;r2 As==11
    4280:	2c 4f       	mov	@r15,	r12	
    4282:	1d 4f 02 00 	mov	2(r15),	r13	;0x0002(r15)
    4286:	1f 44 e8 ff 	mov	-24(r4),r15	;0xffe8(r4)
    428a:	3f 52       	add	#8,	r15	;r2 As==11
    428c:	2e 4f       	mov	@r15,	r14	
    428e:	1f 4f 02 00 	mov	2(r15),	r15	;0x0002(r15)
    4292:	0e ec       	xor	r12,	r14	
    4294:	0f ed       	xor	r13,	r15	
    4296:	8b 4e 00 00 	mov	r14,	0(r11)	;0x0000(r11)
    429a:	8b 4f 02 00 	mov	r15,	2(r11)	;0x0002(r11)
    429e:	1b 44 ea ff 	mov	-22(r4),r11	;0xffea(r4)
    42a2:	3b 50 0c 00 	add	#12,	r11	;#0x000c
    42a6:	1f 44 ea ff 	mov	-22(r4),r15	;0xffea(r4)
    42aa:	3f 50 0c 00 	add	#12,	r15	;#0x000c
    42ae:	2c 4f       	mov	@r15,	r12	
    42b0:	1d 4f 02 00 	mov	2(r15),	r13	;0x0002(r15)
    42b4:	1f 44 e8 ff 	mov	-24(r4),r15	;0xffe8(r4)
    42b8:	3f 50 0c 00 	add	#12,	r15	;#0x000c
    42bc:	2e 4f       	mov	@r15,	r14	
    42be:	1f 4f 02 00 	mov	2(r15),	r15	;0x0002(r15)
    42c2:	0e ec       	xor	r12,	r14	
    42c4:	0f ed       	xor	r13,	r15	
    42c6:	8b 4e 00 00 	mov	r14,	0(r11)	;0x0000(r11)
    42ca:	8b 4f 02 00 	mov	r15,	2(r11)	;0x0002(r11)

  tmp  = a[1]^a[3]; 
    42ce:	1f 44 ea ff 	mov	-22(r4),r15	;0xffea(r4)
    42d2:	2f 52       	add	#4,	r15	;r2 As==10
    42d4:	2c 4f       	mov	@r15,	r12	
    42d6:	1d 4f 02 00 	mov	2(r15),	r13	;0x0002(r15)
    42da:	1f 44 ea ff 	mov	-22(r4),r15	;0xffea(r4)
    42de:	3f 50 0c 00 	add	#12,	r15	;#0x000c
    42e2:	2e 4f       	mov	@r15,	r14	
    42e4:	1f 4f 02 00 	mov	2(r15),	r15	;0x0002(r15)
    42e8:	0a 4c       	mov	r12,	r10	
    42ea:	0b 4d       	mov	r13,	r11	
    42ec:	0a ee       	xor	r14,	r10	
    42ee:	0b ef       	xor	r15,	r11	
    42f0:	84 4a e4 ff 	mov	r10,	-28(r4)	;0xffe4(r4)
    42f4:	84 4b e6 ff 	mov	r11,	-26(r4)	;0xffe6(r4)
  tmp ^= ROTL32(tmp,8)^ROTL32(tmp,24); 
    42f8:	1e 44 e4 ff 	mov	-28(r4),r14	;0xffe4(r4)
    42fc:	8e 10       	swpb	r14		
    42fe:	4e 4e       	mov.b	r14,	r14	
    4300:	1f 44 e6 ff 	mov	-26(r4),r15	;0xffe6(r4)
    4304:	4f 4f       	mov.b	r15,	r15	
    4306:	8f 10       	swpb	r15		
    4308:	08 4e       	mov	r14,	r8	
    430a:	08 df       	bis	r15,	r8	
    430c:	1e 44 e6 ff 	mov	-26(r4),r14	;0xffe6(r4)
    4310:	8e 10       	swpb	r14		
    4312:	4e 4e       	mov.b	r14,	r14	
    4314:	1f 44 e4 ff 	mov	-28(r4),r15	;0xffe4(r4)
    4318:	4f 4f       	mov.b	r15,	r15	
    431a:	8f 10       	swpb	r15		
    431c:	07 4e       	mov	r14,	r7	
    431e:	07 df       	bis	r15,	r7	
    4320:	1e 44 e4 ff 	mov	-28(r4),r14	;0xffe4(r4)
    4324:	4e 4e       	mov.b	r14,	r14	
    4326:	8e 10       	swpb	r14		
    4328:	1f 44 e6 ff 	mov	-26(r4),r15	;0xffe6(r4)
    432c:	8f 10       	swpb	r15		
    432e:	4f 4f       	mov.b	r15,	r15	
    4330:	0a 4e       	mov	r14,	r10	
    4332:	0a df       	bis	r15,	r10	
    4334:	1e 44 e6 ff 	mov	-26(r4),r14	;0xffe6(r4)
    4338:	4e 4e       	mov.b	r14,	r14	
    433a:	8e 10       	swpb	r14		
    433c:	1f 44 e4 ff 	mov	-28(r4),r15	;0xffe4(r4)
    4340:	8f 10       	swpb	r15		
    4342:	4f 4f       	mov.b	r15,	r15	
    4344:	09 4e       	mov	r14,	r9	
    4346:	09 df       	bis	r15,	r9	
    4348:	0e 47       	mov	r7,	r14	
    434a:	0f 48       	mov	r8,	r15	
    434c:	0e e9       	xor	r9,	r14	
    434e:	0f ea       	xor	r10,	r15	
    4350:	84 ee e4 ff 	xor	r14,	-28(r4)	;0xffe4(r4)
    4354:	84 ef e6 ff 	xor	r15,	-26(r4)	;0xffe6(r4)
  a[0]^= tmp; 
    4358:	1f 44 ea ff 	mov	-22(r4),r15	;0xffea(r4)
    435c:	2e 4f       	mov	@r15,	r14	
    435e:	1f 4f 02 00 	mov	2(r15),	r15	;0x0002(r15)
    4362:	1e e4 e4 ff 	xor	-28(r4),r14	;0xffe4(r4)
    4366:	1f e4 e6 ff 	xor	-26(r4),r15	;0xffe6(r4)
    436a:	1d 44 ea ff 	mov	-22(r4),r13	;0xffea(r4)
    436e:	8d 4e 00 00 	mov	r14,	0(r13)	;0x0000(r13)
    4372:	8d 4f 02 00 	mov	r15,	2(r13)	;0x0002(r13)
  a[2]^= tmp; 
    4376:	1d 44 ea ff 	mov	-22(r4),r13	;0xffea(r4)
    437a:	3d 52       	add	#8,	r13	;r2 As==11
    437c:	1f 44 ea ff 	mov	-22(r4),r15	;0xffea(r4)
    4380:	3f 52       	add	#8,	r15	;r2 As==11
    4382:	2e 4f       	mov	@r15,	r14	
    4384:	1f 4f 02 00 	mov	2(r15),	r15	;0x0002(r15)
    4388:	1e e4 e4 ff 	xor	-28(r4),r14	;0xffe4(r4)
    438c:	1f e4 e6 ff 	xor	-26(r4),r15	;0xffe6(r4)
    4390:	8d 4e 00 00 	mov	r14,	0(r13)	;0x0000(r13)
    4394:	8d 4f 02 00 	mov	r15,	2(r13)	;0x0002(r13)

} /* Theta */
    4398:	31 50 0c 00 	add	#12,	r1	;#0x000c
    439c:	34 41       	pop	r4		
    439e:	35 41       	pop	r5		
    43a0:	36 41       	pop	r6		
    43a2:	37 41       	pop	r7		
    43a4:	38 41       	pop	r8		
    43a6:	39 41       	pop	r9		
    43a8:	3a 41       	pop	r10		
    43aa:	3b 41       	pop	r11		
    43ac:	30 41       	ret			

000043ae <Pi1>:


 void Pi1(u32 * const a)
{ a[1] = ROTL32 (a[1], 1); 
    43ae:	0b 12       	push	r11		
    43b0:	0a 12       	push	r10		
    43b2:	09 12       	push	r9		
    43b4:	08 12       	push	r8		
    43b6:	07 12       	push	r7		
    43b8:	06 12       	push	r6		
    43ba:	05 12       	push	r5		
    43bc:	04 12       	push	r4		
    43be:	04 41       	mov	r1,	r4	
    43c0:	34 50 10 00 	add	#16,	r4	;#0x0010
    43c4:	21 83       	decd	r1		
    43c6:	84 4f ee ff 	mov	r15,	-18(r4)	;0xffee(r4)
    43ca:	15 44 ee ff 	mov	-18(r4),r5	;0xffee(r4)
    43ce:	25 52       	add	#4,	r5	;r2 As==10
    43d0:	1f 44 ee ff 	mov	-18(r4),r15	;0xffee(r4)
    43d4:	2f 52       	add	#4,	r15	;r2 As==10
    43d6:	2d 4f       	mov	@r15,	r13	
    43d8:	1e 4f 02 00 	mov	2(r15),	r14	;0x0002(r15)
    43dc:	0f 4d       	mov	r13,	r15	
    43de:	0f 5f       	rla	r15		
    43e0:	0f 43       	clr	r15		
    43e2:	0f 6f       	rlc	r15		
    43e4:	0c 4f       	mov	r15,	r12	
    43e6:	0f 4e       	mov	r14,	r15	
    43e8:	0f 5f       	rla	r15		
    43ea:	0b 4c       	mov	r12,	r11	
    43ec:	0b df       	bis	r15,	r11	
    43ee:	0f 4e       	mov	r14,	r15	
    43f0:	0f 5f       	rla	r15		
    43f2:	0f 43       	clr	r15		
    43f4:	0f 6f       	rlc	r15		
    43f6:	0c 4f       	mov	r15,	r12	
    43f8:	0f 4d       	mov	r13,	r15	
    43fa:	0f 5f       	rla	r15		
    43fc:	0a 4c       	mov	r12,	r10	
    43fe:	0a df       	bis	r15,	r10	
    4400:	85 4a 00 00 	mov	r10,	0(r5)	;0x0000(r5)
    4404:	85 4b 02 00 	mov	r11,	2(r5)	;0x0002(r5)
  a[2] = ROTL32 (a[2], 5); 
    4408:	1b 44 ee ff 	mov	-18(r4),r11	;0xffee(r4)
    440c:	3b 52       	add	#8,	r11	;r2 As==11
    440e:	1f 44 ee ff 	mov	-18(r4),r15	;0xffee(r4)
    4412:	3f 52       	add	#8,	r15	;r2 As==11
    4414:	2c 4f       	mov	@r15,	r12	
    4416:	1d 4f 02 00 	mov	2(r15),	r13	;0x0002(r15)
    441a:	0f 4c       	mov	r12,	r15	
    441c:	8f 10       	swpb	r15		
    441e:	4f 4f       	mov.b	r15,	r15	
    4420:	12 c3       	clrc			
    4422:	0f 10       	rrc	r15		
    4424:	12 c3       	clrc			
    4426:	0f 10       	rrc	r15		
    4428:	12 c3       	clrc			
    442a:	0f 10       	rrc	r15		
    442c:	0e 4d       	mov	r13,	r14	
    442e:	0e 5e       	rla	r14		
    4430:	0e 5e       	rla	r14		
    4432:	0e 5e       	rla	r14		
    4434:	0e 5e       	rla	r14		
    4436:	0e 5e       	rla	r14		
    4438:	07 4f       	mov	r15,	r7	
    443a:	07 de       	bis	r14,	r7	
    443c:	0e 4d       	mov	r13,	r14	
    443e:	8e 10       	swpb	r14		
    4440:	4e 4e       	mov.b	r14,	r14	
    4442:	12 c3       	clrc			
    4444:	0e 10       	rrc	r14		
    4446:	12 c3       	clrc			
    4448:	0e 10       	rrc	r14		
    444a:	12 c3       	clrc			
    444c:	0e 10       	rrc	r14		
    444e:	0f 4c       	mov	r12,	r15	
    4450:	0f 5f       	rla	r15		
    4452:	0f 5f       	rla	r15		
    4454:	0f 5f       	rla	r15		
    4456:	0f 5f       	rla	r15		
    4458:	0f 5f       	rla	r15		
    445a:	06 4e       	mov	r14,	r6	
    445c:	06 df       	bis	r15,	r6	
    445e:	8b 46 00 00 	mov	r6,	0(r11)	;0x0000(r11)
    4462:	8b 47 02 00 	mov	r7,	2(r11)	;0x0002(r11)
  a[3] = ROTL32 (a[3], 2); 
    4466:	1b 44 ee ff 	mov	-18(r4),r11	;0xffee(r4)
    446a:	3b 50 0c 00 	add	#12,	r11	;#0x000c
    446e:	1f 44 ee ff 	mov	-18(r4),r15	;0xffee(r4)
    4472:	3f 50 0c 00 	add	#12,	r15	;#0x000c
    4476:	2d 4f       	mov	@r15,	r13	
    4478:	1e 4f 02 00 	mov	2(r15),	r14	;0x0002(r15)
    447c:	0f 4d       	mov	r13,	r15	
    447e:	8f 10       	swpb	r15		
    4480:	4f 4f       	mov.b	r15,	r15	
    4482:	12 c3       	clrc			
    4484:	0f 10       	rrc	r15		
    4486:	12 c3       	clrc			
    4488:	0f 10       	rrc	r15		
    448a:	12 c3       	clrc			
    448c:	0f 10       	rrc	r15		
    448e:	12 c3       	clrc			
    4490:	0f 10       	rrc	r15		
    4492:	12 c3       	clrc			
    4494:	0f 10       	rrc	r15		
    4496:	12 c3       	clrc			
    4498:	0f 10       	rrc	r15		
    449a:	0c 4e       	mov	r14,	r12	
    449c:	0c 5c       	rla	r12		
    449e:	0c 5c       	rla	r12		
    44a0:	09 4f       	mov	r15,	r9	
    44a2:	09 dc       	bis	r12,	r9	
    44a4:	0f 4e       	mov	r14,	r15	
    44a6:	8f 10       	swpb	r15		
    44a8:	4f 4f       	mov.b	r15,	r15	
    44aa:	12 c3       	clrc			
    44ac:	0f 10       	rrc	r15		
    44ae:	12 c3       	clrc			
    44b0:	0f 10       	rrc	r15		
    44b2:	12 c3       	clrc			
    44b4:	0f 10       	rrc	r15		
    44b6:	12 c3       	clrc			
    44b8:	0f 10       	rrc	r15		
    44ba:	12 c3       	clrc			
    44bc:	0f 10       	rrc	r15		
    44be:	12 c3       	clrc			
    44c0:	0f 10       	rrc	r15		
    44c2:	0e 4d       	mov	r13,	r14	
    44c4:	0e 5e       	rla	r14		
    44c6:	0e 5e       	rla	r14		
    44c8:	08 4f       	mov	r15,	r8	
    44ca:	08 de       	bis	r14,	r8	
    44cc:	8b 48 00 00 	mov	r8,	0(r11)	;0x0000(r11)
    44d0:	8b 49 02 00 	mov	r9,	2(r11)	;0x0002(r11)
}  /* Pi1 */
    44d4:	21 53       	incd	r1		
    44d6:	34 41       	pop	r4		
    44d8:	35 41       	pop	r5		
    44da:	36 41       	pop	r6		
    44dc:	37 41       	pop	r7		
    44de:	38 41       	pop	r8		
    44e0:	39 41       	pop	r9		
    44e2:	3a 41       	pop	r10		
    44e4:	3b 41       	pop	r11		
    44e6:	30 41       	ret			

000044e8 <Pi2>:


 void Pi2(u32 * const a)
{ a[1] = ROTL32 (a[1], 31);
    44e8:	0b 12       	push	r11		
    44ea:	0a 12       	push	r10		
    44ec:	09 12       	push	r9		
    44ee:	08 12       	push	r8		
    44f0:	07 12       	push	r7		
    44f2:	06 12       	push	r6		
    44f4:	05 12       	push	r5		
    44f6:	04 12       	push	r4		
    44f8:	04 41       	mov	r1,	r4	
    44fa:	34 50 10 00 	add	#16,	r4	;#0x0010
    44fe:	21 83       	decd	r1		
    4500:	84 4f ee ff 	mov	r15,	-18(r4)	;0xffee(r4)
    4504:	15 44 ee ff 	mov	-18(r4),r5	;0xffee(r4)
    4508:	25 52       	add	#4,	r5	;r2 As==10
    450a:	1f 44 ee ff 	mov	-18(r4),r15	;0xffee(r4)
    450e:	2f 52       	add	#4,	r15	;r2 As==10
    4510:	2d 4f       	mov	@r15,	r13	
    4512:	1e 4f 02 00 	mov	2(r15),	r14	;0x0002(r15)
    4516:	0f 4d       	mov	r13,	r15	
    4518:	0f 11       	rra	r15		
    451a:	0f 43       	clr	r15		
    451c:	0f 10       	rrc	r15		
    451e:	0c 4f       	mov	r15,	r12	
    4520:	0f 4e       	mov	r14,	r15	
    4522:	12 c3       	clrc			
    4524:	0f 10       	rrc	r15		
    4526:	0b 4c       	mov	r12,	r11	
    4528:	0b df       	bis	r15,	r11	
    452a:	0f 4e       	mov	r14,	r15	
    452c:	0f 11       	rra	r15		
    452e:	0f 43       	clr	r15		
    4530:	0f 10       	rrc	r15		
    4532:	0c 4f       	mov	r15,	r12	
    4534:	0f 4d       	mov	r13,	r15	
    4536:	12 c3       	clrc			
    4538:	0f 10       	rrc	r15		
    453a:	0a 4c       	mov	r12,	r10	
    453c:	0a df       	bis	r15,	r10	
    453e:	85 4a 00 00 	mov	r10,	0(r5)	;0x0000(r5)
    4542:	85 4b 02 00 	mov	r11,	2(r5)	;0x0002(r5)
  a[2] = ROTL32 (a[2], 27); 
    4546:	1b 44 ee ff 	mov	-18(r4),r11	;0xffee(r4)
    454a:	3b 52       	add	#8,	r11	;r2 As==11
    454c:	1f 44 ee ff 	mov	-18(r4),r15	;0xffee(r4)
    4550:	3f 52       	add	#8,	r15	;r2 As==11
    4552:	2c 4f       	mov	@r15,	r12	
    4554:	1d 4f 02 00 	mov	2(r15),	r13	;0x0002(r15)
    4558:	0f 4c       	mov	r12,	r15	
    455a:	4f 4f       	mov.b	r15,	r15	
    455c:	8f 10       	swpb	r15		
    455e:	0f 5f       	rla	r15		
    4560:	0f 5f       	rla	r15		
    4562:	0f 5f       	rla	r15		
    4564:	0e 4d       	mov	r13,	r14	
    4566:	12 c3       	clrc			
    4568:	0e 10       	rrc	r14		
    456a:	12 c3       	clrc			
    456c:	0e 10       	rrc	r14		
    456e:	12 c3       	clrc			
    4570:	0e 10       	rrc	r14		
    4572:	12 c3       	clrc			
    4574:	0e 10       	rrc	r14		
    4576:	12 c3       	clrc			
    4578:	0e 10       	rrc	r14		
    457a:	07 4f       	mov	r15,	r7	
    457c:	07 de       	bis	r14,	r7	
    457e:	0e 4d       	mov	r13,	r14	
    4580:	4e 4e       	mov.b	r14,	r14	
    4582:	8e 10       	swpb	r14		
    4584:	0e 5e       	rla	r14		
    4586:	0e 5e       	rla	r14		
    4588:	0e 5e       	rla	r14		
    458a:	0f 4c       	mov	r12,	r15	
    458c:	12 c3       	clrc			
    458e:	0f 10       	rrc	r15		
    4590:	12 c3       	clrc			
    4592:	0f 10       	rrc	r15		
    4594:	12 c3       	clrc			
    4596:	0f 10       	rrc	r15		
    4598:	12 c3       	clrc			
    459a:	0f 10       	rrc	r15		
    459c:	12 c3       	clrc			
    459e:	0f 10       	rrc	r15		
    45a0:	06 4e       	mov	r14,	r6	
    45a2:	06 df       	bis	r15,	r6	
    45a4:	8b 46 00 00 	mov	r6,	0(r11)	;0x0000(r11)
    45a8:	8b 47 02 00 	mov	r7,	2(r11)	;0x0002(r11)
  a[3] = ROTL32 (a[3], 30); 
    45ac:	1b 44 ee ff 	mov	-18(r4),r11	;0xffee(r4)
    45b0:	3b 50 0c 00 	add	#12,	r11	;#0x000c
    45b4:	1f 44 ee ff 	mov	-18(r4),r15	;0xffee(r4)
    45b8:	3f 50 0c 00 	add	#12,	r15	;#0x000c
    45bc:	2d 4f       	mov	@r15,	r13	
    45be:	1e 4f 02 00 	mov	2(r15),	r14	;0x0002(r15)
    45c2:	0f 4d       	mov	r13,	r15	
    45c4:	4f 4f       	mov.b	r15,	r15	
    45c6:	8f 10       	swpb	r15		
    45c8:	0f 5f       	rla	r15		
    45ca:	0f 5f       	rla	r15		
    45cc:	0f 5f       	rla	r15		
    45ce:	0f 5f       	rla	r15		
    45d0:	0f 5f       	rla	r15		
    45d2:	0f 5f       	rla	r15		
    45d4:	0c 4e       	mov	r14,	r12	
    45d6:	12 c3       	clrc			
    45d8:	0c 10       	rrc	r12		
    45da:	12 c3       	clrc			
    45dc:	0c 10       	rrc	r12		
    45de:	09 4f       	mov	r15,	r9	
    45e0:	09 dc       	bis	r12,	r9	
    45e2:	0f 4e       	mov	r14,	r15	
    45e4:	4f 4f       	mov.b	r15,	r15	
    45e6:	8f 10       	swpb	r15		
    45e8:	0f 5f       	rla	r15		
    45ea:	0f 5f       	rla	r15		
    45ec:	0f 5f       	rla	r15		
    45ee:	0f 5f       	rla	r15		
    45f0:	0f 5f       	rla	r15		
    45f2:	0f 5f       	rla	r15		
    45f4:	0e 4d       	mov	r13,	r14	
    45f6:	12 c3       	clrc			
    45f8:	0e 10       	rrc	r14		
    45fa:	12 c3       	clrc			
    45fc:	0e 10       	rrc	r14		
    45fe:	08 4f       	mov	r15,	r8	
    4600:	08 de       	bis	r14,	r8	
    4602:	8b 48 00 00 	mov	r8,	0(r11)	;0x0000(r11)
    4606:	8b 49 02 00 	mov	r9,	2(r11)	;0x0002(r11)
}  /* Pi2 */
    460a:	21 53       	incd	r1		
    460c:	34 41       	pop	r4		
    460e:	35 41       	pop	r5		
    4610:	36 41       	pop	r6		
    4612:	37 41       	pop	r7		
    4614:	38 41       	pop	r8		
    4616:	39 41       	pop	r9		
    4618:	3a 41       	pop	r10		
    461a:	3b 41       	pop	r11		
    461c:	30 41       	ret			

0000461e <Gamma>:



 void Gamma(u32 * const a)
{ u32 tmp;
    461e:	0b 12       	push	r11		
    4620:	0a 12       	push	r10		
    4622:	09 12       	push	r9		
    4624:	04 12       	push	r4		
    4626:	04 41       	mov	r1,	r4	
    4628:	34 52       	add	#8,	r4	;r2 As==11
    462a:	31 50 fa ff 	add	#-6,	r1	;#0xfffa
    462e:	84 4f f6 ff 	mov	r15,	-10(r4)	;0xfff6(r4)

  /* first non-linear step in gamma */
  a[1] ^= ~a[3] & ~a[2];
    4632:	19 44 f6 ff 	mov	-10(r4),r9	;0xfff6(r4)
    4636:	29 52       	add	#4,	r9	;r2 As==10
    4638:	1f 44 f6 ff 	mov	-10(r4),r15	;0xfff6(r4)
    463c:	2f 52       	add	#4,	r15	;r2 As==10
    463e:	2c 4f       	mov	@r15,	r12	
    4640:	1d 4f 02 00 	mov	2(r15),	r13	;0x0002(r15)
    4644:	1f 44 f6 ff 	mov	-10(r4),r15	;0xfff6(r4)
    4648:	3f 50 0c 00 	add	#12,	r15	;#0x000c
    464c:	2a 4f       	mov	@r15,	r10	
    464e:	1b 4f 02 00 	mov	2(r15),	r11	;0x0002(r15)
    4652:	1f 44 f6 ff 	mov	-10(r4),r15	;0xfff6(r4)
    4656:	3f 52       	add	#8,	r15	;r2 As==11
    4658:	2e 4f       	mov	@r15,	r14	
    465a:	1f 4f 02 00 	mov	2(r15),	r15	;0x0002(r15)
    465e:	0e da       	bis	r10,	r14	
    4660:	0f db       	bis	r11,	r15	
    4662:	3e e3       	inv	r14		
    4664:	3f e3       	inv	r15		
    4666:	0e ec       	xor	r12,	r14	
    4668:	0f ed       	xor	r13,	r15	
    466a:	89 4e 00 00 	mov	r14,	0(r9)	;0x0000(r9)
    466e:	89 4f 02 00 	mov	r15,	2(r9)	;0x0002(r9)
  a[0] ^=   a[2] & a[1];
    4672:	1f 44 f6 ff 	mov	-10(r4),r15	;0xfff6(r4)
    4676:	2c 4f       	mov	@r15,	r12	
    4678:	1d 4f 02 00 	mov	2(r15),	r13	;0x0002(r15)
    467c:	1f 44 f6 ff 	mov	-10(r4),r15	;0xfff6(r4)
    4680:	3f 52       	add	#8,	r15	;r2 As==11
    4682:	2a 4f       	mov	@r15,	r10	
    4684:	1b 4f 02 00 	mov	2(r15),	r11	;0x0002(r15)
    4688:	1f 44 f6 ff 	mov	-10(r4),r15	;0xfff6(r4)
    468c:	2f 52       	add	#4,	r15	;r2 As==10
    468e:	2e 4f       	mov	@r15,	r14	
    4690:	1f 4f 02 00 	mov	2(r15),	r15	;0x0002(r15)
    4694:	0e fa       	and	r10,	r14	
    4696:	0f fb       	and	r11,	r15	
    4698:	0e ec       	xor	r12,	r14	
    469a:	0f ed       	xor	r13,	r15	
    469c:	1d 44 f6 ff 	mov	-10(r4),r13	;0xfff6(r4)
    46a0:	8d 4e 00 00 	mov	r14,	0(r13)	;0x0000(r13)
    46a4:	8d 4f 02 00 	mov	r15,	2(r13)	;0x0002(r13)

  /* linear step in gamma */
  tmp   = a[3];
    46a8:	1f 44 f6 ff 	mov	-10(r4),r15	;0xfff6(r4)
    46ac:	94 4f 0c 00 	mov	12(r15),-14(r4)	;0x000c(r15), 0xfff2(r4)
    46b0:	f2 ff 
    46b2:	94 4f 0e 00 	mov	14(r15),-12(r4)	;0x000e(r15), 0xfff4(r4)
    46b6:	f4 ff 
  a[3]  = a[0];
    46b8:	1d 44 f6 ff 	mov	-10(r4),r13	;0xfff6(r4)
    46bc:	3d 50 0c 00 	add	#12,	r13	;#0x000c
    46c0:	1f 44 f6 ff 	mov	-10(r4),r15	;0xfff6(r4)
    46c4:	2e 4f       	mov	@r15,	r14	
    46c6:	1f 4f 02 00 	mov	2(r15),	r15	;0x0002(r15)
    46ca:	8d 4e 00 00 	mov	r14,	0(r13)	;0x0000(r13)
    46ce:	8d 4f 02 00 	mov	r15,	2(r13)	;0x0002(r13)
  a[0]  = tmp;
    46d2:	1f 44 f6 ff 	mov	-10(r4),r15	;0xfff6(r4)
    46d6:	9f 44 f2 ff 	mov	-14(r4),0(r15)	;0xfff2(r4), 0x0000(r15)
    46da:	00 00 
    46dc:	9f 44 f4 ff 	mov	-12(r4),2(r15)	;0xfff4(r4), 0x0002(r15)
    46e0:	02 00 
  a[2] ^= a[0]^a[1]^a[3];
    46e2:	19 44 f6 ff 	mov	-10(r4),r9	;0xfff6(r4)
    46e6:	39 52       	add	#8,	r9	;r2 As==11
    46e8:	1f 44 f6 ff 	mov	-10(r4),r15	;0xfff6(r4)
    46ec:	3f 52       	add	#8,	r15	;r2 As==11
    46ee:	2c 4f       	mov	@r15,	r12	
    46f0:	1d 4f 02 00 	mov	2(r15),	r13	;0x0002(r15)
    46f4:	1f 44 f6 ff 	mov	-10(r4),r15	;0xfff6(r4)
    46f8:	2a 4f       	mov	@r15,	r10	
    46fa:	1b 4f 02 00 	mov	2(r15),	r11	;0x0002(r15)
    46fe:	1f 44 f6 ff 	mov	-10(r4),r15	;0xfff6(r4)
    4702:	2f 52       	add	#4,	r15	;r2 As==10
    4704:	2e 4f       	mov	@r15,	r14	
    4706:	1f 4f 02 00 	mov	2(r15),	r15	;0x0002(r15)
    470a:	0a ee       	xor	r14,	r10	
    470c:	0b ef       	xor	r15,	r11	
    470e:	1f 44 f6 ff 	mov	-10(r4),r15	;0xfff6(r4)
    4712:	3f 50 0c 00 	add	#12,	r15	;#0x000c
    4716:	2e 4f       	mov	@r15,	r14	
    4718:	1f 4f 02 00 	mov	2(r15),	r15	;0x0002(r15)
    471c:	0e ea       	xor	r10,	r14	
    471e:	0f eb       	xor	r11,	r15	
    4720:	0e ec       	xor	r12,	r14	
    4722:	0f ed       	xor	r13,	r15	
    4724:	89 4e 00 00 	mov	r14,	0(r9)	;0x0000(r9)
    4728:	89 4f 02 00 	mov	r15,	2(r9)	;0x0002(r9)

  /* last non-linear step in gamma */
  a[1] ^= ~a[3] & ~a[2];
    472c:	19 44 f6 ff 	mov	-10(r4),r9	;0xfff6(r4)
    4730:	29 52       	add	#4,	r9	;r2 As==10
    4732:	1f 44 f6 ff 	mov	-10(r4),r15	;0xfff6(r4)
    4736:	2f 52       	add	#4,	r15	;r2 As==10
    4738:	2c 4f       	mov	@r15,	r12	
    473a:	1d 4f 02 00 	mov	2(r15),	r13	;0x0002(r15)
    473e:	1f 44 f6 ff 	mov	-10(r4),r15	;0xfff6(r4)
    4742:	3f 50 0c 00 	add	#12,	r15	;#0x000c
    4746:	2a 4f       	mov	@r15,	r10	
    4748:	1b 4f 02 00 	mov	2(r15),	r11	;0x0002(r15)
    474c:	1f 44 f6 ff 	mov	-10(r4),r15	;0xfff6(r4)
    4750:	3f 52       	add	#8,	r15	;r2 As==11
    4752:	2e 4f       	mov	@r15,	r14	
    4754:	1f 4f 02 00 	mov	2(r15),	r15	;0x0002(r15)
    4758:	0e da       	bis	r10,	r14	
    475a:	0f db       	bis	r11,	r15	
    475c:	3e e3       	inv	r14		
    475e:	3f e3       	inv	r15		
    4760:	0e ec       	xor	r12,	r14	
    4762:	0f ed       	xor	r13,	r15	
    4764:	89 4e 00 00 	mov	r14,	0(r9)	;0x0000(r9)
    4768:	89 4f 02 00 	mov	r15,	2(r9)	;0x0002(r9)
  a[0] ^=   a[2] & a[1];
    476c:	1f 44 f6 ff 	mov	-10(r4),r15	;0xfff6(r4)
    4770:	2c 4f       	mov	@r15,	r12	
    4772:	1d 4f 02 00 	mov	2(r15),	r13	;0x0002(r15)
    4776:	1f 44 f6 ff 	mov	-10(r4),r15	;0xfff6(r4)
    477a:	3f 52       	add	#8,	r15	;r2 As==11
    477c:	2a 4f       	mov	@r15,	r10	
    477e:	1b 4f 02 00 	mov	2(r15),	r11	;0x0002(r15)
    4782:	1f 44 f6 ff 	mov	-10(r4),r15	;0xfff6(r4)
    4786:	2f 52       	add	#4,	r15	;r2 As==10
    4788:	2e 4f       	mov	@r15,	r14	
    478a:	1f 4f 02 00 	mov	2(r15),	r15	;0x0002(r15)
    478e:	0e fa       	and	r10,	r14	
    4790:	0f fb       	and	r11,	r15	
    4792:	0e ec       	xor	r12,	r14	
    4794:	0f ed       	xor	r13,	r15	
    4796:	1d 44 f6 ff 	mov	-10(r4),r13	;0xfff6(r4)
    479a:	8d 4e 00 00 	mov	r14,	0(r13)	;0x0000(r13)
    479e:	8d 4f 02 00 	mov	r15,	2(r13)	;0x0002(r13)
} /* Gamma */
    47a2:	31 50 06 00 	add	#6,	r1	;#0x0006
    47a6:	34 41       	pop	r4		
    47a8:	39 41       	pop	r9		
    47aa:	3a 41       	pop	r10		
    47ac:	3b 41       	pop	r11		
    47ae:	30 41       	ret			

000047b0 <Round>:


 void Round (u32 const * const k,u32 * const a,u8 const RC1,u8 const RC2)
{ 
    47b0:	0b 12       	push	r11		
    47b2:	0a 12       	push	r10		
    47b4:	09 12       	push	r9		
    47b6:	08 12       	push	r8		
    47b8:	04 12       	push	r4		
    47ba:	04 41       	mov	r1,	r4	
    47bc:	34 50 0a 00 	add	#10,	r4	;#0x000a
    47c0:	31 50 fa ff 	add	#-6,	r1	;#0xfffa
    47c4:	84 4f f0 ff 	mov	r15,	-16(r4)	;0xfff0(r4)
    47c8:	84 4e f2 ff 	mov	r14,	-14(r4)	;0xfff2(r4)
    47cc:	c4 4d f4 ff 	mov.b	r13,	-12(r4)	;0xfff4(r4)
    47d0:	c4 4c f5 ff 	mov.b	r12,	-11(r4)	;0xfff5(r4)
  a[0] ^= RC1;
    47d4:	1f 44 f2 ff 	mov	-14(r4),r15	;0xfff2(r4)
    47d8:	2e 4f       	mov	@r15,	r14	
    47da:	1f 4f 02 00 	mov	2(r15),	r15	;0x0002(r15)
    47de:	58 44 f4 ff 	mov.b	-12(r4),r8	;0xfff4(r4)
    47e2:	09 43       	clr	r9		
    47e4:	0e e8       	xor	r8,	r14	
    47e6:	0f e9       	xor	r9,	r15	
    47e8:	1d 44 f2 ff 	mov	-14(r4),r13	;0xfff2(r4)
    47ec:	8d 4e 00 00 	mov	r14,	0(r13)	;0x0000(r13)
    47f0:	8d 4f 02 00 	mov	r15,	2(r13)	;0x0002(r13)
  Theta(k,a); 
    47f4:	1e 44 f2 ff 	mov	-14(r4),r14	;0xfff2(r4)
    47f8:	1f 44 f0 ff 	mov	-16(r4),r15	;0xfff0(r4)
    47fc:	b0 12 2a 41 	call	#0x412a	
  a[0] ^= RC2;
    4800:	1f 44 f2 ff 	mov	-14(r4),r15	;0xfff2(r4)
    4804:	2e 4f       	mov	@r15,	r14	
    4806:	1f 4f 02 00 	mov	2(r15),	r15	;0x0002(r15)
    480a:	5a 44 f5 ff 	mov.b	-11(r4),r10	;0xfff5(r4)
    480e:	0b 43       	clr	r11		
    4810:	0e ea       	xor	r10,	r14	
    4812:	0f eb       	xor	r11,	r15	
    4814:	1d 44 f2 ff 	mov	-14(r4),r13	;0xfff2(r4)
    4818:	8d 4e 00 00 	mov	r14,	0(r13)	;0x0000(r13)
    481c:	8d 4f 02 00 	mov	r15,	2(r13)	;0x0002(r13)
  Pi1(a); 
    4820:	1f 44 f2 ff 	mov	-14(r4),r15	;0xfff2(r4)
    4824:	b0 12 ae 43 	call	#0x43ae	
  Gamma(a); 
    4828:	1f 44 f2 ff 	mov	-14(r4),r15	;0xfff2(r4)
    482c:	b0 12 1e 46 	call	#0x461e	
  Pi2(a); 
    4830:	1f 44 f2 ff 	mov	-14(r4),r15	;0xfff2(r4)
    4834:	b0 12 e8 44 	call	#0x44e8	
}  /* Round */
    4838:	31 50 06 00 	add	#6,	r1	;#0x0006
    483c:	34 41       	pop	r4		
    483e:	38 41       	pop	r8		
    4840:	39 41       	pop	r9		
    4842:	3a 41       	pop	r10		
    4844:	3b 41       	pop	r11		
    4846:	30 41       	ret			

00004848 <RCShiftRegFwd>:


 void RCShiftRegFwd (u8 * const RC)
{ 
    4848:	04 12       	push	r4		
    484a:	04 41       	mov	r1,	r4	
    484c:	24 53       	incd	r4		
    484e:	21 83       	decd	r1		
    4850:	84 4f fc ff 	mov	r15,	-4(r4)	;0xfffc(r4)

  if ((*RC)&0x80) (*RC)=((*RC)<<1) ^ 0x1B; else (*RC)<<=1;
    4854:	1f 44 fc ff 	mov	-4(r4),	r15	;0xfffc(r4)
    4858:	6f 4f       	mov.b	@r15,	r15	
    485a:	4f 93       	tst.b	r15		
    485c:	0e 34       	jge	$+30     	;abs 0x487a
    485e:	1f 44 fc ff 	mov	-4(r4),	r15	;0xfffc(r4)
    4862:	6f 4f       	mov.b	@r15,	r15	
    4864:	4f 4f       	mov.b	r15,	r15	
    4866:	0f 5f       	rla	r15		
    4868:	4f 4f       	mov.b	r15,	r15	
    486a:	7f e0 1b 00 	xor.b	#27,	r15	;#0x001b
    486e:	4e 4f       	mov.b	r15,	r14	
    4870:	1f 44 fc ff 	mov	-4(r4),	r15	;0xfffc(r4)
    4874:	cf 4e 00 00 	mov.b	r14,	0(r15)	;0x0000(r15)
    4878:	0a 3c       	jmp	$+22     	;abs 0x488e
    487a:	1f 44 fc ff 	mov	-4(r4),	r15	;0xfffc(r4)
    487e:	6f 4f       	mov.b	@r15,	r15	
    4880:	4f 4f       	mov.b	r15,	r15	
    4882:	4f 4f       	mov.b	r15,	r15	
    4884:	4f 5f       	rla.b	r15		
    4886:	1e 44 fc ff 	mov	-4(r4),	r14	;0xfffc(r4)
    488a:	ce 4f 00 00 	mov.b	r15,	0(r14)	;0x0000(r14)
  

  
} /* RCShiftRegFwd */
    488e:	21 53       	incd	r1		
    4890:	34 41       	pop	r4		
    4892:	30 41       	ret			

00004894 <RCShiftRegBwd>:


 void RCShiftRegBwd (u8 * const RC)
{ 
    4894:	04 12       	push	r4		
    4896:	04 41       	mov	r1,	r4	
    4898:	24 53       	incd	r4		
    489a:	21 83       	decd	r1		
    489c:	84 4f fc ff 	mov	r15,	-4(r4)	;0xfffc(r4)

  if ((*RC)&0x01) (*RC)=((*RC)>>1) ^ 0x8D; else (*RC)>>=1;
    48a0:	1f 44 fc ff 	mov	-4(r4),	r15	;0xfffc(r4)
    48a4:	6f 4f       	mov.b	@r15,	r15	
    48a6:	4f 4f       	mov.b	r15,	r15	
    48a8:	1f f3       	and	#1,	r15	;r3 As==01
    48aa:	4f 4f       	mov.b	r15,	r15	
    48ac:	4f 93       	tst.b	r15		
    48ae:	0f 24       	jz	$+32     	;abs 0x48ce
    48b0:	1f 44 fc ff 	mov	-4(r4),	r15	;0xfffc(r4)
    48b4:	6f 4f       	mov.b	@r15,	r15	
    48b6:	4f 4f       	mov.b	r15,	r15	
    48b8:	4f 4f       	mov.b	r15,	r15	
    48ba:	12 c3       	clrc			
    48bc:	4f 10       	rrc.b	r15		
    48be:	4e 4f       	mov.b	r15,	r14	
    48c0:	7e e0 8d ff 	xor.b	#-115,	r14	;#0xff8d
    48c4:	1f 44 fc ff 	mov	-4(r4),	r15	;0xfffc(r4)
    48c8:	cf 4e 00 00 	mov.b	r14,	0(r15)	;0x0000(r15)
    48cc:	0b 3c       	jmp	$+24     	;abs 0x48e4
    48ce:	1f 44 fc ff 	mov	-4(r4),	r15	;0xfffc(r4)
    48d2:	6f 4f       	mov.b	@r15,	r15	
    48d4:	4f 4f       	mov.b	r15,	r15	
    48d6:	4f 4f       	mov.b	r15,	r15	
    48d8:	12 c3       	clrc			
    48da:	4f 10       	rrc.b	r15		
    48dc:	1e 44 fc ff 	mov	-4(r4),	r14	;0xfffc(r4)
    48e0:	ce 4f 00 00 	mov.b	r15,	0(r14)	;0x0000(r14)
  
} /* RCShiftRegBwd */
    48e4:	21 53       	incd	r1		
    48e6:	34 41       	pop	r4		
    48e8:	30 41       	ret			

000048ea <CommonLoop>:


 void CommonLoop (u32 const * const k,u32 * const a, u8 RC1, u8 RC2)
{ 
    48ea:	0b 12       	push	r11		
    48ec:	0a 12       	push	r10		
    48ee:	09 12       	push	r9		
    48f0:	08 12       	push	r8		
    48f2:	04 12       	push	r4		
    48f4:	04 41       	mov	r1,	r4	
    48f6:	34 50 0a 00 	add	#10,	r4	;#0x000a
    48fa:	31 82       	sub	#8,	r1	;r2 As==11
    48fc:	84 4f f0 ff 	mov	r15,	-16(r4)	;0xfff0(r4)
    4900:	84 4e f2 ff 	mov	r14,	-14(r4)	;0xfff2(r4)
    4904:	c4 4d f4 ff 	mov.b	r13,	-12(r4)	;0xfff4(r4)
    4908:	c4 4c f5 ff 	mov.b	r12,	-11(r4)	;0xfff5(r4)
  unsigned i;

  for(i=0 ; i<NROUND ; i++) {
    490c:	84 43 ee ff 	mov	#0,	-18(r4)	;r3 As==00, 0xffee(r4)
    4910:	18 3c       	jmp	$+50     	;abs 0x4942
    Round(k,a,RC1,RC2); 
    4912:	5e 44 f5 ff 	mov.b	-11(r4),r14	;0xfff5(r4)
    4916:	5f 44 f4 ff 	mov.b	-12(r4),r15	;0xfff4(r4)
    491a:	4c 4e       	mov.b	r14,	r12	
    491c:	4d 4f       	mov.b	r15,	r13	
    491e:	1e 44 f2 ff 	mov	-14(r4),r14	;0xfff2(r4)
    4922:	1f 44 f0 ff 	mov	-16(r4),r15	;0xfff0(r4)
    4926:	b0 12 b0 47 	call	#0x47b0	
    RCShiftRegFwd(&RC1);
    492a:	0f 44       	mov	r4,	r15	
    492c:	3f 50 f4 ff 	add	#-12,	r15	;#0xfff4
    4930:	b0 12 48 48 	call	#0x4848	
    RCShiftRegBwd(&RC2);
    4934:	0f 44       	mov	r4,	r15	
    4936:	3f 50 f5 ff 	add	#-11,	r15	;#0xfff5
    493a:	b0 12 94 48 	call	#0x4894	

 void CommonLoop (u32 const * const k,u32 * const a, u8 RC1, u8 RC2)
{ 
  unsigned i;

  for(i=0 ; i<NROUND ; i++) {
    493e:	94 53 ee ff 	inc	-18(r4)	;0xffee(r4)
    4942:	b4 90 10 00 	cmp	#16,	-18(r4)	;#0x0010, 0xffee(r4)
    4946:	ee ff 
    4948:	e4 2b       	jnc	$-54     	;abs 0x4912
    Round(k,a,RC1,RC2); 
    RCShiftRegFwd(&RC1);
    RCShiftRegBwd(&RC2);
  }
  a[0]^=RC1;
    494a:	1f 44 f2 ff 	mov	-14(r4),r15	;0xfff2(r4)
    494e:	2e 4f       	mov	@r15,	r14	
    4950:	1f 4f 02 00 	mov	2(r15),	r15	;0x0002(r15)
    4954:	5d 44 f4 ff 	mov.b	-12(r4),r13	;0xfff4(r4)
    4958:	48 4d       	mov.b	r13,	r8	
    495a:	09 43       	clr	r9		
    495c:	0e e8       	xor	r8,	r14	
    495e:	0f e9       	xor	r9,	r15	
    4960:	1d 44 f2 ff 	mov	-14(r4),r13	;0xfff2(r4)
    4964:	8d 4e 00 00 	mov	r14,	0(r13)	;0x0000(r13)
    4968:	8d 4f 02 00 	mov	r15,	2(r13)	;0x0002(r13)
  Theta(k,a); 
    496c:	1e 44 f2 ff 	mov	-14(r4),r14	;0xfff2(r4)
    4970:	1f 44 f0 ff 	mov	-16(r4),r15	;0xfff0(r4)
    4974:	b0 12 2a 41 	call	#0x412a	
  a[0]^=RC2;
    4978:	1f 44 f2 ff 	mov	-14(r4),r15	;0xfff2(r4)
    497c:	2e 4f       	mov	@r15,	r14	
    497e:	1f 4f 02 00 	mov	2(r15),	r15	;0x0002(r15)
    4982:	5d 44 f5 ff 	mov.b	-11(r4),r13	;0xfff5(r4)
    4986:	4a 4d       	mov.b	r13,	r10	
    4988:	0b 43       	clr	r11		
    498a:	0e ea       	xor	r10,	r14	
    498c:	0f eb       	xor	r11,	r15	
    498e:	1d 44 f2 ff 	mov	-14(r4),r13	;0xfff2(r4)
    4992:	8d 4e 00 00 	mov	r14,	0(r13)	;0x0000(r13)
    4996:	8d 4f 02 00 	mov	r15,	2(r13)	;0x0002(r13)

} /* CommonLoop */
    499a:	31 52       	add	#8,	r1	;r2 As==11
    499c:	34 41       	pop	r4		
    499e:	38 41       	pop	r8		
    49a0:	39 41       	pop	r9		
    49a2:	3a 41       	pop	r10		
    49a4:	3b 41       	pop	r11		
    49a6:	30 41       	ret			

000049a8 <delay>:
/**************************************************/
/********************* DELAY **********************/
/**************************************************/

void delay(unsigned int d) 
{
    49a8:	04 12       	push	r4		
    49aa:	04 41       	mov	r1,	r4	
    49ac:	24 53       	incd	r4		
    49ae:	31 50 fa ff 	add	#-6,	r1	;#0xfffa
    49b2:	84 4f fc ff 	mov	r15,	-4(r4)	;0xfffc(r4)
  unsigned int i,j;
  for(j=0; j < 0xff; j++)
    49b6:	84 43 fa ff 	mov	#0,	-6(r4)	;r3 As==00, 0xfffa(r4)
    49ba:	0d 3c       	jmp	$+28     	;abs 0x49d6
    {
      for (i = 0; i<d; i++) 
    49bc:	84 43 f8 ff 	mov	#0,	-8(r4)	;r3 As==00, 0xfff8(r4)
    49c0:	04 3c       	jmp	$+10     	;abs 0x49ca
	{
	  nop();
    49c2:	03 43       	nop			
	  nop();
    49c4:	03 43       	nop			
void delay(unsigned int d) 
{
  unsigned int i,j;
  for(j=0; j < 0xff; j++)
    {
      for (i = 0; i<d; i++) 
    49c6:	94 53 f8 ff 	inc	-8(r4)		;0xfff8(r4)
    49ca:	94 94 fc ff 	cmp	-4(r4),	-8(r4)	;0xfffc(r4), 0xfff8(r4)
    49ce:	f8 ff 
    49d0:	f8 2b       	jnc	$-14     	;abs 0x49c2
/**************************************************/

void delay(unsigned int d) 
{
  unsigned int i,j;
  for(j=0; j < 0xff; j++)
    49d2:	94 53 fa ff 	inc	-6(r4)		;0xfffa(r4)
    49d6:	b4 90 ff 00 	cmp	#255,	-6(r4)	;#0x00ff, 0xfffa(r4)
    49da:	fa ff 
    49dc:	ef 2b       	jnc	$-32     	;abs 0x49bc
	{
	  nop();
	  nop();
	}
    }
}
    49de:	31 50 06 00 	add	#6,	r1	;#0x0006
    49e2:	34 41       	pop	r4		
    49e4:	30 41       	ret			

000049e6 <uart1_init>:

#define UART1_BIT_RX (1 << UART1_PIN_RX)
#define UART1_BIT_TX (1 << UART1_PIN_TX)

int uart1_init()
{
    49e6:	04 12       	push	r4		
    49e8:	04 41       	mov	r1,	r4	
    49ea:	24 53       	incd	r4		

  WDTCTL = WDTPW + WDTHOLD;
    49ec:	b2 40 80 5a 	mov	#23168,	&0x0120	;#0x5a80
    49f0:	20 01 

  P1IE   = 0x00;        // Interrupt enable
    49f2:	c2 43 25 00 	mov.b	#0,	&0x0025	;r3 As==00
  P2IE   = 0x00;        // 0:disable 1:enable
    49f6:	c2 43 2d 00 	mov.b	#0,	&0x002d	;r3 As==00

  //Init of MSP430 Usart1 pins
  P3SEL |= (UART1_BIT_RX | UART1_BIT_TX);
    49fa:	5f 42 1b 00 	mov.b	&0x001b,r15	
    49fe:	7f d0 c0 ff 	bis.b	#-64,	r15	;#0xffc0
    4a02:	c2 4f 1b 00 	mov.b	r15,	&0x001b	

  //Init of USART1 Module
  U1ME  |= UTXE1|URXE1;           //Enable USART1 transmiter and receiver (UART mode)
    4a06:	5f 42 05 00 	mov.b	&0x0005,r15	
    4a0a:	7f d0 30 00 	bis.b	#48,	r15	;#0x0030
    4a0e:	c2 4f 05 00 	mov.b	r15,	&0x0005	
  
  U1CTL  = SWRST;                 //reset
    4a12:	d2 43 78 00 	mov.b	#1,	&0x0078	;r3 As==01
  U1CTL  = CHAR;                  //init & release reset
    4a16:	f2 40 10 00 	mov.b	#16,	&0x0078	;#0x0010
    4a1a:	78 00 
  
  U1TCTL = SSEL1 | TXEPT;        //use SMCLK 
    4a1c:	f2 40 21 00 	mov.b	#33,	&0x0079	;#0x0021
    4a20:	79 00 
  U1RCTL = 0;
    4a22:	c2 43 7a 00 	mov.b	#0,	&0x007a	;r3 As==00
  // 38400 @ SMCLK 1MHz
#define U1BR1_INIT        0
#define U1BR0_INIT        0x1B
#define U1MCTL_INIT       0x03
  
  U1BR1  = U1BR1_INIT;
    4a26:	c2 43 7d 00 	mov.b	#0,	&0x007d	;r3 As==00
  U1BR0  = U1BR0_INIT;
    4a2a:	f2 40 1b 00 	mov.b	#27,	&0x007c	;#0x001b
    4a2e:	7c 00 
  U1MCTL = U1MCTL_INIT;
    4a30:	f2 40 03 00 	mov.b	#3,	&0x007b	;#0x0003
    4a34:	7b 00 

  delay(0x800);
    4a36:	3f 40 00 08 	mov	#2048,	r15	;#0x0800
    4a3a:	b0 12 a8 49 	call	#0x49a8	
  return 0;
    4a3e:	0f 43       	clr	r15		
}
    4a40:	34 41       	pop	r4		
    4a42:	30 41       	ret			

00004a44 <uart1_putchar>:

int uart1_putchar(int c)
{
    4a44:	04 12       	push	r4		
    4a46:	04 41       	mov	r1,	r4	
    4a48:	24 53       	incd	r4		
    4a4a:	21 83       	decd	r1		
    4a4c:	84 4f fc ff 	mov	r15,	-4(r4)	;0xfffc(r4)
  U1TXBUF = c;
    4a50:	1f 44 fc ff 	mov	-4(r4),	r15	;0xfffc(r4)
    4a54:	4f 4f       	mov.b	r15,	r15	
    4a56:	c2 4f 7f 00 	mov.b	r15,	&0x007f	
  while ((U1TCTL & TXEPT) != TXEPT);
    4a5a:	03 43       	nop			
    4a5c:	5f 42 79 00 	mov.b	&0x0079,r15	
    4a60:	4f 4f       	mov.b	r15,	r15	
    4a62:	1f f3       	and	#1,	r15	;r3 As==01
    4a64:	0f 93       	tst	r15		
    4a66:	fa 27       	jz	$-10     	;abs 0x4a5c
  return (unsigned char)c;
    4a68:	1f 44 fc ff 	mov	-4(r4),	r15	;0xfffc(r4)
    4a6c:	4f 4f       	mov.b	r15,	r15	
    4a6e:	4f 4f       	mov.b	r15,	r15	
}
    4a70:	21 53       	incd	r1		
    4a72:	34 41       	pop	r4		
    4a74:	30 41       	ret			

00004a76 <putchar>:
/**************************************************/
/******************** PUT CHAR *********************/
/**************************************************/

int putchar(int c)
{
    4a76:	04 12       	push	r4		
    4a78:	04 41       	mov	r1,	r4	
    4a7a:	24 53       	incd	r4		
    4a7c:	21 83       	decd	r1		
    4a7e:	84 4f fc ff 	mov	r15,	-4(r4)	;0xfffc(r4)
  return uart1_putchar(c);
    4a82:	1f 44 fc ff 	mov	-4(r4),	r15	;0xfffc(r4)
    4a86:	b0 12 44 4a 	call	#0x4a44	
}
    4a8a:	21 53       	incd	r1		
    4a8c:	34 41       	pop	r4		
    4a8e:	30 41       	ret			

00004a90 <start_encrypt>:
/******************** END EXPE*********************/
/**************************************************/

void
start_encrypt()
{
    4a90:	04 12       	push	r4		
    4a92:	04 41       	mov	r1,	r4	
    4a94:	24 53       	incd	r4		
  ;
}
    4a96:	34 41       	pop	r4		
    4a98:	30 41       	ret			

00004a9a <start_decrypt>:
void
start_decrypt()
{
    4a9a:	04 12       	push	r4		
    4a9c:	04 41       	mov	r1,	r4	
    4a9e:	24 53       	incd	r4		
  ;
}
    4aa0:	34 41       	pop	r4		
    4aa2:	30 41       	ret			

00004aa4 <end_expe>:


void
end_expe()
{
    4aa4:	04 12       	push	r4		
    4aa6:	04 41       	mov	r1,	r4	
    4aa8:	24 53       	incd	r4		
  ;
}
    4aaa:	34 41       	pop	r4		
    4aac:	30 41       	ret			

00004aae <_unexpected_>:
    4aae:	00 13       	reti			

Disassembly of section .vectors:

0000ffe0 <__ivtbl_16>:
    ffe0:	26 41 26 41 26 41 26 41 26 41 26 41 26 41 26 41     &A&A&A&A&A&A&A&A
    fff0:	26 41 26 41 26 41 26 41 26 41 26 41 26 41 00 40     &A&A&A&A&A&A&A.@
