
lblock.elf:     file format elf32-msp430

SYMBOL TABLE:
00004000 l    d  .text	00000000 .text
00004d30 l    d  .rodata	00000000 .rodata
00001100 l    d  .noinit	00000000 .noinit
0000ffe0 l    d  .vectors	00000000 .vectors
00000000 l    d  .debug_aranges	00000000 .debug_aranges
00000000 l    d  .debug_info	00000000 .debug_info
00000000 l    d  .debug_abbrev	00000000 .debug_abbrev
00000000 l    d  .debug_line	00000000 .debug_line
00000000 l    d  .debug_frame	00000000 .debug_frame
00000000 l    d  .debug_str	00000000 .debug_str
00000000 l    d  .debug_loc	00000000 .debug_loc
00000000 l    d  .debug_ranges	00000000 .debug_ranges
00000000 l    df *ABS*	00000000 LBlock.c
00004d30 l     O .rodata	00000010 S0
00004d40 l     O .rodata	00000010 S1
00004d50 l     O .rodata	00000010 S2
00004d60 l     O .rodata	00000010 S3
00004d70 l     O .rodata	00000010 S4
00004d80 l     O .rodata	00000010 S5
00004d90 l     O .rodata	00000010 S6
00004da0 l     O .rodata	00000010 S7
00004db0 l     O .rodata	00000010 S8
00004dc0 l     O .rodata	00000010 S9
000040f8 l       .text	00000000 __br_unexpected_
00000000 l    df *ABS*	00000000 tools.c
00004cf6 g     F .text	0000001a putchar
00000057 g       *ABS*	00000000 __BCSCTL1
0000005a g       *ABS*	00000000 __CACTL2
00000174 g       *ABS*	00000000 __TACCR1
00000084 g       *ABS*	00000000 __ADC12MCTL4
00000000 g       *ABS*	00000000 __data_size
0000015a g       *ABS*	00000000 __ADC12MEM13
00000052 g       *ABS*	00000000 __I2CNDAT
000040f8  w      .text	00000000 __isr_14
00000128 g       *ABS*	00000000 __FCTL1
00000024 g       *ABS*	00000000 __P1IES
0000007b g       *ABS*	00000000 __U1MCTL
000001f6 g       *ABS*	00000000 __DMA2SZ
000040f8  w      .text	00000000 __isr_4
00000002 g       *ABS*	00000000 __IFG1
00000076 g       *ABS*	00000000 __I2CDRW
00004be6 g     F .text	00000042 Decrypt
0000007e g       *ABS*	00000000 __U1RXBUF
00000138 g       *ABS*	00000000 __OP2
00000076 g       *ABS*	00000000 __U0RXBUF
000001a4 g       *ABS*	00000000 __ADC12IFG
0000012e g       *ABS*	00000000 __TAIV
000044e4 g     F .text	00000372 OneRound
000001e6 g       *ABS*	00000000 __DMA0SZ
00000000 g       .vectors	00000000 _efartext
0000007c g       *ABS*	00000000 __U1BR0
00000130 g       *ABS*	00000000 __MPY
00000001 g       *ABS*	00000000 __IE2
0000013a g       *ABS*	00000000 __RESLO
00000136 g       *ABS*	00000000 __MACS
00000087 g       *ABS*	00000000 __ADC12MCTL7
0000002b g       *ABS*	00000000 __P2IFG
0000001a g       *ABS*	00000000 __P3DIR
00004898 g     F .text	0000034e OneRound_Inv
00004dd0 g       *ABS*	00000000 _etext
00000190 g       *ABS*	00000000 __TBR
0000001d g       *ABS*	00000000 __P4OUT
000001f4 g       *ABS*	00000000 __DMA2DA
00000000 g       *ABS*	00000000 __bss_size
00000081 g       *ABS*	00000000 __ADC12MCTL1
00004c66 g     F .text	0000005e uart1_init
00000152 g       *ABS*	00000000 __ADC12MEM9
00004000  w      .text	00000000 __watchdog_support
000040f2  w      .text	00000000 __stop_progExec__
00000050 g       *ABS*	00000000 __I2CIE
0000002d g       *ABS*	00000000 __P2IE
000001e4 g       *ABS*	00000000 __DMA0DA
00000192 g       *ABS*	00000000 __TBCCR0
000040f8  w      .text	00000000 __isr_11
00000186 g       *ABS*	00000000 __TBCCTL2
00004d24 g     F .text	0000000a end_expe
00000025 g       *ABS*	00000000 __P1IE
000001a0 g       *ABS*	00000000 __ADC12CTL0
00000072 g       *ABS*	00000000 __I2CDCTL
00000073 g       *ABS*	00000000 __U0MCTL
0000007a g       *ABS*	00000000 __U1RCTL
00000082 g       *ABS*	00000000 __ADC12MCTL2
0000019c g       *ABS*	00000000 __TBCCR5
00000035 g       *ABS*	00000000 __P6OUT
00000034 g       *ABS*	00000000 __P6IN
000001c8 g       *ABS*	00000000 __DAC12_0DAT
00000182 g       *ABS*	00000000 __TBCCTL0
0000019e g       *ABS*	00000000 __TBCCR6
000040f8  w      .text	00000000 __isr_5
00004dd0 g       *ABS*	00000000 __data_load_start
000040f8 g       .text	00000000 __dtors_end
000001ea g       *ABS*	00000000 __DMA1SA
00000088 g       *ABS*	00000000 __ADC12MCTL8
00000166 g       *ABS*	00000000 __TACCTL2
000001f0 g       *ABS*	00000000 __DMA2CTL
000040f8  w      .text	00000000 __isr_2
00000156 g       *ABS*	00000000 __ADC12MEM11
00000160 g       *ABS*	00000000 __TACTL
00000158 g       *ABS*	00000000 __ADC12MEM12
00000071 g       *ABS*	00000000 __I2CTCTL
0000012c g       *ABS*	00000000 __FCTL3
000040f8  w      .text	00000000 __isr_10
00000148 g       *ABS*	00000000 __ADC12MEM4
0000011a g       *ABS*	00000000 __I2CSA
0000002e g       *ABS*	00000000 __P2SEL
00000180 g       *ABS*	00000000 __TBCTL
0000008d g       *ABS*	00000000 __ADC12MCTL13
0000014c g       *ABS*	00000000 __ADC12MEM6
00000023 g       *ABS*	00000000 __P1IFG
0000013c g       *ABS*	00000000 __RESHI
00000072 g       *ABS*	00000000 __U0RCTL
00000172 g       *ABS*	00000000 __TACCR0
00000071 g       *ABS*	00000000 __U0TCTL
00000056 g       *ABS*	00000000 __DCOCTL
00000085 g       *ABS*	00000000 __ADC12MCTL5
000040fc g     F .text	000003e8 EncryptKeySchedule
00000003 g       *ABS*	00000000 __IFG2
00000005 g       *ABS*	00000000 __ME2
00001100 g     O .noinit	00000002 __wdt_clear_value
00000079 g       *ABS*	00000000 __U1TCTL
0000001b g       *ABS*	00000000 __P3SEL
000001e0 g       *ABS*	00000000 __DMA0CTL
000040f8  w      .text	00000000 __isr_7
0000ffe0 g     O .vectors	00000020 __ivtbl_16
00000028 g       *ABS*	00000000 __P2IN
0000014e g       *ABS*	00000000 __ADC12MEM7
00000184 g       *ABS*	00000000 __TBCCTL1
0000005b g       *ABS*	00000000 __CAPD
00000075 g       *ABS*	00000000 __I2CSCLL
000040f8  w      .text	00000000 __isr_0
00000029 g       *ABS*	00000000 __P2OUT
0000012a g       *ABS*	00000000 __FCTL2
00004028  w      .text	00000000 __do_clear_bss
0000008f g       *ABS*	00000000 __ADC12MCTL15
00000021 g       *ABS*	00000000 __P1OUT
0000002c g       *ABS*	00000000 __P2IES
0000015c g       *ABS*	00000000 __ADC12MEM14
00000026 g       *ABS*	00000000 __P1SEL
00000198 g       *ABS*	00000000 __TBCCR3
00000080 g       *ABS*	00000000 __ADC12MCTL0
00000140 g       *ABS*	00000000 __ADC12MEM0
00000074 g       *ABS*	00000000 __U0BR0
00000051 g       *ABS*	00000000 __I2CIFG
00004d2e  w      .text	00000000 _unexpected_
000040f8  w      .text	00000000 __isr_8
0000014a g       *ABS*	00000000 __ADC12MEM5
00000070 g       *ABS*	00000000 __U0CTL
0000018a g       *ABS*	00000000 __TBCCTL4
00000073 g       *ABS*	00000000 __I2CPSC
0000008e g       *ABS*	00000000 __ADC12MCTL14
000040f8  w      .text	00000000 __isr_3
000001a6 g       *ABS*	00000000 __ADC12IE
00004cc4 g     F .text	00000032 uart1_putchar
00000144 g       *ABS*	00000000 __ADC12MEM2
000001ee g       *ABS*	00000000 __DMA1SZ
00000033 g       *ABS*	00000000 __P5SEL
00000030 g       *ABS*	00000000 __P5IN
00004000  w      .text	00000000 _reset_vector__
000040f8 g       .text	00000000 __ctors_start
000040f8  w      .text	00000000 __isr_12
00000036 g       *ABS*	00000000 __P6DIR
00000018 g       *ABS*	00000000 __P3IN
00004010  w      .text	00000000 __do_copy_data
00000150 g       *ABS*	00000000 __ADC12MEM8
00000142 g       *ABS*	00000000 __ADC12MEM1
00001100 g       .rodata	00000000 __bss_start
0000007d g       *ABS*	00000000 __U1BR1
0000403e g     F .text	000000b4 main
00000176 g       *ABS*	00000000 __TACCR2
0000019a g       *ABS*	00000000 __TBCCR4
000040f8  w      .text	00000000 __isr_13
00000078 g       *ABS*	00000000 __U1CTL
000001e2 g       *ABS*	00000000 __DMA0SA
00000170 g       *ABS*	00000000 __TAR
00000124 g       *ABS*	00000000 __DMACTL1
0000001e g       *ABS*	00000000 __P4DIR
00000162 g       *ABS*	00000000 __TACCTL0
00010000 g       .vectors	00000000 _vectors_end
00000154 g       *ABS*	00000000 __ADC12MEM10
000001f2 g       *ABS*	00000000 __DMA2SA
0000002a g       *ABS*	00000000 __P2DIR
00000089 g       *ABS*	00000000 __ADC12MCTL9
0000008a g       *ABS*	00000000 __ADC12MCTL10
00004c28 g     F .text	0000003e delay
00000032 g       *ABS*	00000000 __P5DIR
000001c2 g       *ABS*	00000000 __DAC12_1CTL
000001a2 g       *ABS*	00000000 __ADC12CTL1
000001a8 g       *ABS*	00000000 __ADC12IV
000001e8 g       *ABS*	00000000 __DMA1CTL
00000075 g       *ABS*	00000000 __U0BR1
000040f8  w      .text	00000000 __isr_9
0000018c g       *ABS*	00000000 __TBCCTL5
0000400c  w      .text	00000000 __init_stack
00000086 g       *ABS*	00000000 __ADC12MCTL6
00000188 g       *ABS*	00000000 __TBCCTL3
00000019 g       *ABS*	00000000 __P3OUT
000001ca g       *ABS*	00000000 __DAC12_1DAT
000040f8 g       .text	00000000 __dtors_start
000040f8  w      .text	00000000 __isr_6
000040f8 g       .text	00000000 __ctors_end
00000132 g       *ABS*	00000000 __MPYS
0000011c g       *ABS*	00000000 __I2CIV
00000004 g       *ABS*	00000000 __ME1
00003900 g       *ABS*	00000000 __stack
00000037 g       *ABS*	00000000 __P6SEL
000040f8  w      .text	00000000 __isr_1
0000008c g       *ABS*	00000000 __ADC12MCTL12
00001100 g       .rodata	00000000 _edata
00000077 g       *ABS*	00000000 __U0TXBUF
00001102 g       *ABS*	00000000 _end
00000194 g       *ABS*	00000000 __TBCCR1
0000011e g       *ABS*	00000000 __TBIV
000001c0 g       *ABS*	00000000 __DAC12_0CTL
00004d10 g     F .text	0000000a start_encrypt
0000015e g       *ABS*	00000000 __ADC12MEM15
00000134 g       *ABS*	00000000 __MAC
00000058 g       *ABS*	00000000 __BCSCTL2
000040f2  w      .text	00000000 _endless_loop__
00000122 g       *ABS*	00000000 __DMACTL0
0000001f g       *ABS*	00000000 __P4SEL
00000196 g       *ABS*	00000000 __TBCCR2
00000022 g       *ABS*	00000000 __P1DIR
00000146 g       *ABS*	00000000 __ADC12MEM3
00000076 g       *ABS*	00000000 __I2CDRB
00000118 g       *ABS*	00000000 __I2COA
00000164 g       *ABS*	00000000 __TACCTL1
0000007f g       *ABS*	00000000 __U1TXBUF
00000055 g       *ABS*	00000000 __SVSCTL
00004010  w      .text	00000000 __low_level_init
00004d1a g     F .text	0000000a start_decrypt
00001100 g       .rodata	00000000 __data_start
0000018e g       *ABS*	00000000 __TBCCTL6
00000074 g       *ABS*	00000000 __I2CSCLH
000001ec g       *ABS*	00000000 __DMA1DA
00000120 g       *ABS*	00000000 __WDTCTL
00000083 g       *ABS*	00000000 __ADC12MCTL3
00000000 g       *ABS*	00000000 __IE1
00000059 g       *ABS*	00000000 __CACTL1
00000020 g       *ABS*	00000000 __P1IN
0000001c g       *ABS*	00000000 __P4IN
00004856 g     F .text	00000042 Encrypt
0000008b g       *ABS*	00000000 __ADC12MCTL11
0000013e g       *ABS*	00000000 __SUMEXT
00000031 g       *ABS*	00000000 __P5OUT



Disassembly of section .text:

00004000 <__watchdog_support>:
    4000:	55 42 20 01 	mov.b	&0x0120,r5	
    4004:	35 d0 08 5a 	bis	#23048,	r5	;#0x5a08
    4008:	82 45 00 11 	mov	r5,	&0x1100	

0000400c <__init_stack>:
    400c:	31 40 00 39 	mov	#14592,	r1	;#0x3900

00004010 <__do_copy_data>:
    4010:	3f 40 00 00 	mov	#0,	r15	;#0x0000
    4014:	0f 93       	tst	r15		
    4016:	08 24       	jz	$+18     	;abs 0x4028
    4018:	92 42 00 11 	mov	&0x1100,&0x0120	
    401c:	20 01 
    401e:	2f 83       	decd	r15		
    4020:	9f 4f d0 4d 	mov	19920(r15),4352(r15);0x4dd0(r15), 0x1100(r15)
    4024:	00 11 
    4026:	f8 23       	jnz	$-14     	;abs 0x4018

00004028 <__do_clear_bss>:
    4028:	3f 40 00 00 	mov	#0,	r15	;#0x0000
    402c:	0f 93       	tst	r15		
    402e:	07 24       	jz	$+16     	;abs 0x403e
    4030:	92 42 00 11 	mov	&0x1100,&0x0120	
    4034:	20 01 
    4036:	1f 83       	dec	r15		
    4038:	cf 43 00 11 	mov.b	#0,	4352(r15);r3 As==00, 0x1100(r15)
    403c:	f9 23       	jnz	$-12     	;abs 0x4030

0000403e <main>:
     }
}


int main()
{
    403e:	04 41       	mov	r1,	r4	
    4040:	24 53       	incd	r4		
    4042:	31 50 6e ff 	add	#-146,	r1	;#0xff6e
uart1_init();
#endif
	u8 mkey[10];
	u8 rkey[NBROUND][4];

     mkey[0] = 0xdc;
    4046:	f4 40 dc ff 	mov.b	#-36,	-148(r4);#0xffdc, 0xff6c(r4)
    404a:	6c ff 
    mkey[1] = 0xfe; 
    404c:	f4 40 fe ff 	mov.b	#-2,	-147(r4);#0xfffe, 0xff6d(r4)
    4050:	6d ff 
    mkey[2] = 0xef;
    4052:	f4 40 ef ff 	mov.b	#-17,	-146(r4);#0xffef, 0xff6e(r4)
    4056:	6e ff 
    mkey[3] = 0xcd;
    4058:	f4 40 cd ff 	mov.b	#-51,	-145(r4);#0xffcd, 0xff6f(r4)
    405c:	6f ff 
    mkey[4] = 0xab;
    405e:	f4 40 ab ff 	mov.b	#-85,	-144(r4);#0xffab, 0xff70(r4)
    4062:	70 ff 
    mkey[5] = 0x89;
    4064:	f4 40 89 ff 	mov.b	#-119,	-143(r4);#0xff89, 0xff71(r4)
    4068:	71 ff 
    mkey[6] = 0x67; 
    406a:	f4 40 67 00 	mov.b	#103,	-142(r4);#0x0067, 0xff72(r4)
    406e:	72 ff 
    mkey[7] = 0x45;
    4070:	f4 40 45 00 	mov.b	#69,	-141(r4);#0x0045, 0xff73(r4)
    4074:	73 ff 
    mkey[8] = 0x23; 
    4076:	f4 40 23 00 	mov.b	#35,	-140(r4);#0x0023, 0xff74(r4)
    407a:	74 ff 
    mkey[9] = 0x01;      
    407c:	d4 43 75 ff 	mov.b	#1,	-139(r4);r3 As==01, 0xff75(r4)
    
   u8 state[8]={0xef, 0xcd, 0xab, 0x89, 0x67, 0x45, 0x23, 0x01}; 
    4080:	f4 40 ef ff 	mov.b	#-17,	-10(r4)	;#0xffef, 0xfff6(r4)
    4084:	f6 ff 
    4086:	f4 40 cd ff 	mov.b	#-51,	-9(r4)	;#0xffcd, 0xfff7(r4)
    408a:	f7 ff 
    408c:	f4 40 ab ff 	mov.b	#-85,	-8(r4)	;#0xffab, 0xfff8(r4)
    4090:	f8 ff 
    4092:	f4 40 89 ff 	mov.b	#-119,	-7(r4)	;#0xff89, 0xfff9(r4)
    4096:	f9 ff 
    4098:	f4 40 67 00 	mov.b	#103,	-6(r4)	;#0x0067, 0xfffa(r4)
    409c:	fa ff 
    409e:	f4 40 45 00 	mov.b	#69,	-5(r4)	;#0x0045, 0xfffb(r4)
    40a2:	fb ff 
    40a4:	f4 40 23 00 	mov.b	#35,	-4(r4)	;#0x0023, 0xfffc(r4)
    40a8:	fc ff 
    40aa:	d4 43 fd ff 	mov.b	#1,	-3(r4)	;r3 As==01, 0xfffd(r4)
printf("%X %X %X %X %X %X %X %X",state[7], state[6], state[5], state[4], state[3], state[2], state[1], state[0]);
printf("\n");
printf("----------Chiffr\'e----------\n\n");
#endif		
 
 START_ENCRYPT();
    40ae:	b0 12 10 4d 	call	#0x4d10	
    
 EncryptKeySchedule(mkey,rkey);
    40b2:	0f 44       	mov	r4,	r15	
    40b4:	3f 50 76 ff 	add	#-138,	r15	;#0xff76
    40b8:	0e 4f       	mov	r15,	r14	
    40ba:	0f 44       	mov	r4,	r15	
    40bc:	3f 50 6c ff 	add	#-148,	r15	;#0xff6c
    40c0:	b0 12 fc 40 	call	#0x40fc	
 Encrypt(state,rkey);
    40c4:	0e 44       	mov	r4,	r14	
    40c6:	3e 50 76 ff 	add	#-138,	r14	;#0xff76
    40ca:	0f 44       	mov	r4,	r15	
    40cc:	3f 50 f6 ff 	add	#-10,	r15	;#0xfff6
    40d0:	b0 12 56 48 	call	#0x4856	
 printf("%X %X %X %X %X %X %X %X",state[7], state[6], state[5], state[4], state[3], state[2], state[1], state[0]);
 printf("\n");
 printf("----------Déchiffr\'e----------\n\n");
 #endif

 START_DECRYPT();
    40d4:	b0 12 1a 4d 	call	#0x4d1a	
 Decrypt(state,rkey);
    40d8:	0e 44       	mov	r4,	r14	
    40da:	3e 50 76 ff 	add	#-138,	r14	;#0xff76
    40de:	0f 44       	mov	r4,	r15	
    40e0:	3f 50 f6 ff 	add	#-10,	r15	;#0xfff6
    40e4:	b0 12 e6 4b 	call	#0x4be6	
 printf("%X %X %X %X %X %X %X %X",state[7], state[6], state[5], state[4], state[3], state[2], state[1], state[0]);
 printf("\n");
 printf("----------Déchiffr\'e----------\n\n");
 #endif

 END_EXPE();
    40e8:	b0 12 24 4d 	call	#0x4d24	

return 0;
    40ec:	0f 43       	clr	r15		
}
    40ee:	31 50 92 00 	add	#146,	r1	;#0x0092

000040f2 <__stop_progExec__>:
    40f2:	32 d0 f0 00 	bis	#240,	r2	;#0x00f0
    40f6:	fd 3f       	jmp	$-4      	;abs 0x40f2

000040f8 <__ctors_end>:
    40f8:	30 40 2e 4d 	br	#0x4d2e	

000040fc <EncryptKeySchedule>:
static const u8 S8[16] = {8, 7, 14, 5, 15, 13, 0, 6, 11, 12, 9, 10, 2, 4, 1, 3};
static const u8 S9[16] = {11, 5, 15, 0, 7, 2, 9, 13, 4, 8, 1, 12, 14, 10, 3, 6};


 void EncryptKeySchedule(u8 key[10], u8 output[NBROUND][4])
{
    40fc:	04 12       	push	r4		
    40fe:	04 41       	mov	r1,	r4	
    4100:	24 53       	incd	r4		
    4102:	31 50 f6 ff 	add	#-10,	r1	;#0xfff6
    4106:	84 4f fa ff 	mov	r15,	-6(r4)	;0xfffa(r4)
    410a:	84 4e fc ff 	mov	r14,	-4(r4)	;0xfffc(r4)
     u8 i, KeyR[4];
     
     output[0][3] = key[9];
    410e:	1f 44 fa ff 	mov	-6(r4),	r15	;0xfffa(r4)
    4112:	5e 4f 09 00 	mov.b	9(r15),	r14	;0x0009(r15)
    4116:	1f 44 fc ff 	mov	-4(r4),	r15	;0xfffc(r4)
    411a:	cf 4e 03 00 	mov.b	r14,	3(r15)	;0x0003(r15)
     output[0][2] = key[8];
    411e:	1f 44 fa ff 	mov	-6(r4),	r15	;0xfffa(r4)
    4122:	5e 4f 08 00 	mov.b	8(r15),	r14	;0x0008(r15)
    4126:	1f 44 fc ff 	mov	-4(r4),	r15	;0xfffc(r4)
    412a:	cf 4e 02 00 	mov.b	r14,	2(r15)	;0x0002(r15)
     output[0][1] = key[7];
    412e:	1f 44 fa ff 	mov	-6(r4),	r15	;0xfffa(r4)
    4132:	5e 4f 07 00 	mov.b	7(r15),	r14	;0x0007(r15)
    4136:	1f 44 fc ff 	mov	-4(r4),	r15	;0xfffc(r4)
    413a:	cf 4e 01 00 	mov.b	r14,	1(r15)	;0x0001(r15)
     output[0][0] = key[6];
    413e:	1f 44 fa ff 	mov	-6(r4),	r15	;0xfffa(r4)
    4142:	5e 4f 06 00 	mov.b	6(r15),	r14	;0x0006(r15)
    4146:	1f 44 fc ff 	mov	-4(r4),	r15	;0xfffc(r4)
    414a:	cf 4e 00 00 	mov.b	r14,	0(r15)	;0x0000(r15)
     
     for(i=1;i<32;i++)
    414e:	d4 43 f4 ff 	mov.b	#1,	-12(r4)	;r3 As==01, 0xfff4(r4)
    4152:	30 40 d0 44 	br	#0x44d0	
     {
     // K <<< 29                 
     KeyR[3]=key[9];
    4156:	1f 44 fa ff 	mov	-6(r4),	r15	;0xfffa(r4)
    415a:	5f 4f 09 00 	mov.b	9(r15),	r15	;0x0009(r15)
    415e:	c4 4f f8 ff 	mov.b	r15,	-8(r4)	;0xfff8(r4)
     KeyR[2]=key[8];
    4162:	1f 44 fa ff 	mov	-6(r4),	r15	;0xfffa(r4)
    4166:	5f 4f 08 00 	mov.b	8(r15),	r15	;0x0008(r15)
    416a:	c4 4f f7 ff 	mov.b	r15,	-9(r4)	;0xfff7(r4)
     KeyR[1]=key[7];     
    416e:	1f 44 fa ff 	mov	-6(r4),	r15	;0xfffa(r4)
    4172:	5f 4f 07 00 	mov.b	7(r15),	r15	;0x0007(r15)
    4176:	c4 4f f6 ff 	mov.b	r15,	-10(r4)	;0xfff6(r4)
     KeyR[0]=key[6];     
    417a:	1f 44 fa ff 	mov	-6(r4),	r15	;0xfffa(r4)
    417e:	5f 4f 06 00 	mov.b	6(r15),	r15	;0x0006(r15)
    4182:	c4 4f f5 ff 	mov.b	r15,	-11(r4)	;0xfff5(r4)
     
     key[9]=(((key[6] & 0x07)<<5)&0xE0) ^ (((key[5]& 0xF8)>>3) & 0x1F);
    4186:	1e 44 fa ff 	mov	-6(r4),	r14	;0xfffa(r4)
    418a:	3e 50 09 00 	add	#9,	r14	;#0x0009
    418e:	1f 44 fa ff 	mov	-6(r4),	r15	;0xfffa(r4)
    4192:	3f 50 06 00 	add	#6,	r15	;#0x0006
    4196:	6f 4f       	mov.b	@r15,	r15	
    4198:	4f 4f       	mov.b	r15,	r15	
    419a:	0f 5f       	rla	r15		
    419c:	0f 5f       	rla	r15		
    419e:	0f 5f       	rla	r15		
    41a0:	0f 5f       	rla	r15		
    41a2:	0f 5f       	rla	r15		
    41a4:	4d 4f       	mov.b	r15,	r13	
    41a6:	1f 44 fa ff 	mov	-6(r4),	r15	;0xfffa(r4)
    41aa:	3f 50 05 00 	add	#5,	r15	;#0x0005
    41ae:	6f 4f       	mov.b	@r15,	r15	
    41b0:	4f 4f       	mov.b	r15,	r15	
    41b2:	4f 4f       	mov.b	r15,	r15	
    41b4:	12 c3       	clrc			
    41b6:	4f 10       	rrc.b	r15		
    41b8:	12 c3       	clrc			
    41ba:	4f 10       	rrc.b	r15		
    41bc:	12 c3       	clrc			
    41be:	4f 10       	rrc.b	r15		
    41c0:	4f ed       	xor.b	r13,	r15	
    41c2:	ce 4f 00 00 	mov.b	r15,	0(r14)	;0x0000(r14)
     key[8]=(((key[5] & 0x07)<<5)&0xE0) ^ (((key[4]& 0xF8)>>3) & 0x1F);
    41c6:	1e 44 fa ff 	mov	-6(r4),	r14	;0xfffa(r4)
    41ca:	3e 52       	add	#8,	r14	;r2 As==11
    41cc:	1f 44 fa ff 	mov	-6(r4),	r15	;0xfffa(r4)
    41d0:	3f 50 05 00 	add	#5,	r15	;#0x0005
    41d4:	6f 4f       	mov.b	@r15,	r15	
    41d6:	4f 4f       	mov.b	r15,	r15	
    41d8:	0f 5f       	rla	r15		
    41da:	0f 5f       	rla	r15		
    41dc:	0f 5f       	rla	r15		
    41de:	0f 5f       	rla	r15		
    41e0:	0f 5f       	rla	r15		
    41e2:	4d 4f       	mov.b	r15,	r13	
    41e4:	1f 44 fa ff 	mov	-6(r4),	r15	;0xfffa(r4)
    41e8:	2f 52       	add	#4,	r15	;r2 As==10
    41ea:	6f 4f       	mov.b	@r15,	r15	
    41ec:	4f 4f       	mov.b	r15,	r15	
    41ee:	4f 4f       	mov.b	r15,	r15	
    41f0:	12 c3       	clrc			
    41f2:	4f 10       	rrc.b	r15		
    41f4:	12 c3       	clrc			
    41f6:	4f 10       	rrc.b	r15		
    41f8:	12 c3       	clrc			
    41fa:	4f 10       	rrc.b	r15		
    41fc:	4f ed       	xor.b	r13,	r15	
    41fe:	ce 4f 00 00 	mov.b	r15,	0(r14)	;0x0000(r14)
     key[7]=(((key[4] & 0x07)<<5)&0xE0) ^ (((key[3]& 0xF8)>>3) & 0x1F);
    4202:	1e 44 fa ff 	mov	-6(r4),	r14	;0xfffa(r4)
    4206:	3e 50 07 00 	add	#7,	r14	;#0x0007
    420a:	1f 44 fa ff 	mov	-6(r4),	r15	;0xfffa(r4)
    420e:	2f 52       	add	#4,	r15	;r2 As==10
    4210:	6f 4f       	mov.b	@r15,	r15	
    4212:	4f 4f       	mov.b	r15,	r15	
    4214:	0f 5f       	rla	r15		
    4216:	0f 5f       	rla	r15		
    4218:	0f 5f       	rla	r15		
    421a:	0f 5f       	rla	r15		
    421c:	0f 5f       	rla	r15		
    421e:	4d 4f       	mov.b	r15,	r13	
    4220:	1f 44 fa ff 	mov	-6(r4),	r15	;0xfffa(r4)
    4224:	3f 50 03 00 	add	#3,	r15	;#0x0003
    4228:	6f 4f       	mov.b	@r15,	r15	
    422a:	4f 4f       	mov.b	r15,	r15	
    422c:	4f 4f       	mov.b	r15,	r15	
    422e:	12 c3       	clrc			
    4230:	4f 10       	rrc.b	r15		
    4232:	12 c3       	clrc			
    4234:	4f 10       	rrc.b	r15		
    4236:	12 c3       	clrc			
    4238:	4f 10       	rrc.b	r15		
    423a:	4f ed       	xor.b	r13,	r15	
    423c:	ce 4f 00 00 	mov.b	r15,	0(r14)	;0x0000(r14)
     key[6]=(((key[3] & 0x07)<<5)&0xE0) ^ (((key[2]& 0xF8)>>3) & 0x1F);
    4240:	1e 44 fa ff 	mov	-6(r4),	r14	;0xfffa(r4)
    4244:	3e 50 06 00 	add	#6,	r14	;#0x0006
    4248:	1f 44 fa ff 	mov	-6(r4),	r15	;0xfffa(r4)
    424c:	3f 50 03 00 	add	#3,	r15	;#0x0003
    4250:	6f 4f       	mov.b	@r15,	r15	
    4252:	4f 4f       	mov.b	r15,	r15	
    4254:	0f 5f       	rla	r15		
    4256:	0f 5f       	rla	r15		
    4258:	0f 5f       	rla	r15		
    425a:	0f 5f       	rla	r15		
    425c:	0f 5f       	rla	r15		
    425e:	4d 4f       	mov.b	r15,	r13	
    4260:	1f 44 fa ff 	mov	-6(r4),	r15	;0xfffa(r4)
    4264:	2f 53       	incd	r15		
    4266:	6f 4f       	mov.b	@r15,	r15	
    4268:	4f 4f       	mov.b	r15,	r15	
    426a:	4f 4f       	mov.b	r15,	r15	
    426c:	12 c3       	clrc			
    426e:	4f 10       	rrc.b	r15		
    4270:	12 c3       	clrc			
    4272:	4f 10       	rrc.b	r15		
    4274:	12 c3       	clrc			
    4276:	4f 10       	rrc.b	r15		
    4278:	4f ed       	xor.b	r13,	r15	
    427a:	ce 4f 00 00 	mov.b	r15,	0(r14)	;0x0000(r14)
     key[5]=(((key[2] & 0x07)<<5)&0xE0) ^ (((key[1]& 0xF8)>>3) & 0x1F);
    427e:	1e 44 fa ff 	mov	-6(r4),	r14	;0xfffa(r4)
    4282:	3e 50 05 00 	add	#5,	r14	;#0x0005
    4286:	1f 44 fa ff 	mov	-6(r4),	r15	;0xfffa(r4)
    428a:	2f 53       	incd	r15		
    428c:	6f 4f       	mov.b	@r15,	r15	
    428e:	4f 4f       	mov.b	r15,	r15	
    4290:	0f 5f       	rla	r15		
    4292:	0f 5f       	rla	r15		
    4294:	0f 5f       	rla	r15		
    4296:	0f 5f       	rla	r15		
    4298:	0f 5f       	rla	r15		
    429a:	4d 4f       	mov.b	r15,	r13	
    429c:	1f 44 fa ff 	mov	-6(r4),	r15	;0xfffa(r4)
    42a0:	1f 53       	inc	r15		
    42a2:	6f 4f       	mov.b	@r15,	r15	
    42a4:	4f 4f       	mov.b	r15,	r15	
    42a6:	4f 4f       	mov.b	r15,	r15	
    42a8:	12 c3       	clrc			
    42aa:	4f 10       	rrc.b	r15		
    42ac:	12 c3       	clrc			
    42ae:	4f 10       	rrc.b	r15		
    42b0:	12 c3       	clrc			
    42b2:	4f 10       	rrc.b	r15		
    42b4:	4f ed       	xor.b	r13,	r15	
    42b6:	ce 4f 00 00 	mov.b	r15,	0(r14)	;0x0000(r14)
     key[4]=(((key[1] & 0x07)<<5)&0xE0) ^ (((key[0]& 0xF8)>>3) & 0x1F);
    42ba:	1e 44 fa ff 	mov	-6(r4),	r14	;0xfffa(r4)
    42be:	2e 52       	add	#4,	r14	;r2 As==10
    42c0:	1f 44 fa ff 	mov	-6(r4),	r15	;0xfffa(r4)
    42c4:	1f 53       	inc	r15		
    42c6:	6f 4f       	mov.b	@r15,	r15	
    42c8:	4f 4f       	mov.b	r15,	r15	
    42ca:	0f 5f       	rla	r15		
    42cc:	0f 5f       	rla	r15		
    42ce:	0f 5f       	rla	r15		
    42d0:	0f 5f       	rla	r15		
    42d2:	0f 5f       	rla	r15		
    42d4:	4d 4f       	mov.b	r15,	r13	
    42d6:	1f 44 fa ff 	mov	-6(r4),	r15	;0xfffa(r4)
    42da:	6f 4f       	mov.b	@r15,	r15	
    42dc:	4f 4f       	mov.b	r15,	r15	
    42de:	4f 4f       	mov.b	r15,	r15	
    42e0:	12 c3       	clrc			
    42e2:	4f 10       	rrc.b	r15		
    42e4:	12 c3       	clrc			
    42e6:	4f 10       	rrc.b	r15		
    42e8:	12 c3       	clrc			
    42ea:	4f 10       	rrc.b	r15		
    42ec:	4f ed       	xor.b	r13,	r15	
    42ee:	ce 4f 00 00 	mov.b	r15,	0(r14)	;0x0000(r14)
     key[3]=(((key[0] & 0x07)<<5)&0xE0) ^ (((KeyR[3]& 0xF8)>>3) & 0x1F);
    42f2:	1e 44 fa ff 	mov	-6(r4),	r14	;0xfffa(r4)
    42f6:	3e 50 03 00 	add	#3,	r14	;#0x0003
    42fa:	1f 44 fa ff 	mov	-6(r4),	r15	;0xfffa(r4)
    42fe:	6f 4f       	mov.b	@r15,	r15	
    4300:	4f 4f       	mov.b	r15,	r15	
    4302:	0f 5f       	rla	r15		
    4304:	0f 5f       	rla	r15		
    4306:	0f 5f       	rla	r15		
    4308:	0f 5f       	rla	r15		
    430a:	0f 5f       	rla	r15		
    430c:	4d 4f       	mov.b	r15,	r13	
    430e:	5f 44 f8 ff 	mov.b	-8(r4),	r15	;0xfff8(r4)
    4312:	4f 4f       	mov.b	r15,	r15	
    4314:	4f 4f       	mov.b	r15,	r15	
    4316:	12 c3       	clrc			
    4318:	4f 10       	rrc.b	r15		
    431a:	12 c3       	clrc			
    431c:	4f 10       	rrc.b	r15		
    431e:	12 c3       	clrc			
    4320:	4f 10       	rrc.b	r15		
    4322:	4f ed       	xor.b	r13,	r15	
    4324:	ce 4f 00 00 	mov.b	r15,	0(r14)	;0x0000(r14)
     key[2]=(((KeyR[3] & 0x07)<<5)&0xE0) ^ (((KeyR[2]& 0xF8)>>3) & 0x1F);
    4328:	1e 44 fa ff 	mov	-6(r4),	r14	;0xfffa(r4)
    432c:	2e 53       	incd	r14		
    432e:	5f 44 f8 ff 	mov.b	-8(r4),	r15	;0xfff8(r4)
    4332:	4f 4f       	mov.b	r15,	r15	
    4334:	0f 5f       	rla	r15		
    4336:	0f 5f       	rla	r15		
    4338:	0f 5f       	rla	r15		
    433a:	0f 5f       	rla	r15		
    433c:	0f 5f       	rla	r15		
    433e:	4d 4f       	mov.b	r15,	r13	
    4340:	5f 44 f7 ff 	mov.b	-9(r4),	r15	;0xfff7(r4)
    4344:	4f 4f       	mov.b	r15,	r15	
    4346:	4f 4f       	mov.b	r15,	r15	
    4348:	12 c3       	clrc			
    434a:	4f 10       	rrc.b	r15		
    434c:	12 c3       	clrc			
    434e:	4f 10       	rrc.b	r15		
    4350:	12 c3       	clrc			
    4352:	4f 10       	rrc.b	r15		
    4354:	4f ed       	xor.b	r13,	r15	
    4356:	ce 4f 00 00 	mov.b	r15,	0(r14)	;0x0000(r14)
     key[1]=(((KeyR[2] & 0x07)<<5)&0xE0) ^ (((KeyR[1]& 0xF8)>>3) & 0x1F);
    435a:	1e 44 fa ff 	mov	-6(r4),	r14	;0xfffa(r4)
    435e:	1e 53       	inc	r14		
    4360:	5f 44 f7 ff 	mov.b	-9(r4),	r15	;0xfff7(r4)
    4364:	4f 4f       	mov.b	r15,	r15	
    4366:	0f 5f       	rla	r15		
    4368:	0f 5f       	rla	r15		
    436a:	0f 5f       	rla	r15		
    436c:	0f 5f       	rla	r15		
    436e:	0f 5f       	rla	r15		
    4370:	4d 4f       	mov.b	r15,	r13	
    4372:	5f 44 f6 ff 	mov.b	-10(r4),r15	;0xfff6(r4)
    4376:	4f 4f       	mov.b	r15,	r15	
    4378:	4f 4f       	mov.b	r15,	r15	
    437a:	12 c3       	clrc			
    437c:	4f 10       	rrc.b	r15		
    437e:	12 c3       	clrc			
    4380:	4f 10       	rrc.b	r15		
    4382:	12 c3       	clrc			
    4384:	4f 10       	rrc.b	r15		
    4386:	4f ed       	xor.b	r13,	r15	
    4388:	ce 4f 00 00 	mov.b	r15,	0(r14)	;0x0000(r14)
     key[0]=(((KeyR[1] & 0x07)<<5)&0xE0) ^ (((KeyR[0]& 0xF8)>>3) & 0x1F);         
    438c:	5f 44 f6 ff 	mov.b	-10(r4),r15	;0xfff6(r4)
    4390:	4f 4f       	mov.b	r15,	r15	
    4392:	0f 5f       	rla	r15		
    4394:	0f 5f       	rla	r15		
    4396:	0f 5f       	rla	r15		
    4398:	0f 5f       	rla	r15		
    439a:	0f 5f       	rla	r15		
    439c:	4e 4f       	mov.b	r15,	r14	
    439e:	5f 44 f5 ff 	mov.b	-11(r4),r15	;0xfff5(r4)
    43a2:	4f 4f       	mov.b	r15,	r15	
    43a4:	4f 4f       	mov.b	r15,	r15	
    43a6:	12 c3       	clrc			
    43a8:	4f 10       	rrc.b	r15		
    43aa:	12 c3       	clrc			
    43ac:	4f 10       	rrc.b	r15		
    43ae:	12 c3       	clrc			
    43b0:	4f 10       	rrc.b	r15		
    43b2:	4f ee       	xor.b	r14,	r15	
    43b4:	4e 4f       	mov.b	r15,	r14	
    43b6:	1f 44 fa ff 	mov	-6(r4),	r15	;0xfffa(r4)
    43ba:	cf 4e 00 00 	mov.b	r14,	0(r15)	;0x0000(r15)
                    
     // reste du keyschedule                 
     key[9]=(S9[((key[9]>>4) & 0x0F)]<<4) ^ S8[(key[9]& 0x0F)];
    43be:	1e 44 fa ff 	mov	-6(r4),	r14	;0xfffa(r4)
    43c2:	3e 50 09 00 	add	#9,	r14	;#0x0009
    43c6:	1f 44 fa ff 	mov	-6(r4),	r15	;0xfffa(r4)
    43ca:	3f 50 09 00 	add	#9,	r15	;#0x0009
    43ce:	6f 4f       	mov.b	@r15,	r15	
    43d0:	4f 4f       	mov.b	r15,	r15	
    43d2:	4f 4f       	mov.b	r15,	r15	
    43d4:	12 c3       	clrc			
    43d6:	4f 10       	rrc.b	r15		
    43d8:	12 c3       	clrc			
    43da:	4f 10       	rrc.b	r15		
    43dc:	12 c3       	clrc			
    43de:	4f 10       	rrc.b	r15		
    43e0:	12 c3       	clrc			
    43e2:	4f 10       	rrc.b	r15		
    43e4:	4f 4f       	mov.b	r15,	r15	
    43e6:	3f f0 0f 00 	and	#15,	r15	;#0x000f
    43ea:	5f 4f c0 4d 	mov.b	19904(r15),r15	;0x4dc0(r15)
    43ee:	4f 4f       	mov.b	r15,	r15	
    43f0:	0f 5f       	rla	r15		
    43f2:	0f 5f       	rla	r15		
    43f4:	0f 5f       	rla	r15		
    43f6:	0f 5f       	rla	r15		
    43f8:	4d 4f       	mov.b	r15,	r13	
    43fa:	1f 44 fa ff 	mov	-6(r4),	r15	;0xfffa(r4)
    43fe:	3f 50 09 00 	add	#9,	r15	;#0x0009
    4402:	6f 4f       	mov.b	@r15,	r15	
    4404:	4f 4f       	mov.b	r15,	r15	
    4406:	3f f0 0f 00 	and	#15,	r15	;#0x000f
    440a:	5f 4f b0 4d 	mov.b	19888(r15),r15	;0x4db0(r15)
    440e:	4f ed       	xor.b	r13,	r15	
    4410:	ce 4f 00 00 	mov.b	r15,	0(r14)	;0x0000(r14)
     
     key[6]=key[6] ^ ((i>>2) & 0x07);
    4414:	1e 44 fa ff 	mov	-6(r4),	r14	;0xfffa(r4)
    4418:	3e 50 06 00 	add	#6,	r14	;#0x0006
    441c:	1f 44 fa ff 	mov	-6(r4),	r15	;0xfffa(r4)
    4420:	3f 50 06 00 	add	#6,	r15	;#0x0006
    4424:	6f 4f       	mov.b	@r15,	r15	
    4426:	4d 4f       	mov.b	r15,	r13	
    4428:	5f 44 f4 ff 	mov.b	-12(r4),r15	;0xfff4(r4)
    442c:	4f 4f       	mov.b	r15,	r15	
    442e:	12 c3       	clrc			
    4430:	4f 10       	rrc.b	r15		
    4432:	12 c3       	clrc			
    4434:	4f 10       	rrc.b	r15		
    4436:	7f f0 07 00 	and.b	#7,	r15	;#0x0007
    443a:	4f ed       	xor.b	r13,	r15	
    443c:	ce 4f 00 00 	mov.b	r15,	0(r14)	;0x0000(r14)
     key[5]=key[5] ^ ((i & 0x03)<<6);
    4440:	1e 44 fa ff 	mov	-6(r4),	r14	;0xfffa(r4)
    4444:	3e 50 05 00 	add	#5,	r14	;#0x0005
    4448:	1f 44 fa ff 	mov	-6(r4),	r15	;0xfffa(r4)
    444c:	3f 50 05 00 	add	#5,	r15	;#0x0005
    4450:	6f 4f       	mov.b	@r15,	r15	
    4452:	4d 4f       	mov.b	r15,	r13	
    4454:	5f 44 f4 ff 	mov.b	-12(r4),r15	;0xfff4(r4)
    4458:	0f 5f       	rla	r15		
    445a:	0f 5f       	rla	r15		
    445c:	0f 5f       	rla	r15		
    445e:	0f 5f       	rla	r15		
    4460:	0f 5f       	rla	r15		
    4462:	0f 5f       	rla	r15		
    4464:	4f 4f       	mov.b	r15,	r15	
    4466:	4f ed       	xor.b	r13,	r15	
    4468:	ce 4f 00 00 	mov.b	r15,	0(r14)	;0x0000(r14)
        
     output[i][3] = key[9];
    446c:	5f 44 f4 ff 	mov.b	-12(r4),r15	;0xfff4(r4)
    4470:	0f 5f       	rla	r15		
    4472:	0f 5f       	rla	r15		
    4474:	1f 54 fc ff 	add	-4(r4),	r15	;0xfffc(r4)
    4478:	1e 44 fa ff 	mov	-6(r4),	r14	;0xfffa(r4)
    447c:	5e 4e 09 00 	mov.b	9(r14),	r14	;0x0009(r14)
    4480:	cf 4e 03 00 	mov.b	r14,	3(r15)	;0x0003(r15)
     output[i][2] = key[8];
    4484:	5f 44 f4 ff 	mov.b	-12(r4),r15	;0xfff4(r4)
    4488:	0f 5f       	rla	r15		
    448a:	0f 5f       	rla	r15		
    448c:	1f 54 fc ff 	add	-4(r4),	r15	;0xfffc(r4)
    4490:	1e 44 fa ff 	mov	-6(r4),	r14	;0xfffa(r4)
    4494:	5e 4e 08 00 	mov.b	8(r14),	r14	;0x0008(r14)
    4498:	cf 4e 02 00 	mov.b	r14,	2(r15)	;0x0002(r15)
     output[i][1] = key[7];
    449c:	5f 44 f4 ff 	mov.b	-12(r4),r15	;0xfff4(r4)
    44a0:	0f 5f       	rla	r15		
    44a2:	0f 5f       	rla	r15		
    44a4:	1f 54 fc ff 	add	-4(r4),	r15	;0xfffc(r4)
    44a8:	1e 44 fa ff 	mov	-6(r4),	r14	;0xfffa(r4)
    44ac:	5e 4e 07 00 	mov.b	7(r14),	r14	;0x0007(r14)
    44b0:	cf 4e 01 00 	mov.b	r14,	1(r15)	;0x0001(r15)
     output[i][0] = key[6];                      
    44b4:	5f 44 f4 ff 	mov.b	-12(r4),r15	;0xfff4(r4)
    44b8:	0f 5f       	rla	r15		
    44ba:	0f 5f       	rla	r15		
    44bc:	1f 54 fc ff 	add	-4(r4),	r15	;0xfffc(r4)
    44c0:	1e 44 fa ff 	mov	-6(r4),	r14	;0xfffa(r4)
    44c4:	5e 4e 06 00 	mov.b	6(r14),	r14	;0x0006(r14)
    44c8:	cf 4e 00 00 	mov.b	r14,	0(r15)	;0x0000(r15)
     output[0][3] = key[9];
     output[0][2] = key[8];
     output[0][1] = key[7];
     output[0][0] = key[6];
     
     for(i=1;i<32;i++)
    44cc:	d4 53 f4 ff 	inc.b	-12(r4)	;0xfff4(r4)
    44d0:	f4 90 20 00 	cmp.b	#32,	-12(r4)	;#0x0020, 0xfff4(r4)
    44d4:	f4 ff 
    44d6:	02 2c       	jc	$+6      	;abs 0x44dc
    44d8:	30 40 56 41 	br	#0x4156	
     output[i][3] = key[9];
     output[i][2] = key[8];
     output[i][1] = key[7];
     output[i][0] = key[6];                      
     }                          
}
    44dc:	31 50 0a 00 	add	#10,	r1	;#0x000a
    44e0:	34 41       	pop	r4		
    44e2:	30 41       	ret			

000044e4 <OneRound>:


 void OneRound(u8 x[8], u8 k[4])
{
    44e4:	04 12       	push	r4		
    44e6:	04 41       	mov	r1,	r4	
    44e8:	24 53       	incd	r4		
    44ea:	31 50 f4 ff 	add	#-12,	r1	;#0xfff4
    44ee:	84 4f fa ff 	mov	r15,	-6(r4)	;0xfffa(r4)
    44f2:	84 4e fc ff 	mov	r14,	-4(r4)	;0xfffc(r4)
	u8 t[4],tmp[4];
	
	tmp[0]=x[4];
    44f6:	1f 44 fa ff 	mov	-6(r4),	r15	;0xfffa(r4)
    44fa:	5f 4f 04 00 	mov.b	4(r15),	r15	;0x0004(r15)
    44fe:	c4 4f f6 ff 	mov.b	r15,	-10(r4)	;0xfff6(r4)
	tmp[1]=x[5];
    4502:	1f 44 fa ff 	mov	-6(r4),	r15	;0xfffa(r4)
    4506:	5f 4f 05 00 	mov.b	5(r15),	r15	;0x0005(r15)
    450a:	c4 4f f7 ff 	mov.b	r15,	-9(r4)	;0xfff7(r4)
	tmp[2]=x[6];
    450e:	1f 44 fa ff 	mov	-6(r4),	r15	;0xfffa(r4)
    4512:	5f 4f 06 00 	mov.b	6(r15),	r15	;0x0006(r15)
    4516:	c4 4f f8 ff 	mov.b	r15,	-8(r4)	;0xfff8(r4)
	tmp[3]=x[7];	
    451a:	1f 44 fa ff 	mov	-6(r4),	r15	;0xfffa(r4)
    451e:	5f 4f 07 00 	mov.b	7(r15),	r15	;0x0007(r15)
    4522:	c4 4f f9 ff 	mov.b	r15,	-7(r4)	;0xfff9(r4)
	
	
	// AJOUT CLE
    x[4]=x[4]^k[0]; 
    4526:	1f 44 fa ff 	mov	-6(r4),	r15	;0xfffa(r4)
    452a:	2f 52       	add	#4,	r15	;r2 As==10
    452c:	1e 44 fa ff 	mov	-6(r4),	r14	;0xfffa(r4)
    4530:	2e 52       	add	#4,	r14	;r2 As==10
    4532:	6d 4e       	mov.b	@r14,	r13	
    4534:	1e 44 fc ff 	mov	-4(r4),	r14	;0xfffc(r4)
    4538:	6e 4e       	mov.b	@r14,	r14	
    453a:	4e ed       	xor.b	r13,	r14	
    453c:	cf 4e 00 00 	mov.b	r14,	0(r15)	;0x0000(r15)
    x[5]=x[5]^k[1]; 
    4540:	1f 44 fa ff 	mov	-6(r4),	r15	;0xfffa(r4)
    4544:	3f 50 05 00 	add	#5,	r15	;#0x0005
    4548:	1e 44 fa ff 	mov	-6(r4),	r14	;0xfffa(r4)
    454c:	3e 50 05 00 	add	#5,	r14	;#0x0005
    4550:	6d 4e       	mov.b	@r14,	r13	
    4552:	1e 44 fc ff 	mov	-4(r4),	r14	;0xfffc(r4)
    4556:	1e 53       	inc	r14		
    4558:	6e 4e       	mov.b	@r14,	r14	
    455a:	4e ed       	xor.b	r13,	r14	
    455c:	cf 4e 00 00 	mov.b	r14,	0(r15)	;0x0000(r15)
    x[6]=x[6]^k[2]; 
    4560:	1f 44 fa ff 	mov	-6(r4),	r15	;0xfffa(r4)
    4564:	3f 50 06 00 	add	#6,	r15	;#0x0006
    4568:	1e 44 fa ff 	mov	-6(r4),	r14	;0xfffa(r4)
    456c:	3e 50 06 00 	add	#6,	r14	;#0x0006
    4570:	6d 4e       	mov.b	@r14,	r13	
    4572:	1e 44 fc ff 	mov	-4(r4),	r14	;0xfffc(r4)
    4576:	2e 53       	incd	r14		
    4578:	6e 4e       	mov.b	@r14,	r14	
    457a:	4e ed       	xor.b	r13,	r14	
    457c:	cf 4e 00 00 	mov.b	r14,	0(r15)	;0x0000(r15)
    x[7]=x[7]^k[3];         
    4580:	1f 44 fa ff 	mov	-6(r4),	r15	;0xfffa(r4)
    4584:	3f 50 07 00 	add	#7,	r15	;#0x0007
    4588:	1e 44 fa ff 	mov	-6(r4),	r14	;0xfffa(r4)
    458c:	3e 50 07 00 	add	#7,	r14	;#0x0007
    4590:	6d 4e       	mov.b	@r14,	r13	
    4592:	1e 44 fc ff 	mov	-4(r4),	r14	;0xfffc(r4)
    4596:	3e 50 03 00 	add	#3,	r14	;#0x0003
    459a:	6e 4e       	mov.b	@r14,	r14	
    459c:	4e ed       	xor.b	r13,	r14	
    459e:	cf 4e 00 00 	mov.b	r14,	0(r15)	;0x0000(r15)

    // PASSAGE DANS LES BOITES S
    x[4] = ((S1[((x[4])>>4) & 0x0F])<<4)^S0[(x[4] & 0x0F)];
    45a2:	1e 44 fa ff 	mov	-6(r4),	r14	;0xfffa(r4)
    45a6:	2e 52       	add	#4,	r14	;r2 As==10
    45a8:	1f 44 fa ff 	mov	-6(r4),	r15	;0xfffa(r4)
    45ac:	2f 52       	add	#4,	r15	;r2 As==10
    45ae:	6f 4f       	mov.b	@r15,	r15	
    45b0:	4f 4f       	mov.b	r15,	r15	
    45b2:	4f 4f       	mov.b	r15,	r15	
    45b4:	12 c3       	clrc			
    45b6:	4f 10       	rrc.b	r15		
    45b8:	12 c3       	clrc			
    45ba:	4f 10       	rrc.b	r15		
    45bc:	12 c3       	clrc			
    45be:	4f 10       	rrc.b	r15		
    45c0:	12 c3       	clrc			
    45c2:	4f 10       	rrc.b	r15		
    45c4:	4f 4f       	mov.b	r15,	r15	
    45c6:	3f f0 0f 00 	and	#15,	r15	;#0x000f
    45ca:	5f 4f 40 4d 	mov.b	19776(r15),r15	;0x4d40(r15)
    45ce:	4f 4f       	mov.b	r15,	r15	
    45d0:	0f 5f       	rla	r15		
    45d2:	0f 5f       	rla	r15		
    45d4:	0f 5f       	rla	r15		
    45d6:	0f 5f       	rla	r15		
    45d8:	4d 4f       	mov.b	r15,	r13	
    45da:	1f 44 fa ff 	mov	-6(r4),	r15	;0xfffa(r4)
    45de:	2f 52       	add	#4,	r15	;r2 As==10
    45e0:	6f 4f       	mov.b	@r15,	r15	
    45e2:	4f 4f       	mov.b	r15,	r15	
    45e4:	3f f0 0f 00 	and	#15,	r15	;#0x000f
    45e8:	5f 4f 30 4d 	mov.b	19760(r15),r15	;0x4d30(r15)
    45ec:	4f ed       	xor.b	r13,	r15	
    45ee:	ce 4f 00 00 	mov.b	r15,	0(r14)	;0x0000(r14)
    x[5] = ((S3[((x[5])>>4) & 0x0F])<<4)^S2[(x[5] & 0x0F)];
    45f2:	1e 44 fa ff 	mov	-6(r4),	r14	;0xfffa(r4)
    45f6:	3e 50 05 00 	add	#5,	r14	;#0x0005
    45fa:	1f 44 fa ff 	mov	-6(r4),	r15	;0xfffa(r4)
    45fe:	3f 50 05 00 	add	#5,	r15	;#0x0005
    4602:	6f 4f       	mov.b	@r15,	r15	
    4604:	4f 4f       	mov.b	r15,	r15	
    4606:	4f 4f       	mov.b	r15,	r15	
    4608:	12 c3       	clrc			
    460a:	4f 10       	rrc.b	r15		
    460c:	12 c3       	clrc			
    460e:	4f 10       	rrc.b	r15		
    4610:	12 c3       	clrc			
    4612:	4f 10       	rrc.b	r15		
    4614:	12 c3       	clrc			
    4616:	4f 10       	rrc.b	r15		
    4618:	4f 4f       	mov.b	r15,	r15	
    461a:	3f f0 0f 00 	and	#15,	r15	;#0x000f
    461e:	5f 4f 60 4d 	mov.b	19808(r15),r15	;0x4d60(r15)
    4622:	4f 4f       	mov.b	r15,	r15	
    4624:	0f 5f       	rla	r15		
    4626:	0f 5f       	rla	r15		
    4628:	0f 5f       	rla	r15		
    462a:	0f 5f       	rla	r15		
    462c:	4d 4f       	mov.b	r15,	r13	
    462e:	1f 44 fa ff 	mov	-6(r4),	r15	;0xfffa(r4)
    4632:	3f 50 05 00 	add	#5,	r15	;#0x0005
    4636:	6f 4f       	mov.b	@r15,	r15	
    4638:	4f 4f       	mov.b	r15,	r15	
    463a:	3f f0 0f 00 	and	#15,	r15	;#0x000f
    463e:	5f 4f 50 4d 	mov.b	19792(r15),r15	;0x4d50(r15)
    4642:	4f ed       	xor.b	r13,	r15	
    4644:	ce 4f 00 00 	mov.b	r15,	0(r14)	;0x0000(r14)
    x[6] = ((S5[((x[6])>>4) & 0x0F])<<4)^S4[(x[6] & 0x0F)];
    4648:	1e 44 fa ff 	mov	-6(r4),	r14	;0xfffa(r4)
    464c:	3e 50 06 00 	add	#6,	r14	;#0x0006
    4650:	1f 44 fa ff 	mov	-6(r4),	r15	;0xfffa(r4)
    4654:	3f 50 06 00 	add	#6,	r15	;#0x0006
    4658:	6f 4f       	mov.b	@r15,	r15	
    465a:	4f 4f       	mov.b	r15,	r15	
    465c:	4f 4f       	mov.b	r15,	r15	
    465e:	12 c3       	clrc			
    4660:	4f 10       	rrc.b	r15		
    4662:	12 c3       	clrc			
    4664:	4f 10       	rrc.b	r15		
    4666:	12 c3       	clrc			
    4668:	4f 10       	rrc.b	r15		
    466a:	12 c3       	clrc			
    466c:	4f 10       	rrc.b	r15		
    466e:	4f 4f       	mov.b	r15,	r15	
    4670:	3f f0 0f 00 	and	#15,	r15	;#0x000f
    4674:	5f 4f 80 4d 	mov.b	19840(r15),r15	;0x4d80(r15)
    4678:	4f 4f       	mov.b	r15,	r15	
    467a:	0f 5f       	rla	r15		
    467c:	0f 5f       	rla	r15		
    467e:	0f 5f       	rla	r15		
    4680:	0f 5f       	rla	r15		
    4682:	4d 4f       	mov.b	r15,	r13	
    4684:	1f 44 fa ff 	mov	-6(r4),	r15	;0xfffa(r4)
    4688:	3f 50 06 00 	add	#6,	r15	;#0x0006
    468c:	6f 4f       	mov.b	@r15,	r15	
    468e:	4f 4f       	mov.b	r15,	r15	
    4690:	3f f0 0f 00 	and	#15,	r15	;#0x000f
    4694:	5f 4f 70 4d 	mov.b	19824(r15),r15	;0x4d70(r15)
    4698:	4f ed       	xor.b	r13,	r15	
    469a:	ce 4f 00 00 	mov.b	r15,	0(r14)	;0x0000(r14)
    x[7] = ((S7[((x[7])>>4) & 0x0F])<<4)^S6[(x[7] & 0x0F)];            
    469e:	1e 44 fa ff 	mov	-6(r4),	r14	;0xfffa(r4)
    46a2:	3e 50 07 00 	add	#7,	r14	;#0x0007
    46a6:	1f 44 fa ff 	mov	-6(r4),	r15	;0xfffa(r4)
    46aa:	3f 50 07 00 	add	#7,	r15	;#0x0007
    46ae:	6f 4f       	mov.b	@r15,	r15	
    46b0:	4f 4f       	mov.b	r15,	r15	
    46b2:	4f 4f       	mov.b	r15,	r15	
    46b4:	12 c3       	clrc			
    46b6:	4f 10       	rrc.b	r15		
    46b8:	12 c3       	clrc			
    46ba:	4f 10       	rrc.b	r15		
    46bc:	12 c3       	clrc			
    46be:	4f 10       	rrc.b	r15		
    46c0:	12 c3       	clrc			
    46c2:	4f 10       	rrc.b	r15		
    46c4:	4f 4f       	mov.b	r15,	r15	
    46c6:	3f f0 0f 00 	and	#15,	r15	;#0x000f
    46ca:	5f 4f a0 4d 	mov.b	19872(r15),r15	;0x4da0(r15)
    46ce:	4f 4f       	mov.b	r15,	r15	
    46d0:	0f 5f       	rla	r15		
    46d2:	0f 5f       	rla	r15		
    46d4:	0f 5f       	rla	r15		
    46d6:	0f 5f       	rla	r15		
    46d8:	4d 4f       	mov.b	r15,	r13	
    46da:	1f 44 fa ff 	mov	-6(r4),	r15	;0xfffa(r4)
    46de:	3f 50 07 00 	add	#7,	r15	;#0x0007
    46e2:	6f 4f       	mov.b	@r15,	r15	
    46e4:	4f 4f       	mov.b	r15,	r15	
    46e6:	3f f0 0f 00 	and	#15,	r15	;#0x000f
    46ea:	5f 4f 90 4d 	mov.b	19856(r15),r15	;0x4d90(r15)
    46ee:	4f ed       	xor.b	r13,	r15	
    46f0:	ce 4f 00 00 	mov.b	r15,	0(r14)	;0x0000(r14)
    
    // PASSAGE DE LA PERMUTATION P
	t[0] =((x[4]>>4) & 0x0F)^(x[5] & 0xF0);
    46f4:	1f 44 fa ff 	mov	-6(r4),	r15	;0xfffa(r4)
    46f8:	2f 52       	add	#4,	r15	;r2 As==10
    46fa:	6f 4f       	mov.b	@r15,	r15	
    46fc:	4f 4f       	mov.b	r15,	r15	
    46fe:	4f 4f       	mov.b	r15,	r15	
    4700:	12 c3       	clrc			
    4702:	4f 10       	rrc.b	r15		
    4704:	12 c3       	clrc			
    4706:	4f 10       	rrc.b	r15		
    4708:	12 c3       	clrc			
    470a:	4f 10       	rrc.b	r15		
    470c:	12 c3       	clrc			
    470e:	4f 10       	rrc.b	r15		
    4710:	4e 4f       	mov.b	r15,	r14	
    4712:	1f 44 fa ff 	mov	-6(r4),	r15	;0xfffa(r4)
    4716:	3f 50 05 00 	add	#5,	r15	;#0x0005
    471a:	6f 4f       	mov.b	@r15,	r15	
    471c:	7f f0 f0 ff 	and.b	#-16,	r15	;#0xfff0
    4720:	4f ee       	xor.b	r14,	r15	
    4722:	c4 4f f2 ff 	mov.b	r15,	-14(r4)	;0xfff2(r4)
	t[1] = (x[4] & 0x0F) ^ ((x[5]& 0x0F)<<4);
    4726:	1f 44 fa ff 	mov	-6(r4),	r15	;0xfffa(r4)
    472a:	2f 52       	add	#4,	r15	;r2 As==10
    472c:	6f 4f       	mov.b	@r15,	r15	
    472e:	4e 4f       	mov.b	r15,	r14	
    4730:	7e f0 0f 00 	and.b	#15,	r14	;#0x000f
    4734:	1f 44 fa ff 	mov	-6(r4),	r15	;0xfffa(r4)
    4738:	3f 50 05 00 	add	#5,	r15	;#0x0005
    473c:	6f 4f       	mov.b	@r15,	r15	
    473e:	4f 4f       	mov.b	r15,	r15	
    4740:	0f 5f       	rla	r15		
    4742:	0f 5f       	rla	r15		
    4744:	0f 5f       	rla	r15		
    4746:	0f 5f       	rla	r15		
    4748:	4f 4f       	mov.b	r15,	r15	
    474a:	4f ee       	xor.b	r14,	r15	
    474c:	c4 4f f3 ff 	mov.b	r15,	-13(r4)	;0xfff3(r4)
	t[2] = ((x[6]>>4) & 0x0F)^(x[7] & 0xF0);
    4750:	1f 44 fa ff 	mov	-6(r4),	r15	;0xfffa(r4)
    4754:	3f 50 06 00 	add	#6,	r15	;#0x0006
    4758:	6f 4f       	mov.b	@r15,	r15	
    475a:	4f 4f       	mov.b	r15,	r15	
    475c:	4f 4f       	mov.b	r15,	r15	
    475e:	12 c3       	clrc			
    4760:	4f 10       	rrc.b	r15		
    4762:	12 c3       	clrc			
    4764:	4f 10       	rrc.b	r15		
    4766:	12 c3       	clrc			
    4768:	4f 10       	rrc.b	r15		
    476a:	12 c3       	clrc			
    476c:	4f 10       	rrc.b	r15		
    476e:	4e 4f       	mov.b	r15,	r14	
    4770:	1f 44 fa ff 	mov	-6(r4),	r15	;0xfffa(r4)
    4774:	3f 50 07 00 	add	#7,	r15	;#0x0007
    4778:	6f 4f       	mov.b	@r15,	r15	
    477a:	7f f0 f0 ff 	and.b	#-16,	r15	;#0xfff0
    477e:	4f ee       	xor.b	r14,	r15	
    4780:	c4 4f f4 ff 	mov.b	r15,	-12(r4)	;0xfff4(r4)
	t[3] = (x[6] & 0x0F) ^ ((x[7]& 0x0F)<<4);
    4784:	1f 44 fa ff 	mov	-6(r4),	r15	;0xfffa(r4)
    4788:	3f 50 06 00 	add	#6,	r15	;#0x0006
    478c:	6f 4f       	mov.b	@r15,	r15	
    478e:	4e 4f       	mov.b	r15,	r14	
    4790:	7e f0 0f 00 	and.b	#15,	r14	;#0x000f
    4794:	1f 44 fa ff 	mov	-6(r4),	r15	;0xfffa(r4)
    4798:	3f 50 07 00 	add	#7,	r15	;#0x0007
    479c:	6f 4f       	mov.b	@r15,	r15	
    479e:	4f 4f       	mov.b	r15,	r15	
    47a0:	0f 5f       	rla	r15		
    47a2:	0f 5f       	rla	r15		
    47a4:	0f 5f       	rla	r15		
    47a6:	0f 5f       	rla	r15		
    47a8:	4f 4f       	mov.b	r15,	r15	
    47aa:	4f ee       	xor.b	r14,	r15	
    47ac:	c4 4f f5 ff 	mov.b	r15,	-11(r4)	;0xfff5(r4)
    // FIN DE LA FONCTION F

    // PARTIE GAUCHE AVEC DECALAGE DE 8 SUR LA GAUCHE  
    x[4]=x[3]^t[0]; 
    47b0:	1f 44 fa ff 	mov	-6(r4),	r15	;0xfffa(r4)
    47b4:	2f 52       	add	#4,	r15	;r2 As==10
    47b6:	1e 44 fa ff 	mov	-6(r4),	r14	;0xfffa(r4)
    47ba:	3e 50 03 00 	add	#3,	r14	;#0x0003
    47be:	6d 4e       	mov.b	@r14,	r13	
    47c0:	5e 44 f2 ff 	mov.b	-14(r4),r14	;0xfff2(r4)
    47c4:	4e ed       	xor.b	r13,	r14	
    47c6:	cf 4e 00 00 	mov.b	r14,	0(r15)	;0x0000(r15)
    x[5]=x[0]^t[1]; 
    47ca:	1f 44 fa ff 	mov	-6(r4),	r15	;0xfffa(r4)
    47ce:	3f 50 05 00 	add	#5,	r15	;#0x0005
    47d2:	1e 44 fa ff 	mov	-6(r4),	r14	;0xfffa(r4)
    47d6:	6d 4e       	mov.b	@r14,	r13	
    47d8:	5e 44 f3 ff 	mov.b	-13(r4),r14	;0xfff3(r4)
    47dc:	4e ed       	xor.b	r13,	r14	
    47de:	cf 4e 00 00 	mov.b	r14,	0(r15)	;0x0000(r15)
    x[6]=x[1]^t[2]; 
    47e2:	1f 44 fa ff 	mov	-6(r4),	r15	;0xfffa(r4)
    47e6:	3f 50 06 00 	add	#6,	r15	;#0x0006
    47ea:	1e 44 fa ff 	mov	-6(r4),	r14	;0xfffa(r4)
    47ee:	1e 53       	inc	r14		
    47f0:	6d 4e       	mov.b	@r14,	r13	
    47f2:	5e 44 f4 ff 	mov.b	-12(r4),r14	;0xfff4(r4)
    47f6:	4e ed       	xor.b	r13,	r14	
    47f8:	cf 4e 00 00 	mov.b	r14,	0(r15)	;0x0000(r15)
    x[7]=x[2]^t[3]; 
    47fc:	1f 44 fa ff 	mov	-6(r4),	r15	;0xfffa(r4)
    4800:	3f 50 07 00 	add	#7,	r15	;#0x0007
    4804:	1e 44 fa ff 	mov	-6(r4),	r14	;0xfffa(r4)
    4808:	2e 53       	incd	r14		
    480a:	6d 4e       	mov.b	@r14,	r13	
    480c:	5e 44 f5 ff 	mov.b	-11(r4),r14	;0xfff5(r4)
    4810:	4e ed       	xor.b	r13,	r14	
    4812:	cf 4e 00 00 	mov.b	r14,	0(r15)	;0x0000(r15)
    
	// PARTIE DROITE
    x[0]=tmp[0];
    4816:	5e 44 f6 ff 	mov.b	-10(r4),r14	;0xfff6(r4)
    481a:	1f 44 fa ff 	mov	-6(r4),	r15	;0xfffa(r4)
    481e:	cf 4e 00 00 	mov.b	r14,	0(r15)	;0x0000(r15)
    x[1]=tmp[1];
    4822:	1f 44 fa ff 	mov	-6(r4),	r15	;0xfffa(r4)
    4826:	1f 53       	inc	r15		
    4828:	5e 44 f7 ff 	mov.b	-9(r4),	r14	;0xfff7(r4)
    482c:	cf 4e 00 00 	mov.b	r14,	0(r15)	;0x0000(r15)
    x[2]=tmp[2];
    4830:	1f 44 fa ff 	mov	-6(r4),	r15	;0xfffa(r4)
    4834:	2f 53       	incd	r15		
    4836:	5e 44 f8 ff 	mov.b	-8(r4),	r14	;0xfff8(r4)
    483a:	cf 4e 00 00 	mov.b	r14,	0(r15)	;0x0000(r15)
    x[3]=tmp[3];      
    483e:	1f 44 fa ff 	mov	-6(r4),	r15	;0xfffa(r4)
    4842:	3f 50 03 00 	add	#3,	r15	;#0x0003
    4846:	5e 44 f9 ff 	mov.b	-7(r4),	r14	;0xfff9(r4)
    484a:	cf 4e 00 00 	mov.b	r14,	0(r15)	;0x0000(r15)
    
  
}
    484e:	31 50 0c 00 	add	#12,	r1	;#0x000c
    4852:	34 41       	pop	r4		
    4854:	30 41       	ret			

00004856 <Encrypt>:

 void Encrypt(u8 x[8], u8 subkey[NBROUND][4])
{
    4856:	04 12       	push	r4		
    4858:	04 41       	mov	r1,	r4	
    485a:	24 53       	incd	r4		
    485c:	31 50 fa ff 	add	#-6,	r1	;#0xfffa
    4860:	84 4f fa ff 	mov	r15,	-6(r4)	;0xfffa(r4)
    4864:	84 4e fc ff 	mov	r14,	-4(r4)	;0xfffc(r4)
     int i;
     
     for(i=0; i<32; i++)
    4868:	84 43 f8 ff 	mov	#0,	-8(r4)	;r3 As==00, 0xfff8(r4)
    486c:	0d 3c       	jmp	$+28     	;abs 0x4888
     {
        OneRound(x, subkey[i]);        
    486e:	1f 44 f8 ff 	mov	-8(r4),	r15	;0xfff8(r4)
    4872:	0f 5f       	rla	r15		
    4874:	0f 5f       	rla	r15		
    4876:	1f 54 fc ff 	add	-4(r4),	r15	;0xfffc(r4)
    487a:	0e 4f       	mov	r15,	r14	
    487c:	1f 44 fa ff 	mov	-6(r4),	r15	;0xfffa(r4)
    4880:	b0 12 e4 44 	call	#0x44e4	

 void Encrypt(u8 x[8], u8 subkey[NBROUND][4])
{
     int i;
     
     for(i=0; i<32; i++)
    4884:	94 53 f8 ff 	inc	-8(r4)		;0xfff8(r4)
    4888:	b4 90 20 00 	cmp	#32,	-8(r4)	;#0x0020, 0xfff8(r4)
    488c:	f8 ff 
    488e:	ef 3b       	jl	$-32     	;abs 0x486e
     {
        OneRound(x, subkey[i]);        
     }
}
    4890:	31 50 06 00 	add	#6,	r1	;#0x0006
    4894:	34 41       	pop	r4		
    4896:	30 41       	ret			

00004898 <OneRound_Inv>:

 void OneRound_Inv(u8 y[8], u8 k[4])
{
    4898:	04 12       	push	r4		
    489a:	04 41       	mov	r1,	r4	
    489c:	24 53       	incd	r4		
    489e:	31 50 f4 ff 	add	#-12,	r1	;#0xfff4
    48a2:	84 4f fa ff 	mov	r15,	-6(r4)	;0xfffa(r4)
    48a6:	84 4e fc ff 	mov	r14,	-4(r4)	;0xfffc(r4)
     u8 t[4],tmp[4];
     
     tmp[0]=y[0];
    48aa:	1f 44 fa ff 	mov	-6(r4),	r15	;0xfffa(r4)
    48ae:	6f 4f       	mov.b	@r15,	r15	
    48b0:	c4 4f f6 ff 	mov.b	r15,	-10(r4)	;0xfff6(r4)
	 tmp[1]=y[1];
    48b4:	1f 44 fa ff 	mov	-6(r4),	r15	;0xfffa(r4)
    48b8:	5f 4f 01 00 	mov.b	1(r15),	r15	;0x0001(r15)
    48bc:	c4 4f f7 ff 	mov.b	r15,	-9(r4)	;0xfff7(r4)
	 tmp[2]=y[2];
    48c0:	1f 44 fa ff 	mov	-6(r4),	r15	;0xfffa(r4)
    48c4:	5f 4f 02 00 	mov.b	2(r15),	r15	;0x0002(r15)
    48c8:	c4 4f f8 ff 	mov.b	r15,	-8(r4)	;0xfff8(r4)
	 tmp[3]=y[3];	
    48cc:	1f 44 fa ff 	mov	-6(r4),	r15	;0xfffa(r4)
    48d0:	5f 4f 03 00 	mov.b	3(r15),	r15	;0x0003(r15)
    48d4:	c4 4f f9 ff 	mov.b	r15,	-7(r4)	;0xfff9(r4)
	 
	 // FAIRE PASSER Y_0, Y_1, Y_2, Y_3 dans F
	// AJOUT CLE
    y[0]=y[0]^k[0]; 
    48d8:	1f 44 fa ff 	mov	-6(r4),	r15	;0xfffa(r4)
    48dc:	6e 4f       	mov.b	@r15,	r14	
    48de:	1f 44 fc ff 	mov	-4(r4),	r15	;0xfffc(r4)
    48e2:	6f 4f       	mov.b	@r15,	r15	
    48e4:	4e ef       	xor.b	r15,	r14	
    48e6:	1f 44 fa ff 	mov	-6(r4),	r15	;0xfffa(r4)
    48ea:	cf 4e 00 00 	mov.b	r14,	0(r15)	;0x0000(r15)
    y[1]=y[1]^k[1]; 
    48ee:	1f 44 fa ff 	mov	-6(r4),	r15	;0xfffa(r4)
    48f2:	1f 53       	inc	r15		
    48f4:	1e 44 fa ff 	mov	-6(r4),	r14	;0xfffa(r4)
    48f8:	1e 53       	inc	r14		
    48fa:	6d 4e       	mov.b	@r14,	r13	
    48fc:	1e 44 fc ff 	mov	-4(r4),	r14	;0xfffc(r4)
    4900:	1e 53       	inc	r14		
    4902:	6e 4e       	mov.b	@r14,	r14	
    4904:	4e ed       	xor.b	r13,	r14	
    4906:	cf 4e 00 00 	mov.b	r14,	0(r15)	;0x0000(r15)
    y[2]=y[2]^k[2]; 
    490a:	1f 44 fa ff 	mov	-6(r4),	r15	;0xfffa(r4)
    490e:	2f 53       	incd	r15		
    4910:	1e 44 fa ff 	mov	-6(r4),	r14	;0xfffa(r4)
    4914:	2e 53       	incd	r14		
    4916:	6d 4e       	mov.b	@r14,	r13	
    4918:	1e 44 fc ff 	mov	-4(r4),	r14	;0xfffc(r4)
    491c:	2e 53       	incd	r14		
    491e:	6e 4e       	mov.b	@r14,	r14	
    4920:	4e ed       	xor.b	r13,	r14	
    4922:	cf 4e 00 00 	mov.b	r14,	0(r15)	;0x0000(r15)
    y[3]=y[3]^k[3];  
    4926:	1f 44 fa ff 	mov	-6(r4),	r15	;0xfffa(r4)
    492a:	3f 50 03 00 	add	#3,	r15	;#0x0003
    492e:	1e 44 fa ff 	mov	-6(r4),	r14	;0xfffa(r4)
    4932:	3e 50 03 00 	add	#3,	r14	;#0x0003
    4936:	6d 4e       	mov.b	@r14,	r13	
    4938:	1e 44 fc ff 	mov	-4(r4),	r14	;0xfffc(r4)
    493c:	3e 50 03 00 	add	#3,	r14	;#0x0003
    4940:	6e 4e       	mov.b	@r14,	r14	
    4942:	4e ed       	xor.b	r13,	r14	
    4944:	cf 4e 00 00 	mov.b	r14,	0(r15)	;0x0000(r15)
     
 
     // PASSAGE DANS LES BOITES S
    y[0] = ((S1[((y[0])>>4) & 0x0F])<<4)^S0[(y[0] & 0x0F)];
    4948:	1f 44 fa ff 	mov	-6(r4),	r15	;0xfffa(r4)
    494c:	6f 4f       	mov.b	@r15,	r15	
    494e:	4f 4f       	mov.b	r15,	r15	
    4950:	4f 4f       	mov.b	r15,	r15	
    4952:	12 c3       	clrc			
    4954:	4f 10       	rrc.b	r15		
    4956:	12 c3       	clrc			
    4958:	4f 10       	rrc.b	r15		
    495a:	12 c3       	clrc			
    495c:	4f 10       	rrc.b	r15		
    495e:	12 c3       	clrc			
    4960:	4f 10       	rrc.b	r15		
    4962:	4f 4f       	mov.b	r15,	r15	
    4964:	3f f0 0f 00 	and	#15,	r15	;#0x000f
    4968:	5f 4f 40 4d 	mov.b	19776(r15),r15	;0x4d40(r15)
    496c:	4f 4f       	mov.b	r15,	r15	
    496e:	0f 5f       	rla	r15		
    4970:	0f 5f       	rla	r15		
    4972:	0f 5f       	rla	r15		
    4974:	0f 5f       	rla	r15		
    4976:	4e 4f       	mov.b	r15,	r14	
    4978:	1f 44 fa ff 	mov	-6(r4),	r15	;0xfffa(r4)
    497c:	6f 4f       	mov.b	@r15,	r15	
    497e:	4f 4f       	mov.b	r15,	r15	
    4980:	3f f0 0f 00 	and	#15,	r15	;#0x000f
    4984:	5f 4f 30 4d 	mov.b	19760(r15),r15	;0x4d30(r15)
    4988:	4f ee       	xor.b	r14,	r15	
    498a:	4e 4f       	mov.b	r15,	r14	
    498c:	1f 44 fa ff 	mov	-6(r4),	r15	;0xfffa(r4)
    4990:	cf 4e 00 00 	mov.b	r14,	0(r15)	;0x0000(r15)
    y[1] = ((S3[((y[1])>>4) & 0x0F])<<4)^S2[(y[1] & 0x0F)];
    4994:	1e 44 fa ff 	mov	-6(r4),	r14	;0xfffa(r4)
    4998:	1e 53       	inc	r14		
    499a:	1f 44 fa ff 	mov	-6(r4),	r15	;0xfffa(r4)
    499e:	1f 53       	inc	r15		
    49a0:	6f 4f       	mov.b	@r15,	r15	
    49a2:	4f 4f       	mov.b	r15,	r15	
    49a4:	4f 4f       	mov.b	r15,	r15	
    49a6:	12 c3       	clrc			
    49a8:	4f 10       	rrc.b	r15		
    49aa:	12 c3       	clrc			
    49ac:	4f 10       	rrc.b	r15		
    49ae:	12 c3       	clrc			
    49b0:	4f 10       	rrc.b	r15		
    49b2:	12 c3       	clrc			
    49b4:	4f 10       	rrc.b	r15		
    49b6:	4f 4f       	mov.b	r15,	r15	
    49b8:	3f f0 0f 00 	and	#15,	r15	;#0x000f
    49bc:	5f 4f 60 4d 	mov.b	19808(r15),r15	;0x4d60(r15)
    49c0:	4f 4f       	mov.b	r15,	r15	
    49c2:	0f 5f       	rla	r15		
    49c4:	0f 5f       	rla	r15		
    49c6:	0f 5f       	rla	r15		
    49c8:	0f 5f       	rla	r15		
    49ca:	4d 4f       	mov.b	r15,	r13	
    49cc:	1f 44 fa ff 	mov	-6(r4),	r15	;0xfffa(r4)
    49d0:	1f 53       	inc	r15		
    49d2:	6f 4f       	mov.b	@r15,	r15	
    49d4:	4f 4f       	mov.b	r15,	r15	
    49d6:	3f f0 0f 00 	and	#15,	r15	;#0x000f
    49da:	5f 4f 50 4d 	mov.b	19792(r15),r15	;0x4d50(r15)
    49de:	4f ed       	xor.b	r13,	r15	
    49e0:	ce 4f 00 00 	mov.b	r15,	0(r14)	;0x0000(r14)
    y[2] = ((S5[((y[2])>>4) & 0x0F])<<4)^S4[(y[2] & 0x0F)];
    49e4:	1e 44 fa ff 	mov	-6(r4),	r14	;0xfffa(r4)
    49e8:	2e 53       	incd	r14		
    49ea:	1f 44 fa ff 	mov	-6(r4),	r15	;0xfffa(r4)
    49ee:	2f 53       	incd	r15		
    49f0:	6f 4f       	mov.b	@r15,	r15	
    49f2:	4f 4f       	mov.b	r15,	r15	
    49f4:	4f 4f       	mov.b	r15,	r15	
    49f6:	12 c3       	clrc			
    49f8:	4f 10       	rrc.b	r15		
    49fa:	12 c3       	clrc			
    49fc:	4f 10       	rrc.b	r15		
    49fe:	12 c3       	clrc			
    4a00:	4f 10       	rrc.b	r15		
    4a02:	12 c3       	clrc			
    4a04:	4f 10       	rrc.b	r15		
    4a06:	4f 4f       	mov.b	r15,	r15	
    4a08:	3f f0 0f 00 	and	#15,	r15	;#0x000f
    4a0c:	5f 4f 80 4d 	mov.b	19840(r15),r15	;0x4d80(r15)
    4a10:	4f 4f       	mov.b	r15,	r15	
    4a12:	0f 5f       	rla	r15		
    4a14:	0f 5f       	rla	r15		
    4a16:	0f 5f       	rla	r15		
    4a18:	0f 5f       	rla	r15		
    4a1a:	4d 4f       	mov.b	r15,	r13	
    4a1c:	1f 44 fa ff 	mov	-6(r4),	r15	;0xfffa(r4)
    4a20:	2f 53       	incd	r15		
    4a22:	6f 4f       	mov.b	@r15,	r15	
    4a24:	4f 4f       	mov.b	r15,	r15	
    4a26:	3f f0 0f 00 	and	#15,	r15	;#0x000f
    4a2a:	5f 4f 70 4d 	mov.b	19824(r15),r15	;0x4d70(r15)
    4a2e:	4f ed       	xor.b	r13,	r15	
    4a30:	ce 4f 00 00 	mov.b	r15,	0(r14)	;0x0000(r14)
    y[3] = ((S7[((y[3])>>4) & 0x0F])<<4)^S6[(y[3] & 0x0F)];    
    4a34:	1e 44 fa ff 	mov	-6(r4),	r14	;0xfffa(r4)
    4a38:	3e 50 03 00 	add	#3,	r14	;#0x0003
    4a3c:	1f 44 fa ff 	mov	-6(r4),	r15	;0xfffa(r4)
    4a40:	3f 50 03 00 	add	#3,	r15	;#0x0003
    4a44:	6f 4f       	mov.b	@r15,	r15	
    4a46:	4f 4f       	mov.b	r15,	r15	
    4a48:	4f 4f       	mov.b	r15,	r15	
    4a4a:	12 c3       	clrc			
    4a4c:	4f 10       	rrc.b	r15		
    4a4e:	12 c3       	clrc			
    4a50:	4f 10       	rrc.b	r15		
    4a52:	12 c3       	clrc			
    4a54:	4f 10       	rrc.b	r15		
    4a56:	12 c3       	clrc			
    4a58:	4f 10       	rrc.b	r15		
    4a5a:	4f 4f       	mov.b	r15,	r15	
    4a5c:	3f f0 0f 00 	and	#15,	r15	;#0x000f
    4a60:	5f 4f a0 4d 	mov.b	19872(r15),r15	;0x4da0(r15)
    4a64:	4f 4f       	mov.b	r15,	r15	
    4a66:	0f 5f       	rla	r15		
    4a68:	0f 5f       	rla	r15		
    4a6a:	0f 5f       	rla	r15		
    4a6c:	0f 5f       	rla	r15		
    4a6e:	4d 4f       	mov.b	r15,	r13	
    4a70:	1f 44 fa ff 	mov	-6(r4),	r15	;0xfffa(r4)
    4a74:	3f 50 03 00 	add	#3,	r15	;#0x0003
    4a78:	6f 4f       	mov.b	@r15,	r15	
    4a7a:	4f 4f       	mov.b	r15,	r15	
    4a7c:	3f f0 0f 00 	and	#15,	r15	;#0x000f
    4a80:	5f 4f 90 4d 	mov.b	19856(r15),r15	;0x4d90(r15)
    4a84:	4f ed       	xor.b	r13,	r15	
    4a86:	ce 4f 00 00 	mov.b	r15,	0(r14)	;0x0000(r14)
 
   // PASSAGE DE LA PERMUTATION P
	t[0] =((y[0]>>4) & 0x0F)^(y[1] & 0xF0);
    4a8a:	1f 44 fa ff 	mov	-6(r4),	r15	;0xfffa(r4)
    4a8e:	6f 4f       	mov.b	@r15,	r15	
    4a90:	4f 4f       	mov.b	r15,	r15	
    4a92:	4f 4f       	mov.b	r15,	r15	
    4a94:	12 c3       	clrc			
    4a96:	4f 10       	rrc.b	r15		
    4a98:	12 c3       	clrc			
    4a9a:	4f 10       	rrc.b	r15		
    4a9c:	12 c3       	clrc			
    4a9e:	4f 10       	rrc.b	r15		
    4aa0:	12 c3       	clrc			
    4aa2:	4f 10       	rrc.b	r15		
    4aa4:	4e 4f       	mov.b	r15,	r14	
    4aa6:	1f 44 fa ff 	mov	-6(r4),	r15	;0xfffa(r4)
    4aaa:	1f 53       	inc	r15		
    4aac:	6f 4f       	mov.b	@r15,	r15	
    4aae:	7f f0 f0 ff 	and.b	#-16,	r15	;#0xfff0
    4ab2:	4f ee       	xor.b	r14,	r15	
    4ab4:	c4 4f f2 ff 	mov.b	r15,	-14(r4)	;0xfff2(r4)
	t[1] = (y[0] & 0x0F) ^ ((y[1]& 0x0F)<<4);
    4ab8:	1f 44 fa ff 	mov	-6(r4),	r15	;0xfffa(r4)
    4abc:	6f 4f       	mov.b	@r15,	r15	
    4abe:	4e 4f       	mov.b	r15,	r14	
    4ac0:	7e f0 0f 00 	and.b	#15,	r14	;#0x000f
    4ac4:	1f 44 fa ff 	mov	-6(r4),	r15	;0xfffa(r4)
    4ac8:	1f 53       	inc	r15		
    4aca:	6f 4f       	mov.b	@r15,	r15	
    4acc:	4f 4f       	mov.b	r15,	r15	
    4ace:	0f 5f       	rla	r15		
    4ad0:	0f 5f       	rla	r15		
    4ad2:	0f 5f       	rla	r15		
    4ad4:	0f 5f       	rla	r15		
    4ad6:	4f 4f       	mov.b	r15,	r15	
    4ad8:	4f ee       	xor.b	r14,	r15	
    4ada:	c4 4f f3 ff 	mov.b	r15,	-13(r4)	;0xfff3(r4)
	t[2] = ((y[2]>>4) & 0x0F)^(y[3] & 0xF0);
    4ade:	1f 44 fa ff 	mov	-6(r4),	r15	;0xfffa(r4)
    4ae2:	2f 53       	incd	r15		
    4ae4:	6f 4f       	mov.b	@r15,	r15	
    4ae6:	4f 4f       	mov.b	r15,	r15	
    4ae8:	4f 4f       	mov.b	r15,	r15	
    4aea:	12 c3       	clrc			
    4aec:	4f 10       	rrc.b	r15		
    4aee:	12 c3       	clrc			
    4af0:	4f 10       	rrc.b	r15		
    4af2:	12 c3       	clrc			
    4af4:	4f 10       	rrc.b	r15		
    4af6:	12 c3       	clrc			
    4af8:	4f 10       	rrc.b	r15		
    4afa:	4e 4f       	mov.b	r15,	r14	
    4afc:	1f 44 fa ff 	mov	-6(r4),	r15	;0xfffa(r4)
    4b00:	3f 50 03 00 	add	#3,	r15	;#0x0003
    4b04:	6f 4f       	mov.b	@r15,	r15	
    4b06:	7f f0 f0 ff 	and.b	#-16,	r15	;#0xfff0
    4b0a:	4f ee       	xor.b	r14,	r15	
    4b0c:	c4 4f f4 ff 	mov.b	r15,	-12(r4)	;0xfff4(r4)
	t[3] = (y[2] & 0x0F) ^ ((y[3]& 0x0F)<<4);
    4b10:	1f 44 fa ff 	mov	-6(r4),	r15	;0xfffa(r4)
    4b14:	2f 53       	incd	r15		
    4b16:	6f 4f       	mov.b	@r15,	r15	
    4b18:	4e 4f       	mov.b	r15,	r14	
    4b1a:	7e f0 0f 00 	and.b	#15,	r14	;#0x000f
    4b1e:	1f 44 fa ff 	mov	-6(r4),	r15	;0xfffa(r4)
    4b22:	3f 50 03 00 	add	#3,	r15	;#0x0003
    4b26:	6f 4f       	mov.b	@r15,	r15	
    4b28:	4f 4f       	mov.b	r15,	r15	
    4b2a:	0f 5f       	rla	r15		
    4b2c:	0f 5f       	rla	r15		
    4b2e:	0f 5f       	rla	r15		
    4b30:	0f 5f       	rla	r15		
    4b32:	4f 4f       	mov.b	r15,	r15	
    4b34:	4f ee       	xor.b	r14,	r15	
    4b36:	c4 4f f5 ff 	mov.b	r15,	-11(r4)	;0xfff5(r4)
    // FIN DE LA FONCTION F
    
        // PARTIE DROITE AVEC DECALAGE DE 8 SUR LA DROITE
	y[0]= y[5]^t[1]; 
    4b3a:	1f 44 fa ff 	mov	-6(r4),	r15	;0xfffa(r4)
    4b3e:	3f 50 05 00 	add	#5,	r15	;#0x0005
    4b42:	6e 4f       	mov.b	@r15,	r14	
    4b44:	5f 44 f3 ff 	mov.b	-13(r4),r15	;0xfff3(r4)
    4b48:	4e ef       	xor.b	r15,	r14	
    4b4a:	1f 44 fa ff 	mov	-6(r4),	r15	;0xfffa(r4)
    4b4e:	cf 4e 00 00 	mov.b	r14,	0(r15)	;0x0000(r15)
    y[1]= y[6]^t[2]; 
    4b52:	1f 44 fa ff 	mov	-6(r4),	r15	;0xfffa(r4)
    4b56:	1f 53       	inc	r15		
    4b58:	1e 44 fa ff 	mov	-6(r4),	r14	;0xfffa(r4)
    4b5c:	3e 50 06 00 	add	#6,	r14	;#0x0006
    4b60:	6d 4e       	mov.b	@r14,	r13	
    4b62:	5e 44 f4 ff 	mov.b	-12(r4),r14	;0xfff4(r4)
    4b66:	4e ed       	xor.b	r13,	r14	
    4b68:	cf 4e 00 00 	mov.b	r14,	0(r15)	;0x0000(r15)
    y[2]= y[7]^t[3]; 
    4b6c:	1f 44 fa ff 	mov	-6(r4),	r15	;0xfffa(r4)
    4b70:	2f 53       	incd	r15		
    4b72:	1e 44 fa ff 	mov	-6(r4),	r14	;0xfffa(r4)
    4b76:	3e 50 07 00 	add	#7,	r14	;#0x0007
    4b7a:	6d 4e       	mov.b	@r14,	r13	
    4b7c:	5e 44 f5 ff 	mov.b	-11(r4),r14	;0xfff5(r4)
    4b80:	4e ed       	xor.b	r13,	r14	
    4b82:	cf 4e 00 00 	mov.b	r14,	0(r15)	;0x0000(r15)
    y[3]= y[4]^t[0]; 
    4b86:	1f 44 fa ff 	mov	-6(r4),	r15	;0xfffa(r4)
    4b8a:	3f 50 03 00 	add	#3,	r15	;#0x0003
    4b8e:	1e 44 fa ff 	mov	-6(r4),	r14	;0xfffa(r4)
    4b92:	2e 52       	add	#4,	r14	;r2 As==10
    4b94:	6d 4e       	mov.b	@r14,	r13	
    4b96:	5e 44 f2 ff 	mov.b	-14(r4),r14	;0xfff2(r4)
    4b9a:	4e ed       	xor.b	r13,	r14	
    4b9c:	cf 4e 00 00 	mov.b	r14,	0(r15)	;0x0000(r15)
 
 	// PARTIE GAUCHE
    y[4]=tmp[0];
    4ba0:	1f 44 fa ff 	mov	-6(r4),	r15	;0xfffa(r4)
    4ba4:	2f 52       	add	#4,	r15	;r2 As==10
    4ba6:	5e 44 f6 ff 	mov.b	-10(r4),r14	;0xfff6(r4)
    4baa:	cf 4e 00 00 	mov.b	r14,	0(r15)	;0x0000(r15)
    y[5]=tmp[1];
    4bae:	1f 44 fa ff 	mov	-6(r4),	r15	;0xfffa(r4)
    4bb2:	3f 50 05 00 	add	#5,	r15	;#0x0005
    4bb6:	5e 44 f7 ff 	mov.b	-9(r4),	r14	;0xfff7(r4)
    4bba:	cf 4e 00 00 	mov.b	r14,	0(r15)	;0x0000(r15)
    y[6]=tmp[2];
    4bbe:	1f 44 fa ff 	mov	-6(r4),	r15	;0xfffa(r4)
    4bc2:	3f 50 06 00 	add	#6,	r15	;#0x0006
    4bc6:	5e 44 f8 ff 	mov.b	-8(r4),	r14	;0xfff8(r4)
    4bca:	cf 4e 00 00 	mov.b	r14,	0(r15)	;0x0000(r15)
    y[7]=tmp[3];
    4bce:	1f 44 fa ff 	mov	-6(r4),	r15	;0xfffa(r4)
    4bd2:	3f 50 07 00 	add	#7,	r15	;#0x0007
    4bd6:	5e 44 f9 ff 	mov.b	-7(r4),	r14	;0xfff9(r4)
    4bda:	cf 4e 00 00 	mov.b	r14,	0(r15)	;0x0000(r15)
 
}
    4bde:	31 50 0c 00 	add	#12,	r1	;#0x000c
    4be2:	34 41       	pop	r4		
    4be4:	30 41       	ret			

00004be6 <Decrypt>:

 void Decrypt(u8 x[8], u8 subkey[NBROUND][4])
{
    4be6:	04 12       	push	r4		
    4be8:	04 41       	mov	r1,	r4	
    4bea:	24 53       	incd	r4		
    4bec:	31 50 fa ff 	add	#-6,	r1	;#0xfffa
    4bf0:	84 4f fa ff 	mov	r15,	-6(r4)	;0xfffa(r4)
    4bf4:	84 4e fc ff 	mov	r14,	-4(r4)	;0xfffc(r4)
     int i;
     
     for(i=31; i>=0; i--)
    4bf8:	b4 40 1f 00 	mov	#31,	-8(r4)	;#0x001f, 0xfff8(r4)
    4bfc:	f8 ff 
    4bfe:	0d 3c       	jmp	$+28     	;abs 0x4c1a
     {
        OneRound_Inv(x, subkey[i]);   
    4c00:	1f 44 f8 ff 	mov	-8(r4),	r15	;0xfff8(r4)
    4c04:	0f 5f       	rla	r15		
    4c06:	0f 5f       	rla	r15		
    4c08:	1f 54 fc ff 	add	-4(r4),	r15	;0xfffc(r4)
    4c0c:	0e 4f       	mov	r15,	r14	
    4c0e:	1f 44 fa ff 	mov	-6(r4),	r15	;0xfffa(r4)
    4c12:	b0 12 98 48 	call	#0x4898	

 void Decrypt(u8 x[8], u8 subkey[NBROUND][4])
{
     int i;
     
     for(i=31; i>=0; i--)
    4c16:	b4 53 f8 ff 	add	#-1,	-8(r4)	;r3 As==11, 0xfff8(r4)
    4c1a:	84 93 f8 ff 	tst	-8(r4)		;0xfff8(r4)
    4c1e:	f0 37       	jge	$-30     	;abs 0x4c00
     {
        OneRound_Inv(x, subkey[i]);   
     }
}
    4c20:	31 50 06 00 	add	#6,	r1	;#0x0006
    4c24:	34 41       	pop	r4		
    4c26:	30 41       	ret			

00004c28 <delay>:
/**************************************************/
/********************* DELAY **********************/
/**************************************************/

void delay(unsigned int d) 
{
    4c28:	04 12       	push	r4		
    4c2a:	04 41       	mov	r1,	r4	
    4c2c:	24 53       	incd	r4		
    4c2e:	31 50 fa ff 	add	#-6,	r1	;#0xfffa
    4c32:	84 4f fc ff 	mov	r15,	-4(r4)	;0xfffc(r4)
  unsigned int i,j;
  for(j=0; j < 0xff; j++)
    4c36:	84 43 fa ff 	mov	#0,	-6(r4)	;r3 As==00, 0xfffa(r4)
    4c3a:	0d 3c       	jmp	$+28     	;abs 0x4c56
    {
      for (i = 0; i<d; i++) 
    4c3c:	84 43 f8 ff 	mov	#0,	-8(r4)	;r3 As==00, 0xfff8(r4)
    4c40:	04 3c       	jmp	$+10     	;abs 0x4c4a
	{
	  nop();
    4c42:	03 43       	nop			
	  nop();
    4c44:	03 43       	nop			
void delay(unsigned int d) 
{
  unsigned int i,j;
  for(j=0; j < 0xff; j++)
    {
      for (i = 0; i<d; i++) 
    4c46:	94 53 f8 ff 	inc	-8(r4)		;0xfff8(r4)
    4c4a:	94 94 fc ff 	cmp	-4(r4),	-8(r4)	;0xfffc(r4), 0xfff8(r4)
    4c4e:	f8 ff 
    4c50:	f8 2b       	jnc	$-14     	;abs 0x4c42
/**************************************************/

void delay(unsigned int d) 
{
  unsigned int i,j;
  for(j=0; j < 0xff; j++)
    4c52:	94 53 fa ff 	inc	-6(r4)		;0xfffa(r4)
    4c56:	b4 90 ff 00 	cmp	#255,	-6(r4)	;#0x00ff, 0xfffa(r4)
    4c5a:	fa ff 
    4c5c:	ef 2b       	jnc	$-32     	;abs 0x4c3c
	{
	  nop();
	  nop();
	}
    }
}
    4c5e:	31 50 06 00 	add	#6,	r1	;#0x0006
    4c62:	34 41       	pop	r4		
    4c64:	30 41       	ret			

00004c66 <uart1_init>:

#define UART1_BIT_RX (1 << UART1_PIN_RX)
#define UART1_BIT_TX (1 << UART1_PIN_TX)

int uart1_init()
{
    4c66:	04 12       	push	r4		
    4c68:	04 41       	mov	r1,	r4	
    4c6a:	24 53       	incd	r4		

  WDTCTL = WDTPW + WDTHOLD;
    4c6c:	b2 40 80 5a 	mov	#23168,	&0x0120	;#0x5a80
    4c70:	20 01 

  P1IE   = 0x00;        // Interrupt enable
    4c72:	c2 43 25 00 	mov.b	#0,	&0x0025	;r3 As==00
  P2IE   = 0x00;        // 0:disable 1:enable
    4c76:	c2 43 2d 00 	mov.b	#0,	&0x002d	;r3 As==00

  //Init of MSP430 Usart1 pins
  P3SEL |= (UART1_BIT_RX | UART1_BIT_TX);
    4c7a:	5f 42 1b 00 	mov.b	&0x001b,r15	
    4c7e:	7f d0 c0 ff 	bis.b	#-64,	r15	;#0xffc0
    4c82:	c2 4f 1b 00 	mov.b	r15,	&0x001b	

  //Init of USART1 Module
  U1ME  |= UTXE1|URXE1;           //Enable USART1 transmiter and receiver (UART mode)
    4c86:	5f 42 05 00 	mov.b	&0x0005,r15	
    4c8a:	7f d0 30 00 	bis.b	#48,	r15	;#0x0030
    4c8e:	c2 4f 05 00 	mov.b	r15,	&0x0005	
  
  U1CTL  = SWRST;                 //reset
    4c92:	d2 43 78 00 	mov.b	#1,	&0x0078	;r3 As==01
  U1CTL  = CHAR;                  //init & release reset
    4c96:	f2 40 10 00 	mov.b	#16,	&0x0078	;#0x0010
    4c9a:	78 00 
  
  U1TCTL = SSEL1 | TXEPT;        //use SMCLK 
    4c9c:	f2 40 21 00 	mov.b	#33,	&0x0079	;#0x0021
    4ca0:	79 00 
  U1RCTL = 0;
    4ca2:	c2 43 7a 00 	mov.b	#0,	&0x007a	;r3 As==00
  // 38400 @ SMCLK 1MHz
#define U1BR1_INIT        0
#define U1BR0_INIT        0x1B
#define U1MCTL_INIT       0x03
  
  U1BR1  = U1BR1_INIT;
    4ca6:	c2 43 7d 00 	mov.b	#0,	&0x007d	;r3 As==00
  U1BR0  = U1BR0_INIT;
    4caa:	f2 40 1b 00 	mov.b	#27,	&0x007c	;#0x001b
    4cae:	7c 00 
  U1MCTL = U1MCTL_INIT;
    4cb0:	f2 40 03 00 	mov.b	#3,	&0x007b	;#0x0003
    4cb4:	7b 00 

  delay(0x800);
    4cb6:	3f 40 00 08 	mov	#2048,	r15	;#0x0800
    4cba:	b0 12 28 4c 	call	#0x4c28	
  return 0;
    4cbe:	0f 43       	clr	r15		
}
    4cc0:	34 41       	pop	r4		
    4cc2:	30 41       	ret			

00004cc4 <uart1_putchar>:

int uart1_putchar(int c)
{
    4cc4:	04 12       	push	r4		
    4cc6:	04 41       	mov	r1,	r4	
    4cc8:	24 53       	incd	r4		
    4cca:	21 83       	decd	r1		
    4ccc:	84 4f fc ff 	mov	r15,	-4(r4)	;0xfffc(r4)
  U1TXBUF = c;
    4cd0:	1f 44 fc ff 	mov	-4(r4),	r15	;0xfffc(r4)
    4cd4:	4f 4f       	mov.b	r15,	r15	
    4cd6:	c2 4f 7f 00 	mov.b	r15,	&0x007f	
  while ((U1TCTL & TXEPT) != TXEPT);
    4cda:	03 43       	nop			
    4cdc:	5f 42 79 00 	mov.b	&0x0079,r15	
    4ce0:	4f 4f       	mov.b	r15,	r15	
    4ce2:	1f f3       	and	#1,	r15	;r3 As==01
    4ce4:	0f 93       	tst	r15		
    4ce6:	fa 27       	jz	$-10     	;abs 0x4cdc
  return (unsigned char)c;
    4ce8:	1f 44 fc ff 	mov	-4(r4),	r15	;0xfffc(r4)
    4cec:	4f 4f       	mov.b	r15,	r15	
    4cee:	4f 4f       	mov.b	r15,	r15	
}
    4cf0:	21 53       	incd	r1		
    4cf2:	34 41       	pop	r4		
    4cf4:	30 41       	ret			

00004cf6 <putchar>:
/**************************************************/
/******************** PUT CHAR *********************/
/**************************************************/

int putchar(int c)
{
    4cf6:	04 12       	push	r4		
    4cf8:	04 41       	mov	r1,	r4	
    4cfa:	24 53       	incd	r4		
    4cfc:	21 83       	decd	r1		
    4cfe:	84 4f fc ff 	mov	r15,	-4(r4)	;0xfffc(r4)
  return uart1_putchar(c);
    4d02:	1f 44 fc ff 	mov	-4(r4),	r15	;0xfffc(r4)
    4d06:	b0 12 c4 4c 	call	#0x4cc4	
}
    4d0a:	21 53       	incd	r1		
    4d0c:	34 41       	pop	r4		
    4d0e:	30 41       	ret			

00004d10 <start_encrypt>:
/******************** END EXPE*********************/
/**************************************************/

void
start_encrypt()
{
    4d10:	04 12       	push	r4		
    4d12:	04 41       	mov	r1,	r4	
    4d14:	24 53       	incd	r4		
  ;
}
    4d16:	34 41       	pop	r4		
    4d18:	30 41       	ret			

00004d1a <start_decrypt>:
void
start_decrypt()
{
    4d1a:	04 12       	push	r4		
    4d1c:	04 41       	mov	r1,	r4	
    4d1e:	24 53       	incd	r4		
  ;
}
    4d20:	34 41       	pop	r4		
    4d22:	30 41       	ret			

00004d24 <end_expe>:


void
end_expe()
{
    4d24:	04 12       	push	r4		
    4d26:	04 41       	mov	r1,	r4	
    4d28:	24 53       	incd	r4		
  ;
}
    4d2a:	34 41       	pop	r4		
    4d2c:	30 41       	ret			

00004d2e <_unexpected_>:
    4d2e:	00 13       	reti			

Disassembly of section .vectors:

0000ffe0 <__ivtbl_16>:
    ffe0:	f8 40 f8 40 f8 40 f8 40 f8 40 f8 40 f8 40 f8 40     .@.@.@.@.@.@.@.@
    fff0:	f8 40 f8 40 f8 40 f8 40 f8 40 f8 40 f8 40 00 40     .@.@.@.@.@.@.@.@
