
piccolo.elf:     file format elf32-msp430

SYMBOL TABLE:
00004000 l    d  .text	00000000 .text
00004902 l    d  .rodata	00000000 .rodata
00001100 l    d  .noinit	00000000 .noinit
0000ffe0 l    d  .vectors	00000000 .vectors
00000000 l    d  .debug_aranges	00000000 .debug_aranges
00000000 l    d  .debug_info	00000000 .debug_info
00000000 l    d  .debug_abbrev	00000000 .debug_abbrev
00000000 l    d  .debug_line	00000000 .debug_line
00000000 l    d  .debug_frame	00000000 .debug_frame
00000000 l    d  .debug_str	00000000 .debug_str
00000000 l    d  .debug_loc	00000000 .debug_loc
00000000 l    d  .debug_ranges	00000000 .debug_ranges
00000000 l    df *ABS*	00000000 piccolo80.c
00004902 l     O .rodata	00000020 sBox
00004922 l     O .rodata	00000020 mul2
00004942 l     O .rodata	00000020 mul3
00004110 l       .text	00000000 __br_unexpected_
00000000 l    df *ABS*	00000000 tools.c
000048a6 g     F .text	0000001a putchar
00000057 g       *ABS*	00000000 __BCSCTL1
0000005a g       *ABS*	00000000 __CACTL2
00000174 g       *ABS*	00000000 __TACCR1
00000084 g       *ABS*	00000000 __ADC12MCTL4
00000000 g       *ABS*	00000000 __data_size
0000015a g       *ABS*	00000000 __ADC12MEM13
00000052 g       *ABS*	00000000 __I2CNDAT
00004110  w      .text	00000000 __isr_14
00000128 g       *ABS*	00000000 __FCTL1
00000024 g       *ABS*	00000000 __P1IES
0000007b g       *ABS*	00000000 __U1MCTL
000001f6 g       *ABS*	00000000 __DMA2SZ
00004110  w      .text	00000000 __isr_4
00000002 g       *ABS*	00000000 __IFG1
00000076 g       *ABS*	00000000 __I2CDRW
0000007e g       *ABS*	00000000 __U1RXBUF
00000138 g       *ABS*	00000000 __OP2
00000076 g       *ABS*	00000000 __U0RXBUF
000001a4 g       *ABS*	00000000 __ADC12IFG
0000012e g       *ABS*	00000000 __TAIV
0000461a g     F .text	000001be FonctionF
000044da g     F .text	00000140 rKS_80
000001e6 g       *ABS*	00000000 __DMA0SZ
00000000 g       .vectors	00000000 _efartext
000048de g     F .text	00000000 __udivhi3
0000007c g       *ABS*	00000000 __U1BR0
00000130 g       *ABS*	00000000 __MPY
00000001 g       *ABS*	00000000 __IE2
0000013a g       *ABS*	00000000 __RESLO
00000136 g       *ABS*	00000000 __MACS
00000087 g       *ABS*	00000000 __ADC12MCTL7
0000002b g       *ABS*	00000000 __P2IFG
0000001a g       *ABS*	00000000 __P3DIR
00004962 g       *ABS*	00000000 _etext
00000190 g       *ABS*	00000000 __TBR
00004114 g     F .text	00000178 Gr
0000001d g       *ABS*	00000000 __P4OUT
000001f4 g       *ABS*	00000000 __DMA2DA
00000000 g       *ABS*	00000000 __bss_size
00000081 g       *ABS*	00000000 __ADC12MCTL1
00004816 g     F .text	0000005e uart1_init
00000152 g       *ABS*	00000000 __ADC12MEM9
00004000  w      .text	00000000 __watchdog_support
0000410a  w      .text	00000000 __stop_progExec__
00000050 g       *ABS*	00000000 __I2CIE
0000002d g       *ABS*	00000000 __P2IE
000001e4 g       *ABS*	00000000 __DMA0DA
00000192 g       *ABS*	00000000 __TBCCR0
00004110  w      .text	00000000 __isr_11
00000186 g       *ABS*	00000000 __TBCCTL2
000048d4 g     F .text	0000000a end_expe
00000025 g       *ABS*	00000000 __P1IE
000001a0 g       *ABS*	00000000 __ADC12CTL0
00000072 g       *ABS*	00000000 __I2CDCTL
00000073 g       *ABS*	00000000 __U0MCTL
0000007a g       *ABS*	00000000 __U1RCTL
00000082 g       *ABS*	00000000 __ADC12MCTL2
0000019c g       *ABS*	00000000 __TBCCR5
00000035 g       *ABS*	00000000 __P6OUT
00000034 g       *ABS*	00000000 __P6IN
000001c8 g       *ABS*	00000000 __DAC12_0DAT
00000182 g       *ABS*	00000000 __TBCCTL0
0000019e g       *ABS*	00000000 __TBCCR6
00004110  w      .text	00000000 __isr_5
00004962 g       *ABS*	00000000 __data_load_start
00004110 g       .text	00000000 __dtors_end
000001ea g       *ABS*	00000000 __DMA1SA
00000088 g       *ABS*	00000000 __ADC12MCTL8
00000166 g       *ABS*	00000000 __TACCTL2
000001f0 g       *ABS*	00000000 __DMA2CTL
00004110  w      .text	00000000 __isr_2
00000156 g       *ABS*	00000000 __ADC12MEM11
00000160 g       *ABS*	00000000 __TACTL
00000158 g       *ABS*	00000000 __ADC12MEM12
00000071 g       *ABS*	00000000 __I2CTCTL
0000012c g       *ABS*	00000000 __FCTL3
00004110  w      .text	00000000 __isr_10
00000148 g       *ABS*	00000000 __ADC12MEM4
0000011a g       *ABS*	00000000 __I2CSA
0000002e g       *ABS*	00000000 __P2SEL
00000180 g       *ABS*	00000000 __TBCTL
0000008d g       *ABS*	00000000 __ADC12MCTL13
0000014c g       *ABS*	00000000 __ADC12MEM6
00000023 g       *ABS*	00000000 __P1IFG
0000013c g       *ABS*	00000000 __RESHI
00000072 g       *ABS*	00000000 __U0RCTL
00000172 g       *ABS*	00000000 __TACCR0
00000071 g       *ABS*	00000000 __U0TCTL
00000056 g       *ABS*	00000000 __DCOCTL
00000085 g       *ABS*	00000000 __ADC12MCTL5
00000003 g       *ABS*	00000000 __IFG2
00000005 g       *ABS*	00000000 __ME2
00001100 g     O .noinit	00000002 __wdt_clear_value
00000079 g       *ABS*	00000000 __U1TCTL
0000001b g       *ABS*	00000000 __P3SEL
000001e0 g       *ABS*	00000000 __DMA0CTL
00004110  w      .text	00000000 __isr_7
0000ffe0 g     O .vectors	00000020 __ivtbl_16
00000028 g       *ABS*	00000000 __P2IN
0000014e g       *ABS*	00000000 __ADC12MEM7
00000184 g       *ABS*	00000000 __TBCCTL1
0000005b g       *ABS*	00000000 __CAPD
0000437c g     F .text	000000b0 RoundPermutation
00000075 g       *ABS*	00000000 __I2CSCLL
000048f8 g     F .text	00000000 __umodhi3
00004110  w      .text	00000000 __isr_0
00000029 g       *ABS*	00000000 __P2OUT
0000012a g       *ABS*	00000000 __FCTL2
00004028  w      .text	00000000 __do_clear_bss
0000008f g       *ABS*	00000000 __ADC12MCTL15
00000021 g       *ABS*	00000000 __P1OUT
0000002c g       *ABS*	00000000 __P2IES
0000015c g       *ABS*	00000000 __ADC12MEM14
00000026 g       *ABS*	00000000 __P1SEL
00000198 g       *ABS*	00000000 __TBCCR3
00000080 g       *ABS*	00000000 __ADC12MCTL0
00000140 g       *ABS*	00000000 __ADC12MEM0
00000074 g       *ABS*	00000000 __U0BR0
00000051 g       *ABS*	00000000 __I2CIFG
0000428c g     F .text	000000f0 Gr_1
00004900  w      .text	00000000 _unexpected_
00004110  w      .text	00000000 __isr_8
0000442c g     F .text	000000ae wKS_80
0000014a g       *ABS*	00000000 __ADC12MEM5
00000070 g       *ABS*	00000000 __U0CTL
0000018a g       *ABS*	00000000 __TBCCTL4
00000073 g       *ABS*	00000000 __I2CPSC
0000008e g       *ABS*	00000000 __ADC12MCTL14
00004110  w      .text	00000000 __isr_3
000001a6 g       *ABS*	00000000 __ADC12IE
00004874 g     F .text	00000032 uart1_putchar
00000144 g       *ABS*	00000000 __ADC12MEM2
000001ee g       *ABS*	00000000 __DMA1SZ
00000033 g       *ABS*	00000000 __P5SEL
000048de g       .text	00000000 __ext_udivmod16
00000030 g       *ABS*	00000000 __P5IN
00004000  w      .text	00000000 _reset_vector__
00004110 g       .text	00000000 __ctors_start
00004110  w      .text	00000000 __isr_12
00000036 g       *ABS*	00000000 __P6DIR
00000018 g       *ABS*	00000000 __P3IN
00004010  w      .text	00000000 __do_copy_data
00000150 g       *ABS*	00000000 __ADC12MEM8
00000142 g       *ABS*	00000000 __ADC12MEM1
00001100 g       .rodata	00000000 __bss_start
0000007d g       *ABS*	00000000 __U1BR1
0000403e g     F .text	000000cc main
00000176 g       *ABS*	00000000 __TACCR2
0000019a g       *ABS*	00000000 __TBCCR4
00004110  w      .text	00000000 __isr_13
00000078 g       *ABS*	00000000 __U1CTL
000001e2 g       *ABS*	00000000 __DMA0SA
00000170 g       *ABS*	00000000 __TAR
00000124 g       *ABS*	00000000 __DMACTL1
0000001e g       *ABS*	00000000 __P4DIR
00000162 g       *ABS*	00000000 __TACCTL0
00010000 g       .vectors	00000000 _vectors_end
00000154 g       *ABS*	00000000 __ADC12MEM10
000001f2 g       *ABS*	00000000 __DMA2SA
0000002a g       *ABS*	00000000 __P2DIR
00000089 g       *ABS*	00000000 __ADC12MCTL9
0000008a g       *ABS*	00000000 __ADC12MCTL10
000047d8 g     F .text	0000003e delay
00000032 g       *ABS*	00000000 __P5DIR
000001c2 g       *ABS*	00000000 __DAC12_1CTL
000001a2 g       *ABS*	00000000 __ADC12CTL1
000001a8 g       *ABS*	00000000 __ADC12IV
000001e8 g       *ABS*	00000000 __DMA1CTL
00000075 g       *ABS*	00000000 __U0BR1
00004110  w      .text	00000000 __isr_9
0000018c g       *ABS*	00000000 __TBCCTL5
0000400c  w      .text	00000000 __init_stack
00000086 g       *ABS*	00000000 __ADC12MCTL6
00000188 g       *ABS*	00000000 __TBCCTL3
00000019 g       *ABS*	00000000 __P3OUT
000001ca g       *ABS*	00000000 __DAC12_1DAT
00004110 g       .text	00000000 __dtors_start
00004110  w      .text	00000000 __isr_6
00004110 g       .text	00000000 __ctors_end
00000132 g       *ABS*	00000000 __MPYS
0000011c g       *ABS*	00000000 __I2CIV
00000004 g       *ABS*	00000000 __ME1
00003900 g       *ABS*	00000000 __stack
00000037 g       *ABS*	00000000 __P6SEL
00004110  w      .text	00000000 __isr_1
0000008c g       *ABS*	00000000 __ADC12MCTL12
00001100 g       .rodata	00000000 _edata
00000077 g       *ABS*	00000000 __U0TXBUF
00001102 g       *ABS*	00000000 _end
00000194 g       *ABS*	00000000 __TBCCR1
0000011e g       *ABS*	00000000 __TBIV
000001c0 g       *ABS*	00000000 __DAC12_0CTL
000048c0 g     F .text	0000000a start_encrypt
0000015e g       *ABS*	00000000 __ADC12MEM15
00000134 g       *ABS*	00000000 __MAC
00000058 g       *ABS*	00000000 __BCSCTL2
0000410a  w      .text	00000000 _endless_loop__
00000122 g       *ABS*	00000000 __DMACTL0
0000001f g       *ABS*	00000000 __P4SEL
00000196 g       *ABS*	00000000 __TBCCR2
00000022 g       *ABS*	00000000 __P1DIR
00000146 g       *ABS*	00000000 __ADC12MEM3
00000076 g       *ABS*	00000000 __I2CDRB
00000118 g       *ABS*	00000000 __I2COA
00000164 g       *ABS*	00000000 __TACCTL1
0000007f g       *ABS*	00000000 __U1TXBUF
00000055 g       *ABS*	00000000 __SVSCTL
00004010  w      .text	00000000 __low_level_init
000048ca g     F .text	0000000a start_decrypt
00001100 g       .rodata	00000000 __data_start
0000018e g       *ABS*	00000000 __TBCCTL6
00000074 g       *ABS*	00000000 __I2CSCLH
000001ec g       *ABS*	00000000 __DMA1DA
00000120 g       *ABS*	00000000 __WDTCTL
00000083 g       *ABS*	00000000 __ADC12MCTL3
00000000 g       *ABS*	00000000 __IE1
00000059 g       *ABS*	00000000 __CACTL1
00000020 g       *ABS*	00000000 __P1IN
0000001c g       *ABS*	00000000 __P4IN
0000008b g       *ABS*	00000000 __ADC12MCTL11
0000013e g       *ABS*	00000000 __SUMEXT
00000031 g       *ABS*	00000000 __P5OUT



Disassembly of section .text:

00004000 <__watchdog_support>:
    4000:	55 42 20 01 	mov.b	&0x0120,r5	
    4004:	35 d0 08 5a 	bis	#23048,	r5	;#0x5a08
    4008:	82 45 00 11 	mov	r5,	&0x1100	

0000400c <__init_stack>:
    400c:	31 40 00 39 	mov	#14592,	r1	;#0x3900

00004010 <__do_copy_data>:
    4010:	3f 40 00 00 	mov	#0,	r15	;#0x0000
    4014:	0f 93       	tst	r15		
    4016:	08 24       	jz	$+18     	;abs 0x4028
    4018:	92 42 00 11 	mov	&0x1100,&0x0120	
    401c:	20 01 
    401e:	2f 83       	decd	r15		
    4020:	9f 4f 62 49 	mov	18786(r15),4352(r15);0x4962(r15), 0x1100(r15)
    4024:	00 11 
    4026:	f8 23       	jnz	$-14     	;abs 0x4018

00004028 <__do_clear_bss>:
    4028:	3f 40 00 00 	mov	#0,	r15	;#0x0000
    402c:	0f 93       	tst	r15		
    402e:	07 24       	jz	$+16     	;abs 0x403e
    4030:	92 42 00 11 	mov	&0x1100,&0x0120	
    4034:	20 01 
    4036:	1f 83       	dec	r15		
    4038:	cf 43 00 11 	mov.b	#0,	4352(r15);r3 As==00, 0x1100(r15)
    403c:	f9 23       	jnz	$-12     	;abs 0x4030

0000403e <main>:
void wKS_80(const u16 *k, u16 *wkDest);
void rKS_80(const u16 *k, u16 *rkDest);
u16 FonctionF(u16 subState);

int main(int argc, char* argv[])
{
    403e:	04 41       	mov	r1,	r4	
    4040:	24 53       	incd	r4		
    4042:	31 50 7e ff 	add	#-130,	r1	;#0xff7e
    4046:	84 4f fa ff 	mov	r15,	-6(r4)	;0xfffa(r4)
    404a:	84 4e fc ff 	mov	r14,	-4(r4)	;0xfffc(r4)
	// ************ Déclarations ************
	u16 text[4]={0xcdef,0x89ab,0x4567,0x0123};
    404e:	b4 40 ef cd 	mov	#-12817,-132(r4);#0xcdef, 0xff7c(r4)
    4052:	7c ff 
    4054:	b4 40 ab 89 	mov	#-30293,-130(r4);#0x89ab, 0xff7e(r4)
    4058:	7e ff 
    405a:	b4 40 67 45 	mov	#17767,	-128(r4);#0x4567, 0xff80(r4)
    405e:	80 ff 
    4060:	b4 40 23 01 	mov	#291,	-126(r4);#0x0123, 0xff82(r4)
    4064:	82 ff 
	u16 k80[5] = {0x0011, 0x2233, 0x4455, 0x6677, 0x8899};
    4066:	b4 40 11 00 	mov	#17,	-124(r4);#0x0011, 0xff84(r4)
    406a:	84 ff 
    406c:	b4 40 33 22 	mov	#8755,	-122(r4);#0x2233, 0xff86(r4)
    4070:	86 ff 
    4072:	b4 40 55 44 	mov	#17493,	-120(r4);#0x4455, 0xff88(r4)
    4076:	88 ff 
    4078:	b4 40 77 66 	mov	#26231,	-118(r4);#0x6677, 0xff8a(r4)
    407c:	8a ff 
    407e:	b4 40 99 88 	mov	#-30567,-116(r4);#0x8899, 0xff8c(r4)
    4082:	8c ff 

	
	// ****************************************
	//			Test clé 80 bits
	// ****************************************
	START_ENCRYPT();
    4084:	b0 12 c0 48 	call	#0x48c0	
	wKS_80(k80,wk);
    4088:	0e 44       	mov	r4,	r14	
    408a:	3e 50 8e ff 	add	#-114,	r14	;#0xff8e
    408e:	0f 44       	mov	r4,	r15	
    4090:	3f 50 84 ff 	add	#-124,	r15	;#0xff84
    4094:	b0 12 2c 44 	call	#0x442c	
	rKS_80(k80,rk);
    4098:	0e 44       	mov	r4,	r14	
    409a:	3e 50 96 ff 	add	#-106,	r14	;#0xff96
    409e:	0f 44       	mov	r4,	r15	
    40a0:	3f 50 84 ff 	add	#-124,	r15	;#0xff84
    40a4:	b0 12 da 44 	call	#0x44da	

	// ************ Vérification chiffrement ************

	Gr(text, wk, rk);
    40a8:	0e 44       	mov	r4,	r14	
    40aa:	3e 50 96 ff 	add	#-106,	r14	;#0xff96
    40ae:	0f 44       	mov	r4,	r15	
    40b0:	3f 50 8e ff 	add	#-114,	r15	;#0xff8e
    40b4:	0d 4e       	mov	r14,	r13	
    40b6:	0e 4f       	mov	r15,	r14	
    40b8:	0f 44       	mov	r4,	r15	
    40ba:	3f 50 7c ff 	add	#-132,	r15	;#0xff7c
    40be:	b0 12 14 41 	call	#0x4114	
	printf("Verification avec la cle de 80 bits \n\nLe chiffrement donne : \n");
	printf("8d2b ff99 35f8 4056\n");
	ps(text);
#endif
	// ************ Controle du déchiffrement ************
	START_DECRYPT();
    40c2:	b0 12 ca 48 	call	#0x48ca	
	wKS_80(k80,wk);
    40c6:	0e 44       	mov	r4,	r14	
    40c8:	3e 50 8e ff 	add	#-114,	r14	;#0xff8e
    40cc:	0f 44       	mov	r4,	r15	
    40ce:	3f 50 84 ff 	add	#-124,	r15	;#0xff84
    40d2:	b0 12 2c 44 	call	#0x442c	
	rKS_80(k80,rk);
    40d6:	0e 44       	mov	r4,	r14	
    40d8:	3e 50 96 ff 	add	#-106,	r14	;#0xff96
    40dc:	0f 44       	mov	r4,	r15	
    40de:	3f 50 84 ff 	add	#-124,	r15	;#0xff84
    40e2:	b0 12 da 44 	call	#0x44da	
	Gr_1(text, wk, rk);
    40e6:	0e 44       	mov	r4,	r14	
    40e8:	3e 50 96 ff 	add	#-106,	r14	;#0xff96
    40ec:	0f 44       	mov	r4,	r15	
    40ee:	3f 50 8e ff 	add	#-114,	r15	;#0xff8e
    40f2:	0d 4e       	mov	r14,	r13	
    40f4:	0e 4f       	mov	r15,	r14	
    40f6:	0f 44       	mov	r4,	r15	
    40f8:	3f 50 7c ff 	add	#-132,	r15	;#0xff7c
    40fc:	b0 12 8c 42 	call	#0x428c	
#ifdef PRINT
	printf("Controle du dechiffrement : \n\n");
	ps(text);
#endif
	END_EXPE();
    4100:	b0 12 d4 48 	call	#0x48d4	
	return 0;
    4104:	0f 43       	clr	r15		
}
    4106:	31 50 82 00 	add	#130,	r1	;#0x0082

0000410a <__stop_progExec__>:
    410a:	32 d0 f0 00 	bis	#240,	r2	;#0x00f0
    410e:	fd 3f       	jmp	$-4      	;abs 0x410a

00004110 <__ctors_end>:
    4110:	30 40 00 49 	br	#0x4900	

00004114 <Gr>:

// Fonction de chiffrement
void Gr(u16 *state, const u16 *wk, const u16 *rk)
{
    4114:	0b 12       	push	r11		
    4116:	0a 12       	push	r10		
    4118:	04 12       	push	r4		
    411a:	04 41       	mov	r1,	r4	
    411c:	34 50 06 00 	add	#6,	r4	;#0x0006
    4120:	31 82       	sub	#8,	r1	;r2 As==11
    4122:	84 4f f4 ff 	mov	r15,	-12(r4)	;0xfff4(r4)
    4126:	84 4e f6 ff 	mov	r14,	-10(r4)	;0xfff6(r4)
    412a:	84 4d f8 ff 	mov	r13,	-8(r4)	;0xfff8(r4)
	u16 round;
	// Premier Wk 
	state[3] ^= wk[0];
    412e:	1f 44 f4 ff 	mov	-12(r4),r15	;0xfff4(r4)
    4132:	3f 50 06 00 	add	#6,	r15	;#0x0006
    4136:	1e 44 f4 ff 	mov	-12(r4),r14	;0xfff4(r4)
    413a:	3e 50 06 00 	add	#6,	r14	;#0x0006
    413e:	2d 4e       	mov	@r14,	r13	
    4140:	1e 44 f6 ff 	mov	-10(r4),r14	;0xfff6(r4)
    4144:	2e 4e       	mov	@r14,	r14	
    4146:	0e ed       	xor	r13,	r14	
    4148:	8f 4e 00 00 	mov	r14,	0(r15)	;0x0000(r15)
	state[1] ^= wk[1];
    414c:	1f 44 f4 ff 	mov	-12(r4),r15	;0xfff4(r4)
    4150:	2f 53       	incd	r15		
    4152:	1e 44 f4 ff 	mov	-12(r4),r14	;0xfff4(r4)
    4156:	2e 53       	incd	r14		
    4158:	2d 4e       	mov	@r14,	r13	
    415a:	1e 44 f6 ff 	mov	-10(r4),r14	;0xfff6(r4)
    415e:	2e 53       	incd	r14		
    4160:	2e 4e       	mov	@r14,	r14	
    4162:	0e ed       	xor	r13,	r14	
    4164:	8f 4e 00 00 	mov	r14,	0(r15)	;0x0000(r15)
	for(round = 0; round <= (NBROUND - 2); round++)
    4168:	84 43 f2 ff 	mov	#0,	-14(r4)	;r3 As==00, 0xfff2(r4)
    416c:	39 3c       	jmp	$+116    	;abs 0x41e0
	{
		state[2] ^= (FonctionF(state[3]) ^ rk[2 * round]);
    416e:	1b 44 f4 ff 	mov	-12(r4),r11	;0xfff4(r4)
    4172:	2b 52       	add	#4,	r11	;r2 As==10
    4174:	1f 44 f4 ff 	mov	-12(r4),r15	;0xfff4(r4)
    4178:	2f 52       	add	#4,	r15	;r2 As==10
    417a:	2a 4f       	mov	@r15,	r10	
    417c:	1f 44 f4 ff 	mov	-12(r4),r15	;0xfff4(r4)
    4180:	3f 50 06 00 	add	#6,	r15	;#0x0006
    4184:	2f 4f       	mov	@r15,	r15	
    4186:	b0 12 1a 46 	call	#0x461a	
    418a:	0e 4f       	mov	r15,	r14	
    418c:	1f 44 f2 ff 	mov	-14(r4),r15	;0xfff2(r4)
    4190:	0f 5f       	rla	r15		
    4192:	0f 5f       	rla	r15		
    4194:	1f 54 f8 ff 	add	-8(r4),	r15	;0xfff8(r4)
    4198:	2f 4f       	mov	@r15,	r15	
    419a:	0f ee       	xor	r14,	r15	
    419c:	0f ea       	xor	r10,	r15	
    419e:	8b 4f 00 00 	mov	r15,	0(r11)	;0x0000(r11)
		state[0] ^= (FonctionF(state[1]) ^ rk[2 * round + 1]);
    41a2:	1f 44 f4 ff 	mov	-12(r4),r15	;0xfff4(r4)
    41a6:	2b 4f       	mov	@r15,	r11	
    41a8:	1f 44 f4 ff 	mov	-12(r4),r15	;0xfff4(r4)
    41ac:	2f 53       	incd	r15		
    41ae:	2f 4f       	mov	@r15,	r15	
    41b0:	b0 12 1a 46 	call	#0x461a	
    41b4:	0e 4f       	mov	r15,	r14	
    41b6:	1f 44 f2 ff 	mov	-14(r4),r15	;0xfff2(r4)
    41ba:	0f 5f       	rla	r15		
    41bc:	0f 5f       	rla	r15		
    41be:	2f 53       	incd	r15		
    41c0:	1f 54 f8 ff 	add	-8(r4),	r15	;0xfff8(r4)
    41c4:	2f 4f       	mov	@r15,	r15	
    41c6:	0f ee       	xor	r14,	r15	
    41c8:	0e 4b       	mov	r11,	r14	
    41ca:	0e ef       	xor	r15,	r14	
    41cc:	1f 44 f4 ff 	mov	-12(r4),r15	;0xfff4(r4)
    41d0:	8f 4e 00 00 	mov	r14,	0(r15)	;0x0000(r15)

		RoundPermutation(state);
    41d4:	1f 44 f4 ff 	mov	-12(r4),r15	;0xfff4(r4)
    41d8:	b0 12 7c 43 	call	#0x437c	
{
	u16 round;
	// Premier Wk 
	state[3] ^= wk[0];
	state[1] ^= wk[1];
	for(round = 0; round <= (NBROUND - 2); round++)
    41dc:	94 53 f2 ff 	inc	-14(r4)	;0xfff2(r4)
    41e0:	b4 90 18 00 	cmp	#24,	-14(r4)	;#0x0018, 0xfff2(r4)
    41e4:	f2 ff 
    41e6:	c3 2b       	jnc	$-120    	;abs 0x416e
		state[2] ^= (FonctionF(state[3]) ^ rk[2 * round]);
		state[0] ^= (FonctionF(state[1]) ^ rk[2 * round + 1]);

		RoundPermutation(state);
	}
	state[2] ^= (FonctionF(state[3]) ^ rk[2 * NBROUND - 2]);
    41e8:	1b 44 f4 ff 	mov	-12(r4),r11	;0xfff4(r4)
    41ec:	2b 52       	add	#4,	r11	;r2 As==10
    41ee:	1f 44 f4 ff 	mov	-12(r4),r15	;0xfff4(r4)
    41f2:	2f 52       	add	#4,	r15	;r2 As==10
    41f4:	2a 4f       	mov	@r15,	r10	
    41f6:	1f 44 f4 ff 	mov	-12(r4),r15	;0xfff4(r4)
    41fa:	3f 50 06 00 	add	#6,	r15	;#0x0006
    41fe:	2f 4f       	mov	@r15,	r15	
    4200:	b0 12 1a 46 	call	#0x461a	
    4204:	0e 4f       	mov	r15,	r14	
    4206:	1f 44 f8 ff 	mov	-8(r4),	r15	;0xfff8(r4)
    420a:	3f 50 60 00 	add	#96,	r15	;#0x0060
    420e:	2f 4f       	mov	@r15,	r15	
    4210:	0f ee       	xor	r14,	r15	
    4212:	0f ea       	xor	r10,	r15	
    4214:	8b 4f 00 00 	mov	r15,	0(r11)	;0x0000(r11)
	state[0] ^= (FonctionF(state[1]) ^ rk[2 * NBROUND - 1]);
    4218:	1f 44 f4 ff 	mov	-12(r4),r15	;0xfff4(r4)
    421c:	2b 4f       	mov	@r15,	r11	
    421e:	1f 44 f4 ff 	mov	-12(r4),r15	;0xfff4(r4)
    4222:	2f 53       	incd	r15		
    4224:	2f 4f       	mov	@r15,	r15	
    4226:	b0 12 1a 46 	call	#0x461a	
    422a:	0e 4f       	mov	r15,	r14	
    422c:	1f 44 f8 ff 	mov	-8(r4),	r15	;0xfff8(r4)
    4230:	3f 50 62 00 	add	#98,	r15	;#0x0062
    4234:	2f 4f       	mov	@r15,	r15	
    4236:	0f ee       	xor	r14,	r15	
    4238:	0e 4b       	mov	r11,	r14	
    423a:	0e ef       	xor	r15,	r14	
    423c:	1f 44 f4 ff 	mov	-12(r4),r15	;0xfff4(r4)
    4240:	8f 4e 00 00 	mov	r14,	0(r15)	;0x0000(r15)
	
	// Deuxième Wk
	state[3] ^= wk[2];
    4244:	1f 44 f4 ff 	mov	-12(r4),r15	;0xfff4(r4)
    4248:	3f 50 06 00 	add	#6,	r15	;#0x0006
    424c:	1e 44 f4 ff 	mov	-12(r4),r14	;0xfff4(r4)
    4250:	3e 50 06 00 	add	#6,	r14	;#0x0006
    4254:	2d 4e       	mov	@r14,	r13	
    4256:	1e 44 f6 ff 	mov	-10(r4),r14	;0xfff6(r4)
    425a:	2e 52       	add	#4,	r14	;r2 As==10
    425c:	2e 4e       	mov	@r14,	r14	
    425e:	0e ed       	xor	r13,	r14	
    4260:	8f 4e 00 00 	mov	r14,	0(r15)	;0x0000(r15)
	state[1] ^= wk[3];
    4264:	1f 44 f4 ff 	mov	-12(r4),r15	;0xfff4(r4)
    4268:	2f 53       	incd	r15		
    426a:	1e 44 f4 ff 	mov	-12(r4),r14	;0xfff4(r4)
    426e:	2e 53       	incd	r14		
    4270:	2d 4e       	mov	@r14,	r13	
    4272:	1e 44 f6 ff 	mov	-10(r4),r14	;0xfff6(r4)
    4276:	3e 50 06 00 	add	#6,	r14	;#0x0006
    427a:	2e 4e       	mov	@r14,	r14	
    427c:	0e ed       	xor	r13,	r14	
    427e:	8f 4e 00 00 	mov	r14,	0(r15)	;0x0000(r15)
	
	return;
}
    4282:	31 52       	add	#8,	r1	;r2 As==11
    4284:	34 41       	pop	r4		
    4286:	3a 41       	pop	r10		
    4288:	3b 41       	pop	r11		
    428a:	30 41       	ret			

0000428c <Gr_1>:

// Fonction de déchiffrement
void Gr_1(u16 *state, const u16 *wk, const u16 *rk)
{
    428c:	04 12       	push	r4		
    428e:	04 41       	mov	r1,	r4	
    4290:	24 53       	incd	r4		
    4292:	31 50 8c ff 	add	#-116,	r1	;#0xff8c
    4296:	84 4f f8 ff 	mov	r15,	-8(r4)	;0xfff8(r4)
    429a:	84 4e fa ff 	mov	r14,	-6(r4)	;0xfffa(r4)
    429e:	84 4d fc ff 	mov	r13,	-4(r4)	;0xfffc(r4)
  u16 wk_1[4];
  u16 rk_1[2*NBROUND];
  
  u16 i;
  
  wk_1[0] = wk[2];
    42a2:	1f 44 fa ff 	mov	-6(r4),	r15	;0xfffa(r4)
    42a6:	1f 4f 04 00 	mov	4(r15),	r15	;0x0004(r15)
    42aa:	84 4f 8c ff 	mov	r15,	-116(r4);0xff8c(r4)
  wk_1[1] = wk[3];
    42ae:	1f 44 fa ff 	mov	-6(r4),	r15	;0xfffa(r4)
    42b2:	1f 4f 06 00 	mov	6(r15),	r15	;0x0006(r15)
    42b6:	84 4f 8e ff 	mov	r15,	-114(r4);0xff8e(r4)
  wk_1[2] = wk[0];
    42ba:	1f 44 fa ff 	mov	-6(r4),	r15	;0xfffa(r4)
    42be:	2f 4f       	mov	@r15,	r15	
    42c0:	84 4f 90 ff 	mov	r15,	-112(r4);0xff90(r4)
  wk_1[3] = wk[1];
    42c4:	1f 44 fa ff 	mov	-6(r4),	r15	;0xfffa(r4)
    42c8:	1f 4f 02 00 	mov	2(r15),	r15	;0x0002(r15)
    42cc:	84 4f 92 ff 	mov	r15,	-110(r4);0xff92(r4)

  for(i=0; i<NBROUND; i++)
    42d0:	84 43 8a ff 	mov	#0,	-118(r4);r3 As==00, 0xff8a(r4)
    42d4:	3f 3c       	jmp	$+128    	;abs 0x4354
  {
    rk_1[2*i] = rk[2*NBROUND - 2*i - 2 + (i%2)];
    42d6:	1f 44 8a ff 	mov	-118(r4),r15	;0xff8a(r4)
    42da:	0f 5f       	rla	r15		
    42dc:	1d 44 8a ff 	mov	-118(r4),r13	;0xff8a(r4)
    42e0:	0e 43       	clr	r14		
    42e2:	0e 8d       	sub	r13,	r14	
    42e4:	0e 5e       	rla	r14		
    42e6:	0d 4e       	mov	r14,	r13	
    42e8:	1e 44 8a ff 	mov	-118(r4),r14	;0xff8a(r4)
    42ec:	1e f3       	and	#1,	r14	;r3 As==01
    42ee:	0e 5d       	add	r13,	r14	
    42f0:	3e 50 30 00 	add	#48,	r14	;#0x0030
    42f4:	0e 5e       	rla	r14		
    42f6:	1e 54 fc ff 	add	-4(r4),	r14	;0xfffc(r4)
    42fa:	2e 4e       	mov	@r14,	r14	
    42fc:	0f 5f       	rla	r15		
    42fe:	3c 40 8a ff 	mov	#-118,	r12	;#0xff8a
    4302:	0c 54       	add	r4,	r12	
    4304:	0f 5c       	add	r12,	r15	
    4306:	3f 50 0a 00 	add	#10,	r15	;#0x000a
    430a:	8f 4e 00 00 	mov	r14,	0(r15)	;0x0000(r15)
    rk_1[2*i+1] = rk[2*NBROUND - 2*i -1 - (i%2)];
    430e:	1f 44 8a ff 	mov	-118(r4),r15	;0xff8a(r4)
    4312:	0f 5f       	rla	r15		
    4314:	0d 4f       	mov	r15,	r13	
    4316:	1d 53       	inc	r13		
    4318:	1e 44 8a ff 	mov	-118(r4),r14	;0xff8a(r4)
    431c:	0f 43       	clr	r15		
    431e:	0f 8e       	sub	r14,	r15	
    4320:	0f 5f       	rla	r15		
    4322:	0e 4f       	mov	r15,	r14	
    4324:	1f 44 8a ff 	mov	-118(r4),r15	;0xff8a(r4)
    4328:	1f f3       	and	#1,	r15	;r3 As==01
    432a:	0c 4e       	mov	r14,	r12	
    432c:	0c 8f       	sub	r15,	r12	
    432e:	0f 4c       	mov	r12,	r15	
    4330:	3f 50 31 00 	add	#49,	r15	;#0x0031
    4334:	0f 5f       	rla	r15		
    4336:	1f 54 fc ff 	add	-4(r4),	r15	;0xfffc(r4)
    433a:	2e 4f       	mov	@r15,	r14	
    433c:	0f 4d       	mov	r13,	r15	
    433e:	0f 5f       	rla	r15		
    4340:	3d 40 8a ff 	mov	#-118,	r13	;#0xff8a
    4344:	0d 54       	add	r4,	r13	
    4346:	0f 5d       	add	r13,	r15	
    4348:	3f 50 0a 00 	add	#10,	r15	;#0x000a
    434c:	8f 4e 00 00 	mov	r14,	0(r15)	;0x0000(r15)
  wk_1[0] = wk[2];
  wk_1[1] = wk[3];
  wk_1[2] = wk[0];
  wk_1[3] = wk[1];

  for(i=0; i<NBROUND; i++)
    4350:	94 53 8a ff 	inc	-118(r4)	;0xff8a(r4)
    4354:	b4 90 19 00 	cmp	#25,	-118(r4);#0x0019, 0xff8a(r4)
    4358:	8a ff 
    435a:	bd 2b       	jnc	$-132    	;abs 0x42d6
  {
    rk_1[2*i] = rk[2*NBROUND - 2*i - 2 + (i%2)];
    rk_1[2*i+1] = rk[2*NBROUND - 2*i -1 - (i%2)];
  }

  Gr(state,wk_1,rk_1);
    435c:	0e 44       	mov	r4,	r14	
    435e:	3e 50 94 ff 	add	#-108,	r14	;#0xff94
    4362:	0f 44       	mov	r4,	r15	
    4364:	3f 50 8c ff 	add	#-116,	r15	;#0xff8c
    4368:	0d 4e       	mov	r14,	r13	
    436a:	0e 4f       	mov	r15,	r14	
    436c:	1f 44 f8 ff 	mov	-8(r4),	r15	;0xfff8(r4)
    4370:	b0 12 14 41 	call	#0x4114	

  return;
}
    4374:	31 50 74 00 	add	#116,	r1	;#0x0074
    4378:	34 41       	pop	r4		
    437a:	30 41       	ret			

0000437c <RoundPermutation>:

void RoundPermutation(u16 *chaine)
{
    437c:	04 12       	push	r4		
    437e:	04 41       	mov	r1,	r4	
    4380:	24 53       	incd	r4		
    4382:	31 50 fa ff 	add	#-6,	r1	;#0xfffa
    4386:	84 4f fc ff 	mov	r15,	-4(r4)	;0xfffc(r4)
	u16 temp_0 = chaine[0];
    438a:	1f 44 fc ff 	mov	-4(r4),	r15	;0xfffc(r4)
    438e:	a4 4f f8 ff 	mov	@r15,	-8(r4)	;0xfff8(r4)
	u16 temp_2 = chaine[2];
    4392:	1f 44 fc ff 	mov	-4(r4),	r15	;0xfffc(r4)
    4396:	94 4f 04 00 	mov	4(r15),	-6(r4)	;0x0004(r15), 0xfffa(r4)
    439a:	fa ff 
	
	chaine[0]= (chaine[3] & 0xFF00) | (chaine[1] & 0x00FF);
    439c:	1f 44 fc ff 	mov	-4(r4),	r15	;0xfffc(r4)
    43a0:	3f 50 06 00 	add	#6,	r15	;#0x0006
    43a4:	2f 4f       	mov	@r15,	r15	
    43a6:	0e 4f       	mov	r15,	r14	
    43a8:	3e f0 00 ff 	and	#-256,	r14	;#0xff00
    43ac:	1f 44 fc ff 	mov	-4(r4),	r15	;0xfffc(r4)
    43b0:	2f 53       	incd	r15		
    43b2:	2f 4f       	mov	@r15,	r15	
    43b4:	3f f0 ff 00 	and	#255,	r15	;#0x00ff
    43b8:	0e df       	bis	r15,	r14	
    43ba:	1f 44 fc ff 	mov	-4(r4),	r15	;0xfffc(r4)
    43be:	8f 4e 00 00 	mov	r14,	0(r15)	;0x0000(r15)
	chaine[2]= (chaine[1] & 0xFF00) | (chaine[3] & 0x00FF);
    43c2:	1f 44 fc ff 	mov	-4(r4),	r15	;0xfffc(r4)
    43c6:	2f 52       	add	#4,	r15	;r2 As==10
    43c8:	1e 44 fc ff 	mov	-4(r4),	r14	;0xfffc(r4)
    43cc:	2e 53       	incd	r14		
    43ce:	2e 4e       	mov	@r14,	r14	
    43d0:	0d 4e       	mov	r14,	r13	
    43d2:	3d f0 00 ff 	and	#-256,	r13	;#0xff00
    43d6:	1e 44 fc ff 	mov	-4(r4),	r14	;0xfffc(r4)
    43da:	3e 50 06 00 	add	#6,	r14	;#0x0006
    43de:	2e 4e       	mov	@r14,	r14	
    43e0:	3e f0 ff 00 	and	#255,	r14	;#0x00ff
    43e4:	0e dd       	bis	r13,	r14	
    43e6:	8f 4e 00 00 	mov	r14,	0(r15)	;0x0000(r15)
	
	chaine[1]= (temp_0 & 0xFF00) | (temp_2 & 0x00FF);
    43ea:	1f 44 fc ff 	mov	-4(r4),	r15	;0xfffc(r4)
    43ee:	2f 53       	incd	r15		
    43f0:	1d 44 f8 ff 	mov	-8(r4),	r13	;0xfff8(r4)
    43f4:	3d f0 00 ff 	and	#-256,	r13	;#0xff00
    43f8:	1e 44 fa ff 	mov	-6(r4),	r14	;0xfffa(r4)
    43fc:	3e f0 ff 00 	and	#255,	r14	;#0x00ff
    4400:	0e dd       	bis	r13,	r14	
    4402:	8f 4e 00 00 	mov	r14,	0(r15)	;0x0000(r15)
	chaine[3]= (temp_2 & 0xFF00) | (temp_0 & 0x00FF);
    4406:	1f 44 fc ff 	mov	-4(r4),	r15	;0xfffc(r4)
    440a:	3f 50 06 00 	add	#6,	r15	;#0x0006
    440e:	1d 44 fa ff 	mov	-6(r4),	r13	;0xfffa(r4)
    4412:	3d f0 00 ff 	and	#-256,	r13	;#0xff00
    4416:	1e 44 f8 ff 	mov	-8(r4),	r14	;0xfff8(r4)
    441a:	3e f0 ff 00 	and	#255,	r14	;#0x00ff
    441e:	0e dd       	bis	r13,	r14	
    4420:	8f 4e 00 00 	mov	r14,	0(r15)	;0x0000(r15)

	return;
}
    4424:	31 50 06 00 	add	#6,	r1	;#0x0006
    4428:	34 41       	pop	r4		
    442a:	30 41       	ret			

0000442c <wKS_80>:

void wKS_80(const u16 *k, u16 *wkDest) 
{
    442c:	04 12       	push	r4		
    442e:	04 41       	mov	r1,	r4	
    4430:	24 53       	incd	r4		
    4432:	21 82       	sub	#4,	r1	;r2 As==10
    4434:	84 4f fa ff 	mov	r15,	-6(r4)	;0xfffa(r4)
    4438:	84 4e fc ff 	mov	r14,	-4(r4)	;0xfffc(r4)
  wkDest[0] = (k[1] & 0x00FF) | (k[0] & 0xFF00);
    443c:	1f 44 fa ff 	mov	-6(r4),	r15	;0xfffa(r4)
    4440:	2f 53       	incd	r15		
    4442:	2f 4f       	mov	@r15,	r15	
    4444:	0e 4f       	mov	r15,	r14	
    4446:	3e f0 ff 00 	and	#255,	r14	;#0x00ff
    444a:	1f 44 fa ff 	mov	-6(r4),	r15	;0xfffa(r4)
    444e:	2f 4f       	mov	@r15,	r15	
    4450:	3f f0 00 ff 	and	#-256,	r15	;#0xff00
    4454:	0e df       	bis	r15,	r14	
    4456:	1f 44 fc ff 	mov	-4(r4),	r15	;0xfffc(r4)
    445a:	8f 4e 00 00 	mov	r14,	0(r15)	;0x0000(r15)
  wkDest[1] = (k[0] & 0x00FF) | (k[1] & 0xFF00);
    445e:	1f 44 fc ff 	mov	-4(r4),	r15	;0xfffc(r4)
    4462:	2f 53       	incd	r15		
    4464:	1e 44 fa ff 	mov	-6(r4),	r14	;0xfffa(r4)
    4468:	2e 4e       	mov	@r14,	r14	
    446a:	0d 4e       	mov	r14,	r13	
    446c:	3d f0 ff 00 	and	#255,	r13	;#0x00ff
    4470:	1e 44 fa ff 	mov	-6(r4),	r14	;0xfffa(r4)
    4474:	2e 53       	incd	r14		
    4476:	2e 4e       	mov	@r14,	r14	
    4478:	3e f0 00 ff 	and	#-256,	r14	;#0xff00
    447c:	0e dd       	bis	r13,	r14	
    447e:	8f 4e 00 00 	mov	r14,	0(r15)	;0x0000(r15)
  wkDest[2] = (k[3] & 0x00FF) | (k[4] & 0xFF00);
    4482:	1f 44 fc ff 	mov	-4(r4),	r15	;0xfffc(r4)
    4486:	2f 52       	add	#4,	r15	;r2 As==10
    4488:	1e 44 fa ff 	mov	-6(r4),	r14	;0xfffa(r4)
    448c:	3e 50 06 00 	add	#6,	r14	;#0x0006
    4490:	2e 4e       	mov	@r14,	r14	
    4492:	0d 4e       	mov	r14,	r13	
    4494:	3d f0 ff 00 	and	#255,	r13	;#0x00ff
    4498:	1e 44 fa ff 	mov	-6(r4),	r14	;0xfffa(r4)
    449c:	3e 52       	add	#8,	r14	;r2 As==11
    449e:	2e 4e       	mov	@r14,	r14	
    44a0:	3e f0 00 ff 	and	#-256,	r14	;#0xff00
    44a4:	0e dd       	bis	r13,	r14	
    44a6:	8f 4e 00 00 	mov	r14,	0(r15)	;0x0000(r15)
  wkDest[3] = (k[4] & 0x00FF) | (k[3] & 0xFF00);
    44aa:	1f 44 fc ff 	mov	-4(r4),	r15	;0xfffc(r4)
    44ae:	3f 50 06 00 	add	#6,	r15	;#0x0006
    44b2:	1e 44 fa ff 	mov	-6(r4),	r14	;0xfffa(r4)
    44b6:	3e 52       	add	#8,	r14	;r2 As==11
    44b8:	2e 4e       	mov	@r14,	r14	
    44ba:	0d 4e       	mov	r14,	r13	
    44bc:	3d f0 ff 00 	and	#255,	r13	;#0x00ff
    44c0:	1e 44 fa ff 	mov	-6(r4),	r14	;0xfffa(r4)
    44c4:	3e 50 06 00 	add	#6,	r14	;#0x0006
    44c8:	2e 4e       	mov	@r14,	r14	
    44ca:	3e f0 00 ff 	and	#-256,	r14	;#0xff00
    44ce:	0e dd       	bis	r13,	r14	
    44d0:	8f 4e 00 00 	mov	r14,	0(r15)	;0x0000(r15)
  return;
}
    44d4:	21 52       	add	#4,	r1	;r2 As==10
    44d6:	34 41       	pop	r4		
    44d8:	30 41       	ret			

000044da <rKS_80>:

void rKS_80(const u16 *k, u16 *rkDest)
{
    44da:	04 12       	push	r4		
    44dc:	04 41       	mov	r1,	r4	
    44de:	24 53       	incd	r4		
    44e0:	31 50 e8 ff 	add	#-24,	r1	;#0xffe8
    44e4:	84 4f fa ff 	mov	r15,	-6(r4)	;0xfffa(r4)
    44e8:	84 4e fc ff 	mov	r14,	-4(r4)	;0xfffc(r4)
  u16 i;
  u16 tmp;
  u16 con[2];
  const u8 rkEvenBox[5]={2,0,2,4,0};
    44ec:	e4 43 f0 ff 	mov.b	#2,	-16(r4)	;r3 As==10, 0xfff0(r4)
    44f0:	c4 43 f1 ff 	mov.b	#0,	-15(r4)	;r3 As==00, 0xfff1(r4)
    44f4:	e4 43 f2 ff 	mov.b	#2,	-14(r4)	;r3 As==10, 0xfff2(r4)
    44f8:	e4 42 f3 ff 	mov.b	#4,	-13(r4)	;r2 As==10, 0xfff3(r4)
    44fc:	c4 43 f4 ff 	mov.b	#0,	-12(r4)	;r3 As==00, 0xfff4(r4)
  const u8 rkOddBox[5]={3,1,3,4,1};
    4500:	f4 40 03 00 	mov.b	#3,	-11(r4)	;#0x0003, 0xfff5(r4)
    4504:	f5 ff 
    4506:	d4 43 f6 ff 	mov.b	#1,	-10(r4)	;r3 As==01, 0xfff6(r4)
    450a:	f4 40 03 00 	mov.b	#3,	-9(r4)	;#0x0003, 0xfff7(r4)
    450e:	f7 ff 
    4510:	e4 42 f8 ff 	mov.b	#4,	-8(r4)	;r2 As==10, 0xfff8(r4)
    4514:	d4 43 f9 ff 	mov.b	#1,	-7(r4)	;r3 As==01, 0xfff9(r4)
  u8 mod;

  for (i=0; i<NBROUND; i++)
    4518:	84 43 e6 ff 	mov	#0,	-26(r4)	;r3 As==00, 0xffe6(r4)
    451c:	76 3c       	jmp	$+238    	;abs 0x460a
  {
    tmp = ((i + 1) << 10) | (i + 1);
    451e:	1f 44 e6 ff 	mov	-26(r4),r15	;0xffe6(r4)
    4522:	1f 53       	inc	r15		
    4524:	4f 4f       	mov.b	r15,	r15	
    4526:	8f 10       	swpb	r15		
    4528:	0f 5f       	rla	r15		
    452a:	0f 5f       	rla	r15		
    452c:	1e 44 e6 ff 	mov	-26(r4),r14	;0xffe6(r4)
    4530:	1e 53       	inc	r14		
    4532:	0d 4f       	mov	r15,	r13	
    4534:	0d de       	bis	r14,	r13	
    4536:	84 4d e8 ff 	mov	r13,	-24(r4)	;0xffe8(r4)
    con[0]= tmp ^ 0x2D3C;
    453a:	1f 44 e8 ff 	mov	-24(r4),r15	;0xffe8(r4)
    453e:	3f e0 3c 2d 	xor	#11580,	r15	;#0x2d3c
    4542:	84 4f ec ff 	mov	r15,	-20(r4)	;0xffec(r4)
    con[1]= (tmp<<1) ^ 0x0F1E;
    4546:	1f 44 e8 ff 	mov	-24(r4),r15	;0xffe8(r4)
    454a:	0f 5f       	rla	r15		
    454c:	3f e0 1e 0f 	xor	#3870,	r15	;#0x0f1e
    4550:	84 4f ee ff 	mov	r15,	-18(r4)	;0xffee(r4)
	
    rkDest[i<<1] = con[1];
    4554:	1f 44 e6 ff 	mov	-26(r4),r15	;0xffe6(r4)
    4558:	0f 5f       	rla	r15		
    455a:	0f 5f       	rla	r15		
    455c:	1f 54 fc ff 	add	-4(r4),	r15	;0xfffc(r4)
    4560:	1e 44 ee ff 	mov	-18(r4),r14	;0xffee(r4)
    4564:	8f 4e 00 00 	mov	r14,	0(r15)	;0x0000(r15)
    rkDest[(i<<1)+1] = con[0];
    4568:	1f 44 e6 ff 	mov	-26(r4),r15	;0xffe6(r4)
    456c:	0f 5f       	rla	r15		
    456e:	0f 5f       	rla	r15		
    4570:	2f 53       	incd	r15		
    4572:	1f 54 fc ff 	add	-4(r4),	r15	;0xfffc(r4)
    4576:	1e 44 ec ff 	mov	-20(r4),r14	;0xffec(r4)
    457a:	8f 4e 00 00 	mov	r14,	0(r15)	;0x0000(r15)

	mod=i%5;
    457e:	1f 44 e6 ff 	mov	-26(r4),r15	;0xffe6(r4)
    4582:	3e 40 05 00 	mov	#5,	r14	;#0x0005
    4586:	b0 12 f8 48 	call	#0x48f8	
    458a:	c4 4f ea ff 	mov.b	r15,	-22(r4)	;0xffea(r4)
    rkDest[2*i] ^= k[rkEvenBox[mod]];
    458e:	1f 44 e6 ff 	mov	-26(r4),r15	;0xffe6(r4)
    4592:	0f 5f       	rla	r15		
    4594:	0f 5f       	rla	r15		
    4596:	1e 44 fc ff 	mov	-4(r4),	r14	;0xfffc(r4)
    459a:	0e 5f       	add	r15,	r14	
    459c:	1f 44 e6 ff 	mov	-26(r4),r15	;0xffe6(r4)
    45a0:	0f 5f       	rla	r15		
    45a2:	0f 5f       	rla	r15		
    45a4:	1f 54 fc ff 	add	-4(r4),	r15	;0xfffc(r4)
    45a8:	2d 4f       	mov	@r15,	r13	
    45aa:	5f 44 ea ff 	mov.b	-22(r4),r15	;0xffea(r4)
    45ae:	0c 44       	mov	r4,	r12	
    45b0:	3c 50 f0 ff 	add	#-16,	r12	;#0xfff0
    45b4:	0f 5c       	add	r12,	r15	
    45b6:	6f 4f       	mov.b	@r15,	r15	
    45b8:	4f 4f       	mov.b	r15,	r15	
    45ba:	0f 5f       	rla	r15		
    45bc:	1f 54 fa ff 	add	-6(r4),	r15	;0xfffa(r4)
    45c0:	2f 4f       	mov	@r15,	r15	
    45c2:	0f ed       	xor	r13,	r15	
    45c4:	8e 4f 00 00 	mov	r15,	0(r14)	;0x0000(r14)
    rkDest[2*i+1] ^= k[rkOddBox[mod]];
    45c8:	1f 44 e6 ff 	mov	-26(r4),r15	;0xffe6(r4)
    45cc:	0f 5f       	rla	r15		
    45ce:	0f 5f       	rla	r15		
    45d0:	2f 53       	incd	r15		
    45d2:	1e 44 fc ff 	mov	-4(r4),	r14	;0xfffc(r4)
    45d6:	0e 5f       	add	r15,	r14	
    45d8:	1f 44 e6 ff 	mov	-26(r4),r15	;0xffe6(r4)
    45dc:	0f 5f       	rla	r15		
    45de:	0f 5f       	rla	r15		
    45e0:	2f 53       	incd	r15		
    45e2:	1f 54 fc ff 	add	-4(r4),	r15	;0xfffc(r4)
    45e6:	2d 4f       	mov	@r15,	r13	
    45e8:	5f 44 ea ff 	mov.b	-22(r4),r15	;0xffea(r4)
    45ec:	0c 44       	mov	r4,	r12	
    45ee:	3c 50 f5 ff 	add	#-11,	r12	;#0xfff5
    45f2:	0f 5c       	add	r12,	r15	
    45f4:	6f 4f       	mov.b	@r15,	r15	
    45f6:	4f 4f       	mov.b	r15,	r15	
    45f8:	0f 5f       	rla	r15		
    45fa:	1f 54 fa ff 	add	-6(r4),	r15	;0xfffa(r4)
    45fe:	2f 4f       	mov	@r15,	r15	
    4600:	0f ed       	xor	r13,	r15	
    4602:	8e 4f 00 00 	mov	r15,	0(r14)	;0x0000(r14)
  u16 con[2];
  const u8 rkEvenBox[5]={2,0,2,4,0};
  const u8 rkOddBox[5]={3,1,3,4,1};
  u8 mod;

  for (i=0; i<NBROUND; i++)
    4606:	94 53 e6 ff 	inc	-26(r4)	;0xffe6(r4)
    460a:	b4 90 19 00 	cmp	#25,	-26(r4)	;#0x0019, 0xffe6(r4)
    460e:	e6 ff 
    4610:	86 2b       	jnc	$-242    	;abs 0x451e
	mod=i%5;
    rkDest[2*i] ^= k[rkEvenBox[mod]];
    rkDest[2*i+1] ^= k[rkOddBox[mod]];
  }
  return;
}
    4612:	31 50 18 00 	add	#24,	r1	;#0x0018
    4616:	34 41       	pop	r4		
    4618:	30 41       	ret			

0000461a <FonctionF>:

u16 FonctionF(u16 subState)
{
    461a:	04 12       	push	r4		
    461c:	04 41       	mov	r1,	r4	
    461e:	24 53       	incd	r4		
    4620:	31 50 ee ff 	add	#-18,	r1	;#0xffee
    4624:	84 4f fc ff 	mov	r15,	-4(r4)	;0xfffc(r4)
	u16 subState0=sBox[subState&0xF];
    4628:	1f 44 fc ff 	mov	-4(r4),	r15	;0xfffc(r4)
    462c:	3f f0 0f 00 	and	#15,	r15	;#0x000f
    4630:	0f 5f       	rla	r15		
    4632:	3f 50 02 49 	add	#18690,	r15	;#0x4902
    4636:	a4 4f ec ff 	mov	@r15,	-20(r4)	;0xffec(r4)
	u16 subState1=sBox[(subState>>=4)&0xF];
    463a:	1f 44 fc ff 	mov	-4(r4),	r15	;0xfffc(r4)
    463e:	12 c3       	clrc			
    4640:	0f 10       	rrc	r15		
    4642:	12 c3       	clrc			
    4644:	0f 10       	rrc	r15		
    4646:	12 c3       	clrc			
    4648:	0f 10       	rrc	r15		
    464a:	12 c3       	clrc			
    464c:	0f 10       	rrc	r15		
    464e:	84 4f fc ff 	mov	r15,	-4(r4)	;0xfffc(r4)
    4652:	1f 44 fc ff 	mov	-4(r4),	r15	;0xfffc(r4)
    4656:	3f f0 0f 00 	and	#15,	r15	;#0x000f
    465a:	0f 5f       	rla	r15		
    465c:	3f 50 02 49 	add	#18690,	r15	;#0x4902
    4660:	a4 4f ee ff 	mov	@r15,	-18(r4)	;0xffee(r4)
	u16 subState2=sBox[(subState>>=4)&0xF];
    4664:	1f 44 fc ff 	mov	-4(r4),	r15	;0xfffc(r4)
    4668:	12 c3       	clrc			
    466a:	0f 10       	rrc	r15		
    466c:	12 c3       	clrc			
    466e:	0f 10       	rrc	r15		
    4670:	12 c3       	clrc			
    4672:	0f 10       	rrc	r15		
    4674:	12 c3       	clrc			
    4676:	0f 10       	rrc	r15		
    4678:	84 4f fc ff 	mov	r15,	-4(r4)	;0xfffc(r4)
    467c:	1f 44 fc ff 	mov	-4(r4),	r15	;0xfffc(r4)
    4680:	3f f0 0f 00 	and	#15,	r15	;#0x000f
    4684:	0f 5f       	rla	r15		
    4686:	3f 50 02 49 	add	#18690,	r15	;#0x4902
    468a:	a4 4f f0 ff 	mov	@r15,	-16(r4)	;0xfff0(r4)
	u16 subState3=sBox[(subState>>=4)&0xF];
    468e:	1f 44 fc ff 	mov	-4(r4),	r15	;0xfffc(r4)
    4692:	12 c3       	clrc			
    4694:	0f 10       	rrc	r15		
    4696:	12 c3       	clrc			
    4698:	0f 10       	rrc	r15		
    469a:	12 c3       	clrc			
    469c:	0f 10       	rrc	r15		
    469e:	12 c3       	clrc			
    46a0:	0f 10       	rrc	r15		
    46a2:	84 4f fc ff 	mov	r15,	-4(r4)	;0xfffc(r4)
    46a6:	1f 44 fc ff 	mov	-4(r4),	r15	;0xfffc(r4)
    46aa:	3f f0 0f 00 	and	#15,	r15	;#0x000f
    46ae:	0f 5f       	rla	r15		
    46b0:	3f 50 02 49 	add	#18690,	r15	;#0x4902
    46b4:	a4 4f f2 ff 	mov	@r15,	-14(r4)	;0xfff2(r4)
	
	u16 temp_0=mul3[subState3]^subState2^subState1^mul2[subState0];
    46b8:	1f 44 f2 ff 	mov	-14(r4),r15	;0xfff2(r4)
    46bc:	0f 5f       	rla	r15		
    46be:	3f 50 42 49 	add	#18754,	r15	;#0x4942
    46c2:	2f 4f       	mov	@r15,	r15	
    46c4:	1f e4 f0 ff 	xor	-16(r4),r15	;0xfff0(r4)
    46c8:	0e 4f       	mov	r15,	r14	
    46ca:	1e e4 ee ff 	xor	-18(r4),r14	;0xffee(r4)
    46ce:	1f 44 ec ff 	mov	-20(r4),r15	;0xffec(r4)
    46d2:	0f 5f       	rla	r15		
    46d4:	3f 50 22 49 	add	#18722,	r15	;#0x4922
    46d8:	2f 4f       	mov	@r15,	r15	
    46da:	0d 4e       	mov	r14,	r13	
    46dc:	0d ef       	xor	r15,	r13	
    46de:	84 4d f4 ff 	mov	r13,	-12(r4)	;0xfff4(r4)
	u16 temp_1=subState3^subState2^mul2[subState1]^mul3[subState0];
    46e2:	1e 44 f2 ff 	mov	-14(r4),r14	;0xfff2(r4)
    46e6:	1e e4 f0 ff 	xor	-16(r4),r14	;0xfff0(r4)
    46ea:	1f 44 ee ff 	mov	-18(r4),r15	;0xffee(r4)
    46ee:	0f 5f       	rla	r15		
    46f0:	3f 50 22 49 	add	#18722,	r15	;#0x4922
    46f4:	2f 4f       	mov	@r15,	r15	
    46f6:	0e ef       	xor	r15,	r14	
    46f8:	1f 44 ec ff 	mov	-20(r4),r15	;0xffec(r4)
    46fc:	0f 5f       	rla	r15		
    46fe:	3f 50 42 49 	add	#18754,	r15	;#0x4942
    4702:	2f 4f       	mov	@r15,	r15	
    4704:	0d 4e       	mov	r14,	r13	
    4706:	0d ef       	xor	r15,	r13	
    4708:	84 4d f6 ff 	mov	r13,	-10(r4)	;0xfff6(r4)
	u16 temp_2=subState3^mul2[subState2]^mul3[subState1]^subState0;
    470c:	1f 44 f0 ff 	mov	-16(r4),r15	;0xfff0(r4)
    4710:	0f 5f       	rla	r15		
    4712:	3f 50 22 49 	add	#18722,	r15	;#0x4922
    4716:	2f 4f       	mov	@r15,	r15	
    4718:	0e 4f       	mov	r15,	r14	
    471a:	1e e4 f2 ff 	xor	-14(r4),r14	;0xfff2(r4)
    471e:	1f 44 ee ff 	mov	-18(r4),r15	;0xffee(r4)
    4722:	0f 5f       	rla	r15		
    4724:	3f 50 42 49 	add	#18754,	r15	;#0x4942
    4728:	2f 4f       	mov	@r15,	r15	
    472a:	0f ee       	xor	r14,	r15	
    472c:	0e 4f       	mov	r15,	r14	
    472e:	1e e4 ec ff 	xor	-20(r4),r14	;0xffec(r4)
    4732:	84 4e f8 ff 	mov	r14,	-8(r4)	;0xfff8(r4)
	u16 temp_3=mul2[subState3]^mul3[subState2]^subState1^subState0;
    4736:	1f 44 f2 ff 	mov	-14(r4),r15	;0xfff2(r4)
    473a:	0f 5f       	rla	r15		
    473c:	3f 50 22 49 	add	#18722,	r15	;#0x4922
    4740:	2e 4f       	mov	@r15,	r14	
    4742:	1f 44 f0 ff 	mov	-16(r4),r15	;0xfff0(r4)
    4746:	0f 5f       	rla	r15		
    4748:	3f 50 42 49 	add	#18754,	r15	;#0x4942
    474c:	2f 4f       	mov	@r15,	r15	
    474e:	0f ee       	xor	r14,	r15	
    4750:	1f e4 ee ff 	xor	-18(r4),r15	;0xffee(r4)
    4754:	0d 4f       	mov	r15,	r13	
    4756:	1d e4 ec ff 	xor	-20(r4),r13	;0xffec(r4)
    475a:	84 4d fa ff 	mov	r13,	-6(r4)	;0xfffa(r4)
	
	subState=sBox[temp_3];
    475e:	1f 44 fa ff 	mov	-6(r4),	r15	;0xfffa(r4)
    4762:	0f 5f       	rla	r15		
    4764:	3f 50 02 49 	add	#18690,	r15	;#0x4902
    4768:	a4 4f fc ff 	mov	@r15,	-4(r4)	;0xfffc(r4)
	subState<<=4;
    476c:	1f 44 fc ff 	mov	-4(r4),	r15	;0xfffc(r4)
    4770:	0f 5f       	rla	r15		
    4772:	0f 5f       	rla	r15		
    4774:	0f 5f       	rla	r15		
    4776:	0f 5f       	rla	r15		
    4778:	84 4f fc ff 	mov	r15,	-4(r4)	;0xfffc(r4)
	subState^=sBox[temp_2];
    477c:	1f 44 f8 ff 	mov	-8(r4),	r15	;0xfff8(r4)
    4780:	0f 5f       	rla	r15		
    4782:	3f 50 02 49 	add	#18690,	r15	;#0x4902
    4786:	2f 4f       	mov	@r15,	r15	
    4788:	84 ef fc ff 	xor	r15,	-4(r4)	;0xfffc(r4)
	subState<<=4;
    478c:	1f 44 fc ff 	mov	-4(r4),	r15	;0xfffc(r4)
    4790:	0f 5f       	rla	r15		
    4792:	0f 5f       	rla	r15		
    4794:	0f 5f       	rla	r15		
    4796:	0f 5f       	rla	r15		
    4798:	84 4f fc ff 	mov	r15,	-4(r4)	;0xfffc(r4)
	subState^=sBox[temp_1];
    479c:	1f 44 f6 ff 	mov	-10(r4),r15	;0xfff6(r4)
    47a0:	0f 5f       	rla	r15		
    47a2:	3f 50 02 49 	add	#18690,	r15	;#0x4902
    47a6:	2f 4f       	mov	@r15,	r15	
    47a8:	84 ef fc ff 	xor	r15,	-4(r4)	;0xfffc(r4)
	subState<<=4;
    47ac:	1f 44 fc ff 	mov	-4(r4),	r15	;0xfffc(r4)
    47b0:	0f 5f       	rla	r15		
    47b2:	0f 5f       	rla	r15		
    47b4:	0f 5f       	rla	r15		
    47b6:	0f 5f       	rla	r15		
    47b8:	84 4f fc ff 	mov	r15,	-4(r4)	;0xfffc(r4)
	subState^=sBox[temp_0];
    47bc:	1f 44 f4 ff 	mov	-12(r4),r15	;0xfff4(r4)
    47c0:	0f 5f       	rla	r15		
    47c2:	3f 50 02 49 	add	#18690,	r15	;#0x4902
    47c6:	2f 4f       	mov	@r15,	r15	
    47c8:	84 ef fc ff 	xor	r15,	-4(r4)	;0xfffc(r4)

	return subState;
    47cc:	1f 44 fc ff 	mov	-4(r4),	r15	;0xfffc(r4)
}
    47d0:	31 50 12 00 	add	#18,	r1	;#0x0012
    47d4:	34 41       	pop	r4		
    47d6:	30 41       	ret			

000047d8 <delay>:
/**************************************************/
/********************* DELAY **********************/
/**************************************************/

void delay(unsigned int d) 
{
    47d8:	04 12       	push	r4		
    47da:	04 41       	mov	r1,	r4	
    47dc:	24 53       	incd	r4		
    47de:	31 50 fa ff 	add	#-6,	r1	;#0xfffa
    47e2:	84 4f fc ff 	mov	r15,	-4(r4)	;0xfffc(r4)
  unsigned int i,j;
  for(j=0; j < 0xff; j++)
    47e6:	84 43 fa ff 	mov	#0,	-6(r4)	;r3 As==00, 0xfffa(r4)
    47ea:	0d 3c       	jmp	$+28     	;abs 0x4806
    {
      for (i = 0; i<d; i++) 
    47ec:	84 43 f8 ff 	mov	#0,	-8(r4)	;r3 As==00, 0xfff8(r4)
    47f0:	04 3c       	jmp	$+10     	;abs 0x47fa
	{
	  nop();
    47f2:	03 43       	nop			
	  nop();
    47f4:	03 43       	nop			
void delay(unsigned int d) 
{
  unsigned int i,j;
  for(j=0; j < 0xff; j++)
    {
      for (i = 0; i<d; i++) 
    47f6:	94 53 f8 ff 	inc	-8(r4)		;0xfff8(r4)
    47fa:	94 94 fc ff 	cmp	-4(r4),	-8(r4)	;0xfffc(r4), 0xfff8(r4)
    47fe:	f8 ff 
    4800:	f8 2b       	jnc	$-14     	;abs 0x47f2
/**************************************************/

void delay(unsigned int d) 
{
  unsigned int i,j;
  for(j=0; j < 0xff; j++)
    4802:	94 53 fa ff 	inc	-6(r4)		;0xfffa(r4)
    4806:	b4 90 ff 00 	cmp	#255,	-6(r4)	;#0x00ff, 0xfffa(r4)
    480a:	fa ff 
    480c:	ef 2b       	jnc	$-32     	;abs 0x47ec
	{
	  nop();
	  nop();
	}
    }
}
    480e:	31 50 06 00 	add	#6,	r1	;#0x0006
    4812:	34 41       	pop	r4		
    4814:	30 41       	ret			

00004816 <uart1_init>:

#define UART1_BIT_RX (1 << UART1_PIN_RX)
#define UART1_BIT_TX (1 << UART1_PIN_TX)

int uart1_init()
{
    4816:	04 12       	push	r4		
    4818:	04 41       	mov	r1,	r4	
    481a:	24 53       	incd	r4		

  WDTCTL = WDTPW + WDTHOLD;
    481c:	b2 40 80 5a 	mov	#23168,	&0x0120	;#0x5a80
    4820:	20 01 

  P1IE   = 0x00;        // Interrupt enable
    4822:	c2 43 25 00 	mov.b	#0,	&0x0025	;r3 As==00
  P2IE   = 0x00;        // 0:disable 1:enable
    4826:	c2 43 2d 00 	mov.b	#0,	&0x002d	;r3 As==00

  //Init of MSP430 Usart1 pins
  P3SEL |= (UART1_BIT_RX | UART1_BIT_TX);
    482a:	5f 42 1b 00 	mov.b	&0x001b,r15	
    482e:	7f d0 c0 ff 	bis.b	#-64,	r15	;#0xffc0
    4832:	c2 4f 1b 00 	mov.b	r15,	&0x001b	

  //Init of USART1 Module
  U1ME  |= UTXE1|URXE1;           //Enable USART1 transmiter and receiver (UART mode)
    4836:	5f 42 05 00 	mov.b	&0x0005,r15	
    483a:	7f d0 30 00 	bis.b	#48,	r15	;#0x0030
    483e:	c2 4f 05 00 	mov.b	r15,	&0x0005	
  
  U1CTL  = SWRST;                 //reset
    4842:	d2 43 78 00 	mov.b	#1,	&0x0078	;r3 As==01
  U1CTL  = CHAR;                  //init & release reset
    4846:	f2 40 10 00 	mov.b	#16,	&0x0078	;#0x0010
    484a:	78 00 
  
  U1TCTL = SSEL1 | TXEPT;        //use SMCLK 
    484c:	f2 40 21 00 	mov.b	#33,	&0x0079	;#0x0021
    4850:	79 00 
  U1RCTL = 0;
    4852:	c2 43 7a 00 	mov.b	#0,	&0x007a	;r3 As==00
  // 38400 @ SMCLK 1MHz
#define U1BR1_INIT        0
#define U1BR0_INIT        0x1B
#define U1MCTL_INIT       0x03
  
  U1BR1  = U1BR1_INIT;
    4856:	c2 43 7d 00 	mov.b	#0,	&0x007d	;r3 As==00
  U1BR0  = U1BR0_INIT;
    485a:	f2 40 1b 00 	mov.b	#27,	&0x007c	;#0x001b
    485e:	7c 00 
  U1MCTL = U1MCTL_INIT;
    4860:	f2 40 03 00 	mov.b	#3,	&0x007b	;#0x0003
    4864:	7b 00 

  delay(0x800);
    4866:	3f 40 00 08 	mov	#2048,	r15	;#0x0800
    486a:	b0 12 d8 47 	call	#0x47d8	
  return 0;
    486e:	0f 43       	clr	r15		
}
    4870:	34 41       	pop	r4		
    4872:	30 41       	ret			

00004874 <uart1_putchar>:

int uart1_putchar(int c)
{
    4874:	04 12       	push	r4		
    4876:	04 41       	mov	r1,	r4	
    4878:	24 53       	incd	r4		
    487a:	21 83       	decd	r1		
    487c:	84 4f fc ff 	mov	r15,	-4(r4)	;0xfffc(r4)
  U1TXBUF = c;
    4880:	1f 44 fc ff 	mov	-4(r4),	r15	;0xfffc(r4)
    4884:	4f 4f       	mov.b	r15,	r15	
    4886:	c2 4f 7f 00 	mov.b	r15,	&0x007f	
  while ((U1TCTL & TXEPT) != TXEPT);
    488a:	03 43       	nop			
    488c:	5f 42 79 00 	mov.b	&0x0079,r15	
    4890:	4f 4f       	mov.b	r15,	r15	
    4892:	1f f3       	and	#1,	r15	;r3 As==01
    4894:	0f 93       	tst	r15		
    4896:	fa 27       	jz	$-10     	;abs 0x488c
  return (unsigned char)c;
    4898:	1f 44 fc ff 	mov	-4(r4),	r15	;0xfffc(r4)
    489c:	4f 4f       	mov.b	r15,	r15	
    489e:	4f 4f       	mov.b	r15,	r15	
}
    48a0:	21 53       	incd	r1		
    48a2:	34 41       	pop	r4		
    48a4:	30 41       	ret			

000048a6 <putchar>:
/**************************************************/
/******************** PUT CHAR *********************/
/**************************************************/

int putchar(int c)
{
    48a6:	04 12       	push	r4		
    48a8:	04 41       	mov	r1,	r4	
    48aa:	24 53       	incd	r4		
    48ac:	21 83       	decd	r1		
    48ae:	84 4f fc ff 	mov	r15,	-4(r4)	;0xfffc(r4)
  return uart1_putchar(c);
    48b2:	1f 44 fc ff 	mov	-4(r4),	r15	;0xfffc(r4)
    48b6:	b0 12 74 48 	call	#0x4874	
}
    48ba:	21 53       	incd	r1		
    48bc:	34 41       	pop	r4		
    48be:	30 41       	ret			

000048c0 <start_encrypt>:
/******************** END EXPE*********************/
/**************************************************/

void
start_encrypt()
{
    48c0:	04 12       	push	r4		
    48c2:	04 41       	mov	r1,	r4	
    48c4:	24 53       	incd	r4		
  ;
}
    48c6:	34 41       	pop	r4		
    48c8:	30 41       	ret			

000048ca <start_decrypt>:
void
start_decrypt()
{
    48ca:	04 12       	push	r4		
    48cc:	04 41       	mov	r1,	r4	
    48ce:	24 53       	incd	r4		
  ;
}
    48d0:	34 41       	pop	r4		
    48d2:	30 41       	ret			

000048d4 <end_expe>:


void
end_expe()
{
    48d4:	04 12       	push	r4		
    48d6:	04 41       	mov	r1,	r4	
    48d8:	24 53       	incd	r4		
  ;
}
    48da:	34 41       	pop	r4		
    48dc:	30 41       	ret			

000048de <__udivhi3>:
    48de:	7c 40 10 00 	mov.b	#16,	r12	;#0x0010
    48e2:	0d 4e       	mov	r14,	r13	
    48e4:	0e 43       	clr	r14		
    48e6:	0f 5f       	rla	r15		
    48e8:	0e 6e       	rlc	r14		
    48ea:	0e 9d       	cmp	r13,	r14	
    48ec:	02 28       	jnc	$+6      	;abs 0x48f2
    48ee:	0e 8d       	sub	r13,	r14	
    48f0:	1f d3       	bis	#1,	r15	;r3 As==01
    48f2:	1c 83       	dec	r12		
    48f4:	f8 23       	jnz	$-14     	;abs 0x48e6
    48f6:	30 41       	ret			

000048f8 <__umodhi3>:
    48f8:	b0 12 de 48 	call	#0x48de	
    48fc:	0f 4e       	mov	r14,	r15	
    48fe:	30 41       	ret			

00004900 <_unexpected_>:
    4900:	00 13       	reti			

Disassembly of section .vectors:

0000ffe0 <__ivtbl_16>:
    ffe0:	10 41 10 41 10 41 10 41 10 41 10 41 10 41 10 41     .A.A.A.A.A.A.A.A
    fff0:	10 41 10 41 10 41 10 41 10 41 10 41 10 41 00 40     .A.A.A.A.A.A.A.@
